2022-01-03 23:52:08.534 [main][1298] DEBUG io.netty.util.internal.logging.InternalLoggerFactory - Using Log4J2 as the default logging framework
2022-01-03 23:52:08.538 [main][1302] DEBUG io.netty.util.ResourceLeakDetector - -Dio.netty.leakDetection.level: simple
2022-01-03 23:52:08.538 [main][1302] DEBUG io.netty.util.ResourceLeakDetector - -Dio.netty.leakDetection.targetRecords: 4
2022-01-03 23:52:08.539 [main][1303] DEBUG io.netty.util.ResourceLeakDetectorFactory - Loaded default ResourceLeakDetector: io.netty.util.ResourceLeakDetector@2459319c
2022-01-03 23:52:08.549 [main][1313] DEBUG io.netty.util.internal.PlatformDependent0 - -Dio.netty.noUnsafe: false
2022-01-03 23:52:08.549 [main][1313] DEBUG io.netty.util.internal.PlatformDependent0 - Java version: 11
2022-01-03 23:52:08.550 [main][1314] DEBUG io.netty.util.internal.PlatformDependent0 - sun.misc.Unsafe.theUnsafe: available
2022-01-03 23:52:08.550 [main][1314] DEBUG io.netty.util.internal.PlatformDependent0 - sun.misc.Unsafe.copyMemory: available
2022-01-03 23:52:08.551 [main][1315] DEBUG io.netty.util.internal.PlatformDependent0 - java.nio.Buffer.address: available
2022-01-03 23:52:08.551 [main][1315] DEBUG io.netty.util.internal.PlatformDependent0 - direct buffer constructor: unavailable: Reflective setAccessible(true) disabled
2022-01-03 23:52:08.551 [main][1315] DEBUG io.netty.util.internal.PlatformDependent0 - java.nio.Bits.unaligned: available, true
2022-01-03 23:52:08.552 [main][1316] DEBUG io.netty.util.internal.PlatformDependent0 - jdk.internal.misc.Unsafe.allocateUninitializedArray(int): unavailable: class io.netty.util.internal.PlatformDependent0$6 cannot access class jdk.internal.misc.Unsafe (in module java.base) because module java.base does not export jdk.internal.misc to unnamed module @45820e51
2022-01-03 23:52:08.552 [main][1316] DEBUG io.netty.util.internal.PlatformDependent0 - java.nio.DirectByteBuffer.<init>(long, int): unavailable
2022-01-03 23:52:08.552 [main][1316] DEBUG io.netty.util.internal.PlatformDependent - sun.misc.Unsafe: available
2022-01-03 23:52:08.553 [main][1317] DEBUG io.netty.util.internal.PlatformDependent - maxDirectMemory: 17133731840 bytes (maybe)
2022-01-03 23:52:08.553 [main][1317] DEBUG io.netty.util.internal.PlatformDependent - -Dio.netty.tmpdir: C:\Users\ahmed\AppData\Local\Temp (java.io.tmpdir)
2022-01-03 23:52:08.553 [main][1317] DEBUG io.netty.util.internal.PlatformDependent - -Dio.netty.bitMode: 64 (sun.arch.data.model)
2022-01-03 23:52:08.553 [main][1317] DEBUG io.netty.util.internal.PlatformDependent - Platform: Windows
2022-01-03 23:52:08.554 [main][1318] DEBUG io.netty.util.internal.PlatformDependent - -Dio.netty.maxDirectMemory: -1 bytes
2022-01-03 23:52:08.554 [main][1318] DEBUG io.netty.util.internal.PlatformDependent - -Dio.netty.uninitializedArrayAllocationThreshold: -1
2022-01-03 23:52:08.554 [main][1318] DEBUG io.netty.util.internal.CleanerJava9 - java.nio.ByteBuffer.cleaner(): available
2022-01-03 23:52:08.554 [main][1318] DEBUG io.netty.util.internal.PlatformDependent - -Dio.netty.noPreferDirect: false
2022-01-03 23:52:08.558 [main][1322] DEBUG io.netty.util.internal.PlatformDependent - org.jctools-core.MpscChunkedArrayQueue: available
2022-01-03 23:52:08.568 [main][1332] DEBUG io.netty.util.internal.InternalThreadLocalMap - -Dio.netty.threadLocalMap.stringBuilder.initialSize: 1024
2022-01-03 23:52:08.568 [main][1332] DEBUG io.netty.util.internal.InternalThreadLocalMap - -Dio.netty.threadLocalMap.stringBuilder.maxSize: 4096
2022-01-03 23:52:08.574 [main][1338] DEBUG io.netty.handler.ssl.JdkSslContext - Default protocols (JDK): [TLSv1.3, TLSv1.2] 
2022-01-03 23:52:08.574 [main][1338] DEBUG io.netty.handler.ssl.JdkSslContext - Default cipher suites (JDK): [TLS_ECDHE_ECDSA_WITH_AES_256_GCM_SHA384, TLS_ECDHE_ECDSA_WITH_AES_128_GCM_SHA256, TLS_ECDHE_RSA_WITH_AES_128_GCM_SHA256, TLS_ECDHE_RSA_WITH_AES_256_GCM_SHA384, TLS_ECDHE_RSA_WITH_AES_128_CBC_SHA, TLS_ECDHE_RSA_WITH_AES_256_CBC_SHA, TLS_RSA_WITH_AES_128_GCM_SHA256, TLS_RSA_WITH_AES_128_CBC_SHA, TLS_RSA_WITH_AES_256_CBC_SHA, TLS_AES_128_GCM_SHA256, TLS_AES_256_GCM_SHA384]
2022-01-03 23:52:08.588 [main][1352] DEBUG io.netty.channel.MultithreadEventLoopGroup - -Dio.netty.eventLoopThreads: 40
2022-01-03 23:52:08.592 [main][1356] DEBUG io.netty.channel.nio.NioEventLoop - -Dio.netty.noKeySetOptimization: false
2022-01-03 23:52:08.592 [main][1356] DEBUG io.netty.channel.nio.NioEventLoop - -Dio.netty.selectorAutoRebuildThreshold: 512
2022-01-03 23:52:08.621 [main][1385] DEBUG io.netty.buffer.PooledByteBufAllocator - -Dio.netty.allocator.numHeapArenas: 40
2022-01-03 23:52:08.621 [main][1385] DEBUG io.netty.buffer.PooledByteBufAllocator - -Dio.netty.allocator.numDirectArenas: 40
2022-01-03 23:52:08.621 [main][1385] DEBUG io.netty.buffer.PooledByteBufAllocator - -Dio.netty.allocator.pageSize: 8192
2022-01-03 23:52:08.621 [main][1385] DEBUG io.netty.buffer.PooledByteBufAllocator - -Dio.netty.allocator.maxOrder: 11
2022-01-03 23:52:08.621 [main][1385] DEBUG io.netty.buffer.PooledByteBufAllocator - -Dio.netty.allocator.chunkSize: 16777216
2022-01-03 23:52:08.621 [main][1385] DEBUG io.netty.buffer.PooledByteBufAllocator - -Dio.netty.allocator.smallCacheSize: 256
2022-01-03 23:52:08.621 [main][1385] DEBUG io.netty.buffer.PooledByteBufAllocator - -Dio.netty.allocator.normalCacheSize: 64
2022-01-03 23:52:08.621 [main][1385] DEBUG io.netty.buffer.PooledByteBufAllocator - -Dio.netty.allocator.maxCachedBufferCapacity: 32768
2022-01-03 23:52:08.621 [main][1385] DEBUG io.netty.buffer.PooledByteBufAllocator - -Dio.netty.allocator.cacheTrimInterval: 8192
2022-01-03 23:52:08.621 [main][1385] DEBUG io.netty.buffer.PooledByteBufAllocator - -Dio.netty.allocator.cacheTrimIntervalMillis: 0
2022-01-03 23:52:08.621 [main][1385] DEBUG io.netty.buffer.PooledByteBufAllocator - -Dio.netty.allocator.useCacheForAllThreads: true
2022-01-03 23:52:08.621 [main][1385] DEBUG io.netty.buffer.PooledByteBufAllocator - -Dio.netty.allocator.maxCachedByteBuffersPerChunk: 1023
2022-01-03 23:52:08.628 [main][1392] DEBUG io.netty.buffer.ByteBufUtil - -Dio.netty.allocator.type: pooled
2022-01-03 23:52:08.628 [main][1392] DEBUG io.netty.buffer.ByteBufUtil - -Dio.netty.threadLocalDirectBufferSize: 0
2022-01-03 23:52:08.628 [main][1392] DEBUG io.netty.buffer.ByteBufUtil - -Dio.netty.maxThreadLocalCharBufferSize: 16384
2022-01-03 23:52:09.276 [Forwarding newSession on session null to remote][2040] DEBUG io.netty.channel.DefaultChannelId - -Dio.netty.processId: 43256 (auto-detected)
2022-01-03 23:52:09.278 [Forwarding newSession on session null to remote][2042] DEBUG io.netty.util.NetUtil - -Djava.net.preferIPv4Stack: false
2022-01-03 23:52:09.278 [Forwarding newSession on session null to remote][2042] DEBUG io.netty.util.NetUtil - -Djava.net.preferIPv6Addresses: false
2022-01-03 23:52:09.412 [Forwarding newSession on session null to remote][2176] DEBUG io.netty.util.NetUtilInitializations - Loopback interface: lo (Software Loopback Interface 1, 127.0.0.1)
2022-01-03 23:52:09.412 [Forwarding newSession on session null to remote][2176] DEBUG io.netty.util.NetUtil - Failed to get SOMAXCONN from sysctl and file \proc\sys\net\core\somaxconn. Default: 200
2022-01-03 23:52:09.555 [Forwarding newSession on session null to remote][2319] DEBUG io.netty.channel.DefaultChannelId - -Dio.netty.machineId: f0:2f:74:ff:fe:d4:02:2a (auto-detected)
2022-01-03 23:52:09.580 [AsyncHttpClient-1-2][2344] DEBUG io.netty.buffer.AbstractByteBuf - -Dio.netty.buffer.checkAccessible: true
2022-01-03 23:52:09.581 [AsyncHttpClient-1-2][2345] DEBUG io.netty.buffer.AbstractByteBuf - -Dio.netty.buffer.checkBounds: true
2022-01-03 23:52:09.581 [AsyncHttpClient-1-2][2345] DEBUG io.netty.util.ResourceLeakDetectorFactory - Loaded default ResourceLeakDetector: io.netty.util.ResourceLeakDetector@14c5e247
2022-01-03 23:52:09.593 [AsyncHttpClient-1-2][2357] DEBUG io.netty.util.Recycler - -Dio.netty.recycler.maxCapacityPerThread: 4096
2022-01-03 23:52:09.593 [AsyncHttpClient-1-2][2357] DEBUG io.netty.util.Recycler - -Dio.netty.recycler.maxSharedCapacityFactor: 2
2022-01-03 23:52:09.593 [AsyncHttpClient-1-2][2357] DEBUG io.netty.util.Recycler - -Dio.netty.recycler.linkCapacity: 16
2022-01-03 23:52:09.593 [AsyncHttpClient-1-2][2357] DEBUG io.netty.util.Recycler - -Dio.netty.recycler.ratio: 8
2022-01-03 23:52:09.593 [AsyncHttpClient-1-2][2357] DEBUG io.netty.util.Recycler - -Dio.netty.recycler.delayedQueue.ratio: 8
2022-01-03 23:52:10.493 [AsyncHttpClient-1-2][3257] DEBUG io.netty.handler.codec.compression.Brotli - brotli4j not in the classpath; Brotli support will be unavailable.
2022-01-03 23:52:10.552 [main][3316] DEBUG io.netty.util.internal.ThreadLocalRandom - -Dio.netty.initialSeedUniquifier: 0xccefbd80ccfb56b6
2022-01-03 23:52:10.573 [main][3337] INFO  step_definitions.Hooks - Launch Browser
2022-01-03 23:52:13.281 [main][6045] INFO  page_objects.HomePage - User Is In Home Page
2022-01-03 23:52:13.283 [main][6047] DEBUG page_objects.Categories - Click On Deals
2022-01-03 23:52:14.348 [main][7112] DEBUG page_objects.Categories - Chose on going deals
2022-01-03 23:52:16.230 [main][8994] INFO  step_definitions.Hooks - Close Browser
2022-01-03 23:52:17.718 [main][10482] INFO  step_definitions.Hooks - Launch Browser
2022-01-03 23:52:19.347 [main][12111] INFO  page_objects.HomePage - User Is In Home Page
2022-01-03 23:52:19.347 [main][12111] DEBUG page_objects.Categories - Click On Deals
2022-01-03 23:52:20.412 [main][13176] DEBUG page_objects.Categories - Chose on going deals
2022-01-03 23:52:22.065 [main][14829] INFO  step_definitions.Hooks - Close Browser
2022-01-03 23:52:23.498 [main][16262] INFO  step_definitions.Hooks - Launch Browser
2022-01-03 23:52:25.263 [main][18027] INFO  page_objects.HomePage - User Is In Home Page
2022-01-03 23:52:25.263 [main][18027] DEBUG page_objects.Categories - Click On Deals
2022-01-03 23:52:26.329 [main][19093] DEBUG page_objects.Categories - Chose on going deals
2022-01-03 23:52:28.060 [main][20824] INFO  step_definitions.Hooks - Close Browser
2022-01-03 23:52:29.440 [main][22204] INFO  step_definitions.Hooks - Launch Browser
2022-01-03 23:52:30.985 [main][23749] INFO  page_objects.HomePage - User Is In Home Page
2022-01-03 23:52:30.985 [main][23749] DEBUG page_objects.Categories - Click On Deals
2022-01-03 23:52:32.050 [main][24814] DEBUG page_objects.Categories - Chose on going deals
2022-01-03 23:52:33.913 [main][26677] INFO  step_definitions.Hooks - Close Browser
