2022-01-04 22:26:00.231 [main][1237] DEBUG io.netty.util.internal.logging.InternalLoggerFactory - Using Log4J2 as the default logging framework
2022-01-04 22:26:00.235 [main][1241] DEBUG io.netty.util.ResourceLeakDetector - -Dio.netty.leakDetection.level: simple
2022-01-04 22:26:00.235 [main][1241] DEBUG io.netty.util.ResourceLeakDetector - -Dio.netty.leakDetection.targetRecords: 4
2022-01-04 22:26:00.237 [main][1243] DEBUG io.netty.util.ResourceLeakDetectorFactory - Loaded default ResourceLeakDetector: io.netty.util.ResourceLeakDetector@4c1bdcc2
2022-01-04 22:26:00.250 [main][1256] DEBUG io.netty.util.internal.PlatformDependent0 - -Dio.netty.noUnsafe: false
2022-01-04 22:26:00.250 [main][1256] DEBUG io.netty.util.internal.PlatformDependent0 - Java version: 11
2022-01-04 22:26:00.251 [main][1257] DEBUG io.netty.util.internal.PlatformDependent0 - sun.misc.Unsafe.theUnsafe: available
2022-01-04 22:26:00.251 [main][1257] DEBUG io.netty.util.internal.PlatformDependent0 - sun.misc.Unsafe.copyMemory: available
2022-01-04 22:26:00.252 [main][1258] DEBUG io.netty.util.internal.PlatformDependent0 - java.nio.Buffer.address: available
2022-01-04 22:26:00.252 [main][1258] DEBUG io.netty.util.internal.PlatformDependent0 - direct buffer constructor: unavailable: Reflective setAccessible(true) disabled
2022-01-04 22:26:00.252 [main][1258] DEBUG io.netty.util.internal.PlatformDependent0 - java.nio.Bits.unaligned: available, true
2022-01-04 22:26:00.253 [main][1259] DEBUG io.netty.util.internal.PlatformDependent0 - jdk.internal.misc.Unsafe.allocateUninitializedArray(int): unavailable: class io.netty.util.internal.PlatformDependent0$6 cannot access class jdk.internal.misc.Unsafe (in module java.base) because module java.base does not export jdk.internal.misc to unnamed module @37654521
2022-01-04 22:26:00.253 [main][1259] DEBUG io.netty.util.internal.PlatformDependent0 - java.nio.DirectByteBuffer.<init>(long, int): unavailable
2022-01-04 22:26:00.254 [main][1260] DEBUG io.netty.util.internal.PlatformDependent - sun.misc.Unsafe: available
2022-01-04 22:26:00.254 [main][1260] DEBUG io.netty.util.internal.PlatformDependent - maxDirectMemory: 17133731840 bytes (maybe)
2022-01-04 22:26:00.254 [main][1260] DEBUG io.netty.util.internal.PlatformDependent - -Dio.netty.tmpdir: C:\Users\ahmed\AppData\Local\Temp (java.io.tmpdir)
2022-01-04 22:26:00.254 [main][1260] DEBUG io.netty.util.internal.PlatformDependent - -Dio.netty.bitMode: 64 (sun.arch.data.model)
2022-01-04 22:26:00.254 [main][1260] DEBUG io.netty.util.internal.PlatformDependent - Platform: Windows
2022-01-04 22:26:00.255 [main][1261] DEBUG io.netty.util.internal.PlatformDependent - -Dio.netty.maxDirectMemory: -1 bytes
2022-01-04 22:26:00.255 [main][1261] DEBUG io.netty.util.internal.PlatformDependent - -Dio.netty.uninitializedArrayAllocationThreshold: -1
2022-01-04 22:26:00.255 [main][1261] DEBUG io.netty.util.internal.CleanerJava9 - java.nio.ByteBuffer.cleaner(): available
2022-01-04 22:26:00.255 [main][1261] DEBUG io.netty.util.internal.PlatformDependent - -Dio.netty.noPreferDirect: false
2022-01-04 22:26:00.260 [main][1266] DEBUG io.netty.util.internal.PlatformDependent - org.jctools-core.MpscChunkedArrayQueue: available
2022-01-04 22:26:00.271 [main][1277] DEBUG io.netty.util.internal.InternalThreadLocalMap - -Dio.netty.threadLocalMap.stringBuilder.initialSize: 1024
2022-01-04 22:26:00.271 [main][1277] DEBUG io.netty.util.internal.InternalThreadLocalMap - -Dio.netty.threadLocalMap.stringBuilder.maxSize: 4096
2022-01-04 22:26:00.285 [main][1291] DEBUG io.netty.handler.ssl.JdkSslContext - Default protocols (JDK): [TLSv1.3, TLSv1.2] 
2022-01-04 22:26:00.285 [main][1291] DEBUG io.netty.handler.ssl.JdkSslContext - Default cipher suites (JDK): [TLS_ECDHE_ECDSA_WITH_AES_256_GCM_SHA384, TLS_ECDHE_ECDSA_WITH_AES_128_GCM_SHA256, TLS_ECDHE_RSA_WITH_AES_128_GCM_SHA256, TLS_ECDHE_RSA_WITH_AES_256_GCM_SHA384, TLS_ECDHE_RSA_WITH_AES_128_CBC_SHA, TLS_ECDHE_RSA_WITH_AES_256_CBC_SHA, TLS_RSA_WITH_AES_128_GCM_SHA256, TLS_RSA_WITH_AES_128_CBC_SHA, TLS_RSA_WITH_AES_256_CBC_SHA, TLS_AES_128_GCM_SHA256, TLS_AES_256_GCM_SHA384]
2022-01-04 22:26:00.300 [main][1306] DEBUG io.netty.channel.MultithreadEventLoopGroup - -Dio.netty.eventLoopThreads: 40
2022-01-04 22:26:00.305 [main][1311] DEBUG io.netty.channel.nio.NioEventLoop - -Dio.netty.noKeySetOptimization: false
2022-01-04 22:26:00.305 [main][1311] DEBUG io.netty.channel.nio.NioEventLoop - -Dio.netty.selectorAutoRebuildThreshold: 512
2022-01-04 22:26:00.340 [main][1346] DEBUG io.netty.buffer.PooledByteBufAllocator - -Dio.netty.allocator.numHeapArenas: 40
2022-01-04 22:26:00.341 [main][1347] DEBUG io.netty.buffer.PooledByteBufAllocator - -Dio.netty.allocator.numDirectArenas: 40
2022-01-04 22:26:00.341 [main][1347] DEBUG io.netty.buffer.PooledByteBufAllocator - -Dio.netty.allocator.pageSize: 8192
2022-01-04 22:26:00.341 [main][1347] DEBUG io.netty.buffer.PooledByteBufAllocator - -Dio.netty.allocator.maxOrder: 11
2022-01-04 22:26:00.341 [main][1347] DEBUG io.netty.buffer.PooledByteBufAllocator - -Dio.netty.allocator.chunkSize: 16777216
2022-01-04 22:26:00.341 [main][1347] DEBUG io.netty.buffer.PooledByteBufAllocator - -Dio.netty.allocator.smallCacheSize: 256
2022-01-04 22:26:00.341 [main][1347] DEBUG io.netty.buffer.PooledByteBufAllocator - -Dio.netty.allocator.normalCacheSize: 64
2022-01-04 22:26:00.341 [main][1347] DEBUG io.netty.buffer.PooledByteBufAllocator - -Dio.netty.allocator.maxCachedBufferCapacity: 32768
2022-01-04 22:26:00.341 [main][1347] DEBUG io.netty.buffer.PooledByteBufAllocator - -Dio.netty.allocator.cacheTrimInterval: 8192
2022-01-04 22:26:00.341 [main][1347] DEBUG io.netty.buffer.PooledByteBufAllocator - -Dio.netty.allocator.cacheTrimIntervalMillis: 0
2022-01-04 22:26:00.341 [main][1347] DEBUG io.netty.buffer.PooledByteBufAllocator - -Dio.netty.allocator.useCacheForAllThreads: true
2022-01-04 22:26:00.341 [main][1347] DEBUG io.netty.buffer.PooledByteBufAllocator - -Dio.netty.allocator.maxCachedByteBuffersPerChunk: 1023
2022-01-04 22:26:00.347 [main][1353] DEBUG io.netty.buffer.ByteBufUtil - -Dio.netty.allocator.type: pooled
2022-01-04 22:26:00.347 [main][1353] DEBUG io.netty.buffer.ByteBufUtil - -Dio.netty.threadLocalDirectBufferSize: 0
2022-01-04 22:26:00.347 [main][1353] DEBUG io.netty.buffer.ByteBufUtil - -Dio.netty.maxThreadLocalCharBufferSize: 16384
2022-01-04 22:26:00.990 [Forwarding newSession on session null to remote][1996] DEBUG io.netty.channel.DefaultChannelId - -Dio.netty.processId: 53724 (auto-detected)
2022-01-04 22:26:00.991 [Forwarding newSession on session null to remote][1997] DEBUG io.netty.util.NetUtil - -Djava.net.preferIPv4Stack: false
2022-01-04 22:26:00.991 [Forwarding newSession on session null to remote][1997] DEBUG io.netty.util.NetUtil - -Djava.net.preferIPv6Addresses: false
2022-01-04 22:26:01.126 [Forwarding newSession on session null to remote][2132] DEBUG io.netty.util.NetUtilInitializations - Loopback interface: lo (Software Loopback Interface 1, 127.0.0.1)
2022-01-04 22:26:01.127 [Forwarding newSession on session null to remote][2133] DEBUG io.netty.util.NetUtil - Failed to get SOMAXCONN from sysctl and file \proc\sys\net\core\somaxconn. Default: 200
2022-01-04 22:26:01.270 [Forwarding newSession on session null to remote][2276] DEBUG io.netty.channel.DefaultChannelId - -Dio.netty.machineId: f0:2f:74:ff:fe:d4:02:2a (auto-detected)
2022-01-04 22:26:01.296 [AsyncHttpClient-1-2][2302] DEBUG io.netty.buffer.AbstractByteBuf - -Dio.netty.buffer.checkAccessible: true
2022-01-04 22:26:01.297 [AsyncHttpClient-1-2][2303] DEBUG io.netty.buffer.AbstractByteBuf - -Dio.netty.buffer.checkBounds: true
2022-01-04 22:26:01.297 [AsyncHttpClient-1-2][2303] DEBUG io.netty.util.ResourceLeakDetectorFactory - Loaded default ResourceLeakDetector: io.netty.util.ResourceLeakDetector@48155011
2022-01-04 22:26:01.310 [AsyncHttpClient-1-2][2316] DEBUG io.netty.util.Recycler - -Dio.netty.recycler.maxCapacityPerThread: 4096
2022-01-04 22:26:01.310 [AsyncHttpClient-1-2][2316] DEBUG io.netty.util.Recycler - -Dio.netty.recycler.maxSharedCapacityFactor: 2
2022-01-04 22:26:01.310 [AsyncHttpClient-1-2][2316] DEBUG io.netty.util.Recycler - -Dio.netty.recycler.linkCapacity: 16
2022-01-04 22:26:01.310 [AsyncHttpClient-1-2][2316] DEBUG io.netty.util.Recycler - -Dio.netty.recycler.ratio: 8
2022-01-04 22:26:01.310 [AsyncHttpClient-1-2][2316] DEBUG io.netty.util.Recycler - -Dio.netty.recycler.delayedQueue.ratio: 8
2022-01-04 22:26:01.955 [AsyncHttpClient-1-2][2961] DEBUG io.netty.handler.codec.compression.Brotli - brotli4j not in the classpath; Brotli support will be unavailable.
2022-01-04 22:26:02.022 [main][3028] DEBUG io.netty.util.internal.ThreadLocalRandom - -Dio.netty.initialSeedUniquifier: 0xb4011e5e39240c0a
2022-01-04 22:26:02.042 [main][3048] INFO  step_definitions.Hooks - Launch Browser
2022-01-04 22:26:03.837 [main][4843] INFO  page_objects.HomePage - User Is In Home Page
2022-01-04 22:26:03.838 [main][4844] DEBUG page_objects.Categories - Click On Categories
2022-01-04 22:26:04.915 [main][5921] DEBUG page_objects.Categories - Click On Categories
2022-01-04 22:26:06.223 [main][7229] DEBUG page_objects.Categories - Click On 2nd Category
2022-01-04 22:26:07.523 [main][8529] DEBUG page_objects.Categories - Select a item
2022-01-04 22:26:08.840 [main][9846] DEBUG page_objects.Categories - Title
2022-01-04 22:26:10.419 [main][11425] INFO  step_definitions.Hooks - Close Browser
2022-01-04 22:26:11.503 [main][12509] INFO  step_definitions.Hooks - Launch Browser
2022-01-04 22:26:14.242 [main][15248] INFO  page_objects.HomePage - User Is In Home Page
2022-01-04 22:26:14.243 [main][15249] DEBUG page_objects.Categories - Click On Categories
2022-01-04 22:26:15.320 [main][16326] DEBUG page_objects.Categories - Click On Categories
2022-01-04 22:26:16.636 [main][17642] DEBUG page_objects.Categories - Click On 2nd Category
2022-01-04 22:26:17.929 [main][18935] DEBUG page_objects.Categories - Select a item
2022-01-04 22:26:19.248 [main][20254] DEBUG page_objects.Categories - Title
2022-01-04 22:26:20.830 [main][21836] INFO  step_definitions.Hooks - Close Browser
2022-01-04 22:26:22.010 [main][23016] INFO  step_definitions.Hooks - Launch Browser
2022-01-04 22:26:23.701 [main][24707] INFO  page_objects.HomePage - User Is In Home Page
2022-01-04 22:26:23.701 [main][24707] DEBUG page_objects.Categories - Click On Categories
2022-01-04 22:26:24.775 [main][25781] DEBUG page_objects.Categories - Click On Categories
2022-01-04 22:26:26.081 [main][27087] DEBUG page_objects.Categories - Click On 2nd Category
2022-01-04 22:26:27.364 [main][28370] DEBUG page_objects.Categories - Select a item
2022-01-04 22:26:28.670 [main][29676] DEBUG page_objects.Categories - Title
2022-01-04 22:26:30.240 [main][31246] INFO  step_definitions.Hooks - Close Browser
2022-01-04 22:26:31.422 [main][32428] INFO  step_definitions.Hooks - Launch Browser
2022-01-04 22:26:34.232 [main][35238] INFO  page_objects.HomePage - User Is In Home Page
2022-01-04 22:26:34.232 [main][35238] DEBUG page_objects.Categories - Click On Categories
2022-01-04 22:26:35.302 [main][36308] DEBUG page_objects.Categories - Click On Categories
2022-01-04 22:26:36.623 [main][37629] DEBUG page_objects.Categories - Click On 2nd Category
2022-01-04 22:26:37.922 [main][38928] DEBUG page_objects.Categories - Select a item
2022-01-04 22:26:39.235 [main][40241] DEBUG page_objects.Categories - Title
2022-01-04 22:26:40.819 [main][41825] INFO  step_definitions.Hooks - Close Browser
2022-01-04 22:26:41.998 [main][43004] INFO  step_definitions.Hooks - Launch Browser
2022-01-04 22:26:43.596 [main][44602] INFO  page_objects.HomePage - User Is In Home Page
2022-01-04 22:26:43.596 [main][44602] DEBUG page_objects.Categories - Click On Categories
2022-01-04 22:26:44.671 [main][45677] DEBUG page_objects.Categories - Click On Categories
2022-01-04 22:26:45.974 [main][46980] DEBUG page_objects.Categories - Click On 2nd Category
2022-01-04 22:26:47.259 [main][48265] DEBUG page_objects.Categories - Select a item
2022-01-04 22:26:48.565 [main][49571] DEBUG page_objects.Categories - Title
2022-01-04 22:26:50.134 [main][51140] INFO  step_definitions.Hooks - Close Browser
2022-01-04 22:26:51.326 [main][52332] INFO  step_definitions.Hooks - Launch Browser
2022-01-04 22:26:54.052 [main][55058] INFO  page_objects.HomePage - User Is In Home Page
2022-01-04 22:26:54.052 [main][55058] DEBUG page_objects.Categories - Click On Categories
2022-01-04 22:26:55.124 [main][56130] DEBUG page_objects.Categories - Click On Categories
2022-01-04 22:26:56.435 [main][57441] DEBUG page_objects.Categories - Click On 2nd Category
2022-01-04 22:26:57.721 [main][58727] DEBUG page_objects.Categories - Select a item
2022-01-04 22:26:59.047 [main][60053] DEBUG page_objects.Categories - Title
2022-01-04 22:27:00.623 [main][61629] INFO  step_definitions.Hooks - Close Browser
2022-01-04 22:27:01.802 [main][62808] INFO  step_definitions.Hooks - Launch Browser
2022-01-04 22:27:04.683 [main][65689] INFO  page_objects.HomePage - User Is In Home Page
2022-01-04 22:27:04.684 [main][65690] DEBUG page_objects.Categories - Click On Deals
2022-01-04 22:27:05.753 [main][66759] DEBUG page_objects.Categories - Chose on going deals
2022-01-04 22:27:07.058 [main][68064] DEBUG page_objects.Categories - Title
2022-01-04 22:27:08.190 [main][69196] DEBUG page_objects.Categories - URL
2022-01-04 22:27:09.893 [main][70899] INFO  step_definitions.Hooks - Close Browser
2022-01-04 22:27:11.021 [main][72027] INFO  step_definitions.Hooks - Launch Browser
2022-01-04 22:27:13.988 [main][74994] INFO  page_objects.HomePage - User Is In Home Page
2022-01-04 22:27:13.988 [main][74994] DEBUG page_objects.Categories - Click On Deals
2022-01-04 22:27:15.049 [main][76055] DEBUG page_objects.Categories - Chose on going deals
2022-01-04 22:27:16.361 [main][77367] DEBUG page_objects.Categories - Title
2022-01-04 22:27:17.367 [main][78373] DEBUG page_objects.Categories - URL
2022-01-04 22:27:18.936 [main][79942] INFO  step_definitions.Hooks - Close Browser
2022-01-04 22:27:20.008 [main][81014] INFO  step_definitions.Hooks - Launch Browser
2022-01-04 22:27:21.823 [main][82829] INFO  page_objects.HomePage - User Is In Home Page
2022-01-04 22:27:21.830 [main][82836] INFO  page_objects.HomePage - Home Page Title Is Target : Expect More. Pay Less.
2022-01-04 22:27:21.830 [main][82836] INFO  page_objects.HomePage - User Saw The Title
2022-01-04 22:27:22.387 [main][83393] INFO  step_definitions.Hooks - Close Browser
2022-01-04 22:27:23.512 [main][84518] INFO  step_definitions.Hooks - Launch Browser
2022-01-04 22:27:26.652 [main][87658] INFO  page_objects.HomePage - User Is In Home Page
2022-01-04 22:27:26.653 [main][87659] DEBUG page_objects.Search - Clicked On Search Box
2022-01-04 22:27:26.723 [main][87729] INFO  step_definitions.SignInSteps - User clicked on search button
2022-01-04 22:27:26.724 [main][87730] DEBUG page_objects.Search - Typing Products
2022-01-04 22:27:26.858 [main][87864] INFO  step_definitions.SignInSteps - User typingFace Mask
2022-01-04 22:27:26.858 [main][87864] DEBUG page_objects.Search - Clicked On Search icon
2022-01-04 22:27:28.015 [main][89021] INFO  step_definitions.SignInSteps - User Clicked On Search Icon
2022-01-04 22:27:28.019 [main][89025] DEBUG page_objects.Search - Title isFace Mask : Target
2022-01-04 22:27:28.020 [main][89026] INFO  step_definitions.SignInSteps - Title isFace Mask : Target
2022-01-04 22:27:28.588 [main][89594] INFO  step_definitions.Hooks - Close Browser
2022-01-04 22:27:29.670 [main][90676] INFO  step_definitions.Hooks - Launch Browser
2022-01-04 22:27:31.339 [main][92345] INFO  page_objects.HomePage - User Is In Home Page
2022-01-04 22:27:31.340 [main][92346] DEBUG page_objects.Search - Clicked On Search Box
2022-01-04 22:27:31.413 [main][92419] INFO  step_definitions.SignInSteps - User clicked on search button
2022-01-04 22:27:31.414 [main][92420] DEBUG page_objects.Search - Typing Products
2022-01-04 22:27:31.554 [main][92560] INFO  step_definitions.SignInSteps - User typingHand sanitizer
2022-01-04 22:27:31.554 [main][92560] DEBUG page_objects.Search - Clicked On Search icon
2022-01-04 22:27:32.721 [main][93727] INFO  step_definitions.SignInSteps - User Clicked On Search Icon
2022-01-04 22:27:32.726 [main][93732] DEBUG page_objects.Search - Title isHand Sanitizer : Target
2022-01-04 22:27:32.726 [main][93732] INFO  step_definitions.SignInSteps - Title isHand Sanitizer : Target
2022-01-04 22:27:33.286 [main][94292] INFO  step_definitions.Hooks - Close Browser
2022-01-04 22:27:34.359 [main][95365] INFO  step_definitions.Hooks - Launch Browser
2022-01-04 22:27:37.148 [main][98154] INFO  page_objects.HomePage - User Is In Home Page
2022-01-04 22:27:37.148 [main][98154] DEBUG page_objects.Search - Clicked On Search Box
2022-01-04 22:27:37.216 [main][98222] INFO  step_definitions.SignInSteps - User clicked on search button
2022-01-04 22:27:37.216 [main][98222] DEBUG page_objects.Search - Typing Products
2022-01-04 22:27:37.379 [main][98385] INFO  step_definitions.SignInSteps - User typingRubbing alcohol
2022-01-04 22:27:37.380 [main][98386] DEBUG page_objects.Search - Clicked On Search icon
2022-01-04 22:27:38.561 [main][99567] INFO  step_definitions.SignInSteps - User Clicked On Search Icon
2022-01-04 22:27:38.566 [main][99572] DEBUG page_objects.Search - Title isRubbing Alcohol : Target
2022-01-04 22:27:38.566 [main][99572] INFO  step_definitions.SignInSteps - Title isRubbing Alcohol : Target
2022-01-04 22:27:39.134 [main][100140] INFO  step_definitions.Hooks - Close Browser
2022-01-04 22:27:40.257 [main][101263] INFO  step_definitions.Hooks - Launch Browser
2022-01-04 22:27:43.139 [main][104145] INFO  page_objects.HomePage - User Is In Home Page
2022-01-04 22:27:43.139 [main][104145] DEBUG page_objects.Search - Clicked On Search Box
2022-01-04 22:27:43.214 [main][104220] INFO  step_definitions.SignInSteps - User clicked on search button
2022-01-04 22:27:43.214 [main][104220] DEBUG page_objects.Search - Typing Products
2022-01-04 22:27:43.304 [main][104310] INFO  step_definitions.SignInSteps - User typingPs5
2022-01-04 22:27:43.304 [main][104310] DEBUG page_objects.Search - Clicked On Search icon
2022-01-04 22:27:44.434 [main][105440] INFO  step_definitions.SignInSteps - User Clicked On Search Icon
2022-01-04 22:27:44.503 [main][105509] DEBUG page_objects.Search - Title isPlayStation 5 : Target
2022-01-04 22:27:44.503 [main][105509] INFO  step_definitions.SignInSteps - Title isPlayStation 5 : Target
2022-01-04 22:27:45.066 [main][106072] INFO  step_definitions.Hooks - Close Browser
2022-01-04 22:27:46.128 [main][107134] INFO  step_definitions.Hooks - Launch Browser
2022-01-04 22:27:47.300 [main][108306] INFO  page_objects.HomePage - User Is In Home Page
2022-01-04 22:27:47.300 [main][108306] DEBUG page_objects.Search - Clicked On Search Box
2022-01-04 22:27:47.943 [main][108949] INFO  step_definitions.SignInSteps - User clicked on search button
2022-01-04 22:27:47.943 [main][108949] DEBUG page_objects.Search - Typing Products
2022-01-04 22:27:48.103 [main][109109] INFO  step_definitions.SignInSteps - User typingcoffee maker
2022-01-04 22:27:48.103 [main][109109] DEBUG page_objects.Search - Clicked On Search icon
2022-01-04 22:27:49.366 [main][110372] INFO  step_definitions.SignInSteps - User Clicked On Search Icon
2022-01-04 22:27:49.418 [main][110424] DEBUG page_objects.Search - Title isCoffee Maker : Target
2022-01-04 22:27:49.418 [main][110424] INFO  step_definitions.SignInSteps - Title isCoffee Maker : Target
2022-01-04 22:27:49.985 [main][110991] INFO  step_definitions.Hooks - Close Browser
2022-01-04 22:27:51.098 [main][112104] INFO  step_definitions.Hooks - Launch Browser
2022-01-04 22:27:52.323 [main][113329] INFO  page_objects.HomePage - User Is In Home Page
2022-01-04 22:27:52.324 [main][113330] DEBUG page_objects.Categories - Click On Deals
2022-01-04 22:27:52.475 [main][113481] ERROR command_providers.ElementActions - Element Exception for the locator: By.linkText: What’s Newand exception is: org.openqa.selenium.NoSuchElementException: no such element: Unable to locate element: {"method":"link text","selector":"What’s New"}
  (Session info: chrome=96.0.4664.110)
For documentation on this error, please visit: https://selenium.dev/exceptions/#no_such_element
Build info: version: '4.1.1', revision: 'e8fcc2cecf'
System info: host: 'RAZU-WINDOWS', ip: '10.5.0.2', os.name: 'Windows 10', os.arch: 'amd64', os.version: '10.0', java.version: '11.0.13'
Driver info: org.openqa.selenium.chrome.ChromeDriver
Command: [2eef9b3b943981513e3304576502b111, findElement {using=link text, value=What’s New}]
Capabilities {acceptInsecureCerts: false, browserName: chrome, browserVersion: 96.0.4664.110, chrome: {chromedriverVersion: 96.0.4664.45 (76e4c1bb2ab46..., userDataDir: C:\Users\ahmed\AppData\Loca...}, goog:chromeOptions: {debuggerAddress: localhost:50523}, javascriptEnabled: true, networkConnectionEnabled: false, pageLoadStrategy: normal, platform: WINDOWS, platformName: WINDOWS, proxy: Proxy(), se:cdp: ws://localhost:50523/devtoo..., se:cdpVersion: 96.0.4664.110, setWindowRect: true, strictFileInteractability: false, timeouts: {implicit: 0, pageLoad: 300000, script: 30000}, unhandledPromptBehavior: dismiss and notify, webauthn:extension:credBlob: true, webauthn:extension:largeBlob: true, webauthn:virtualAuthenticators: true}
Session ID: 2eef9b3b943981513e3304576502b111
2022-01-04 22:27:53.037 [main][114043] INFO  step_definitions.Hooks - Close Browser
2022-01-04 22:27:54.157 [main][115163] INFO  step_definitions.Hooks - Launch Browser
2022-01-04 22:27:56.797 [main][117803] INFO  page_objects.HomePage - User Is In Home Page
2022-01-04 22:27:56.798 [main][117804] DEBUG page_objects.Categories - Click On Deals
2022-01-04 22:27:56.937 [main][117943] ERROR command_providers.ElementActions - Element Exception for the locator: By.linkText: What’s Newand exception is: org.openqa.selenium.NoSuchElementException: no such element: Unable to locate element: {"method":"link text","selector":"What’s New"}
  (Session info: chrome=96.0.4664.110)
For documentation on this error, please visit: https://selenium.dev/exceptions/#no_such_element
Build info: version: '4.1.1', revision: 'e8fcc2cecf'
System info: host: 'RAZU-WINDOWS', ip: '10.5.0.2', os.name: 'Windows 10', os.arch: 'amd64', os.version: '10.0', java.version: '11.0.13'
Driver info: org.openqa.selenium.chrome.ChromeDriver
Command: [38bd7b68237a6658c22bfd11029a3480, findElement {using=link text, value=What’s New}]
Capabilities {acceptInsecureCerts: false, browserName: chrome, browserVersion: 96.0.4664.110, chrome: {chromedriverVersion: 96.0.4664.45 (76e4c1bb2ab46..., userDataDir: C:\Users\ahmed\AppData\Loca...}, goog:chromeOptions: {debuggerAddress: localhost:50570}, javascriptEnabled: true, networkConnectionEnabled: false, pageLoadStrategy: normal, platform: WINDOWS, platformName: WINDOWS, proxy: Proxy(), se:cdp: ws://localhost:50570/devtoo..., se:cdpVersion: 96.0.4664.110, setWindowRect: true, strictFileInteractability: false, timeouts: {implicit: 0, pageLoad: 300000, script: 30000}, unhandledPromptBehavior: dismiss and notify, webauthn:extension:credBlob: true, webauthn:extension:largeBlob: true, webauthn:virtualAuthenticators: true}
Session ID: 38bd7b68237a6658c22bfd11029a3480
2022-01-04 22:27:57.496 [main][118502] INFO  step_definitions.Hooks - Close Browser
2022-01-04 22:27:58.561 [main][119567] INFO  step_definitions.Hooks - Launch Browser
2022-01-04 22:28:01.348 [main][122354] INFO  page_objects.HomePage - User Is In Home Page
2022-01-04 22:28:01.349 [main][122355] DEBUG page_objects.Categories - Click On Deals
2022-01-04 22:28:01.487 [main][122493] ERROR command_providers.ElementActions - Element Exception for the locator: By.linkText: What’s Newand exception is: org.openqa.selenium.NoSuchElementException: no such element: Unable to locate element: {"method":"link text","selector":"What’s New"}
  (Session info: chrome=96.0.4664.110)
For documentation on this error, please visit: https://selenium.dev/exceptions/#no_such_element
Build info: version: '4.1.1', revision: 'e8fcc2cecf'
System info: host: 'RAZU-WINDOWS', ip: '10.5.0.2', os.name: 'Windows 10', os.arch: 'amd64', os.version: '10.0', java.version: '11.0.13'
Driver info: org.openqa.selenium.chrome.ChromeDriver
Command: [ded6b68251334682c18ae6798e4f2d7c, findElement {using=link text, value=What’s New}]
Capabilities {acceptInsecureCerts: false, browserName: chrome, browserVersion: 96.0.4664.110, chrome: {chromedriverVersion: 96.0.4664.45 (76e4c1bb2ab46..., userDataDir: C:\Users\ahmed\AppData\Loca...}, goog:chromeOptions: {debuggerAddress: localhost:50628}, javascriptEnabled: true, networkConnectionEnabled: false, pageLoadStrategy: normal, platform: WINDOWS, platformName: WINDOWS, proxy: Proxy(), se:cdp: ws://localhost:50628/devtoo..., se:cdpVersion: 96.0.4664.110, setWindowRect: true, strictFileInteractability: false, timeouts: {implicit: 0, pageLoad: 300000, script: 30000}, unhandledPromptBehavior: dismiss and notify, webauthn:extension:credBlob: true, webauthn:extension:largeBlob: true, webauthn:virtualAuthenticators: true}
Session ID: ded6b68251334682c18ae6798e4f2d7c
2022-01-04 22:28:02.044 [main][123050] INFO  step_definitions.Hooks - Close Browser
