2022-01-03 23:55:47.608 [main][1050] DEBUG io.netty.util.internal.logging.InternalLoggerFactory - Using Log4J2 as the default logging framework
2022-01-03 23:55:47.612 [main][1054] DEBUG io.netty.util.ResourceLeakDetector - -Dio.netty.leakDetection.level: simple
2022-01-03 23:55:47.612 [main][1054] DEBUG io.netty.util.ResourceLeakDetector - -Dio.netty.leakDetection.targetRecords: 4
2022-01-03 23:55:47.615 [main][1057] DEBUG io.netty.util.ResourceLeakDetectorFactory - Loaded default ResourceLeakDetector: io.netty.util.ResourceLeakDetector@6dcd5639
2022-01-03 23:55:47.625 [main][1067] DEBUG io.netty.util.internal.PlatformDependent0 - -Dio.netty.noUnsafe: false
2022-01-03 23:55:47.625 [main][1067] DEBUG io.netty.util.internal.PlatformDependent0 - Java version: 11
2022-01-03 23:55:47.626 [main][1068] DEBUG io.netty.util.internal.PlatformDependent0 - sun.misc.Unsafe.theUnsafe: available
2022-01-03 23:55:47.626 [main][1068] DEBUG io.netty.util.internal.PlatformDependent0 - sun.misc.Unsafe.copyMemory: available
2022-01-03 23:55:47.626 [main][1068] DEBUG io.netty.util.internal.PlatformDependent0 - java.nio.Buffer.address: available
2022-01-03 23:55:47.626 [main][1068] DEBUG io.netty.util.internal.PlatformDependent0 - direct buffer constructor: unavailable: Reflective setAccessible(true) disabled
2022-01-03 23:55:47.627 [main][1069] DEBUG io.netty.util.internal.PlatformDependent0 - java.nio.Bits.unaligned: available, true
2022-01-03 23:55:47.627 [main][1069] DEBUG io.netty.util.internal.PlatformDependent0 - jdk.internal.misc.Unsafe.allocateUninitializedArray(int): unavailable: class io.netty.util.internal.PlatformDependent0$6 cannot access class jdk.internal.misc.Unsafe (in module java.base) because module java.base does not export jdk.internal.misc to unnamed module @45820e51
2022-01-03 23:55:47.628 [main][1070] DEBUG io.netty.util.internal.PlatformDependent0 - java.nio.DirectByteBuffer.<init>(long, int): unavailable
2022-01-03 23:55:47.628 [main][1070] DEBUG io.netty.util.internal.PlatformDependent - sun.misc.Unsafe: available
2022-01-03 23:55:47.628 [main][1070] DEBUG io.netty.util.internal.PlatformDependent - maxDirectMemory: 17133731840 bytes (maybe)
2022-01-03 23:55:47.629 [main][1071] DEBUG io.netty.util.internal.PlatformDependent - -Dio.netty.tmpdir: C:\Users\ahmed\AppData\Local\Temp (java.io.tmpdir)
2022-01-03 23:55:47.629 [main][1071] DEBUG io.netty.util.internal.PlatformDependent - -Dio.netty.bitMode: 64 (sun.arch.data.model)
2022-01-03 23:55:47.629 [main][1071] DEBUG io.netty.util.internal.PlatformDependent - Platform: Windows
2022-01-03 23:55:47.629 [main][1071] DEBUG io.netty.util.internal.PlatformDependent - -Dio.netty.maxDirectMemory: -1 bytes
2022-01-03 23:55:47.629 [main][1071] DEBUG io.netty.util.internal.PlatformDependent - -Dio.netty.uninitializedArrayAllocationThreshold: -1
2022-01-03 23:55:47.630 [main][1072] DEBUG io.netty.util.internal.CleanerJava9 - java.nio.ByteBuffer.cleaner(): available
2022-01-03 23:55:47.630 [main][1072] DEBUG io.netty.util.internal.PlatformDependent - -Dio.netty.noPreferDirect: false
2022-01-03 23:55:47.634 [main][1076] DEBUG io.netty.util.internal.PlatformDependent - org.jctools-core.MpscChunkedArrayQueue: available
2022-01-03 23:55:47.643 [main][1085] DEBUG io.netty.util.internal.InternalThreadLocalMap - -Dio.netty.threadLocalMap.stringBuilder.initialSize: 1024
2022-01-03 23:55:47.643 [main][1085] DEBUG io.netty.util.internal.InternalThreadLocalMap - -Dio.netty.threadLocalMap.stringBuilder.maxSize: 4096
2022-01-03 23:55:47.656 [main][1098] DEBUG io.netty.handler.ssl.JdkSslContext - Default protocols (JDK): [TLSv1.3, TLSv1.2] 
2022-01-03 23:55:47.656 [main][1098] DEBUG io.netty.handler.ssl.JdkSslContext - Default cipher suites (JDK): [TLS_ECDHE_ECDSA_WITH_AES_256_GCM_SHA384, TLS_ECDHE_ECDSA_WITH_AES_128_GCM_SHA256, TLS_ECDHE_RSA_WITH_AES_128_GCM_SHA256, TLS_ECDHE_RSA_WITH_AES_256_GCM_SHA384, TLS_ECDHE_RSA_WITH_AES_128_CBC_SHA, TLS_ECDHE_RSA_WITH_AES_256_CBC_SHA, TLS_RSA_WITH_AES_128_GCM_SHA256, TLS_RSA_WITH_AES_128_CBC_SHA, TLS_RSA_WITH_AES_256_CBC_SHA, TLS_AES_128_GCM_SHA256, TLS_AES_256_GCM_SHA384]
2022-01-03 23:55:47.670 [main][1112] DEBUG io.netty.channel.MultithreadEventLoopGroup - -Dio.netty.eventLoopThreads: 40
2022-01-03 23:55:47.674 [main][1116] DEBUG io.netty.channel.nio.NioEventLoop - -Dio.netty.noKeySetOptimization: false
2022-01-03 23:55:47.674 [main][1116] DEBUG io.netty.channel.nio.NioEventLoop - -Dio.netty.selectorAutoRebuildThreshold: 512
2022-01-03 23:55:47.703 [main][1145] DEBUG io.netty.buffer.PooledByteBufAllocator - -Dio.netty.allocator.numHeapArenas: 40
2022-01-03 23:55:47.703 [main][1145] DEBUG io.netty.buffer.PooledByteBufAllocator - -Dio.netty.allocator.numDirectArenas: 40
2022-01-03 23:55:47.703 [main][1145] DEBUG io.netty.buffer.PooledByteBufAllocator - -Dio.netty.allocator.pageSize: 8192
2022-01-03 23:55:47.703 [main][1145] DEBUG io.netty.buffer.PooledByteBufAllocator - -Dio.netty.allocator.maxOrder: 11
2022-01-03 23:55:47.703 [main][1145] DEBUG io.netty.buffer.PooledByteBufAllocator - -Dio.netty.allocator.chunkSize: 16777216
2022-01-03 23:55:47.703 [main][1145] DEBUG io.netty.buffer.PooledByteBufAllocator - -Dio.netty.allocator.smallCacheSize: 256
2022-01-03 23:55:47.703 [main][1145] DEBUG io.netty.buffer.PooledByteBufAllocator - -Dio.netty.allocator.normalCacheSize: 64
2022-01-03 23:55:47.703 [main][1145] DEBUG io.netty.buffer.PooledByteBufAllocator - -Dio.netty.allocator.maxCachedBufferCapacity: 32768
2022-01-03 23:55:47.703 [main][1145] DEBUG io.netty.buffer.PooledByteBufAllocator - -Dio.netty.allocator.cacheTrimInterval: 8192
2022-01-03 23:55:47.703 [main][1145] DEBUG io.netty.buffer.PooledByteBufAllocator - -Dio.netty.allocator.cacheTrimIntervalMillis: 0
2022-01-03 23:55:47.703 [main][1145] DEBUG io.netty.buffer.PooledByteBufAllocator - -Dio.netty.allocator.useCacheForAllThreads: true
2022-01-03 23:55:47.704 [main][1146] DEBUG io.netty.buffer.PooledByteBufAllocator - -Dio.netty.allocator.maxCachedByteBuffersPerChunk: 1023
2022-01-03 23:55:47.710 [main][1152] DEBUG io.netty.buffer.ByteBufUtil - -Dio.netty.allocator.type: pooled
2022-01-03 23:55:47.710 [main][1152] DEBUG io.netty.buffer.ByteBufUtil - -Dio.netty.threadLocalDirectBufferSize: 0
2022-01-03 23:55:47.710 [main][1152] DEBUG io.netty.buffer.ByteBufUtil - -Dio.netty.maxThreadLocalCharBufferSize: 16384
2022-01-03 23:55:48.349 [Forwarding newSession on session null to remote][1791] DEBUG io.netty.channel.DefaultChannelId - -Dio.netty.processId: 37560 (auto-detected)
2022-01-03 23:55:48.350 [Forwarding newSession on session null to remote][1792] DEBUG io.netty.util.NetUtil - -Djava.net.preferIPv4Stack: false
2022-01-03 23:55:48.350 [Forwarding newSession on session null to remote][1792] DEBUG io.netty.util.NetUtil - -Djava.net.preferIPv6Addresses: false
2022-01-03 23:55:48.485 [Forwarding newSession on session null to remote][1927] DEBUG io.netty.util.NetUtilInitializations - Loopback interface: lo (Software Loopback Interface 1, 127.0.0.1)
2022-01-03 23:55:48.486 [Forwarding newSession on session null to remote][1928] DEBUG io.netty.util.NetUtil - Failed to get SOMAXCONN from sysctl and file \proc\sys\net\core\somaxconn. Default: 200
2022-01-03 23:55:48.628 [Forwarding newSession on session null to remote][2070] DEBUG io.netty.channel.DefaultChannelId - -Dio.netty.machineId: f0:2f:74:ff:fe:d4:02:2a (auto-detected)
2022-01-03 23:55:48.655 [AsyncHttpClient-1-2][2097] DEBUG io.netty.buffer.AbstractByteBuf - -Dio.netty.buffer.checkAccessible: true
2022-01-03 23:55:48.656 [AsyncHttpClient-1-2][2098] DEBUG io.netty.buffer.AbstractByteBuf - -Dio.netty.buffer.checkBounds: true
2022-01-03 23:55:48.656 [AsyncHttpClient-1-2][2098] DEBUG io.netty.util.ResourceLeakDetectorFactory - Loaded default ResourceLeakDetector: io.netty.util.ResourceLeakDetector@46eacd0e
2022-01-03 23:55:48.670 [AsyncHttpClient-1-2][2112] DEBUG io.netty.util.Recycler - -Dio.netty.recycler.maxCapacityPerThread: 4096
2022-01-03 23:55:48.670 [AsyncHttpClient-1-2][2112] DEBUG io.netty.util.Recycler - -Dio.netty.recycler.maxSharedCapacityFactor: 2
2022-01-03 23:55:48.670 [AsyncHttpClient-1-2][2112] DEBUG io.netty.util.Recycler - -Dio.netty.recycler.linkCapacity: 16
2022-01-03 23:55:48.670 [AsyncHttpClient-1-2][2112] DEBUG io.netty.util.Recycler - -Dio.netty.recycler.ratio: 8
2022-01-03 23:55:48.670 [AsyncHttpClient-1-2][2112] DEBUG io.netty.util.Recycler - -Dio.netty.recycler.delayedQueue.ratio: 8
2022-01-03 23:55:49.579 [AsyncHttpClient-1-2][3021] DEBUG io.netty.handler.codec.compression.Brotli - brotli4j not in the classpath; Brotli support will be unavailable.
2022-01-03 23:55:49.638 [main][3080] DEBUG io.netty.util.internal.ThreadLocalRandom - -Dio.netty.initialSeedUniquifier: 0x13d1966b3579c88f
2022-01-03 23:55:49.658 [main][3100] INFO  step_definitions.Hooks - Launch Browser
2022-01-03 23:55:52.548 [main][5990] INFO  page_objects.HomePage - User Is In Home Page
2022-01-03 23:55:52.550 [main][5992] DEBUG page_objects.Categories - Click On Deals
2022-01-03 23:55:53.614 [main][7056] DEBUG page_objects.Categories - Chose on going deals
2022-01-03 23:55:55.498 [main][8940] INFO  step_definitions.Hooks - Close Browser
2022-01-03 23:55:56.932 [main][10374] INFO  step_definitions.Hooks - Launch Browser
2022-01-03 23:55:59.818 [main][13260] INFO  page_objects.HomePage - User Is In Home Page
2022-01-03 23:55:59.818 [main][13260] DEBUG page_objects.Categories - Click On Deals
2022-01-03 23:56:00.889 [main][14331] DEBUG page_objects.Categories - Chose on going deals
2022-01-03 23:56:02.560 [main][16002] INFO  step_definitions.Hooks - Close Browser
2022-01-03 23:56:03.994 [main][17436] INFO  step_definitions.Hooks - Launch Browser
2022-01-03 23:56:05.657 [main][19099] INFO  page_objects.HomePage - User Is In Home Page
2022-01-03 23:56:05.658 [main][19100] DEBUG page_objects.Categories - Click On Deals
2022-01-03 23:56:06.723 [main][20165] DEBUG page_objects.Categories - Chose on going deals
2022-01-03 23:56:08.461 [main][21903] INFO  step_definitions.Hooks - Close Browser
2022-01-03 23:56:09.840 [main][23282] INFO  step_definitions.Hooks - Launch Browser
2022-01-03 23:56:11.026 [main][24468] INFO  page_objects.HomePage - User Is In Home Page
2022-01-03 23:56:11.027 [main][24469] DEBUG page_objects.Categories - Click On Deals
2022-01-03 23:56:12.225 [main][25667] DEBUG page_objects.Categories - Chose on going deals
2022-01-03 23:56:14.091 [main][27533] INFO  step_definitions.Hooks - Close Browser
