2022-01-03 23:35:10.885 [main][1059] DEBUG io.netty.util.internal.logging.InternalLoggerFactory - Using Log4J2 as the default logging framework
2022-01-03 23:35:10.890 [main][1064] DEBUG io.netty.util.ResourceLeakDetector - -Dio.netty.leakDetection.level: simple
2022-01-03 23:35:10.890 [main][1064] DEBUG io.netty.util.ResourceLeakDetector - -Dio.netty.leakDetection.targetRecords: 4
2022-01-03 23:35:10.892 [main][1066] DEBUG io.netty.util.ResourceLeakDetectorFactory - Loaded default ResourceLeakDetector: io.netty.util.ResourceLeakDetector@1b29d52b
2022-01-03 23:35:10.902 [main][1076] DEBUG io.netty.util.internal.PlatformDependent0 - -Dio.netty.noUnsafe: false
2022-01-03 23:35:10.902 [main][1076] DEBUG io.netty.util.internal.PlatformDependent0 - Java version: 11
2022-01-03 23:35:10.903 [main][1077] DEBUG io.netty.util.internal.PlatformDependent0 - sun.misc.Unsafe.theUnsafe: available
2022-01-03 23:35:10.903 [main][1077] DEBUG io.netty.util.internal.PlatformDependent0 - sun.misc.Unsafe.copyMemory: available
2022-01-03 23:35:10.903 [main][1077] DEBUG io.netty.util.internal.PlatformDependent0 - java.nio.Buffer.address: available
2022-01-03 23:35:10.904 [main][1078] DEBUG io.netty.util.internal.PlatformDependent0 - direct buffer constructor: unavailable: Reflective setAccessible(true) disabled
2022-01-03 23:35:10.904 [main][1078] DEBUG io.netty.util.internal.PlatformDependent0 - java.nio.Bits.unaligned: available, true
2022-01-03 23:35:10.905 [main][1079] DEBUG io.netty.util.internal.PlatformDependent0 - jdk.internal.misc.Unsafe.allocateUninitializedArray(int): unavailable: class io.netty.util.internal.PlatformDependent0$6 cannot access class jdk.internal.misc.Unsafe (in module java.base) because module java.base does not export jdk.internal.misc to unnamed module @45820e51
2022-01-03 23:35:10.905 [main][1079] DEBUG io.netty.util.internal.PlatformDependent0 - java.nio.DirectByteBuffer.<init>(long, int): unavailable
2022-01-03 23:35:10.905 [main][1079] DEBUG io.netty.util.internal.PlatformDependent - sun.misc.Unsafe: available
2022-01-03 23:35:10.906 [main][1080] DEBUG io.netty.util.internal.PlatformDependent - maxDirectMemory: 17133731840 bytes (maybe)
2022-01-03 23:35:10.906 [main][1080] DEBUG io.netty.util.internal.PlatformDependent - -Dio.netty.tmpdir: C:\Users\ahmed\AppData\Local\Temp (java.io.tmpdir)
2022-01-03 23:35:10.906 [main][1080] DEBUG io.netty.util.internal.PlatformDependent - -Dio.netty.bitMode: 64 (sun.arch.data.model)
2022-01-03 23:35:10.906 [main][1080] DEBUG io.netty.util.internal.PlatformDependent - Platform: Windows
2022-01-03 23:35:10.906 [main][1080] DEBUG io.netty.util.internal.PlatformDependent - -Dio.netty.maxDirectMemory: -1 bytes
2022-01-03 23:35:10.907 [main][1081] DEBUG io.netty.util.internal.PlatformDependent - -Dio.netty.uninitializedArrayAllocationThreshold: -1
2022-01-03 23:35:10.907 [main][1081] DEBUG io.netty.util.internal.CleanerJava9 - java.nio.ByteBuffer.cleaner(): available
2022-01-03 23:35:10.907 [main][1081] DEBUG io.netty.util.internal.PlatformDependent - -Dio.netty.noPreferDirect: false
2022-01-03 23:35:10.911 [main][1085] DEBUG io.netty.util.internal.PlatformDependent - org.jctools-core.MpscChunkedArrayQueue: available
2022-01-03 23:35:10.921 [main][1095] DEBUG io.netty.util.internal.InternalThreadLocalMap - -Dio.netty.threadLocalMap.stringBuilder.initialSize: 1024
2022-01-03 23:35:10.921 [main][1095] DEBUG io.netty.util.internal.InternalThreadLocalMap - -Dio.netty.threadLocalMap.stringBuilder.maxSize: 4096
2022-01-03 23:35:10.934 [main][1108] DEBUG io.netty.handler.ssl.JdkSslContext - Default protocols (JDK): [TLSv1.3, TLSv1.2] 
2022-01-03 23:35:10.934 [main][1108] DEBUG io.netty.handler.ssl.JdkSslContext - Default cipher suites (JDK): [TLS_ECDHE_ECDSA_WITH_AES_256_GCM_SHA384, TLS_ECDHE_ECDSA_WITH_AES_128_GCM_SHA256, TLS_ECDHE_RSA_WITH_AES_128_GCM_SHA256, TLS_ECDHE_RSA_WITH_AES_256_GCM_SHA384, TLS_ECDHE_RSA_WITH_AES_128_CBC_SHA, TLS_ECDHE_RSA_WITH_AES_256_CBC_SHA, TLS_RSA_WITH_AES_128_GCM_SHA256, TLS_RSA_WITH_AES_128_CBC_SHA, TLS_RSA_WITH_AES_256_CBC_SHA, TLS_AES_128_GCM_SHA256, TLS_AES_256_GCM_SHA384]
2022-01-03 23:35:10.948 [main][1122] DEBUG io.netty.channel.MultithreadEventLoopGroup - -Dio.netty.eventLoopThreads: 40
2022-01-03 23:35:10.953 [main][1127] DEBUG io.netty.channel.nio.NioEventLoop - -Dio.netty.noKeySetOptimization: false
2022-01-03 23:35:10.953 [main][1127] DEBUG io.netty.channel.nio.NioEventLoop - -Dio.netty.selectorAutoRebuildThreshold: 512
2022-01-03 23:35:10.981 [main][1155] DEBUG io.netty.buffer.PooledByteBufAllocator - -Dio.netty.allocator.numHeapArenas: 40
2022-01-03 23:35:10.981 [main][1155] DEBUG io.netty.buffer.PooledByteBufAllocator - -Dio.netty.allocator.numDirectArenas: 40
2022-01-03 23:35:10.981 [main][1155] DEBUG io.netty.buffer.PooledByteBufAllocator - -Dio.netty.allocator.pageSize: 8192
2022-01-03 23:35:10.981 [main][1155] DEBUG io.netty.buffer.PooledByteBufAllocator - -Dio.netty.allocator.maxOrder: 11
2022-01-03 23:35:10.981 [main][1155] DEBUG io.netty.buffer.PooledByteBufAllocator - -Dio.netty.allocator.chunkSize: 16777216
2022-01-03 23:35:10.981 [main][1155] DEBUG io.netty.buffer.PooledByteBufAllocator - -Dio.netty.allocator.smallCacheSize: 256
2022-01-03 23:35:10.981 [main][1155] DEBUG io.netty.buffer.PooledByteBufAllocator - -Dio.netty.allocator.normalCacheSize: 64
2022-01-03 23:35:10.981 [main][1155] DEBUG io.netty.buffer.PooledByteBufAllocator - -Dio.netty.allocator.maxCachedBufferCapacity: 32768
2022-01-03 23:35:10.982 [main][1156] DEBUG io.netty.buffer.PooledByteBufAllocator - -Dio.netty.allocator.cacheTrimInterval: 8192
2022-01-03 23:35:10.982 [main][1156] DEBUG io.netty.buffer.PooledByteBufAllocator - -Dio.netty.allocator.cacheTrimIntervalMillis: 0
2022-01-03 23:35:10.982 [main][1156] DEBUG io.netty.buffer.PooledByteBufAllocator - -Dio.netty.allocator.useCacheForAllThreads: true
2022-01-03 23:35:10.982 [main][1156] DEBUG io.netty.buffer.PooledByteBufAllocator - -Dio.netty.allocator.maxCachedByteBuffersPerChunk: 1023
2022-01-03 23:35:10.988 [main][1162] DEBUG io.netty.buffer.ByteBufUtil - -Dio.netty.allocator.type: pooled
2022-01-03 23:35:10.988 [main][1162] DEBUG io.netty.buffer.ByteBufUtil - -Dio.netty.threadLocalDirectBufferSize: 0
2022-01-03 23:35:10.988 [main][1162] DEBUG io.netty.buffer.ByteBufUtil - -Dio.netty.maxThreadLocalCharBufferSize: 16384
2022-01-03 23:35:11.638 [Forwarding newSession on session null to remote][1812] DEBUG io.netty.channel.DefaultChannelId - -Dio.netty.processId: 26848 (auto-detected)
2022-01-03 23:35:11.639 [Forwarding newSession on session null to remote][1813] DEBUG io.netty.util.NetUtil - -Djava.net.preferIPv4Stack: false
2022-01-03 23:35:11.639 [Forwarding newSession on session null to remote][1813] DEBUG io.netty.util.NetUtil - -Djava.net.preferIPv6Addresses: false
2022-01-03 23:35:11.773 [Forwarding newSession on session null to remote][1947] DEBUG io.netty.util.NetUtilInitializations - Loopback interface: lo (Software Loopback Interface 1, 127.0.0.1)
2022-01-03 23:35:11.774 [Forwarding newSession on session null to remote][1948] DEBUG io.netty.util.NetUtil - Failed to get SOMAXCONN from sysctl and file \proc\sys\net\core\somaxconn. Default: 200
2022-01-03 23:35:11.917 [Forwarding newSession on session null to remote][2091] DEBUG io.netty.channel.DefaultChannelId - -Dio.netty.machineId: f0:2f:74:ff:fe:d4:02:2a (auto-detected)
2022-01-03 23:35:11.949 [AsyncHttpClient-1-2][2123] DEBUG io.netty.buffer.AbstractByteBuf - -Dio.netty.buffer.checkAccessible: true
2022-01-03 23:35:11.950 [AsyncHttpClient-1-2][2124] DEBUG io.netty.buffer.AbstractByteBuf - -Dio.netty.buffer.checkBounds: true
2022-01-03 23:35:11.950 [AsyncHttpClient-1-2][2124] DEBUG io.netty.util.ResourceLeakDetectorFactory - Loaded default ResourceLeakDetector: io.netty.util.ResourceLeakDetector@20a31b12
2022-01-03 23:35:11.963 [AsyncHttpClient-1-2][2137] DEBUG io.netty.util.Recycler - -Dio.netty.recycler.maxCapacityPerThread: 4096
2022-01-03 23:35:11.963 [AsyncHttpClient-1-2][2137] DEBUG io.netty.util.Recycler - -Dio.netty.recycler.maxSharedCapacityFactor: 2
2022-01-03 23:35:11.963 [AsyncHttpClient-1-2][2137] DEBUG io.netty.util.Recycler - -Dio.netty.recycler.linkCapacity: 16
2022-01-03 23:35:11.963 [AsyncHttpClient-1-2][2137] DEBUG io.netty.util.Recycler - -Dio.netty.recycler.ratio: 8
2022-01-03 23:35:11.963 [AsyncHttpClient-1-2][2137] DEBUG io.netty.util.Recycler - -Dio.netty.recycler.delayedQueue.ratio: 8
2022-01-03 23:35:12.860 [AsyncHttpClient-1-2][3034] DEBUG io.netty.handler.codec.compression.Brotli - brotli4j not in the classpath; Brotli support will be unavailable.
2022-01-03 23:35:12.922 [main][3096] DEBUG io.netty.util.internal.ThreadLocalRandom - -Dio.netty.initialSeedUniquifier: 0xa466292113c438fc
2022-01-03 23:35:12.943 [main][3117] INFO  step_definitions.Hooks - Launch Browser
2022-01-03 23:35:15.859 [main][6033] INFO  page_objects.HomePage - User Is In Home Page
2022-01-03 23:35:16.420 [main][6594] INFO  step_definitions.Hooks - Close Browser
2022-01-03 23:35:17.797 [main][7971] INFO  step_definitions.Hooks - Launch Browser
2022-01-03 23:35:20.550 [main][10724] INFO  page_objects.HomePage - User Is In Home Page
2022-01-03 23:35:21.108 [main][11282] INFO  step_definitions.Hooks - Close Browser
2022-01-03 23:35:22.540 [main][12714] INFO  step_definitions.Hooks - Launch Browser
2022-01-03 23:35:24.265 [main][14439] INFO  page_objects.HomePage - User Is In Home Page
2022-01-03 23:35:24.822 [main][14996] INFO  step_definitions.Hooks - Close Browser
2022-01-03 23:35:26.251 [main][16425] INFO  step_definitions.Hooks - Launch Browser
2022-01-03 23:35:28.966 [main][19140] INFO  page_objects.HomePage - User Is In Home Page
2022-01-03 23:35:29.522 [main][19696] INFO  step_definitions.Hooks - Close Browser
