2022-01-04 19:44:28.210 [main][1048] DEBUG io.netty.util.internal.logging.InternalLoggerFactory - Using Log4J2 as the default logging framework
2022-01-04 19:44:28.214 [main][1052] DEBUG io.netty.util.ResourceLeakDetector - -Dio.netty.leakDetection.level: simple
2022-01-04 19:44:28.214 [main][1052] DEBUG io.netty.util.ResourceLeakDetector - -Dio.netty.leakDetection.targetRecords: 4
2022-01-04 19:44:28.217 [main][1055] DEBUG io.netty.util.ResourceLeakDetectorFactory - Loaded default ResourceLeakDetector: io.netty.util.ResourceLeakDetector@1d25c1c
2022-01-04 19:44:28.227 [main][1065] DEBUG io.netty.util.internal.PlatformDependent0 - -Dio.netty.noUnsafe: false
2022-01-04 19:44:28.227 [main][1065] DEBUG io.netty.util.internal.PlatformDependent0 - Java version: 11
2022-01-04 19:44:28.228 [main][1066] DEBUG io.netty.util.internal.PlatformDependent0 - sun.misc.Unsafe.theUnsafe: available
2022-01-04 19:44:28.228 [main][1066] DEBUG io.netty.util.internal.PlatformDependent0 - sun.misc.Unsafe.copyMemory: available
2022-01-04 19:44:28.228 [main][1066] DEBUG io.netty.util.internal.PlatformDependent0 - java.nio.Buffer.address: available
2022-01-04 19:44:28.229 [main][1067] DEBUG io.netty.util.internal.PlatformDependent0 - direct buffer constructor: unavailable: Reflective setAccessible(true) disabled
2022-01-04 19:44:28.229 [main][1067] DEBUG io.netty.util.internal.PlatformDependent0 - java.nio.Bits.unaligned: available, true
2022-01-04 19:44:28.230 [main][1068] DEBUG io.netty.util.internal.PlatformDependent0 - jdk.internal.misc.Unsafe.allocateUninitializedArray(int): unavailable: class io.netty.util.internal.PlatformDependent0$6 cannot access class jdk.internal.misc.Unsafe (in module java.base) because module java.base does not export jdk.internal.misc to unnamed module @45820e51
2022-01-04 19:44:28.230 [main][1068] DEBUG io.netty.util.internal.PlatformDependent0 - java.nio.DirectByteBuffer.<init>(long, int): unavailable
2022-01-04 19:44:28.230 [main][1068] DEBUG io.netty.util.internal.PlatformDependent - sun.misc.Unsafe: available
2022-01-04 19:44:28.231 [main][1069] DEBUG io.netty.util.internal.PlatformDependent - maxDirectMemory: 17133731840 bytes (maybe)
2022-01-04 19:44:28.231 [main][1069] DEBUG io.netty.util.internal.PlatformDependent - -Dio.netty.tmpdir: C:\Users\ahmed\AppData\Local\Temp (java.io.tmpdir)
2022-01-04 19:44:28.231 [main][1069] DEBUG io.netty.util.internal.PlatformDependent - -Dio.netty.bitMode: 64 (sun.arch.data.model)
2022-01-04 19:44:28.231 [main][1069] DEBUG io.netty.util.internal.PlatformDependent - Platform: Windows
2022-01-04 19:44:28.232 [main][1070] DEBUG io.netty.util.internal.PlatformDependent - -Dio.netty.maxDirectMemory: -1 bytes
2022-01-04 19:44:28.232 [main][1070] DEBUG io.netty.util.internal.PlatformDependent - -Dio.netty.uninitializedArrayAllocationThreshold: -1
2022-01-04 19:44:28.232 [main][1070] DEBUG io.netty.util.internal.CleanerJava9 - java.nio.ByteBuffer.cleaner(): available
2022-01-04 19:44:28.232 [main][1070] DEBUG io.netty.util.internal.PlatformDependent - -Dio.netty.noPreferDirect: false
2022-01-04 19:44:28.236 [main][1074] DEBUG io.netty.util.internal.PlatformDependent - org.jctools-core.MpscChunkedArrayQueue: available
2022-01-04 19:44:28.246 [main][1084] DEBUG io.netty.util.internal.InternalThreadLocalMap - -Dio.netty.threadLocalMap.stringBuilder.initialSize: 1024
2022-01-04 19:44:28.246 [main][1084] DEBUG io.netty.util.internal.InternalThreadLocalMap - -Dio.netty.threadLocalMap.stringBuilder.maxSize: 4096
2022-01-04 19:44:28.258 [main][1096] DEBUG io.netty.handler.ssl.JdkSslContext - Default protocols (JDK): [TLSv1.3, TLSv1.2] 
2022-01-04 19:44:28.258 [main][1096] DEBUG io.netty.handler.ssl.JdkSslContext - Default cipher suites (JDK): [TLS_ECDHE_ECDSA_WITH_AES_256_GCM_SHA384, TLS_ECDHE_ECDSA_WITH_AES_128_GCM_SHA256, TLS_ECDHE_RSA_WITH_AES_128_GCM_SHA256, TLS_ECDHE_RSA_WITH_AES_256_GCM_SHA384, TLS_ECDHE_RSA_WITH_AES_128_CBC_SHA, TLS_ECDHE_RSA_WITH_AES_256_CBC_SHA, TLS_RSA_WITH_AES_128_GCM_SHA256, TLS_RSA_WITH_AES_128_CBC_SHA, TLS_RSA_WITH_AES_256_CBC_SHA, TLS_AES_128_GCM_SHA256, TLS_AES_256_GCM_SHA384]
2022-01-04 19:44:28.272 [main][1110] DEBUG io.netty.channel.MultithreadEventLoopGroup - -Dio.netty.eventLoopThreads: 40
2022-01-04 19:44:28.277 [main][1115] DEBUG io.netty.channel.nio.NioEventLoop - -Dio.netty.noKeySetOptimization: false
2022-01-04 19:44:28.277 [main][1115] DEBUG io.netty.channel.nio.NioEventLoop - -Dio.netty.selectorAutoRebuildThreshold: 512
2022-01-04 19:44:28.304 [main][1142] DEBUG io.netty.buffer.PooledByteBufAllocator - -Dio.netty.allocator.numHeapArenas: 40
2022-01-04 19:44:28.304 [main][1142] DEBUG io.netty.buffer.PooledByteBufAllocator - -Dio.netty.allocator.numDirectArenas: 40
2022-01-04 19:44:28.304 [main][1142] DEBUG io.netty.buffer.PooledByteBufAllocator - -Dio.netty.allocator.pageSize: 8192
2022-01-04 19:44:28.304 [main][1142] DEBUG io.netty.buffer.PooledByteBufAllocator - -Dio.netty.allocator.maxOrder: 11
2022-01-04 19:44:28.304 [main][1142] DEBUG io.netty.buffer.PooledByteBufAllocator - -Dio.netty.allocator.chunkSize: 16777216
2022-01-04 19:44:28.304 [main][1142] DEBUG io.netty.buffer.PooledByteBufAllocator - -Dio.netty.allocator.smallCacheSize: 256
2022-01-04 19:44:28.304 [main][1142] DEBUG io.netty.buffer.PooledByteBufAllocator - -Dio.netty.allocator.normalCacheSize: 64
2022-01-04 19:44:28.304 [main][1142] DEBUG io.netty.buffer.PooledByteBufAllocator - -Dio.netty.allocator.maxCachedBufferCapacity: 32768
2022-01-04 19:44:28.304 [main][1142] DEBUG io.netty.buffer.PooledByteBufAllocator - -Dio.netty.allocator.cacheTrimInterval: 8192
2022-01-04 19:44:28.305 [main][1143] DEBUG io.netty.buffer.PooledByteBufAllocator - -Dio.netty.allocator.cacheTrimIntervalMillis: 0
2022-01-04 19:44:28.305 [main][1143] DEBUG io.netty.buffer.PooledByteBufAllocator - -Dio.netty.allocator.useCacheForAllThreads: true
2022-01-04 19:44:28.305 [main][1143] DEBUG io.netty.buffer.PooledByteBufAllocator - -Dio.netty.allocator.maxCachedByteBuffersPerChunk: 1023
2022-01-04 19:44:28.311 [main][1149] DEBUG io.netty.buffer.ByteBufUtil - -Dio.netty.allocator.type: pooled
2022-01-04 19:44:28.311 [main][1149] DEBUG io.netty.buffer.ByteBufUtil - -Dio.netty.threadLocalDirectBufferSize: 0
2022-01-04 19:44:28.311 [main][1149] DEBUG io.netty.buffer.ByteBufUtil - -Dio.netty.maxThreadLocalCharBufferSize: 16384
2022-01-04 19:44:28.947 [Forwarding newSession on session null to remote][1785] DEBUG io.netty.channel.DefaultChannelId - -Dio.netty.processId: 33028 (auto-detected)
2022-01-04 19:44:28.948 [Forwarding newSession on session null to remote][1786] DEBUG io.netty.util.NetUtil - -Djava.net.preferIPv4Stack: false
2022-01-04 19:44:28.948 [Forwarding newSession on session null to remote][1786] DEBUG io.netty.util.NetUtil - -Djava.net.preferIPv6Addresses: false
2022-01-04 19:44:29.082 [Forwarding newSession on session null to remote][1920] DEBUG io.netty.util.NetUtilInitializations - Loopback interface: lo (Software Loopback Interface 1, 127.0.0.1)
2022-01-04 19:44:29.082 [Forwarding newSession on session null to remote][1920] DEBUG io.netty.util.NetUtil - Failed to get SOMAXCONN from sysctl and file \proc\sys\net\core\somaxconn. Default: 200
2022-01-04 19:44:29.226 [Forwarding newSession on session null to remote][2064] DEBUG io.netty.channel.DefaultChannelId - -Dio.netty.machineId: f0:2f:74:ff:fe:d4:02:2a (auto-detected)
2022-01-04 19:44:29.253 [AsyncHttpClient-1-2][2091] DEBUG io.netty.buffer.AbstractByteBuf - -Dio.netty.buffer.checkAccessible: true
2022-01-04 19:44:29.254 [AsyncHttpClient-1-2][2092] DEBUG io.netty.buffer.AbstractByteBuf - -Dio.netty.buffer.checkBounds: true
2022-01-04 19:44:29.254 [AsyncHttpClient-1-2][2092] DEBUG io.netty.util.ResourceLeakDetectorFactory - Loaded default ResourceLeakDetector: io.netty.util.ResourceLeakDetector@6746b2f5
2022-01-04 19:44:29.267 [AsyncHttpClient-1-2][2105] DEBUG io.netty.util.Recycler - -Dio.netty.recycler.maxCapacityPerThread: 4096
2022-01-04 19:44:29.267 [AsyncHttpClient-1-2][2105] DEBUG io.netty.util.Recycler - -Dio.netty.recycler.maxSharedCapacityFactor: 2
2022-01-04 19:44:29.267 [AsyncHttpClient-1-2][2105] DEBUG io.netty.util.Recycler - -Dio.netty.recycler.linkCapacity: 16
2022-01-04 19:44:29.267 [AsyncHttpClient-1-2][2105] DEBUG io.netty.util.Recycler - -Dio.netty.recycler.ratio: 8
2022-01-04 19:44:29.267 [AsyncHttpClient-1-2][2105] DEBUG io.netty.util.Recycler - -Dio.netty.recycler.delayedQueue.ratio: 8
2022-01-04 19:44:29.924 [AsyncHttpClient-1-2][2762] DEBUG io.netty.handler.codec.compression.Brotli - brotli4j not in the classpath; Brotli support will be unavailable.
2022-01-04 19:44:29.981 [main][2819] DEBUG io.netty.util.internal.ThreadLocalRandom - -Dio.netty.initialSeedUniquifier: 0x246095638ddc5cb8
2022-01-04 19:44:30.001 [main][2839] INFO  step_definitions.Hooks - Launch Browser
2022-01-04 19:44:31.858 [main][4696] INFO  page_objects.HomePage - User Is In Home Page
2022-01-04 19:44:31.859 [main][4697] DEBUG page_objects.Categories - Click On Deals
2022-01-04 19:44:32.926 [main][5764] DEBUG page_objects.Categories - Chose on going deals
2022-01-04 19:44:33.235 [main][6073] DEBUG page_objects.Categories - User is in the category page
2022-01-04 19:44:34.235 [main][7073] DEBUG page_objects.Categories - URL
2022-01-04 19:44:34.934 [main][7772] INFO  step_definitions.Hooks - Close Browser
2022-01-04 19:44:36.016 [main][8854] INFO  step_definitions.Hooks - Launch Browser
2022-01-04 19:44:38.847 [main][11685] INFO  page_objects.HomePage - User Is In Home Page
2022-01-04 19:44:38.847 [main][11685] DEBUG page_objects.Categories - Click On Deals
2022-01-04 19:44:39.915 [main][12753] DEBUG page_objects.Categories - Chose on going deals
2022-01-04 19:44:40.229 [main][13067] DEBUG page_objects.Categories - User is in the category page
2022-01-04 19:44:41.229 [main][14067] DEBUG page_objects.Categories - URL
2022-01-04 19:44:42.066 [main][14904] INFO  step_definitions.Hooks - Close Browser
2022-01-04 19:44:43.193 [main][16031] INFO  step_definitions.Hooks - Launch Browser
2022-01-04 19:44:45.804 [main][18642] INFO  page_objects.HomePage - User Is In Home Page
2022-01-04 19:44:45.805 [main][18643] DEBUG page_objects.Categories - Click On Deals
2022-01-04 19:44:46.869 [main][19707] DEBUG page_objects.Categories - Chose on going deals
2022-01-04 19:44:47.174 [main][20012] DEBUG page_objects.Categories - User is in the category page
2022-01-04 19:44:48.174 [main][21012] DEBUG page_objects.Categories - URL
2022-01-04 19:44:48.905 [main][21743] INFO  step_definitions.Hooks - Close Browser
