2022-01-04 18:24:22.789 [main][1060] DEBUG io.netty.util.internal.logging.InternalLoggerFactory - Using Log4J2 as the default logging framework
2022-01-04 18:24:22.793 [main][1064] DEBUG io.netty.util.ResourceLeakDetector - -Dio.netty.leakDetection.level: simple
2022-01-04 18:24:22.793 [main][1064] DEBUG io.netty.util.ResourceLeakDetector - -Dio.netty.leakDetection.targetRecords: 4
2022-01-04 18:24:22.795 [main][1066] DEBUG io.netty.util.ResourceLeakDetectorFactory - Loaded default ResourceLeakDetector: io.netty.util.ResourceLeakDetector@3350ebdd
2022-01-04 18:24:22.805 [main][1076] DEBUG io.netty.util.internal.PlatformDependent0 - -Dio.netty.noUnsafe: false
2022-01-04 18:24:22.806 [main][1077] DEBUG io.netty.util.internal.PlatformDependent0 - Java version: 11
2022-01-04 18:24:22.806 [main][1077] DEBUG io.netty.util.internal.PlatformDependent0 - sun.misc.Unsafe.theUnsafe: available
2022-01-04 18:24:22.807 [main][1078] DEBUG io.netty.util.internal.PlatformDependent0 - sun.misc.Unsafe.copyMemory: available
2022-01-04 18:24:22.807 [main][1078] DEBUG io.netty.util.internal.PlatformDependent0 - java.nio.Buffer.address: available
2022-01-04 18:24:22.807 [main][1078] DEBUG io.netty.util.internal.PlatformDependent0 - direct buffer constructor: unavailable: Reflective setAccessible(true) disabled
2022-01-04 18:24:22.808 [main][1079] DEBUG io.netty.util.internal.PlatformDependent0 - java.nio.Bits.unaligned: available, true
2022-01-04 18:24:22.808 [main][1079] DEBUG io.netty.util.internal.PlatformDependent0 - jdk.internal.misc.Unsafe.allocateUninitializedArray(int): unavailable: class io.netty.util.internal.PlatformDependent0$6 cannot access class jdk.internal.misc.Unsafe (in module java.base) because module java.base does not export jdk.internal.misc to unnamed module @45820e51
2022-01-04 18:24:22.809 [main][1080] DEBUG io.netty.util.internal.PlatformDependent0 - java.nio.DirectByteBuffer.<init>(long, int): unavailable
2022-01-04 18:24:22.809 [main][1080] DEBUG io.netty.util.internal.PlatformDependent - sun.misc.Unsafe: available
2022-01-04 18:24:22.809 [main][1080] DEBUG io.netty.util.internal.PlatformDependent - maxDirectMemory: 17133731840 bytes (maybe)
2022-01-04 18:24:22.809 [main][1080] DEBUG io.netty.util.internal.PlatformDependent - -Dio.netty.tmpdir: C:\Users\ahmed\AppData\Local\Temp (java.io.tmpdir)
2022-01-04 18:24:22.809 [main][1080] DEBUG io.netty.util.internal.PlatformDependent - -Dio.netty.bitMode: 64 (sun.arch.data.model)
2022-01-04 18:24:22.810 [main][1081] DEBUG io.netty.util.internal.PlatformDependent - Platform: Windows
2022-01-04 18:24:22.810 [main][1081] DEBUG io.netty.util.internal.PlatformDependent - -Dio.netty.maxDirectMemory: -1 bytes
2022-01-04 18:24:22.810 [main][1081] DEBUG io.netty.util.internal.PlatformDependent - -Dio.netty.uninitializedArrayAllocationThreshold: -1
2022-01-04 18:24:22.811 [main][1082] DEBUG io.netty.util.internal.CleanerJava9 - java.nio.ByteBuffer.cleaner(): available
2022-01-04 18:24:22.811 [main][1082] DEBUG io.netty.util.internal.PlatformDependent - -Dio.netty.noPreferDirect: false
2022-01-04 18:24:22.815 [main][1086] DEBUG io.netty.util.internal.PlatformDependent - org.jctools-core.MpscChunkedArrayQueue: available
2022-01-04 18:24:22.824 [main][1095] DEBUG io.netty.util.internal.InternalThreadLocalMap - -Dio.netty.threadLocalMap.stringBuilder.initialSize: 1024
2022-01-04 18:24:22.824 [main][1095] DEBUG io.netty.util.internal.InternalThreadLocalMap - -Dio.netty.threadLocalMap.stringBuilder.maxSize: 4096
2022-01-04 18:24:22.836 [main][1107] DEBUG io.netty.handler.ssl.JdkSslContext - Default protocols (JDK): [TLSv1.3, TLSv1.2] 
2022-01-04 18:24:22.836 [main][1107] DEBUG io.netty.handler.ssl.JdkSslContext - Default cipher suites (JDK): [TLS_ECDHE_ECDSA_WITH_AES_256_GCM_SHA384, TLS_ECDHE_ECDSA_WITH_AES_128_GCM_SHA256, TLS_ECDHE_RSA_WITH_AES_128_GCM_SHA256, TLS_ECDHE_RSA_WITH_AES_256_GCM_SHA384, TLS_ECDHE_RSA_WITH_AES_128_CBC_SHA, TLS_ECDHE_RSA_WITH_AES_256_CBC_SHA, TLS_RSA_WITH_AES_128_GCM_SHA256, TLS_RSA_WITH_AES_128_CBC_SHA, TLS_RSA_WITH_AES_256_CBC_SHA, TLS_AES_128_GCM_SHA256, TLS_AES_256_GCM_SHA384]
2022-01-04 18:24:22.850 [main][1121] DEBUG io.netty.channel.MultithreadEventLoopGroup - -Dio.netty.eventLoopThreads: 40
2022-01-04 18:24:22.855 [main][1126] DEBUG io.netty.channel.nio.NioEventLoop - -Dio.netty.noKeySetOptimization: false
2022-01-04 18:24:22.855 [main][1126] DEBUG io.netty.channel.nio.NioEventLoop - -Dio.netty.selectorAutoRebuildThreshold: 512
2022-01-04 18:24:22.881 [main][1152] DEBUG io.netty.buffer.PooledByteBufAllocator - -Dio.netty.allocator.numHeapArenas: 40
2022-01-04 18:24:22.881 [main][1152] DEBUG io.netty.buffer.PooledByteBufAllocator - -Dio.netty.allocator.numDirectArenas: 40
2022-01-04 18:24:22.881 [main][1152] DEBUG io.netty.buffer.PooledByteBufAllocator - -Dio.netty.allocator.pageSize: 8192
2022-01-04 18:24:22.882 [main][1153] DEBUG io.netty.buffer.PooledByteBufAllocator - -Dio.netty.allocator.maxOrder: 11
2022-01-04 18:24:22.882 [main][1153] DEBUG io.netty.buffer.PooledByteBufAllocator - -Dio.netty.allocator.chunkSize: 16777216
2022-01-04 18:24:22.882 [main][1153] DEBUG io.netty.buffer.PooledByteBufAllocator - -Dio.netty.allocator.smallCacheSize: 256
2022-01-04 18:24:22.882 [main][1153] DEBUG io.netty.buffer.PooledByteBufAllocator - -Dio.netty.allocator.normalCacheSize: 64
2022-01-04 18:24:22.882 [main][1153] DEBUG io.netty.buffer.PooledByteBufAllocator - -Dio.netty.allocator.maxCachedBufferCapacity: 32768
2022-01-04 18:24:22.882 [main][1153] DEBUG io.netty.buffer.PooledByteBufAllocator - -Dio.netty.allocator.cacheTrimInterval: 8192
2022-01-04 18:24:22.882 [main][1153] DEBUG io.netty.buffer.PooledByteBufAllocator - -Dio.netty.allocator.cacheTrimIntervalMillis: 0
2022-01-04 18:24:22.882 [main][1153] DEBUG io.netty.buffer.PooledByteBufAllocator - -Dio.netty.allocator.useCacheForAllThreads: true
2022-01-04 18:24:22.882 [main][1153] DEBUG io.netty.buffer.PooledByteBufAllocator - -Dio.netty.allocator.maxCachedByteBuffersPerChunk: 1023
2022-01-04 18:24:22.889 [main][1160] DEBUG io.netty.buffer.ByteBufUtil - -Dio.netty.allocator.type: pooled
2022-01-04 18:24:22.889 [main][1160] DEBUG io.netty.buffer.ByteBufUtil - -Dio.netty.threadLocalDirectBufferSize: 0
2022-01-04 18:24:22.889 [main][1160] DEBUG io.netty.buffer.ByteBufUtil - -Dio.netty.maxThreadLocalCharBufferSize: 16384
2022-01-04 18:24:23.527 [Forwarding newSession on session null to remote][1798] DEBUG io.netty.channel.DefaultChannelId - -Dio.netty.processId: 50380 (auto-detected)
2022-01-04 18:24:23.529 [Forwarding newSession on session null to remote][1800] DEBUG io.netty.util.NetUtil - -Djava.net.preferIPv4Stack: false
2022-01-04 18:24:23.529 [Forwarding newSession on session null to remote][1800] DEBUG io.netty.util.NetUtil - -Djava.net.preferIPv6Addresses: false
2022-01-04 18:24:23.662 [Forwarding newSession on session null to remote][1933] DEBUG io.netty.util.NetUtilInitializations - Loopback interface: lo (Software Loopback Interface 1, 127.0.0.1)
2022-01-04 18:24:23.663 [Forwarding newSession on session null to remote][1934] DEBUG io.netty.util.NetUtil - Failed to get SOMAXCONN from sysctl and file \proc\sys\net\core\somaxconn. Default: 200
2022-01-04 18:24:23.807 [Forwarding newSession on session null to remote][2078] DEBUG io.netty.channel.DefaultChannelId - -Dio.netty.machineId: f0:2f:74:ff:fe:d4:02:2a (auto-detected)
2022-01-04 18:24:23.834 [AsyncHttpClient-1-2][2105] DEBUG io.netty.buffer.AbstractByteBuf - -Dio.netty.buffer.checkAccessible: true
2022-01-04 18:24:23.834 [AsyncHttpClient-1-2][2105] DEBUG io.netty.buffer.AbstractByteBuf - -Dio.netty.buffer.checkBounds: true
2022-01-04 18:24:23.834 [AsyncHttpClient-1-2][2105] DEBUG io.netty.util.ResourceLeakDetectorFactory - Loaded default ResourceLeakDetector: io.netty.util.ResourceLeakDetector@5ae2a127
2022-01-04 18:24:23.848 [AsyncHttpClient-1-2][2119] DEBUG io.netty.util.Recycler - -Dio.netty.recycler.maxCapacityPerThread: 4096
2022-01-04 18:24:23.849 [AsyncHttpClient-1-2][2120] DEBUG io.netty.util.Recycler - -Dio.netty.recycler.maxSharedCapacityFactor: 2
2022-01-04 18:24:23.849 [AsyncHttpClient-1-2][2120] DEBUG io.netty.util.Recycler - -Dio.netty.recycler.linkCapacity: 16
2022-01-04 18:24:23.849 [AsyncHttpClient-1-2][2120] DEBUG io.netty.util.Recycler - -Dio.netty.recycler.ratio: 8
2022-01-04 18:24:23.849 [AsyncHttpClient-1-2][2120] DEBUG io.netty.util.Recycler - -Dio.netty.recycler.delayedQueue.ratio: 8
2022-01-04 18:24:24.401 [AsyncHttpClient-1-2][2672] DEBUG io.netty.handler.codec.compression.Brotli - brotli4j not in the classpath; Brotli support will be unavailable.
2022-01-04 18:24:24.460 [main][2731] DEBUG io.netty.util.internal.ThreadLocalRandom - -Dio.netty.initialSeedUniquifier: 0x7a623edc534abef1
2022-01-04 18:24:24.480 [main][2751] INFO  step_definitions.Hooks - Launch Browser
2022-01-04 18:24:27.417 [main][5688] INFO  page_objects.HomePage - User Is In Home Page
2022-01-04 18:24:27.419 [main][5690] DEBUG page_objects.Search - Clicked On Search Box
2022-01-04 18:24:27.500 [main][5771] INFO  step_definitions.SignInSteps - User clicked on search button
2022-01-04 18:24:27.502 [main][5773] DEBUG page_objects.Search - Typing Products
2022-01-04 18:24:27.634 [main][5905] INFO  step_definitions.SignInSteps - User typingFace Mask
2022-01-04 18:24:27.635 [main][5906] DEBUG page_objects.Search - Clicked On Search icon
2022-01-04 18:24:28.793 [main][7064] INFO  step_definitions.SignInSteps - User Clicked On Search Icon
2022-01-04 18:24:28.804 [main][7075] DEBUG page_objects.Search - Title isFace Mask : Target
2022-01-04 18:24:28.804 [main][7075] INFO  step_definitions.SignInSteps - Title isFace Mask : Target
2022-01-04 18:24:29.378 [main][7649] INFO  step_definitions.Hooks - Close Browser
2022-01-04 18:24:30.458 [main][8729] INFO  step_definitions.Hooks - Launch Browser
2022-01-04 18:24:33.320 [main][11591] INFO  page_objects.HomePage - User Is In Home Page
2022-01-04 18:24:33.320 [main][11591] DEBUG page_objects.Search - Clicked On Search Box
2022-01-04 18:24:33.390 [main][11661] INFO  step_definitions.SignInSteps - User clicked on search button
2022-01-04 18:24:33.391 [main][11662] DEBUG page_objects.Search - Typing Products
2022-01-04 18:24:33.545 [main][11816] INFO  step_definitions.SignInSteps - User typingHand sanitizer
2022-01-04 18:24:33.545 [main][11816] DEBUG page_objects.Search - Clicked On Search icon
2022-01-04 18:24:34.722 [main][12993] INFO  step_definitions.SignInSteps - User Clicked On Search Icon
2022-01-04 18:24:34.739 [main][13010] DEBUG page_objects.Search - Title isHand Sanitizer : Target
2022-01-04 18:24:34.739 [main][13010] INFO  step_definitions.SignInSteps - Title isHand Sanitizer : Target
2022-01-04 18:24:35.302 [main][13573] INFO  step_definitions.Hooks - Close Browser
2022-01-04 18:24:36.377 [main][14648] INFO  step_definitions.Hooks - Launch Browser
2022-01-04 18:24:39.357 [main][17628] INFO  page_objects.HomePage - User Is In Home Page
2022-01-04 18:24:39.357 [main][17628] DEBUG page_objects.Search - Clicked On Search Box
2022-01-04 18:24:39.430 [main][17701] INFO  step_definitions.SignInSteps - User clicked on search button
2022-01-04 18:24:39.431 [main][17702] DEBUG page_objects.Search - Typing Products
2022-01-04 18:24:39.581 [main][17852] INFO  step_definitions.SignInSteps - User typingRubbing alcohol
2022-01-04 18:24:39.582 [main][17853] DEBUG page_objects.Search - Clicked On Search icon
2022-01-04 18:24:40.759 [main][19030] INFO  step_definitions.SignInSteps - User Clicked On Search Icon
2022-01-04 18:24:40.764 [main][19035] DEBUG page_objects.Search - Title isRubbing Alcohol : Target
2022-01-04 18:24:40.764 [main][19035] INFO  step_definitions.SignInSteps - Title isRubbing Alcohol : Target
2022-01-04 18:24:41.323 [main][19594] INFO  step_definitions.Hooks - Close Browser
2022-01-04 18:24:42.401 [main][20672] INFO  step_definitions.Hooks - Launch Browser
2022-01-04 18:24:44.182 [main][22453] INFO  page_objects.HomePage - User Is In Home Page
2022-01-04 18:24:44.183 [main][22454] DEBUG page_objects.Search - Clicked On Search Box
2022-01-04 18:24:44.255 [main][22526] INFO  step_definitions.SignInSteps - User clicked on search button
2022-01-04 18:24:44.256 [main][22527] DEBUG page_objects.Search - Typing Products
2022-01-04 18:24:44.413 [main][22684] INFO  step_definitions.SignInSteps - User typingApple airpods pro
2022-01-04 18:24:44.414 [main][22685] DEBUG page_objects.Search - Clicked On Search icon
2022-01-04 18:24:45.607 [main][23878] INFO  step_definitions.SignInSteps - User Clicked On Search Icon
2022-01-04 18:24:45.612 [main][23883] DEBUG page_objects.Search - Title isApple Airpods Pro : Target
2022-01-04 18:24:45.612 [main][23883] INFO  step_definitions.SignInSteps - Title isApple Airpods Pro : Target
2022-01-04 18:24:46.173 [main][24444] INFO  step_definitions.Hooks - Close Browser
2022-01-04 18:24:47.244 [main][25515] INFO  step_definitions.Hooks - Launch Browser
2022-01-04 18:24:48.429 [main][26700] INFO  page_objects.HomePage - User Is In Home Page
2022-01-04 18:24:48.430 [main][26701] DEBUG page_objects.Search - Clicked On Search Box
2022-01-04 18:24:48.989 [main][27260] INFO  step_definitions.SignInSteps - User clicked on search button
2022-01-04 18:24:48.989 [main][27260] DEBUG page_objects.Search - Typing Products
2022-01-04 18:24:49.179 [main][27450] INFO  step_definitions.SignInSteps - User typingPs5
2022-01-04 18:24:49.180 [main][27451] DEBUG page_objects.Search - Clicked On Search icon
2022-01-04 18:25:04.924 [main][43195] INFO  step_definitions.Hooks - Close Browser
2022-01-04 18:25:06.062 [main][44333] INFO  step_definitions.Hooks - Launch Browser
2022-01-04 18:25:08.992 [main][47263] INFO  page_objects.HomePage - User Is In Home Page
2022-01-04 18:25:08.992 [main][47263] DEBUG page_objects.Search - Clicked On Search Box
2022-01-04 18:25:09.062 [main][47333] INFO  step_definitions.SignInSteps - User clicked on search button
2022-01-04 18:25:09.062 [main][47333] DEBUG page_objects.Search - Typing Products
2022-01-04 18:25:09.202 [main][47473] INFO  step_definitions.SignInSteps - User typingcoffee maker
2022-01-04 18:25:09.202 [main][47473] DEBUG page_objects.Search - Clicked On Search icon
2022-01-04 18:25:10.363 [main][48634] INFO  step_definitions.SignInSteps - User Clicked On Search Icon
2022-01-04 18:25:10.367 [main][48638] DEBUG page_objects.Search - Title isCoffee Maker : Target
2022-01-04 18:25:10.367 [main][48638] INFO  step_definitions.SignInSteps - Title isCoffee Maker : Target
2022-01-04 18:25:10.928 [main][49199] INFO  step_definitions.Hooks - Close Browser
