2022-01-04 20:50:32.264 [main][1050] DEBUG io.netty.util.internal.logging.InternalLoggerFactory - Using Log4J2 as the default logging framework
2022-01-04 20:50:32.269 [main][1055] DEBUG io.netty.util.ResourceLeakDetector - -Dio.netty.leakDetection.level: simple
2022-01-04 20:50:32.269 [main][1055] DEBUG io.netty.util.ResourceLeakDetector - -Dio.netty.leakDetection.targetRecords: 4
2022-01-04 20:50:32.271 [main][1057] DEBUG io.netty.util.ResourceLeakDetectorFactory - Loaded default ResourceLeakDetector: io.netty.util.ResourceLeakDetector@1d25c1c
2022-01-04 20:50:32.281 [main][1067] DEBUG io.netty.util.internal.PlatformDependent0 - -Dio.netty.noUnsafe: false
2022-01-04 20:50:32.281 [main][1067] DEBUG io.netty.util.internal.PlatformDependent0 - Java version: 11
2022-01-04 20:50:32.282 [main][1068] DEBUG io.netty.util.internal.PlatformDependent0 - sun.misc.Unsafe.theUnsafe: available
2022-01-04 20:50:32.283 [main][1069] DEBUG io.netty.util.internal.PlatformDependent0 - sun.misc.Unsafe.copyMemory: available
2022-01-04 20:50:32.283 [main][1069] DEBUG io.netty.util.internal.PlatformDependent0 - java.nio.Buffer.address: available
2022-01-04 20:50:32.283 [main][1069] DEBUG io.netty.util.internal.PlatformDependent0 - direct buffer constructor: unavailable: Reflective setAccessible(true) disabled
2022-01-04 20:50:32.283 [main][1069] DEBUG io.netty.util.internal.PlatformDependent0 - java.nio.Bits.unaligned: available, true
2022-01-04 20:50:32.284 [main][1070] DEBUG io.netty.util.internal.PlatformDependent0 - jdk.internal.misc.Unsafe.allocateUninitializedArray(int): unavailable: class io.netty.util.internal.PlatformDependent0$6 cannot access class jdk.internal.misc.Unsafe (in module java.base) because module java.base does not export jdk.internal.misc to unnamed module @45820e51
2022-01-04 20:50:32.285 [main][1071] DEBUG io.netty.util.internal.PlatformDependent0 - java.nio.DirectByteBuffer.<init>(long, int): unavailable
2022-01-04 20:50:32.285 [main][1071] DEBUG io.netty.util.internal.PlatformDependent - sun.misc.Unsafe: available
2022-01-04 20:50:32.285 [main][1071] DEBUG io.netty.util.internal.PlatformDependent - maxDirectMemory: 17133731840 bytes (maybe)
2022-01-04 20:50:32.285 [main][1071] DEBUG io.netty.util.internal.PlatformDependent - -Dio.netty.tmpdir: C:\Users\ahmed\AppData\Local\Temp (java.io.tmpdir)
2022-01-04 20:50:32.285 [main][1071] DEBUG io.netty.util.internal.PlatformDependent - -Dio.netty.bitMode: 64 (sun.arch.data.model)
2022-01-04 20:50:32.285 [main][1071] DEBUG io.netty.util.internal.PlatformDependent - Platform: Windows
2022-01-04 20:50:32.286 [main][1072] DEBUG io.netty.util.internal.PlatformDependent - -Dio.netty.maxDirectMemory: -1 bytes
2022-01-04 20:50:32.286 [main][1072] DEBUG io.netty.util.internal.PlatformDependent - -Dio.netty.uninitializedArrayAllocationThreshold: -1
2022-01-04 20:50:32.286 [main][1072] DEBUG io.netty.util.internal.CleanerJava9 - java.nio.ByteBuffer.cleaner(): available
2022-01-04 20:50:32.287 [main][1073] DEBUG io.netty.util.internal.PlatformDependent - -Dio.netty.noPreferDirect: false
2022-01-04 20:50:32.291 [main][1077] DEBUG io.netty.util.internal.PlatformDependent - org.jctools-core.MpscChunkedArrayQueue: available
2022-01-04 20:50:32.300 [main][1086] DEBUG io.netty.util.internal.InternalThreadLocalMap - -Dio.netty.threadLocalMap.stringBuilder.initialSize: 1024
2022-01-04 20:50:32.300 [main][1086] DEBUG io.netty.util.internal.InternalThreadLocalMap - -Dio.netty.threadLocalMap.stringBuilder.maxSize: 4096
2022-01-04 20:50:32.312 [main][1098] DEBUG io.netty.handler.ssl.JdkSslContext - Default protocols (JDK): [TLSv1.3, TLSv1.2] 
2022-01-04 20:50:32.312 [main][1098] DEBUG io.netty.handler.ssl.JdkSslContext - Default cipher suites (JDK): [TLS_ECDHE_ECDSA_WITH_AES_256_GCM_SHA384, TLS_ECDHE_ECDSA_WITH_AES_128_GCM_SHA256, TLS_ECDHE_RSA_WITH_AES_128_GCM_SHA256, TLS_ECDHE_RSA_WITH_AES_256_GCM_SHA384, TLS_ECDHE_RSA_WITH_AES_128_CBC_SHA, TLS_ECDHE_RSA_WITH_AES_256_CBC_SHA, TLS_RSA_WITH_AES_128_GCM_SHA256, TLS_RSA_WITH_AES_128_CBC_SHA, TLS_RSA_WITH_AES_256_CBC_SHA, TLS_AES_128_GCM_SHA256, TLS_AES_256_GCM_SHA384]
2022-01-04 20:50:32.327 [main][1113] DEBUG io.netty.channel.MultithreadEventLoopGroup - -Dio.netty.eventLoopThreads: 40
2022-01-04 20:50:32.332 [main][1118] DEBUG io.netty.channel.nio.NioEventLoop - -Dio.netty.noKeySetOptimization: false
2022-01-04 20:50:32.332 [main][1118] DEBUG io.netty.channel.nio.NioEventLoop - -Dio.netty.selectorAutoRebuildThreshold: 512
2022-01-04 20:50:32.360 [main][1146] DEBUG io.netty.buffer.PooledByteBufAllocator - -Dio.netty.allocator.numHeapArenas: 40
2022-01-04 20:50:32.360 [main][1146] DEBUG io.netty.buffer.PooledByteBufAllocator - -Dio.netty.allocator.numDirectArenas: 40
2022-01-04 20:50:32.360 [main][1146] DEBUG io.netty.buffer.PooledByteBufAllocator - -Dio.netty.allocator.pageSize: 8192
2022-01-04 20:50:32.360 [main][1146] DEBUG io.netty.buffer.PooledByteBufAllocator - -Dio.netty.allocator.maxOrder: 11
2022-01-04 20:50:32.360 [main][1146] DEBUG io.netty.buffer.PooledByteBufAllocator - -Dio.netty.allocator.chunkSize: 16777216
2022-01-04 20:50:32.360 [main][1146] DEBUG io.netty.buffer.PooledByteBufAllocator - -Dio.netty.allocator.smallCacheSize: 256
2022-01-04 20:50:32.360 [main][1146] DEBUG io.netty.buffer.PooledByteBufAllocator - -Dio.netty.allocator.normalCacheSize: 64
2022-01-04 20:50:32.360 [main][1146] DEBUG io.netty.buffer.PooledByteBufAllocator - -Dio.netty.allocator.maxCachedBufferCapacity: 32768
2022-01-04 20:50:32.360 [main][1146] DEBUG io.netty.buffer.PooledByteBufAllocator - -Dio.netty.allocator.cacheTrimInterval: 8192
2022-01-04 20:50:32.361 [main][1147] DEBUG io.netty.buffer.PooledByteBufAllocator - -Dio.netty.allocator.cacheTrimIntervalMillis: 0
2022-01-04 20:50:32.361 [main][1147] DEBUG io.netty.buffer.PooledByteBufAllocator - -Dio.netty.allocator.useCacheForAllThreads: true
2022-01-04 20:50:32.361 [main][1147] DEBUG io.netty.buffer.PooledByteBufAllocator - -Dio.netty.allocator.maxCachedByteBuffersPerChunk: 1023
2022-01-04 20:50:32.367 [main][1153] DEBUG io.netty.buffer.ByteBufUtil - -Dio.netty.allocator.type: pooled
2022-01-04 20:50:32.367 [main][1153] DEBUG io.netty.buffer.ByteBufUtil - -Dio.netty.threadLocalDirectBufferSize: 0
2022-01-04 20:50:32.367 [main][1153] DEBUG io.netty.buffer.ByteBufUtil - -Dio.netty.maxThreadLocalCharBufferSize: 16384
2022-01-04 20:50:33.007 [Forwarding newSession on session null to remote][1793] DEBUG io.netty.channel.DefaultChannelId - -Dio.netty.processId: 53152 (auto-detected)
2022-01-04 20:50:33.008 [Forwarding newSession on session null to remote][1794] DEBUG io.netty.util.NetUtil - -Djava.net.preferIPv4Stack: false
2022-01-04 20:50:33.008 [Forwarding newSession on session null to remote][1794] DEBUG io.netty.util.NetUtil - -Djava.net.preferIPv6Addresses: false
2022-01-04 20:50:33.141 [Forwarding newSession on session null to remote][1927] DEBUG io.netty.util.NetUtilInitializations - Loopback interface: lo (Software Loopback Interface 1, 127.0.0.1)
2022-01-04 20:50:33.141 [Forwarding newSession on session null to remote][1927] DEBUG io.netty.util.NetUtil - Failed to get SOMAXCONN from sysctl and file \proc\sys\net\core\somaxconn. Default: 200
2022-01-04 20:50:33.289 [Forwarding newSession on session null to remote][2075] DEBUG io.netty.channel.DefaultChannelId - -Dio.netty.machineId: f0:2f:74:ff:fe:d4:02:2a (auto-detected)
2022-01-04 20:50:33.316 [AsyncHttpClient-1-2][2102] DEBUG io.netty.buffer.AbstractByteBuf - -Dio.netty.buffer.checkAccessible: true
2022-01-04 20:50:33.316 [AsyncHttpClient-1-2][2102] DEBUG io.netty.buffer.AbstractByteBuf - -Dio.netty.buffer.checkBounds: true
2022-01-04 20:50:33.316 [AsyncHttpClient-1-2][2102] DEBUG io.netty.util.ResourceLeakDetectorFactory - Loaded default ResourceLeakDetector: io.netty.util.ResourceLeakDetector@46eacd0e
2022-01-04 20:50:33.330 [AsyncHttpClient-1-2][2116] DEBUG io.netty.util.Recycler - -Dio.netty.recycler.maxCapacityPerThread: 4096
2022-01-04 20:50:33.331 [AsyncHttpClient-1-2][2117] DEBUG io.netty.util.Recycler - -Dio.netty.recycler.maxSharedCapacityFactor: 2
2022-01-04 20:50:33.331 [AsyncHttpClient-1-2][2117] DEBUG io.netty.util.Recycler - -Dio.netty.recycler.linkCapacity: 16
2022-01-04 20:50:33.331 [AsyncHttpClient-1-2][2117] DEBUG io.netty.util.Recycler - -Dio.netty.recycler.ratio: 8
2022-01-04 20:50:33.331 [AsyncHttpClient-1-2][2117] DEBUG io.netty.util.Recycler - -Dio.netty.recycler.delayedQueue.ratio: 8
2022-01-04 20:50:33.984 [AsyncHttpClient-1-2][2770] DEBUG io.netty.handler.codec.compression.Brotli - brotli4j not in the classpath; Brotli support will be unavailable.
2022-01-04 20:50:34.044 [main][2830] DEBUG io.netty.util.internal.ThreadLocalRandom - -Dio.netty.initialSeedUniquifier: 0x7193f3587e5159c0
2022-01-04 20:50:34.065 [main][2851] INFO  step_definitions.Hooks - Launch Browser
2022-01-04 20:50:38.016 [main][6802] INFO  page_objects.HomePage - User Is In Home Page
2022-01-04 20:50:38.017 [main][6803] DEBUG page_objects.Categories - Click On Deals
2022-01-04 20:50:39.107 [main][7893] DEBUG page_objects.Categories - Chose on going deals
2022-01-04 20:50:39.423 [main][8209] DEBUG page_objects.Categories - User is in the category page
2022-01-04 20:50:40.424 [main][9210] DEBUG page_objects.Categories - Page Headline isNew Arrivals
2022-01-04 20:50:41.054 [main][9840] INFO  step_definitions.Hooks - Close Browser
2022-01-04 20:50:42.236 [main][11022] INFO  step_definitions.Hooks - Launch Browser
2022-01-04 20:50:45.016 [main][13802] INFO  page_objects.HomePage - User Is In Home Page
2022-01-04 20:50:45.017 [main][13803] DEBUG page_objects.Categories - Click On Deals
2022-01-04 20:50:46.080 [main][14866] DEBUG page_objects.Categories - Chose on going deals
2022-01-04 20:50:46.391 [main][15177] DEBUG page_objects.Categories - User is in the category page
2022-01-04 20:50:47.392 [main][16178] DEBUG page_objects.Categories - Page Headline isMen's New Arrivals
2022-01-04 20:50:48.213 [main][16999] INFO  step_definitions.Hooks - Close Browser
2022-01-04 20:50:49.389 [main][18175] INFO  step_definitions.Hooks - Launch Browser
2022-01-04 20:50:52.128 [main][20914] INFO  page_objects.HomePage - User Is In Home Page
2022-01-04 20:50:52.128 [main][20914] DEBUG page_objects.Categories - Click On Deals
2022-01-04 20:50:53.195 [main][21981] DEBUG page_objects.Categories - Chose on going deals
2022-01-04 20:50:53.516 [main][22302] DEBUG page_objects.Categories - User is in the category page
2022-01-04 20:50:54.516 [main][23302] DEBUG page_objects.Categories - Page Headline isKids' New Arrivals
2022-01-04 20:50:55.115 [main][23901] INFO  step_definitions.Hooks - Close Browser
