2022-01-04 00:00:26.128 [main][1065] DEBUG io.netty.util.internal.logging.InternalLoggerFactory - Using Log4J2 as the default logging framework
2022-01-04 00:00:26.133 [main][1070] DEBUG io.netty.util.ResourceLeakDetector - -Dio.netty.leakDetection.level: simple
2022-01-04 00:00:26.133 [main][1070] DEBUG io.netty.util.ResourceLeakDetector - -Dio.netty.leakDetection.targetRecords: 4
2022-01-04 00:00:26.135 [main][1072] DEBUG io.netty.util.ResourceLeakDetectorFactory - Loaded default ResourceLeakDetector: io.netty.util.ResourceLeakDetector@1d25c1c
2022-01-04 00:00:26.145 [main][1082] DEBUG io.netty.util.internal.PlatformDependent0 - -Dio.netty.noUnsafe: false
2022-01-04 00:00:26.145 [main][1082] DEBUG io.netty.util.internal.PlatformDependent0 - Java version: 11
2022-01-04 00:00:26.146 [main][1083] DEBUG io.netty.util.internal.PlatformDependent0 - sun.misc.Unsafe.theUnsafe: available
2022-01-04 00:00:26.146 [main][1083] DEBUG io.netty.util.internal.PlatformDependent0 - sun.misc.Unsafe.copyMemory: available
2022-01-04 00:00:26.146 [main][1083] DEBUG io.netty.util.internal.PlatformDependent0 - java.nio.Buffer.address: available
2022-01-04 00:00:26.147 [main][1084] DEBUG io.netty.util.internal.PlatformDependent0 - direct buffer constructor: unavailable: Reflective setAccessible(true) disabled
2022-01-04 00:00:26.147 [main][1084] DEBUG io.netty.util.internal.PlatformDependent0 - java.nio.Bits.unaligned: available, true
2022-01-04 00:00:26.148 [main][1085] DEBUG io.netty.util.internal.PlatformDependent0 - jdk.internal.misc.Unsafe.allocateUninitializedArray(int): unavailable: class io.netty.util.internal.PlatformDependent0$6 cannot access class jdk.internal.misc.Unsafe (in module java.base) because module java.base does not export jdk.internal.misc to unnamed module @45820e51
2022-01-04 00:00:26.148 [main][1085] DEBUG io.netty.util.internal.PlatformDependent0 - java.nio.DirectByteBuffer.<init>(long, int): unavailable
2022-01-04 00:00:26.148 [main][1085] DEBUG io.netty.util.internal.PlatformDependent - sun.misc.Unsafe: available
2022-01-04 00:00:26.149 [main][1086] DEBUG io.netty.util.internal.PlatformDependent - maxDirectMemory: 17133731840 bytes (maybe)
2022-01-04 00:00:26.149 [main][1086] DEBUG io.netty.util.internal.PlatformDependent - -Dio.netty.tmpdir: C:\Users\ahmed\AppData\Local\Temp (java.io.tmpdir)
2022-01-04 00:00:26.149 [main][1086] DEBUG io.netty.util.internal.PlatformDependent - -Dio.netty.bitMode: 64 (sun.arch.data.model)
2022-01-04 00:00:26.149 [main][1086] DEBUG io.netty.util.internal.PlatformDependent - Platform: Windows
2022-01-04 00:00:26.149 [main][1086] DEBUG io.netty.util.internal.PlatformDependent - -Dio.netty.maxDirectMemory: -1 bytes
2022-01-04 00:00:26.149 [main][1086] DEBUG io.netty.util.internal.PlatformDependent - -Dio.netty.uninitializedArrayAllocationThreshold: -1
2022-01-04 00:00:26.150 [main][1087] DEBUG io.netty.util.internal.CleanerJava9 - java.nio.ByteBuffer.cleaner(): available
2022-01-04 00:00:26.150 [main][1087] DEBUG io.netty.util.internal.PlatformDependent - -Dio.netty.noPreferDirect: false
2022-01-04 00:00:26.154 [main][1091] DEBUG io.netty.util.internal.PlatformDependent - org.jctools-core.MpscChunkedArrayQueue: available
2022-01-04 00:00:26.164 [main][1101] DEBUG io.netty.util.internal.InternalThreadLocalMap - -Dio.netty.threadLocalMap.stringBuilder.initialSize: 1024
2022-01-04 00:00:26.164 [main][1101] DEBUG io.netty.util.internal.InternalThreadLocalMap - -Dio.netty.threadLocalMap.stringBuilder.maxSize: 4096
2022-01-04 00:00:26.176 [main][1113] DEBUG io.netty.handler.ssl.JdkSslContext - Default protocols (JDK): [TLSv1.3, TLSv1.2] 
2022-01-04 00:00:26.176 [main][1113] DEBUG io.netty.handler.ssl.JdkSslContext - Default cipher suites (JDK): [TLS_ECDHE_ECDSA_WITH_AES_256_GCM_SHA384, TLS_ECDHE_ECDSA_WITH_AES_128_GCM_SHA256, TLS_ECDHE_RSA_WITH_AES_128_GCM_SHA256, TLS_ECDHE_RSA_WITH_AES_256_GCM_SHA384, TLS_ECDHE_RSA_WITH_AES_128_CBC_SHA, TLS_ECDHE_RSA_WITH_AES_256_CBC_SHA, TLS_RSA_WITH_AES_128_GCM_SHA256, TLS_RSA_WITH_AES_128_CBC_SHA, TLS_RSA_WITH_AES_256_CBC_SHA, TLS_AES_128_GCM_SHA256, TLS_AES_256_GCM_SHA384]
2022-01-04 00:00:26.190 [main][1127] DEBUG io.netty.channel.MultithreadEventLoopGroup - -Dio.netty.eventLoopThreads: 40
2022-01-04 00:00:26.195 [main][1132] DEBUG io.netty.channel.nio.NioEventLoop - -Dio.netty.noKeySetOptimization: false
2022-01-04 00:00:26.195 [main][1132] DEBUG io.netty.channel.nio.NioEventLoop - -Dio.netty.selectorAutoRebuildThreshold: 512
2022-01-04 00:00:26.223 [main][1160] DEBUG io.netty.buffer.PooledByteBufAllocator - -Dio.netty.allocator.numHeapArenas: 40
2022-01-04 00:00:26.223 [main][1160] DEBUG io.netty.buffer.PooledByteBufAllocator - -Dio.netty.allocator.numDirectArenas: 40
2022-01-04 00:00:26.223 [main][1160] DEBUG io.netty.buffer.PooledByteBufAllocator - -Dio.netty.allocator.pageSize: 8192
2022-01-04 00:00:26.223 [main][1160] DEBUG io.netty.buffer.PooledByteBufAllocator - -Dio.netty.allocator.maxOrder: 11
2022-01-04 00:00:26.223 [main][1160] DEBUG io.netty.buffer.PooledByteBufAllocator - -Dio.netty.allocator.chunkSize: 16777216
2022-01-04 00:00:26.223 [main][1160] DEBUG io.netty.buffer.PooledByteBufAllocator - -Dio.netty.allocator.smallCacheSize: 256
2022-01-04 00:00:26.223 [main][1160] DEBUG io.netty.buffer.PooledByteBufAllocator - -Dio.netty.allocator.normalCacheSize: 64
2022-01-04 00:00:26.223 [main][1160] DEBUG io.netty.buffer.PooledByteBufAllocator - -Dio.netty.allocator.maxCachedBufferCapacity: 32768
2022-01-04 00:00:26.223 [main][1160] DEBUG io.netty.buffer.PooledByteBufAllocator - -Dio.netty.allocator.cacheTrimInterval: 8192
2022-01-04 00:00:26.223 [main][1160] DEBUG io.netty.buffer.PooledByteBufAllocator - -Dio.netty.allocator.cacheTrimIntervalMillis: 0
2022-01-04 00:00:26.223 [main][1160] DEBUG io.netty.buffer.PooledByteBufAllocator - -Dio.netty.allocator.useCacheForAllThreads: true
2022-01-04 00:00:26.223 [main][1160] DEBUG io.netty.buffer.PooledByteBufAllocator - -Dio.netty.allocator.maxCachedByteBuffersPerChunk: 1023
2022-01-04 00:00:26.228 [main][1165] DEBUG io.netty.buffer.ByteBufUtil - -Dio.netty.allocator.type: pooled
2022-01-04 00:00:26.228 [main][1165] DEBUG io.netty.buffer.ByteBufUtil - -Dio.netty.threadLocalDirectBufferSize: 0
2022-01-04 00:00:26.229 [main][1166] DEBUG io.netty.buffer.ByteBufUtil - -Dio.netty.maxThreadLocalCharBufferSize: 16384
2022-01-04 00:00:26.866 [Forwarding newSession on session null to remote][1803] DEBUG io.netty.channel.DefaultChannelId - -Dio.netty.processId: 46780 (auto-detected)
2022-01-04 00:00:26.868 [Forwarding newSession on session null to remote][1805] DEBUG io.netty.util.NetUtil - -Djava.net.preferIPv4Stack: false
2022-01-04 00:00:26.868 [Forwarding newSession on session null to remote][1805] DEBUG io.netty.util.NetUtil - -Djava.net.preferIPv6Addresses: false
2022-01-04 00:00:27.003 [Forwarding newSession on session null to remote][1940] DEBUG io.netty.util.NetUtilInitializations - Loopback interface: lo (Software Loopback Interface 1, 127.0.0.1)
2022-01-04 00:00:27.003 [Forwarding newSession on session null to remote][1940] DEBUG io.netty.util.NetUtil - Failed to get SOMAXCONN from sysctl and file \proc\sys\net\core\somaxconn. Default: 200
2022-01-04 00:00:27.145 [Forwarding newSession on session null to remote][2082] DEBUG io.netty.channel.DefaultChannelId - -Dio.netty.machineId: f0:2f:74:ff:fe:d4:02:2a (auto-detected)
2022-01-04 00:00:27.173 [AsyncHttpClient-1-2][2110] DEBUG io.netty.buffer.AbstractByteBuf - -Dio.netty.buffer.checkAccessible: true
2022-01-04 00:00:27.173 [AsyncHttpClient-1-2][2110] DEBUG io.netty.buffer.AbstractByteBuf - -Dio.netty.buffer.checkBounds: true
2022-01-04 00:00:27.174 [AsyncHttpClient-1-2][2111] DEBUG io.netty.util.ResourceLeakDetectorFactory - Loaded default ResourceLeakDetector: io.netty.util.ResourceLeakDetector@314a1c49
2022-01-04 00:00:27.187 [AsyncHttpClient-1-2][2124] DEBUG io.netty.util.Recycler - -Dio.netty.recycler.maxCapacityPerThread: 4096
2022-01-04 00:00:27.188 [AsyncHttpClient-1-2][2125] DEBUG io.netty.util.Recycler - -Dio.netty.recycler.maxSharedCapacityFactor: 2
2022-01-04 00:00:27.188 [AsyncHttpClient-1-2][2125] DEBUG io.netty.util.Recycler - -Dio.netty.recycler.linkCapacity: 16
2022-01-04 00:00:27.188 [AsyncHttpClient-1-2][2125] DEBUG io.netty.util.Recycler - -Dio.netty.recycler.ratio: 8
2022-01-04 00:00:27.188 [AsyncHttpClient-1-2][2125] DEBUG io.netty.util.Recycler - -Dio.netty.recycler.delayedQueue.ratio: 8
2022-01-04 00:00:28.096 [AsyncHttpClient-1-2][3033] DEBUG io.netty.handler.codec.compression.Brotli - brotli4j not in the classpath; Brotli support will be unavailable.
2022-01-04 00:00:28.157 [main][3094] DEBUG io.netty.util.internal.ThreadLocalRandom - -Dio.netty.initialSeedUniquifier: 0xe0541a37c7b8dfe9
2022-01-04 00:00:28.177 [main][3114] INFO  step_definitions.Hooks - Launch Browser
2022-01-04 00:00:29.873 [main][4810] INFO  page_objects.HomePage - User Is In Home Page
2022-01-04 00:00:29.874 [main][4811] DEBUG page_objects.Categories - Click On Deals
2022-01-04 00:00:31.941 [main][6878] DEBUG page_objects.Categories - Chose on going deals
2022-01-04 00:00:34.823 [main][9760] INFO  step_definitions.Hooks - Close Browser
2022-01-04 00:00:36.260 [main][11197] INFO  step_definitions.Hooks - Launch Browser
2022-01-04 00:00:39.147 [main][14084] INFO  page_objects.HomePage - User Is In Home Page
2022-01-04 00:00:39.147 [main][14084] DEBUG page_objects.Categories - Click On Deals
2022-01-04 00:00:41.212 [main][16149] DEBUG page_objects.Categories - Chose on going deals
2022-01-04 00:00:42.830 [main][17767] INFO  step_definitions.Hooks - Close Browser
2022-01-04 00:00:44.213 [main][19150] INFO  step_definitions.Hooks - Launch Browser
2022-01-04 00:00:47.074 [main][22011] INFO  page_objects.HomePage - User Is In Home Page
2022-01-04 00:00:47.074 [main][22011] DEBUG page_objects.Categories - Click On Deals
2022-01-04 00:00:49.140 [main][24077] DEBUG page_objects.Categories - Chose on going deals
2022-01-04 00:00:50.889 [main][25826] INFO  step_definitions.Hooks - Close Browser
2022-01-04 00:00:52.322 [main][27259] INFO  step_definitions.Hooks - Launch Browser
2022-01-04 00:00:55.059 [main][29996] INFO  page_objects.HomePage - User Is In Home Page
2022-01-04 00:00:55.060 [main][29997] DEBUG page_objects.Categories - Click On Deals
2022-01-04 00:00:57.126 [main][32063] DEBUG page_objects.Categories - Chose on going deals
2022-01-04 00:01:00.003 [main][34940] INFO  step_definitions.Hooks - Close Browser
