2022-01-04 19:09:24.081 [main][1072] DEBUG io.netty.util.internal.logging.InternalLoggerFactory - Using Log4J2 as the default logging framework
2022-01-04 19:09:24.086 [main][1077] DEBUG io.netty.util.ResourceLeakDetector - -Dio.netty.leakDetection.level: simple
2022-01-04 19:09:24.086 [main][1077] DEBUG io.netty.util.ResourceLeakDetector - -Dio.netty.leakDetection.targetRecords: 4
2022-01-04 19:09:24.088 [main][1079] DEBUG io.netty.util.ResourceLeakDetectorFactory - Loaded default ResourceLeakDetector: io.netty.util.ResourceLeakDetector@1f193686
2022-01-04 19:09:24.098 [main][1089] DEBUG io.netty.util.internal.PlatformDependent0 - -Dio.netty.noUnsafe: false
2022-01-04 19:09:24.098 [main][1089] DEBUG io.netty.util.internal.PlatformDependent0 - Java version: 11
2022-01-04 19:09:24.099 [main][1090] DEBUG io.netty.util.internal.PlatformDependent0 - sun.misc.Unsafe.theUnsafe: available
2022-01-04 19:09:24.099 [main][1090] DEBUG io.netty.util.internal.PlatformDependent0 - sun.misc.Unsafe.copyMemory: available
2022-01-04 19:09:24.100 [main][1091] DEBUG io.netty.util.internal.PlatformDependent0 - java.nio.Buffer.address: available
2022-01-04 19:09:24.100 [main][1091] DEBUG io.netty.util.internal.PlatformDependent0 - direct buffer constructor: unavailable: Reflective setAccessible(true) disabled
2022-01-04 19:09:24.100 [main][1091] DEBUG io.netty.util.internal.PlatformDependent0 - java.nio.Bits.unaligned: available, true
2022-01-04 19:09:24.101 [main][1092] DEBUG io.netty.util.internal.PlatformDependent0 - jdk.internal.misc.Unsafe.allocateUninitializedArray(int): unavailable: class io.netty.util.internal.PlatformDependent0$6 cannot access class jdk.internal.misc.Unsafe (in module java.base) because module java.base does not export jdk.internal.misc to unnamed module @45820e51
2022-01-04 19:09:24.101 [main][1092] DEBUG io.netty.util.internal.PlatformDependent0 - java.nio.DirectByteBuffer.<init>(long, int): unavailable
2022-01-04 19:09:24.101 [main][1092] DEBUG io.netty.util.internal.PlatformDependent - sun.misc.Unsafe: available
2022-01-04 19:09:24.102 [main][1093] DEBUG io.netty.util.internal.PlatformDependent - maxDirectMemory: 17133731840 bytes (maybe)
2022-01-04 19:09:24.102 [main][1093] DEBUG io.netty.util.internal.PlatformDependent - -Dio.netty.tmpdir: C:\Users\ahmed\AppData\Local\Temp (java.io.tmpdir)
2022-01-04 19:09:24.102 [main][1093] DEBUG io.netty.util.internal.PlatformDependent - -Dio.netty.bitMode: 64 (sun.arch.data.model)
2022-01-04 19:09:24.102 [main][1093] DEBUG io.netty.util.internal.PlatformDependent - Platform: Windows
2022-01-04 19:09:24.102 [main][1093] DEBUG io.netty.util.internal.PlatformDependent - -Dio.netty.maxDirectMemory: -1 bytes
2022-01-04 19:09:24.103 [main][1094] DEBUG io.netty.util.internal.PlatformDependent - -Dio.netty.uninitializedArrayAllocationThreshold: -1
2022-01-04 19:09:24.103 [main][1094] DEBUG io.netty.util.internal.CleanerJava9 - java.nio.ByteBuffer.cleaner(): available
2022-01-04 19:09:24.103 [main][1094] DEBUG io.netty.util.internal.PlatformDependent - -Dio.netty.noPreferDirect: false
2022-01-04 19:09:24.107 [main][1098] DEBUG io.netty.util.internal.PlatformDependent - org.jctools-core.MpscChunkedArrayQueue: available
2022-01-04 19:09:24.117 [main][1108] DEBUG io.netty.util.internal.InternalThreadLocalMap - -Dio.netty.threadLocalMap.stringBuilder.initialSize: 1024
2022-01-04 19:09:24.117 [main][1108] DEBUG io.netty.util.internal.InternalThreadLocalMap - -Dio.netty.threadLocalMap.stringBuilder.maxSize: 4096
2022-01-04 19:09:24.129 [main][1120] DEBUG io.netty.handler.ssl.JdkSslContext - Default protocols (JDK): [TLSv1.3, TLSv1.2] 
2022-01-04 19:09:24.129 [main][1120] DEBUG io.netty.handler.ssl.JdkSslContext - Default cipher suites (JDK): [TLS_ECDHE_ECDSA_WITH_AES_256_GCM_SHA384, TLS_ECDHE_ECDSA_WITH_AES_128_GCM_SHA256, TLS_ECDHE_RSA_WITH_AES_128_GCM_SHA256, TLS_ECDHE_RSA_WITH_AES_256_GCM_SHA384, TLS_ECDHE_RSA_WITH_AES_128_CBC_SHA, TLS_ECDHE_RSA_WITH_AES_256_CBC_SHA, TLS_RSA_WITH_AES_128_GCM_SHA256, TLS_RSA_WITH_AES_128_CBC_SHA, TLS_RSA_WITH_AES_256_CBC_SHA, TLS_AES_128_GCM_SHA256, TLS_AES_256_GCM_SHA384]
2022-01-04 19:09:24.143 [main][1134] DEBUG io.netty.channel.MultithreadEventLoopGroup - -Dio.netty.eventLoopThreads: 40
2022-01-04 19:09:24.148 [main][1139] DEBUG io.netty.channel.nio.NioEventLoop - -Dio.netty.noKeySetOptimization: false
2022-01-04 19:09:24.148 [main][1139] DEBUG io.netty.channel.nio.NioEventLoop - -Dio.netty.selectorAutoRebuildThreshold: 512
2022-01-04 19:09:24.177 [main][1168] DEBUG io.netty.buffer.PooledByteBufAllocator - -Dio.netty.allocator.numHeapArenas: 40
2022-01-04 19:09:24.177 [main][1168] DEBUG io.netty.buffer.PooledByteBufAllocator - -Dio.netty.allocator.numDirectArenas: 40
2022-01-04 19:09:24.177 [main][1168] DEBUG io.netty.buffer.PooledByteBufAllocator - -Dio.netty.allocator.pageSize: 8192
2022-01-04 19:09:24.177 [main][1168] DEBUG io.netty.buffer.PooledByteBufAllocator - -Dio.netty.allocator.maxOrder: 11
2022-01-04 19:09:24.178 [main][1169] DEBUG io.netty.buffer.PooledByteBufAllocator - -Dio.netty.allocator.chunkSize: 16777216
2022-01-04 19:09:24.178 [main][1169] DEBUG io.netty.buffer.PooledByteBufAllocator - -Dio.netty.allocator.smallCacheSize: 256
2022-01-04 19:09:24.178 [main][1169] DEBUG io.netty.buffer.PooledByteBufAllocator - -Dio.netty.allocator.normalCacheSize: 64
2022-01-04 19:09:24.178 [main][1169] DEBUG io.netty.buffer.PooledByteBufAllocator - -Dio.netty.allocator.maxCachedBufferCapacity: 32768
2022-01-04 19:09:24.178 [main][1169] DEBUG io.netty.buffer.PooledByteBufAllocator - -Dio.netty.allocator.cacheTrimInterval: 8192
2022-01-04 19:09:24.178 [main][1169] DEBUG io.netty.buffer.PooledByteBufAllocator - -Dio.netty.allocator.cacheTrimIntervalMillis: 0
2022-01-04 19:09:24.178 [main][1169] DEBUG io.netty.buffer.PooledByteBufAllocator - -Dio.netty.allocator.useCacheForAllThreads: true
2022-01-04 19:09:24.178 [main][1169] DEBUG io.netty.buffer.PooledByteBufAllocator - -Dio.netty.allocator.maxCachedByteBuffersPerChunk: 1023
2022-01-04 19:09:24.184 [main][1175] DEBUG io.netty.buffer.ByteBufUtil - -Dio.netty.allocator.type: pooled
2022-01-04 19:09:24.184 [main][1175] DEBUG io.netty.buffer.ByteBufUtil - -Dio.netty.threadLocalDirectBufferSize: 0
2022-01-04 19:09:24.184 [main][1175] DEBUG io.netty.buffer.ByteBufUtil - -Dio.netty.maxThreadLocalCharBufferSize: 16384
2022-01-04 19:09:24.836 [Forwarding newSession on session null to remote][1827] DEBUG io.netty.channel.DefaultChannelId - -Dio.netty.processId: 10200 (auto-detected)
2022-01-04 19:09:24.838 [Forwarding newSession on session null to remote][1829] DEBUG io.netty.util.NetUtil - -Djava.net.preferIPv4Stack: false
2022-01-04 19:09:24.838 [Forwarding newSession on session null to remote][1829] DEBUG io.netty.util.NetUtil - -Djava.net.preferIPv6Addresses: false
2022-01-04 19:09:24.979 [Forwarding newSession on session null to remote][1970] DEBUG io.netty.util.NetUtilInitializations - Loopback interface: lo (Software Loopback Interface 1, 127.0.0.1)
2022-01-04 19:09:24.980 [Forwarding newSession on session null to remote][1971] DEBUG io.netty.util.NetUtil - Failed to get SOMAXCONN from sysctl and file \proc\sys\net\core\somaxconn. Default: 200
2022-01-04 19:09:25.126 [Forwarding newSession on session null to remote][2117] DEBUG io.netty.channel.DefaultChannelId - -Dio.netty.machineId: f0:2f:74:ff:fe:d4:02:2a (auto-detected)
2022-01-04 19:09:25.154 [AsyncHttpClient-1-2][2145] DEBUG io.netty.buffer.AbstractByteBuf - -Dio.netty.buffer.checkAccessible: true
2022-01-04 19:09:25.154 [AsyncHttpClient-1-2][2145] DEBUG io.netty.buffer.AbstractByteBuf - -Dio.netty.buffer.checkBounds: true
2022-01-04 19:09:25.154 [AsyncHttpClient-1-2][2145] DEBUG io.netty.util.ResourceLeakDetectorFactory - Loaded default ResourceLeakDetector: io.netty.util.ResourceLeakDetector@e56d9b4
2022-01-04 19:09:25.177 [AsyncHttpClient-1-2][2168] DEBUG io.netty.util.Recycler - -Dio.netty.recycler.maxCapacityPerThread: 4096
2022-01-04 19:09:25.177 [AsyncHttpClient-1-2][2168] DEBUG io.netty.util.Recycler - -Dio.netty.recycler.maxSharedCapacityFactor: 2
2022-01-04 19:09:25.177 [AsyncHttpClient-1-2][2168] DEBUG io.netty.util.Recycler - -Dio.netty.recycler.linkCapacity: 16
2022-01-04 19:09:25.177 [AsyncHttpClient-1-2][2168] DEBUG io.netty.util.Recycler - -Dio.netty.recycler.ratio: 8
2022-01-04 19:09:25.177 [AsyncHttpClient-1-2][2168] DEBUG io.netty.util.Recycler - -Dio.netty.recycler.delayedQueue.ratio: 8
2022-01-04 19:09:25.774 [AsyncHttpClient-1-2][2765] DEBUG io.netty.handler.codec.compression.Brotli - brotli4j not in the classpath; Brotli support will be unavailable.
2022-01-04 19:09:25.838 [main][2829] DEBUG io.netty.util.internal.ThreadLocalRandom - -Dio.netty.initialSeedUniquifier: 0x39220c39ab00c5fb
2022-01-04 19:09:25.861 [main][2852] INFO  step_definitions.Hooks - Launch Browser
2022-01-04 19:09:27.510 [main][4501] INFO  page_objects.HomePage - User Is In Home Page
2022-01-04 19:09:27.587 [main][4578] INFO  step_definitions.SignInSteps - User Click On Sign In
2022-01-04 19:09:28.561 [main][5552] INFO  step_definitions.SignInSteps - User Click On Sign In From The Drop Down Menu
2022-01-04 19:09:29.249 [main][6240] INFO  step_definitions.SignInSteps - User Enter User Name And Password
2022-01-04 19:09:31.441 [main][8432] INFO  step_definitions.SignInSteps - User Click On Sign In
2022-01-04 19:09:31.453 [main][8444] INFO  step_definitions.Hooks - Launch Browser
2022-01-04 19:09:33.906 [main][10897] INFO  page_objects.HomePage - User Is In Home Page
2022-01-04 19:09:33.986 [main][10977] INFO  step_definitions.SignInSteps - User Click On Sign In
2022-01-04 19:09:34.863 [main][11854] INFO  step_definitions.SignInSteps - User Click On Sign In From The Drop Down Menu
2022-01-04 19:09:35.534 [main][12525] INFO  step_definitions.SignInSteps - User Enter User Name And Password
2022-01-04 19:09:37.569 [main][14560] INFO  step_definitions.SignInSteps - User Click On Sign In
