2022-01-04 19:12:05.076 [main][1092] DEBUG io.netty.util.internal.logging.InternalLoggerFactory - Using Log4J2 as the default logging framework
2022-01-04 19:12:05.080 [main][1096] DEBUG io.netty.util.ResourceLeakDetector - -Dio.netty.leakDetection.level: simple
2022-01-04 19:12:05.080 [main][1096] DEBUG io.netty.util.ResourceLeakDetector - -Dio.netty.leakDetection.targetRecords: 4
2022-01-04 19:12:05.082 [main][1098] DEBUG io.netty.util.ResourceLeakDetectorFactory - Loaded default ResourceLeakDetector: io.netty.util.ResourceLeakDetector@67e28be3
2022-01-04 19:12:05.092 [main][1108] DEBUG io.netty.util.internal.PlatformDependent0 - -Dio.netty.noUnsafe: false
2022-01-04 19:12:05.092 [main][1108] DEBUG io.netty.util.internal.PlatformDependent0 - Java version: 11
2022-01-04 19:12:05.093 [main][1109] DEBUG io.netty.util.internal.PlatformDependent0 - sun.misc.Unsafe.theUnsafe: available
2022-01-04 19:12:05.093 [main][1109] DEBUG io.netty.util.internal.PlatformDependent0 - sun.misc.Unsafe.copyMemory: available
2022-01-04 19:12:05.094 [main][1110] DEBUG io.netty.util.internal.PlatformDependent0 - java.nio.Buffer.address: available
2022-01-04 19:12:05.094 [main][1110] DEBUG io.netty.util.internal.PlatformDependent0 - direct buffer constructor: unavailable: Reflective setAccessible(true) disabled
2022-01-04 19:12:05.094 [main][1110] DEBUG io.netty.util.internal.PlatformDependent0 - java.nio.Bits.unaligned: available, true
2022-01-04 19:12:05.095 [main][1111] DEBUG io.netty.util.internal.PlatformDependent0 - jdk.internal.misc.Unsafe.allocateUninitializedArray(int): unavailable: class io.netty.util.internal.PlatformDependent0$6 cannot access class jdk.internal.misc.Unsafe (in module java.base) because module java.base does not export jdk.internal.misc to unnamed module @45820e51
2022-01-04 19:12:05.095 [main][1111] DEBUG io.netty.util.internal.PlatformDependent0 - java.nio.DirectByteBuffer.<init>(long, int): unavailable
2022-01-04 19:12:05.095 [main][1111] DEBUG io.netty.util.internal.PlatformDependent - sun.misc.Unsafe: available
2022-01-04 19:12:05.096 [main][1112] DEBUG io.netty.util.internal.PlatformDependent - maxDirectMemory: 17133731840 bytes (maybe)
2022-01-04 19:12:05.096 [main][1112] DEBUG io.netty.util.internal.PlatformDependent - -Dio.netty.tmpdir: C:\Users\ahmed\AppData\Local\Temp (java.io.tmpdir)
2022-01-04 19:12:05.096 [main][1112] DEBUG io.netty.util.internal.PlatformDependent - -Dio.netty.bitMode: 64 (sun.arch.data.model)
2022-01-04 19:12:05.096 [main][1112] DEBUG io.netty.util.internal.PlatformDependent - Platform: Windows
2022-01-04 19:12:05.097 [main][1113] DEBUG io.netty.util.internal.PlatformDependent - -Dio.netty.maxDirectMemory: -1 bytes
2022-01-04 19:12:05.097 [main][1113] DEBUG io.netty.util.internal.PlatformDependent - -Dio.netty.uninitializedArrayAllocationThreshold: -1
2022-01-04 19:12:05.097 [main][1113] DEBUG io.netty.util.internal.CleanerJava9 - java.nio.ByteBuffer.cleaner(): available
2022-01-04 19:12:05.097 [main][1113] DEBUG io.netty.util.internal.PlatformDependent - -Dio.netty.noPreferDirect: false
2022-01-04 19:12:05.101 [main][1117] DEBUG io.netty.util.internal.PlatformDependent - org.jctools-core.MpscChunkedArrayQueue: available
2022-01-04 19:12:05.111 [main][1127] DEBUG io.netty.util.internal.InternalThreadLocalMap - -Dio.netty.threadLocalMap.stringBuilder.initialSize: 1024
2022-01-04 19:12:05.111 [main][1127] DEBUG io.netty.util.internal.InternalThreadLocalMap - -Dio.netty.threadLocalMap.stringBuilder.maxSize: 4096
2022-01-04 19:12:05.125 [main][1141] DEBUG io.netty.handler.ssl.JdkSslContext - Default protocols (JDK): [TLSv1.3, TLSv1.2] 
2022-01-04 19:12:05.125 [main][1141] DEBUG io.netty.handler.ssl.JdkSslContext - Default cipher suites (JDK): [TLS_ECDHE_ECDSA_WITH_AES_256_GCM_SHA384, TLS_ECDHE_ECDSA_WITH_AES_128_GCM_SHA256, TLS_ECDHE_RSA_WITH_AES_128_GCM_SHA256, TLS_ECDHE_RSA_WITH_AES_256_GCM_SHA384, TLS_ECDHE_RSA_WITH_AES_128_CBC_SHA, TLS_ECDHE_RSA_WITH_AES_256_CBC_SHA, TLS_RSA_WITH_AES_128_GCM_SHA256, TLS_RSA_WITH_AES_128_CBC_SHA, TLS_RSA_WITH_AES_256_CBC_SHA, TLS_AES_128_GCM_SHA256, TLS_AES_256_GCM_SHA384]
2022-01-04 19:12:05.140 [main][1156] DEBUG io.netty.channel.MultithreadEventLoopGroup - -Dio.netty.eventLoopThreads: 40
2022-01-04 19:12:05.145 [main][1161] DEBUG io.netty.channel.nio.NioEventLoop - -Dio.netty.noKeySetOptimization: false
2022-01-04 19:12:05.145 [main][1161] DEBUG io.netty.channel.nio.NioEventLoop - -Dio.netty.selectorAutoRebuildThreshold: 512
2022-01-04 19:12:05.172 [main][1188] DEBUG io.netty.buffer.PooledByteBufAllocator - -Dio.netty.allocator.numHeapArenas: 40
2022-01-04 19:12:05.172 [main][1188] DEBUG io.netty.buffer.PooledByteBufAllocator - -Dio.netty.allocator.numDirectArenas: 40
2022-01-04 19:12:05.172 [main][1188] DEBUG io.netty.buffer.PooledByteBufAllocator - -Dio.netty.allocator.pageSize: 8192
2022-01-04 19:12:05.173 [main][1189] DEBUG io.netty.buffer.PooledByteBufAllocator - -Dio.netty.allocator.maxOrder: 11
2022-01-04 19:12:05.173 [main][1189] DEBUG io.netty.buffer.PooledByteBufAllocator - -Dio.netty.allocator.chunkSize: 16777216
2022-01-04 19:12:05.173 [main][1189] DEBUG io.netty.buffer.PooledByteBufAllocator - -Dio.netty.allocator.smallCacheSize: 256
2022-01-04 19:12:05.173 [main][1189] DEBUG io.netty.buffer.PooledByteBufAllocator - -Dio.netty.allocator.normalCacheSize: 64
2022-01-04 19:12:05.173 [main][1189] DEBUG io.netty.buffer.PooledByteBufAllocator - -Dio.netty.allocator.maxCachedBufferCapacity: 32768
2022-01-04 19:12:05.173 [main][1189] DEBUG io.netty.buffer.PooledByteBufAllocator - -Dio.netty.allocator.cacheTrimInterval: 8192
2022-01-04 19:12:05.173 [main][1189] DEBUG io.netty.buffer.PooledByteBufAllocator - -Dio.netty.allocator.cacheTrimIntervalMillis: 0
2022-01-04 19:12:05.173 [main][1189] DEBUG io.netty.buffer.PooledByteBufAllocator - -Dio.netty.allocator.useCacheForAllThreads: true
2022-01-04 19:12:05.173 [main][1189] DEBUG io.netty.buffer.PooledByteBufAllocator - -Dio.netty.allocator.maxCachedByteBuffersPerChunk: 1023
2022-01-04 19:12:05.180 [main][1196] DEBUG io.netty.buffer.ByteBufUtil - -Dio.netty.allocator.type: pooled
2022-01-04 19:12:05.180 [main][1196] DEBUG io.netty.buffer.ByteBufUtil - -Dio.netty.threadLocalDirectBufferSize: 0
2022-01-04 19:12:05.180 [main][1196] DEBUG io.netty.buffer.ByteBufUtil - -Dio.netty.maxThreadLocalCharBufferSize: 16384
2022-01-04 19:12:05.821 [Forwarding newSession on session null to remote][1837] DEBUG io.netty.channel.DefaultChannelId - -Dio.netty.processId: 26268 (auto-detected)
2022-01-04 19:12:05.823 [Forwarding newSession on session null to remote][1839] DEBUG io.netty.util.NetUtil - -Djava.net.preferIPv4Stack: false
2022-01-04 19:12:05.823 [Forwarding newSession on session null to remote][1839] DEBUG io.netty.util.NetUtil - -Djava.net.preferIPv6Addresses: false
2022-01-04 19:12:05.958 [Forwarding newSession on session null to remote][1974] DEBUG io.netty.util.NetUtilInitializations - Loopback interface: lo (Software Loopback Interface 1, 127.0.0.1)
2022-01-04 19:12:05.959 [Forwarding newSession on session null to remote][1975] DEBUG io.netty.util.NetUtil - Failed to get SOMAXCONN from sysctl and file \proc\sys\net\core\somaxconn. Default: 200
2022-01-04 19:12:06.103 [Forwarding newSession on session null to remote][2119] DEBUG io.netty.channel.DefaultChannelId - -Dio.netty.machineId: f0:2f:74:ff:fe:d4:02:2a (auto-detected)
2022-01-04 19:12:06.130 [AsyncHttpClient-1-2][2146] DEBUG io.netty.buffer.AbstractByteBuf - -Dio.netty.buffer.checkAccessible: true
2022-01-04 19:12:06.130 [AsyncHttpClient-1-2][2146] DEBUG io.netty.buffer.AbstractByteBuf - -Dio.netty.buffer.checkBounds: true
2022-01-04 19:12:06.130 [AsyncHttpClient-1-2][2146] DEBUG io.netty.util.ResourceLeakDetectorFactory - Loaded default ResourceLeakDetector: io.netty.util.ResourceLeakDetector@510a7599
2022-01-04 19:12:06.151 [AsyncHttpClient-1-2][2167] DEBUG io.netty.util.Recycler - -Dio.netty.recycler.maxCapacityPerThread: 4096
2022-01-04 19:12:06.151 [AsyncHttpClient-1-2][2167] DEBUG io.netty.util.Recycler - -Dio.netty.recycler.maxSharedCapacityFactor: 2
2022-01-04 19:12:06.151 [AsyncHttpClient-1-2][2167] DEBUG io.netty.util.Recycler - -Dio.netty.recycler.linkCapacity: 16
2022-01-04 19:12:06.151 [AsyncHttpClient-1-2][2167] DEBUG io.netty.util.Recycler - -Dio.netty.recycler.ratio: 8
2022-01-04 19:12:06.151 [AsyncHttpClient-1-2][2167] DEBUG io.netty.util.Recycler - -Dio.netty.recycler.delayedQueue.ratio: 8
2022-01-04 19:12:06.759 [AsyncHttpClient-1-2][2775] DEBUG io.netty.handler.codec.compression.Brotli - brotli4j not in the classpath; Brotli support will be unavailable.
2022-01-04 19:12:06.823 [main][2839] DEBUG io.netty.util.internal.ThreadLocalRandom - -Dio.netty.initialSeedUniquifier: 0x57e4d9797fe432c5
2022-01-04 19:12:06.845 [main][2861] INFO  step_definitions.Hooks - Launch Browser
2022-01-04 19:12:09.706 [main][5722] INFO  page_objects.HomePage - User Is In Home Page
2022-01-04 19:12:09.708 [main][5724] DEBUG page_objects.Categories - Click On Categories
2022-01-04 19:12:10.793 [main][6809] DEBUG page_objects.Categories - Click On Categories
2022-01-04 19:12:12.107 [main][8123] DEBUG page_objects.Categories - Click On 2nd Category
2022-01-04 19:12:13.418 [main][9434] DEBUG page_objects.Categories - Select a item
2022-01-04 19:12:14.738 [main][10754] DEBUG page_objects.Categories - Title
2022-01-04 19:12:16.346 [main][12362] INFO  step_definitions.Hooks - Close Browser
2022-01-04 19:12:17.475 [main][13491] INFO  step_definitions.Hooks - Launch Browser
2022-01-04 19:12:20.306 [main][16322] INFO  page_objects.HomePage - User Is In Home Page
2022-01-04 19:12:20.306 [main][16322] DEBUG page_objects.Categories - Click On Categories
2022-01-04 19:12:21.387 [main][17403] DEBUG page_objects.Categories - Click On Categories
2022-01-04 19:12:22.703 [main][18719] DEBUG page_objects.Categories - Click On 2nd Category
2022-01-04 19:12:23.989 [main][20005] DEBUG page_objects.Categories - Select a item
2022-01-04 19:12:25.307 [main][21323] DEBUG page_objects.Categories - Title
2022-01-04 19:12:26.880 [main][22896] INFO  step_definitions.Hooks - Close Browser
2022-01-04 19:12:28.004 [main][24020] INFO  step_definitions.Hooks - Launch Browser
2022-01-04 19:12:29.352 [main][25368] INFO  page_objects.HomePage - User Is In Home Page
2022-01-04 19:12:29.352 [main][25368] DEBUG page_objects.Categories - Click On Categories
2022-01-04 19:12:30.817 [main][26833] DEBUG page_objects.Categories - Click On Categories
2022-01-04 19:12:32.628 [main][28644] DEBUG page_objects.Categories - Click On 2nd Category
2022-01-04 19:12:34.436 [main][30452] DEBUG page_objects.Categories - Select a item
2022-01-04 19:12:36.247 [main][32263] DEBUG page_objects.Categories - Title
2022-01-04 19:12:37.815 [main][33831] INFO  step_definitions.Hooks - Close Browser
2022-01-04 19:12:38.888 [main][34904] INFO  step_definitions.Hooks - Launch Browser
2022-01-04 19:12:41.735 [main][37751] INFO  page_objects.HomePage - User Is In Home Page
2022-01-04 19:12:41.735 [main][37751] DEBUG page_objects.Categories - Click On Categories
2022-01-04 19:12:42.819 [main][38835] DEBUG page_objects.Categories - Click On Categories
2022-01-04 19:12:44.133 [main][40149] DEBUG page_objects.Categories - Click On 2nd Category
2022-01-04 19:12:45.415 [main][41431] DEBUG page_objects.Categories - Select a item
2022-01-04 19:12:46.728 [main][42744] DEBUG page_objects.Categories - Title
2022-01-04 19:12:48.304 [main][44320] INFO  step_definitions.Hooks - Close Browser
2022-01-04 19:12:49.476 [main][45492] INFO  step_definitions.Hooks - Launch Browser
2022-01-04 19:12:51.091 [main][47107] INFO  page_objects.HomePage - User Is In Home Page
2022-01-04 19:12:51.091 [main][47107] DEBUG page_objects.Categories - Click On Categories
2022-01-04 19:12:52.170 [main][48186] DEBUG page_objects.Categories - Click On Categories
2022-01-04 19:12:53.475 [main][49491] DEBUG page_objects.Categories - Click On 2nd Category
2022-01-04 19:12:54.761 [main][50777] DEBUG page_objects.Categories - Select a item
2022-01-04 19:12:56.074 [main][52090] DEBUG page_objects.Categories - Title
2022-01-04 19:12:57.655 [main][53671] INFO  step_definitions.Hooks - Close Browser
2022-01-04 19:12:58.788 [main][54804] INFO  step_definitions.Hooks - Launch Browser
2022-01-04 19:13:01.699 [main][57715] INFO  page_objects.HomePage - User Is In Home Page
2022-01-04 19:13:01.699 [main][57715] DEBUG page_objects.Categories - Click On Categories
2022-01-04 19:13:02.778 [main][58794] DEBUG page_objects.Categories - Click On Categories
2022-01-04 19:13:04.097 [main][60113] DEBUG page_objects.Categories - Click On 2nd Category
2022-01-04 19:13:05.382 [main][61398] DEBUG page_objects.Categories - Select a item
2022-01-04 19:13:06.694 [main][62710] DEBUG page_objects.Categories - Title
2022-01-04 19:13:08.283 [main][64299] INFO  step_definitions.Hooks - Close Browser
