2022-01-04 00:12:55.976 [main][1044] DEBUG io.netty.util.internal.logging.InternalLoggerFactory - Using Log4J2 as the default logging framework
2022-01-04 00:12:55.981 [main][1049] DEBUG io.netty.util.ResourceLeakDetector - -Dio.netty.leakDetection.level: simple
2022-01-04 00:12:55.981 [main][1049] DEBUG io.netty.util.ResourceLeakDetector - -Dio.netty.leakDetection.targetRecords: 4
2022-01-04 00:12:55.983 [main][1051] DEBUG io.netty.util.ResourceLeakDetectorFactory - Loaded default ResourceLeakDetector: io.netty.util.ResourceLeakDetector@1cb19dba
2022-01-04 00:12:55.993 [main][1061] DEBUG io.netty.util.internal.PlatformDependent0 - -Dio.netty.noUnsafe: false
2022-01-04 00:12:55.994 [main][1062] DEBUG io.netty.util.internal.PlatformDependent0 - Java version: 11
2022-01-04 00:12:55.994 [main][1062] DEBUG io.netty.util.internal.PlatformDependent0 - sun.misc.Unsafe.theUnsafe: available
2022-01-04 00:12:55.995 [main][1063] DEBUG io.netty.util.internal.PlatformDependent0 - sun.misc.Unsafe.copyMemory: available
2022-01-04 00:12:55.995 [main][1063] DEBUG io.netty.util.internal.PlatformDependent0 - java.nio.Buffer.address: available
2022-01-04 00:12:55.995 [main][1063] DEBUG io.netty.util.internal.PlatformDependent0 - direct buffer constructor: unavailable: Reflective setAccessible(true) disabled
2022-01-04 00:12:55.996 [main][1064] DEBUG io.netty.util.internal.PlatformDependent0 - java.nio.Bits.unaligned: available, true
2022-01-04 00:12:55.996 [main][1064] DEBUG io.netty.util.internal.PlatformDependent0 - jdk.internal.misc.Unsafe.allocateUninitializedArray(int): unavailable: class io.netty.util.internal.PlatformDependent0$6 cannot access class jdk.internal.misc.Unsafe (in module java.base) because module java.base does not export jdk.internal.misc to unnamed module @45820e51
2022-01-04 00:12:55.998 [main][1066] DEBUG io.netty.util.internal.PlatformDependent0 - java.nio.DirectByteBuffer.<init>(long, int): unavailable
2022-01-04 00:12:55.998 [main][1066] DEBUG io.netty.util.internal.PlatformDependent - sun.misc.Unsafe: available
2022-01-04 00:12:55.998 [main][1066] DEBUG io.netty.util.internal.PlatformDependent - maxDirectMemory: 17133731840 bytes (maybe)
2022-01-04 00:12:55.998 [main][1066] DEBUG io.netty.util.internal.PlatformDependent - -Dio.netty.tmpdir: C:\Users\ahmed\AppData\Local\Temp (java.io.tmpdir)
2022-01-04 00:12:55.998 [main][1066] DEBUG io.netty.util.internal.PlatformDependent - -Dio.netty.bitMode: 64 (sun.arch.data.model)
2022-01-04 00:12:55.999 [main][1067] DEBUG io.netty.util.internal.PlatformDependent - Platform: Windows
2022-01-04 00:12:55.999 [main][1067] DEBUG io.netty.util.internal.PlatformDependent - -Dio.netty.maxDirectMemory: -1 bytes
2022-01-04 00:12:55.999 [main][1067] DEBUG io.netty.util.internal.PlatformDependent - -Dio.netty.uninitializedArrayAllocationThreshold: -1
2022-01-04 00:12:56.000 [main][1068] DEBUG io.netty.util.internal.CleanerJava9 - java.nio.ByteBuffer.cleaner(): available
2022-01-04 00:12:56.000 [main][1068] DEBUG io.netty.util.internal.PlatformDependent - -Dio.netty.noPreferDirect: false
2022-01-04 00:12:56.004 [main][1072] DEBUG io.netty.util.internal.PlatformDependent - org.jctools-core.MpscChunkedArrayQueue: available
2022-01-04 00:12:56.014 [main][1082] DEBUG io.netty.util.internal.InternalThreadLocalMap - -Dio.netty.threadLocalMap.stringBuilder.initialSize: 1024
2022-01-04 00:12:56.014 [main][1082] DEBUG io.netty.util.internal.InternalThreadLocalMap - -Dio.netty.threadLocalMap.stringBuilder.maxSize: 4096
2022-01-04 00:12:56.028 [main][1096] DEBUG io.netty.handler.ssl.JdkSslContext - Default protocols (JDK): [TLSv1.3, TLSv1.2] 
2022-01-04 00:12:56.028 [main][1096] DEBUG io.netty.handler.ssl.JdkSslContext - Default cipher suites (JDK): [TLS_ECDHE_ECDSA_WITH_AES_256_GCM_SHA384, TLS_ECDHE_ECDSA_WITH_AES_128_GCM_SHA256, TLS_ECDHE_RSA_WITH_AES_128_GCM_SHA256, TLS_ECDHE_RSA_WITH_AES_256_GCM_SHA384, TLS_ECDHE_RSA_WITH_AES_128_CBC_SHA, TLS_ECDHE_RSA_WITH_AES_256_CBC_SHA, TLS_RSA_WITH_AES_128_GCM_SHA256, TLS_RSA_WITH_AES_128_CBC_SHA, TLS_RSA_WITH_AES_256_CBC_SHA, TLS_AES_128_GCM_SHA256, TLS_AES_256_GCM_SHA384]
2022-01-04 00:12:56.042 [main][1110] DEBUG io.netty.channel.MultithreadEventLoopGroup - -Dio.netty.eventLoopThreads: 40
2022-01-04 00:12:56.046 [main][1114] DEBUG io.netty.channel.nio.NioEventLoop - -Dio.netty.noKeySetOptimization: false
2022-01-04 00:12:56.047 [main][1115] DEBUG io.netty.channel.nio.NioEventLoop - -Dio.netty.selectorAutoRebuildThreshold: 512
2022-01-04 00:12:56.074 [main][1142] DEBUG io.netty.buffer.PooledByteBufAllocator - -Dio.netty.allocator.numHeapArenas: 40
2022-01-04 00:12:56.075 [main][1143] DEBUG io.netty.buffer.PooledByteBufAllocator - -Dio.netty.allocator.numDirectArenas: 40
2022-01-04 00:12:56.075 [main][1143] DEBUG io.netty.buffer.PooledByteBufAllocator - -Dio.netty.allocator.pageSize: 8192
2022-01-04 00:12:56.075 [main][1143] DEBUG io.netty.buffer.PooledByteBufAllocator - -Dio.netty.allocator.maxOrder: 11
2022-01-04 00:12:56.075 [main][1143] DEBUG io.netty.buffer.PooledByteBufAllocator - -Dio.netty.allocator.chunkSize: 16777216
2022-01-04 00:12:56.075 [main][1143] DEBUG io.netty.buffer.PooledByteBufAllocator - -Dio.netty.allocator.smallCacheSize: 256
2022-01-04 00:12:56.075 [main][1143] DEBUG io.netty.buffer.PooledByteBufAllocator - -Dio.netty.allocator.normalCacheSize: 64
2022-01-04 00:12:56.075 [main][1143] DEBUG io.netty.buffer.PooledByteBufAllocator - -Dio.netty.allocator.maxCachedBufferCapacity: 32768
2022-01-04 00:12:56.075 [main][1143] DEBUG io.netty.buffer.PooledByteBufAllocator - -Dio.netty.allocator.cacheTrimInterval: 8192
2022-01-04 00:12:56.075 [main][1143] DEBUG io.netty.buffer.PooledByteBufAllocator - -Dio.netty.allocator.cacheTrimIntervalMillis: 0
2022-01-04 00:12:56.075 [main][1143] DEBUG io.netty.buffer.PooledByteBufAllocator - -Dio.netty.allocator.useCacheForAllThreads: true
2022-01-04 00:12:56.075 [main][1143] DEBUG io.netty.buffer.PooledByteBufAllocator - -Dio.netty.allocator.maxCachedByteBuffersPerChunk: 1023
2022-01-04 00:12:56.081 [main][1149] DEBUG io.netty.buffer.ByteBufUtil - -Dio.netty.allocator.type: pooled
2022-01-04 00:12:56.082 [main][1150] DEBUG io.netty.buffer.ByteBufUtil - -Dio.netty.threadLocalDirectBufferSize: 0
2022-01-04 00:12:56.082 [main][1150] DEBUG io.netty.buffer.ByteBufUtil - -Dio.netty.maxThreadLocalCharBufferSize: 16384
2022-01-04 00:12:56.720 [Forwarding newSession on session null to remote][1788] DEBUG io.netty.channel.DefaultChannelId - -Dio.netty.processId: 36308 (auto-detected)
2022-01-04 00:12:56.721 [Forwarding newSession on session null to remote][1789] DEBUG io.netty.util.NetUtil - -Djava.net.preferIPv4Stack: false
2022-01-04 00:12:56.721 [Forwarding newSession on session null to remote][1789] DEBUG io.netty.util.NetUtil - -Djava.net.preferIPv6Addresses: false
2022-01-04 00:12:56.857 [Forwarding newSession on session null to remote][1925] DEBUG io.netty.util.NetUtilInitializations - Loopback interface: lo (Software Loopback Interface 1, 127.0.0.1)
2022-01-04 00:12:56.857 [Forwarding newSession on session null to remote][1925] DEBUG io.netty.util.NetUtil - Failed to get SOMAXCONN from sysctl and file \proc\sys\net\core\somaxconn. Default: 200
2022-01-04 00:12:57.001 [Forwarding newSession on session null to remote][2069] DEBUG io.netty.channel.DefaultChannelId - -Dio.netty.machineId: f0:2f:74:ff:fe:d4:02:2a (auto-detected)
2022-01-04 00:12:57.028 [AsyncHttpClient-1-2][2096] DEBUG io.netty.buffer.AbstractByteBuf - -Dio.netty.buffer.checkAccessible: true
2022-01-04 00:12:57.028 [AsyncHttpClient-1-2][2096] DEBUG io.netty.buffer.AbstractByteBuf - -Dio.netty.buffer.checkBounds: true
2022-01-04 00:12:57.028 [AsyncHttpClient-1-2][2096] DEBUG io.netty.util.ResourceLeakDetectorFactory - Loaded default ResourceLeakDetector: io.netty.util.ResourceLeakDetector@3bf76d64
2022-01-04 00:12:57.041 [AsyncHttpClient-1-2][2109] DEBUG io.netty.util.Recycler - -Dio.netty.recycler.maxCapacityPerThread: 4096
2022-01-04 00:12:57.041 [AsyncHttpClient-1-2][2109] DEBUG io.netty.util.Recycler - -Dio.netty.recycler.maxSharedCapacityFactor: 2
2022-01-04 00:12:57.041 [AsyncHttpClient-1-2][2109] DEBUG io.netty.util.Recycler - -Dio.netty.recycler.linkCapacity: 16
2022-01-04 00:12:57.041 [AsyncHttpClient-1-2][2109] DEBUG io.netty.util.Recycler - -Dio.netty.recycler.ratio: 8
2022-01-04 00:12:57.041 [AsyncHttpClient-1-2][2109] DEBUG io.netty.util.Recycler - -Dio.netty.recycler.delayedQueue.ratio: 8
2022-01-04 00:12:57.897 [AsyncHttpClient-1-2][2965] DEBUG io.netty.handler.codec.compression.Brotli - brotli4j not in the classpath; Brotli support will be unavailable.
2022-01-04 00:12:57.961 [main][3029] DEBUG io.netty.util.internal.ThreadLocalRandom - -Dio.netty.initialSeedUniquifier: 0xf0aa18e9ed8b7722
2022-01-04 00:12:57.981 [main][3049] INFO  step_definitions.Hooks - Launch Browser
2022-01-04 00:12:59.757 [main][4825] INFO  page_objects.HomePage - User Is In Home Page
2022-01-04 00:12:59.758 [main][4826] DEBUG page_objects.Categories - Click On Deals
2022-01-04 00:13:00.857 [main][5925] DEBUG page_objects.Categories - Chose on going deals
2022-01-04 00:13:02.159 [main][7227] DEBUG page_objects.Categories - Title
2022-01-04 00:13:03.905 [main][8973] INFO  step_definitions.Hooks - Close Browser
2022-01-04 00:13:05.239 [main][10307] INFO  step_definitions.Hooks - Launch Browser
2022-01-04 00:13:06.832 [main][11900] INFO  page_objects.HomePage - User Is In Home Page
2022-01-04 00:13:06.832 [main][11900] DEBUG page_objects.Categories - Click On Deals
2022-01-04 00:13:07.898 [main][12966] DEBUG page_objects.Categories - Chose on going deals
2022-01-04 00:13:09.557 [main][14625] INFO  step_definitions.Hooks - Close Browser
2022-01-04 00:13:10.893 [main][15961] INFO  step_definitions.Hooks - Launch Browser
2022-01-04 00:13:12.486 [main][17554] INFO  page_objects.HomePage - User Is In Home Page
2022-01-04 00:13:12.486 [main][17554] DEBUG page_objects.Categories - Click On Deals
2022-01-04 00:13:13.552 [main][18620] DEBUG page_objects.Categories - Chose on going deals
2022-01-04 00:13:15.292 [main][20360] INFO  step_definitions.Hooks - Close Browser
2022-01-04 00:13:16.726 [main][21794] INFO  step_definitions.Hooks - Launch Browser
2022-01-04 00:13:18.382 [main][23450] INFO  page_objects.HomePage - User Is In Home Page
2022-01-04 00:13:18.382 [main][23450] DEBUG page_objects.Categories - Click On Deals
2022-01-04 00:13:19.448 [main][24516] DEBUG page_objects.Categories - Chose on going deals
2022-01-04 00:13:20.751 [main][25819] DEBUG page_objects.Categories - Title
2022-01-04 00:13:22.325 [main][27393] INFO  step_definitions.Hooks - Close Browser
