2022-01-04 21:59:53.436 [main][1039] DEBUG io.netty.util.internal.logging.InternalLoggerFactory - Using Log4J2 as the default logging framework
2022-01-04 21:59:53.440 [main][1043] DEBUG io.netty.util.ResourceLeakDetector - -Dio.netty.leakDetection.level: simple
2022-01-04 21:59:53.440 [main][1043] DEBUG io.netty.util.ResourceLeakDetector - -Dio.netty.leakDetection.targetRecords: 4
2022-01-04 21:59:53.443 [main][1046] DEBUG io.netty.util.ResourceLeakDetectorFactory - Loaded default ResourceLeakDetector: io.netty.util.ResourceLeakDetector@3fae596
2022-01-04 21:59:53.453 [main][1056] DEBUG io.netty.util.internal.PlatformDependent0 - -Dio.netty.noUnsafe: false
2022-01-04 21:59:53.454 [main][1057] DEBUG io.netty.util.internal.PlatformDependent0 - Java version: 11
2022-01-04 21:59:53.454 [main][1057] DEBUG io.netty.util.internal.PlatformDependent0 - sun.misc.Unsafe.theUnsafe: available
2022-01-04 21:59:53.455 [main][1058] DEBUG io.netty.util.internal.PlatformDependent0 - sun.misc.Unsafe.copyMemory: available
2022-01-04 21:59:53.455 [main][1058] DEBUG io.netty.util.internal.PlatformDependent0 - java.nio.Buffer.address: available
2022-01-04 21:59:53.455 [main][1058] DEBUG io.netty.util.internal.PlatformDependent0 - direct buffer constructor: unavailable: Reflective setAccessible(true) disabled
2022-01-04 21:59:53.456 [main][1059] DEBUG io.netty.util.internal.PlatformDependent0 - java.nio.Bits.unaligned: available, true
2022-01-04 21:59:53.456 [main][1059] DEBUG io.netty.util.internal.PlatformDependent0 - jdk.internal.misc.Unsafe.allocateUninitializedArray(int): unavailable: class io.netty.util.internal.PlatformDependent0$6 cannot access class jdk.internal.misc.Unsafe (in module java.base) because module java.base does not export jdk.internal.misc to unnamed module @45820e51
2022-01-04 21:59:53.457 [main][1060] DEBUG io.netty.util.internal.PlatformDependent0 - java.nio.DirectByteBuffer.<init>(long, int): unavailable
2022-01-04 21:59:53.457 [main][1060] DEBUG io.netty.util.internal.PlatformDependent - sun.misc.Unsafe: available
2022-01-04 21:59:53.457 [main][1060] DEBUG io.netty.util.internal.PlatformDependent - maxDirectMemory: 17133731840 bytes (maybe)
2022-01-04 21:59:53.457 [main][1060] DEBUG io.netty.util.internal.PlatformDependent - -Dio.netty.tmpdir: C:\Users\ahmed\AppData\Local\Temp (java.io.tmpdir)
2022-01-04 21:59:53.457 [main][1060] DEBUG io.netty.util.internal.PlatformDependent - -Dio.netty.bitMode: 64 (sun.arch.data.model)
2022-01-04 21:59:53.458 [main][1061] DEBUG io.netty.util.internal.PlatformDependent - Platform: Windows
2022-01-04 21:59:53.458 [main][1061] DEBUG io.netty.util.internal.PlatformDependent - -Dio.netty.maxDirectMemory: -1 bytes
2022-01-04 21:59:53.458 [main][1061] DEBUG io.netty.util.internal.PlatformDependent - -Dio.netty.uninitializedArrayAllocationThreshold: -1
2022-01-04 21:59:53.459 [main][1062] DEBUG io.netty.util.internal.CleanerJava9 - java.nio.ByteBuffer.cleaner(): available
2022-01-04 21:59:53.459 [main][1062] DEBUG io.netty.util.internal.PlatformDependent - -Dio.netty.noPreferDirect: false
2022-01-04 21:59:53.463 [main][1066] DEBUG io.netty.util.internal.PlatformDependent - org.jctools-core.MpscChunkedArrayQueue: available
2022-01-04 21:59:53.472 [main][1075] DEBUG io.netty.util.internal.InternalThreadLocalMap - -Dio.netty.threadLocalMap.stringBuilder.initialSize: 1024
2022-01-04 21:59:53.472 [main][1075] DEBUG io.netty.util.internal.InternalThreadLocalMap - -Dio.netty.threadLocalMap.stringBuilder.maxSize: 4096
2022-01-04 21:59:53.484 [main][1087] DEBUG io.netty.handler.ssl.JdkSslContext - Default protocols (JDK): [TLSv1.3, TLSv1.2] 
2022-01-04 21:59:53.485 [main][1088] DEBUG io.netty.handler.ssl.JdkSslContext - Default cipher suites (JDK): [TLS_ECDHE_ECDSA_WITH_AES_256_GCM_SHA384, TLS_ECDHE_ECDSA_WITH_AES_128_GCM_SHA256, TLS_ECDHE_RSA_WITH_AES_128_GCM_SHA256, TLS_ECDHE_RSA_WITH_AES_256_GCM_SHA384, TLS_ECDHE_RSA_WITH_AES_128_CBC_SHA, TLS_ECDHE_RSA_WITH_AES_256_CBC_SHA, TLS_RSA_WITH_AES_128_GCM_SHA256, TLS_RSA_WITH_AES_128_CBC_SHA, TLS_RSA_WITH_AES_256_CBC_SHA, TLS_AES_128_GCM_SHA256, TLS_AES_256_GCM_SHA384]
2022-01-04 21:59:53.498 [main][1101] DEBUG io.netty.channel.MultithreadEventLoopGroup - -Dio.netty.eventLoopThreads: 40
2022-01-04 21:59:53.503 [main][1106] DEBUG io.netty.channel.nio.NioEventLoop - -Dio.netty.noKeySetOptimization: false
2022-01-04 21:59:53.503 [main][1106] DEBUG io.netty.channel.nio.NioEventLoop - -Dio.netty.selectorAutoRebuildThreshold: 512
2022-01-04 21:59:53.530 [main][1133] DEBUG io.netty.buffer.PooledByteBufAllocator - -Dio.netty.allocator.numHeapArenas: 40
2022-01-04 21:59:53.530 [main][1133] DEBUG io.netty.buffer.PooledByteBufAllocator - -Dio.netty.allocator.numDirectArenas: 40
2022-01-04 21:59:53.530 [main][1133] DEBUG io.netty.buffer.PooledByteBufAllocator - -Dio.netty.allocator.pageSize: 8192
2022-01-04 21:59:53.530 [main][1133] DEBUG io.netty.buffer.PooledByteBufAllocator - -Dio.netty.allocator.maxOrder: 11
2022-01-04 21:59:53.530 [main][1133] DEBUG io.netty.buffer.PooledByteBufAllocator - -Dio.netty.allocator.chunkSize: 16777216
2022-01-04 21:59:53.530 [main][1133] DEBUG io.netty.buffer.PooledByteBufAllocator - -Dio.netty.allocator.smallCacheSize: 256
2022-01-04 21:59:53.531 [main][1134] DEBUG io.netty.buffer.PooledByteBufAllocator - -Dio.netty.allocator.normalCacheSize: 64
2022-01-04 21:59:53.531 [main][1134] DEBUG io.netty.buffer.PooledByteBufAllocator - -Dio.netty.allocator.maxCachedBufferCapacity: 32768
2022-01-04 21:59:53.531 [main][1134] DEBUG io.netty.buffer.PooledByteBufAllocator - -Dio.netty.allocator.cacheTrimInterval: 8192
2022-01-04 21:59:53.531 [main][1134] DEBUG io.netty.buffer.PooledByteBufAllocator - -Dio.netty.allocator.cacheTrimIntervalMillis: 0
2022-01-04 21:59:53.531 [main][1134] DEBUG io.netty.buffer.PooledByteBufAllocator - -Dio.netty.allocator.useCacheForAllThreads: true
2022-01-04 21:59:53.531 [main][1134] DEBUG io.netty.buffer.PooledByteBufAllocator - -Dio.netty.allocator.maxCachedByteBuffersPerChunk: 1023
2022-01-04 21:59:53.537 [main][1140] DEBUG io.netty.buffer.ByteBufUtil - -Dio.netty.allocator.type: pooled
2022-01-04 21:59:53.537 [main][1140] DEBUG io.netty.buffer.ByteBufUtil - -Dio.netty.threadLocalDirectBufferSize: 0
2022-01-04 21:59:53.537 [main][1140] DEBUG io.netty.buffer.ByteBufUtil - -Dio.netty.maxThreadLocalCharBufferSize: 16384
2022-01-04 21:59:54.189 [Forwarding newSession on session null to remote][1792] DEBUG io.netty.channel.DefaultChannelId - -Dio.netty.processId: 54104 (auto-detected)
2022-01-04 21:59:54.190 [Forwarding newSession on session null to remote][1793] DEBUG io.netty.util.NetUtil - -Djava.net.preferIPv4Stack: false
2022-01-04 21:59:54.190 [Forwarding newSession on session null to remote][1793] DEBUG io.netty.util.NetUtil - -Djava.net.preferIPv6Addresses: false
2022-01-04 21:59:54.327 [Forwarding newSession on session null to remote][1930] DEBUG io.netty.util.NetUtilInitializations - Loopback interface: lo (Software Loopback Interface 1, 127.0.0.1)
2022-01-04 21:59:54.327 [Forwarding newSession on session null to remote][1930] DEBUG io.netty.util.NetUtil - Failed to get SOMAXCONN from sysctl and file \proc\sys\net\core\somaxconn. Default: 200
2022-01-04 21:59:54.476 [Forwarding newSession on session null to remote][2079] DEBUG io.netty.channel.DefaultChannelId - -Dio.netty.machineId: f0:2f:74:ff:fe:d4:02:2a (auto-detected)
2022-01-04 21:59:54.502 [AsyncHttpClient-1-2][2105] DEBUG io.netty.buffer.AbstractByteBuf - -Dio.netty.buffer.checkAccessible: true
2022-01-04 21:59:54.503 [AsyncHttpClient-1-2][2106] DEBUG io.netty.buffer.AbstractByteBuf - -Dio.netty.buffer.checkBounds: true
2022-01-04 21:59:54.503 [AsyncHttpClient-1-2][2106] DEBUG io.netty.util.ResourceLeakDetectorFactory - Loaded default ResourceLeakDetector: io.netty.util.ResourceLeakDetector@28e84e08
2022-01-04 21:59:54.517 [AsyncHttpClient-1-2][2120] DEBUG io.netty.util.Recycler - -Dio.netty.recycler.maxCapacityPerThread: 4096
2022-01-04 21:59:54.517 [AsyncHttpClient-1-2][2120] DEBUG io.netty.util.Recycler - -Dio.netty.recycler.maxSharedCapacityFactor: 2
2022-01-04 21:59:54.517 [AsyncHttpClient-1-2][2120] DEBUG io.netty.util.Recycler - -Dio.netty.recycler.linkCapacity: 16
2022-01-04 21:59:54.517 [AsyncHttpClient-1-2][2120] DEBUG io.netty.util.Recycler - -Dio.netty.recycler.ratio: 8
2022-01-04 21:59:54.517 [AsyncHttpClient-1-2][2120] DEBUG io.netty.util.Recycler - -Dio.netty.recycler.delayedQueue.ratio: 8
2022-01-04 21:59:55.117 [AsyncHttpClient-1-2][2720] DEBUG io.netty.handler.codec.compression.Brotli - brotli4j not in the classpath; Brotli support will be unavailable.
2022-01-04 21:59:55.175 [main][2778] DEBUG io.netty.util.internal.ThreadLocalRandom - -Dio.netty.initialSeedUniquifier: 0xb0787ccb5a32b9d4
2022-01-04 21:59:55.195 [main][2798] INFO  step_definitions.Hooks - Launch Browser
2022-01-04 21:59:56.778 [main][4381] INFO  page_objects.HomePage - User Is In Home Page
2022-01-04 21:59:56.779 [main][4382] DEBUG page_objects.Categories - Click On Deals
2022-01-04 21:59:57.848 [main][5451] DEBUG page_objects.Categories - Chose on going deals
2022-01-04 21:59:58.150 [main][5753] DEBUG page_objects.Categories - User is in the category page
2022-01-04 22:00:00.726 [main][8329] INFO  step_definitions.Hooks - Close Browser
2022-01-04 22:00:01.909 [main][9512] INFO  step_definitions.Hooks - Launch Browser
2022-01-04 22:00:03.657 [main][11260] INFO  page_objects.HomePage - User Is In Home Page
2022-01-04 22:00:03.657 [main][11260] DEBUG page_objects.Categories - Click On Deals
2022-01-04 22:00:04.727 [main][12330] DEBUG page_objects.Categories - Chose on going deals
2022-01-04 22:00:05.032 [main][12635] DEBUG page_objects.Categories - User is in the category page
2022-01-04 22:00:07.607 [main][15210] INFO  step_definitions.Hooks - Close Browser
2022-01-04 22:00:08.733 [main][16336] INFO  step_definitions.Hooks - Launch Browser
2022-01-04 22:00:10.379 [main][17982] INFO  page_objects.HomePage - User Is In Home Page
2022-01-04 22:00:10.380 [main][17983] DEBUG page_objects.Categories - Click On Deals
2022-01-04 22:00:11.447 [main][19050] DEBUG page_objects.Categories - Chose on going deals
2022-01-04 22:00:11.755 [main][19358] DEBUG page_objects.Categories - User is in the category page
2022-01-04 22:00:14.317 [main][21920] INFO  step_definitions.Hooks - Close Browser
