2022-01-04 22:14:10.155 [main][1222] DEBUG io.netty.util.internal.logging.InternalLoggerFactory - Using Log4J2 as the default logging framework
2022-01-04 22:14:10.159 [main][1226] DEBUG io.netty.util.ResourceLeakDetector - -Dio.netty.leakDetection.level: simple
2022-01-04 22:14:10.159 [main][1226] DEBUG io.netty.util.ResourceLeakDetector - -Dio.netty.leakDetection.targetRecords: 4
2022-01-04 22:14:10.161 [main][1228] DEBUG io.netty.util.ResourceLeakDetectorFactory - Loaded default ResourceLeakDetector: io.netty.util.ResourceLeakDetector@1f6917fb
2022-01-04 22:14:10.171 [main][1238] DEBUG io.netty.util.internal.PlatformDependent0 - -Dio.netty.noUnsafe: false
2022-01-04 22:14:10.171 [main][1238] DEBUG io.netty.util.internal.PlatformDependent0 - Java version: 11
2022-01-04 22:14:10.172 [main][1239] DEBUG io.netty.util.internal.PlatformDependent0 - sun.misc.Unsafe.theUnsafe: available
2022-01-04 22:14:10.172 [main][1239] DEBUG io.netty.util.internal.PlatformDependent0 - sun.misc.Unsafe.copyMemory: available
2022-01-04 22:14:10.172 [main][1239] DEBUG io.netty.util.internal.PlatformDependent0 - java.nio.Buffer.address: available
2022-01-04 22:14:10.173 [main][1240] DEBUG io.netty.util.internal.PlatformDependent0 - direct buffer constructor: unavailable: Reflective setAccessible(true) disabled
2022-01-04 22:14:10.173 [main][1240] DEBUG io.netty.util.internal.PlatformDependent0 - java.nio.Bits.unaligned: available, true
2022-01-04 22:14:10.174 [main][1241] DEBUG io.netty.util.internal.PlatformDependent0 - jdk.internal.misc.Unsafe.allocateUninitializedArray(int): unavailable: class io.netty.util.internal.PlatformDependent0$6 cannot access class jdk.internal.misc.Unsafe (in module java.base) because module java.base does not export jdk.internal.misc to unnamed module @3514a4c0
2022-01-04 22:14:10.174 [main][1241] DEBUG io.netty.util.internal.PlatformDependent0 - java.nio.DirectByteBuffer.<init>(long, int): unavailable
2022-01-04 22:14:10.174 [main][1241] DEBUG io.netty.util.internal.PlatformDependent - sun.misc.Unsafe: available
2022-01-04 22:14:10.175 [main][1242] DEBUG io.netty.util.internal.PlatformDependent - maxDirectMemory: 17133731840 bytes (maybe)
2022-01-04 22:14:10.175 [main][1242] DEBUG io.netty.util.internal.PlatformDependent - -Dio.netty.tmpdir: C:\Users\ahmed\AppData\Local\Temp (java.io.tmpdir)
2022-01-04 22:14:10.175 [main][1242] DEBUG io.netty.util.internal.PlatformDependent - -Dio.netty.bitMode: 64 (sun.arch.data.model)
2022-01-04 22:14:10.175 [main][1242] DEBUG io.netty.util.internal.PlatformDependent - Platform: Windows
2022-01-04 22:14:10.175 [main][1242] DEBUG io.netty.util.internal.PlatformDependent - -Dio.netty.maxDirectMemory: -1 bytes
2022-01-04 22:14:10.175 [main][1242] DEBUG io.netty.util.internal.PlatformDependent - -Dio.netty.uninitializedArrayAllocationThreshold: -1
2022-01-04 22:14:10.176 [main][1243] DEBUG io.netty.util.internal.CleanerJava9 - java.nio.ByteBuffer.cleaner(): available
2022-01-04 22:14:10.176 [main][1243] DEBUG io.netty.util.internal.PlatformDependent - -Dio.netty.noPreferDirect: false
2022-01-04 22:14:10.180 [main][1247] DEBUG io.netty.util.internal.PlatformDependent - org.jctools-core.MpscChunkedArrayQueue: available
2022-01-04 22:14:10.190 [main][1257] DEBUG io.netty.util.internal.InternalThreadLocalMap - -Dio.netty.threadLocalMap.stringBuilder.initialSize: 1024
2022-01-04 22:14:10.190 [main][1257] DEBUG io.netty.util.internal.InternalThreadLocalMap - -Dio.netty.threadLocalMap.stringBuilder.maxSize: 4096
2022-01-04 22:14:10.203 [main][1270] DEBUG io.netty.handler.ssl.JdkSslContext - Default protocols (JDK): [TLSv1.3, TLSv1.2] 
2022-01-04 22:14:10.203 [main][1270] DEBUG io.netty.handler.ssl.JdkSslContext - Default cipher suites (JDK): [TLS_ECDHE_ECDSA_WITH_AES_256_GCM_SHA384, TLS_ECDHE_ECDSA_WITH_AES_128_GCM_SHA256, TLS_ECDHE_RSA_WITH_AES_128_GCM_SHA256, TLS_ECDHE_RSA_WITH_AES_256_GCM_SHA384, TLS_ECDHE_RSA_WITH_AES_128_CBC_SHA, TLS_ECDHE_RSA_WITH_AES_256_CBC_SHA, TLS_RSA_WITH_AES_128_GCM_SHA256, TLS_RSA_WITH_AES_128_CBC_SHA, TLS_RSA_WITH_AES_256_CBC_SHA, TLS_AES_128_GCM_SHA256, TLS_AES_256_GCM_SHA384]
2022-01-04 22:14:10.217 [main][1284] DEBUG io.netty.channel.MultithreadEventLoopGroup - -Dio.netty.eventLoopThreads: 40
2022-01-04 22:14:10.221 [main][1288] DEBUG io.netty.channel.nio.NioEventLoop - -Dio.netty.noKeySetOptimization: false
2022-01-04 22:14:10.221 [main][1288] DEBUG io.netty.channel.nio.NioEventLoop - -Dio.netty.selectorAutoRebuildThreshold: 512
2022-01-04 22:14:10.254 [main][1321] DEBUG io.netty.buffer.PooledByteBufAllocator - -Dio.netty.allocator.numHeapArenas: 40
2022-01-04 22:14:10.254 [main][1321] DEBUG io.netty.buffer.PooledByteBufAllocator - -Dio.netty.allocator.numDirectArenas: 40
2022-01-04 22:14:10.255 [main][1322] DEBUG io.netty.buffer.PooledByteBufAllocator - -Dio.netty.allocator.pageSize: 8192
2022-01-04 22:14:10.255 [main][1322] DEBUG io.netty.buffer.PooledByteBufAllocator - -Dio.netty.allocator.maxOrder: 11
2022-01-04 22:14:10.255 [main][1322] DEBUG io.netty.buffer.PooledByteBufAllocator - -Dio.netty.allocator.chunkSize: 16777216
2022-01-04 22:14:10.255 [main][1322] DEBUG io.netty.buffer.PooledByteBufAllocator - -Dio.netty.allocator.smallCacheSize: 256
2022-01-04 22:14:10.255 [main][1322] DEBUG io.netty.buffer.PooledByteBufAllocator - -Dio.netty.allocator.normalCacheSize: 64
2022-01-04 22:14:10.255 [main][1322] DEBUG io.netty.buffer.PooledByteBufAllocator - -Dio.netty.allocator.maxCachedBufferCapacity: 32768
2022-01-04 22:14:10.255 [main][1322] DEBUG io.netty.buffer.PooledByteBufAllocator - -Dio.netty.allocator.cacheTrimInterval: 8192
2022-01-04 22:14:10.255 [main][1322] DEBUG io.netty.buffer.PooledByteBufAllocator - -Dio.netty.allocator.cacheTrimIntervalMillis: 0
2022-01-04 22:14:10.255 [main][1322] DEBUG io.netty.buffer.PooledByteBufAllocator - -Dio.netty.allocator.useCacheForAllThreads: true
2022-01-04 22:14:10.255 [main][1322] DEBUG io.netty.buffer.PooledByteBufAllocator - -Dio.netty.allocator.maxCachedByteBuffersPerChunk: 1023
2022-01-04 22:14:10.262 [main][1329] DEBUG io.netty.buffer.ByteBufUtil - -Dio.netty.allocator.type: pooled
2022-01-04 22:14:10.262 [main][1329] DEBUG io.netty.buffer.ByteBufUtil - -Dio.netty.threadLocalDirectBufferSize: 0
2022-01-04 22:14:10.262 [main][1329] DEBUG io.netty.buffer.ByteBufUtil - -Dio.netty.maxThreadLocalCharBufferSize: 16384
2022-01-04 22:14:10.916 [Forwarding newSession on session null to remote][1983] DEBUG io.netty.channel.DefaultChannelId - -Dio.netty.processId: 40244 (auto-detected)
2022-01-04 22:14:10.917 [Forwarding newSession on session null to remote][1984] DEBUG io.netty.util.NetUtil - -Djava.net.preferIPv4Stack: false
2022-01-04 22:14:10.918 [Forwarding newSession on session null to remote][1985] DEBUG io.netty.util.NetUtil - -Djava.net.preferIPv6Addresses: false
2022-01-04 22:14:11.052 [Forwarding newSession on session null to remote][2119] DEBUG io.netty.util.NetUtilInitializations - Loopback interface: lo (Software Loopback Interface 1, 127.0.0.1)
2022-01-04 22:14:11.053 [Forwarding newSession on session null to remote][2120] DEBUG io.netty.util.NetUtil - Failed to get SOMAXCONN from sysctl and file \proc\sys\net\core\somaxconn. Default: 200
2022-01-04 22:14:11.196 [Forwarding newSession on session null to remote][2263] DEBUG io.netty.channel.DefaultChannelId - -Dio.netty.machineId: f0:2f:74:ff:fe:d4:02:2a (auto-detected)
2022-01-04 22:14:11.222 [AsyncHttpClient-1-2][2289] DEBUG io.netty.buffer.AbstractByteBuf - -Dio.netty.buffer.checkAccessible: true
2022-01-04 22:14:11.222 [AsyncHttpClient-1-2][2289] DEBUG io.netty.buffer.AbstractByteBuf - -Dio.netty.buffer.checkBounds: true
2022-01-04 22:14:11.222 [AsyncHttpClient-1-2][2289] DEBUG io.netty.util.ResourceLeakDetectorFactory - Loaded default ResourceLeakDetector: io.netty.util.ResourceLeakDetector@48237c7
2022-01-04 22:14:11.236 [AsyncHttpClient-1-2][2303] DEBUG io.netty.util.Recycler - -Dio.netty.recycler.maxCapacityPerThread: 4096
2022-01-04 22:14:11.237 [AsyncHttpClient-1-2][2304] DEBUG io.netty.util.Recycler - -Dio.netty.recycler.maxSharedCapacityFactor: 2
2022-01-04 22:14:11.237 [AsyncHttpClient-1-2][2304] DEBUG io.netty.util.Recycler - -Dio.netty.recycler.linkCapacity: 16
2022-01-04 22:14:11.237 [AsyncHttpClient-1-2][2304] DEBUG io.netty.util.Recycler - -Dio.netty.recycler.ratio: 8
2022-01-04 22:14:11.237 [AsyncHttpClient-1-2][2304] DEBUG io.netty.util.Recycler - -Dio.netty.recycler.delayedQueue.ratio: 8
2022-01-04 22:14:11.884 [AsyncHttpClient-1-2][2951] DEBUG io.netty.handler.codec.compression.Brotli - brotli4j not in the classpath; Brotli support will be unavailable.
2022-01-04 22:14:11.956 [main][3023] DEBUG io.netty.util.internal.ThreadLocalRandom - -Dio.netty.initialSeedUniquifier: 0xca9225e5c8c3b599
2022-01-04 22:14:11.978 [main][3045] INFO  step_definitions.Hooks - Launch Browser
2022-01-04 22:14:13.820 [main][4887] INFO  page_objects.HomePage - User Is In Home Page
2022-01-04 22:14:13.822 [main][4889] DEBUG page_objects.Categories - Click On Categories
2022-01-04 22:14:14.905 [main][5972] DEBUG page_objects.Categories - Click On Categories
2022-01-04 22:14:16.227 [main][7294] DEBUG page_objects.Categories - Click On 2nd Category
2022-01-04 22:14:17.539 [main][8606] DEBUG page_objects.Categories - Select a item
2022-01-04 22:14:18.853 [main][9920] DEBUG page_objects.Categories - Title
2022-01-04 22:14:20.435 [main][11502] INFO  step_definitions.Hooks - Close Browser
2022-01-04 22:14:21.619 [main][12686] INFO  step_definitions.Hooks - Launch Browser
2022-01-04 22:14:24.316 [main][15383] INFO  page_objects.HomePage - User Is In Home Page
2022-01-04 22:14:24.316 [main][15383] DEBUG page_objects.Categories - Click On Categories
2022-01-04 22:14:25.392 [main][16459] DEBUG page_objects.Categories - Click On Categories
2022-01-04 22:14:26.713 [main][17780] DEBUG page_objects.Categories - Click On 2nd Category
2022-01-04 22:14:28.020 [main][19087] DEBUG page_objects.Categories - Select a item
2022-01-04 22:14:29.345 [main][20412] DEBUG page_objects.Categories - Title
2022-01-04 22:14:30.920 [main][21987] INFO  step_definitions.Hooks - Close Browser
2022-01-04 22:14:32.051 [main][23118] INFO  step_definitions.Hooks - Launch Browser
2022-01-04 22:14:33.695 [main][24762] INFO  page_objects.HomePage - User Is In Home Page
2022-01-04 22:14:33.695 [main][24762] DEBUG page_objects.Categories - Click On Categories
2022-01-04 22:14:34.768 [main][25835] DEBUG page_objects.Categories - Click On Categories
2022-01-04 22:14:36.078 [main][27145] DEBUG page_objects.Categories - Click On 2nd Category
2022-01-04 22:14:37.388 [main][28455] DEBUG page_objects.Categories - Select a item
2022-01-04 22:14:38.699 [main][29766] DEBUG page_objects.Categories - Title
2022-01-04 22:14:40.262 [main][31329] INFO  step_definitions.Hooks - Close Browser
2022-01-04 22:14:41.383 [main][32450] INFO  step_definitions.Hooks - Launch Browser
2022-01-04 22:14:44.567 [main][35634] INFO  page_objects.HomePage - User Is In Home Page
2022-01-04 22:14:44.568 [main][35635] DEBUG page_objects.Categories - Click On Categories
2022-01-04 22:14:45.635 [main][36702] DEBUG page_objects.Categories - Click On Categories
2022-01-04 22:14:46.948 [main][38015] DEBUG page_objects.Categories - Click On 2nd Category
2022-01-04 22:14:48.242 [main][39309] DEBUG page_objects.Categories - Select a item
2022-01-04 22:14:49.548 [main][40615] DEBUG page_objects.Categories - Title
2022-01-04 22:14:51.126 [main][42193] INFO  step_definitions.Hooks - Close Browser
2022-01-04 22:14:52.306 [main][43373] INFO  step_definitions.Hooks - Launch Browser
2022-01-04 22:14:54.005 [main][45072] INFO  page_objects.HomePage - User Is In Home Page
2022-01-04 22:14:54.006 [main][45073] DEBUG page_objects.Categories - Click On Categories
2022-01-04 22:14:55.080 [main][46147] DEBUG page_objects.Categories - Click On Categories
2022-01-04 22:14:56.387 [main][47454] DEBUG page_objects.Categories - Click On 2nd Category
2022-01-04 22:14:57.669 [main][48736] DEBUG page_objects.Categories - Select a item
2022-01-04 22:14:58.975 [main][50042] DEBUG page_objects.Categories - Title
2022-01-04 22:15:00.547 [main][51614] INFO  step_definitions.Hooks - Close Browser
2022-01-04 22:15:01.731 [main][52798] INFO  step_definitions.Hooks - Launch Browser
2022-01-04 22:15:03.646 [main][54713] INFO  page_objects.HomePage - User Is In Home Page
2022-01-04 22:15:03.647 [main][54714] DEBUG page_objects.Categories - Click On Categories
2022-01-04 22:15:04.719 [main][55786] DEBUG page_objects.Categories - Click On Categories
2022-01-04 22:15:06.024 [main][57091] DEBUG page_objects.Categories - Click On 2nd Category
2022-01-04 22:15:07.302 [main][58369] DEBUG page_objects.Categories - Select a item
2022-01-04 22:15:08.607 [main][59674] DEBUG page_objects.Categories - Title
2022-01-04 22:15:10.193 [main][61260] INFO  step_definitions.Hooks - Close Browser
2022-01-04 22:15:11.375 [main][62442] INFO  step_definitions.Hooks - Launch Browser
2022-01-04 22:15:12.958 [main][64025] INFO  page_objects.HomePage - User Is In Home Page
2022-01-04 22:15:12.959 [main][64026] DEBUG page_objects.Categories - Click On Deals
2022-01-04 22:15:14.024 [main][65091] DEBUG page_objects.Categories - Chose on going deals
2022-01-04 22:15:15.326 [main][66393] DEBUG page_objects.Categories - Title
2022-01-04 22:15:16.525 [main][67592] DEBUG page_objects.Categories - URL
2022-01-04 22:15:18.126 [main][69193] INFO  step_definitions.Hooks - Close Browser
2022-01-04 22:15:19.213 [main][70280] INFO  step_definitions.Hooks - Launch Browser
2022-01-04 22:15:20.910 [main][71977] INFO  page_objects.HomePage - User Is In Home Page
2022-01-04 22:15:20.911 [main][71978] DEBUG page_objects.Categories - Click On Deals
2022-01-04 22:15:21.977 [main][73044] DEBUG page_objects.Categories - Chose on going deals
2022-01-04 22:15:23.281 [main][74348] DEBUG page_objects.Categories - Title
2022-01-04 22:15:24.286 [main][75353] DEBUG page_objects.Categories - URL
2022-01-04 22:15:25.861 [main][76928] INFO  step_definitions.Hooks - Close Browser
2022-01-04 22:15:26.988 [main][78055] INFO  step_definitions.Hooks - Launch Browser
2022-01-04 22:15:29.787 [main][80854] INFO  page_objects.HomePage - User Is In Home Page
2022-01-04 22:15:29.790 [main][80857] INFO  page_objects.HomePage - Home Page Title Is Target : Expect More. Pay Less.
2022-01-04 22:15:29.790 [main][80857] INFO  page_objects.HomePage - User Saw The Title
2022-01-04 22:15:30.346 [main][81413] INFO  step_definitions.Hooks - Close Browser
2022-01-04 22:15:31.523 [main][82590] INFO  step_definitions.Hooks - Launch Browser
2022-01-04 22:15:34.310 [main][85377] INFO  page_objects.HomePage - User Is In Home Page
2022-01-04 22:15:34.311 [main][85378] DEBUG page_objects.Search - Clicked On Search Box
2022-01-04 22:15:34.382 [main][85449] INFO  step_definitions.SignInSteps - User clicked on search button
2022-01-04 22:15:34.382 [main][85449] DEBUG page_objects.Search - Typing Products
2022-01-04 22:15:34.516 [main][85583] INFO  step_definitions.SignInSteps - User typingFace Mask
2022-01-04 22:15:34.517 [main][85584] DEBUG page_objects.Search - Clicked On Search icon
2022-01-04 22:15:35.671 [main][86738] INFO  step_definitions.SignInSteps - User Clicked On Search Icon
2022-01-04 22:15:35.676 [main][86743] DEBUG page_objects.Search - Title isFace Mask : Target
2022-01-04 22:15:35.676 [main][86743] INFO  step_definitions.SignInSteps - Title isFace Mask : Target
2022-01-04 22:15:36.242 [main][87309] INFO  step_definitions.Hooks - Close Browser
2022-01-04 22:15:37.422 [main][88489] INFO  step_definitions.Hooks - Launch Browser
2022-01-04 22:15:39.024 [main][90091] INFO  page_objects.HomePage - User Is In Home Page
2022-01-04 22:15:39.024 [main][90091] DEBUG page_objects.Search - Clicked On Search Box
2022-01-04 22:15:39.099 [main][90166] INFO  step_definitions.SignInSteps - User clicked on search button
2022-01-04 22:15:39.100 [main][90167] DEBUG page_objects.Search - Typing Products
2022-01-04 22:15:39.243 [main][90310] INFO  step_definitions.SignInSteps - User typingHand sanitizer
2022-01-04 22:15:39.244 [main][90311] DEBUG page_objects.Search - Clicked On Search icon
2022-01-04 22:15:40.422 [main][91489] INFO  step_definitions.SignInSteps - User Clicked On Search Icon
2022-01-04 22:15:40.433 [main][91500] DEBUG page_objects.Search - Title isHand Sanitizer : Target
2022-01-04 22:15:40.433 [main][91500] INFO  step_definitions.SignInSteps - Title isHand Sanitizer : Target
2022-01-04 22:15:40.996 [main][92063] INFO  step_definitions.Hooks - Close Browser
2022-01-04 22:15:42.172 [main][93239] INFO  step_definitions.Hooks - Launch Browser
2022-01-04 22:15:44.946 [main][96013] INFO  page_objects.HomePage - User Is In Home Page
2022-01-04 22:15:44.947 [main][96014] DEBUG page_objects.Search - Clicked On Search Box
2022-01-04 22:15:45.019 [main][96086] INFO  step_definitions.SignInSteps - User clicked on search button
2022-01-04 22:15:45.019 [main][96086] DEBUG page_objects.Search - Typing Products
2022-01-04 22:15:45.166 [main][96233] INFO  step_definitions.SignInSteps - User typingRubbing alcohol
2022-01-04 22:15:45.167 [main][96234] DEBUG page_objects.Search - Clicked On Search icon
2022-01-04 22:15:46.345 [main][97412] INFO  step_definitions.SignInSteps - User Clicked On Search Icon
2022-01-04 22:15:46.351 [main][97418] DEBUG page_objects.Search - Title isRubbing Alcohol : Target
2022-01-04 22:15:46.351 [main][97418] INFO  step_definitions.SignInSteps - Title isRubbing Alcohol : Target
2022-01-04 22:15:46.911 [main][97978] INFO  step_definitions.Hooks - Close Browser
2022-01-04 22:15:47.983 [main][99050] INFO  step_definitions.Hooks - Launch Browser
2022-01-04 22:15:49.118 [main][100185] INFO  page_objects.HomePage - User Is In Home Page
2022-01-04 22:15:49.118 [main][100185] DEBUG page_objects.Search - Clicked On Search Box
2022-01-04 22:15:49.795 [main][100862] INFO  step_definitions.SignInSteps - User clicked on search button
2022-01-04 22:15:49.796 [main][100863] DEBUG page_objects.Search - Typing Products
2022-01-04 22:15:49.922 [main][100989] INFO  step_definitions.SignInSteps - User typingPs5
2022-01-04 22:15:49.922 [main][100989] DEBUG page_objects.Search - Clicked On Search icon
2022-01-04 22:16:05.663 [main][116730] INFO  step_definitions.Hooks - Close Browser
2022-01-04 22:16:06.783 [main][117850] INFO  step_definitions.Hooks - Launch Browser
2022-01-04 22:16:09.587 [main][120654] INFO  page_objects.HomePage - User Is In Home Page
2022-01-04 22:16:09.587 [main][120654] DEBUG page_objects.Search - Clicked On Search Box
2022-01-04 22:16:09.656 [main][120723] INFO  step_definitions.SignInSteps - User clicked on search button
2022-01-04 22:16:09.656 [main][120723] DEBUG page_objects.Search - Typing Products
2022-01-04 22:16:09.796 [main][120863] INFO  step_definitions.SignInSteps - User typingcoffee maker
2022-01-04 22:16:09.797 [main][120864] DEBUG page_objects.Search - Clicked On Search icon
2022-01-04 22:16:10.956 [main][122023] INFO  step_definitions.SignInSteps - User Clicked On Search Icon
2022-01-04 22:16:10.961 [main][122028] DEBUG page_objects.Search - Title isCoffee Maker : Target
2022-01-04 22:16:10.961 [main][122028] INFO  step_definitions.SignInSteps - Title isCoffee Maker : Target
2022-01-04 22:16:11.524 [main][122591] INFO  step_definitions.Hooks - Close Browser
2022-01-04 22:16:12.631 [main][123698] INFO  step_definitions.Hooks - Launch Browser
2022-01-04 22:16:14.250 [main][125317] INFO  page_objects.HomePage - User Is In Home Page
2022-01-04 22:16:14.310 [main][125377] INFO  step_definitions.SignInSteps - User Click On Sign In
2022-01-04 22:16:15.191 [main][126258] INFO  step_definitions.SignInSteps - User Click On Sign In From The Drop Down Menu
2022-01-04 22:16:15.882 [main][126949] INFO  step_definitions.SignInSteps - User Enter User Name And Password
2022-01-04 22:16:18.054 [main][129121] INFO  step_definitions.SignInSteps - User Click On Sign In
2022-01-04 22:16:18.617 [main][129684] INFO  step_definitions.Hooks - Close Browser
2022-01-04 22:16:19.734 [main][130801] INFO  step_definitions.Hooks - Launch Browser
2022-01-04 22:16:22.610 [main][133677] INFO  page_objects.HomePage - User Is In Home Page
2022-01-04 22:16:22.670 [main][133737] INFO  step_definitions.SignInSteps - User Click On Sign In
2022-01-04 22:16:23.550 [main][134617] INFO  step_definitions.SignInSteps - User Click On Sign In From The Drop Down Menu
2022-01-04 22:16:24.257 [main][135324] INFO  step_definitions.SignInSteps - User Enter User Name And Password
2022-01-04 22:16:26.415 [main][137482] INFO  step_definitions.SignInSteps - User Click On Sign In
2022-01-04 22:16:26.974 [main][138041] INFO  step_definitions.Hooks - Close Browser
2022-01-04 22:16:28.095 [main][139162] INFO  step_definitions.Hooks - Launch Browser
2022-01-04 22:16:31.024 [main][142091] INFO  page_objects.HomePage - User Is In Home Page
2022-01-04 22:16:31.025 [main][142092] DEBUG page_objects.Categories - Click On Deals
2022-01-04 22:16:31.166 [main][142233] ERROR command_providers.ElementActions - Element Exception for the locator: By.linkText: What’s Newand exception is: org.openqa.selenium.NoSuchElementException: no such element: Unable to locate element: {"method":"link text","selector":"What’s New"}
  (Session info: chrome=96.0.4664.110)
For documentation on this error, please visit: https://selenium.dev/exceptions/#no_such_element
Build info: version: '4.1.1', revision: 'e8fcc2cecf'
System info: host: 'RAZU-WINDOWS', ip: '10.5.0.2', os.name: 'Windows 10', os.arch: 'amd64', os.version: '10.0', java.version: '11.0.13'
Driver info: org.openqa.selenium.chrome.ChromeDriver
Command: [8a8b58826a3ad2ab2efc84b94bcf2a56, findElement {using=link text, value=What’s New}]
Capabilities {acceptInsecureCerts: false, browserName: chrome, browserVersion: 96.0.4664.110, chrome: {chromedriverVersion: 96.0.4664.45 (76e4c1bb2ab46..., userDataDir: C:\Users\ahmed\AppData\Loca...}, goog:chromeOptions: {debuggerAddress: localhost:64083}, javascriptEnabled: true, networkConnectionEnabled: false, pageLoadStrategy: normal, platform: WINDOWS, platformName: WINDOWS, proxy: Proxy(), se:cdp: ws://localhost:64083/devtoo..., se:cdpVersion: 96.0.4664.110, setWindowRect: true, strictFileInteractability: false, timeouts: {implicit: 0, pageLoad: 300000, script: 30000}, unhandledPromptBehavior: dismiss and notify, webauthn:extension:credBlob: true, webauthn:extension:largeBlob: true, webauthn:virtualAuthenticators: true}
Session ID: 8a8b58826a3ad2ab2efc84b94bcf2a56
2022-01-04 22:16:31.724 [main][142791] INFO  step_definitions.Hooks - Close Browser
2022-01-04 22:16:32.787 [main][143854] INFO  step_definitions.Hooks - Launch Browser
2022-01-04 22:16:34.543 [main][145610] INFO  page_objects.HomePage - User Is In Home Page
2022-01-04 22:16:34.543 [main][145610] DEBUG page_objects.Categories - Click On Deals
2022-01-04 22:16:34.686 [main][145753] ERROR command_providers.ElementActions - Element Exception for the locator: By.linkText: What’s Newand exception is: org.openqa.selenium.NoSuchElementException: no such element: Unable to locate element: {"method":"link text","selector":"What’s New"}
  (Session info: chrome=96.0.4664.110)
For documentation on this error, please visit: https://selenium.dev/exceptions/#no_such_element
Build info: version: '4.1.1', revision: 'e8fcc2cecf'
System info: host: 'RAZU-WINDOWS', ip: '10.5.0.2', os.name: 'Windows 10', os.arch: 'amd64', os.version: '10.0', java.version: '11.0.13'
Driver info: org.openqa.selenium.chrome.ChromeDriver
Command: [6da8a5b9747c5abc3a5c8f436339ce28, findElement {using=link text, value=What’s New}]
Capabilities {acceptInsecureCerts: false, browserName: chrome, browserVersion: 96.0.4664.110, chrome: {chromedriverVersion: 96.0.4664.45 (76e4c1bb2ab46..., userDataDir: C:\Users\ahmed\AppData\Loca...}, goog:chromeOptions: {debuggerAddress: localhost:64146}, javascriptEnabled: true, networkConnectionEnabled: false, pageLoadStrategy: normal, platform: WINDOWS, platformName: WINDOWS, proxy: Proxy(), se:cdp: ws://localhost:64146/devtoo..., se:cdpVersion: 96.0.4664.110, setWindowRect: true, strictFileInteractability: false, timeouts: {implicit: 0, pageLoad: 300000, script: 30000}, unhandledPromptBehavior: dismiss and notify, webauthn:extension:credBlob: true, webauthn:extension:largeBlob: true, webauthn:virtualAuthenticators: true}
Session ID: 6da8a5b9747c5abc3a5c8f436339ce28
2022-01-04 22:16:35.253 [main][146320] INFO  step_definitions.Hooks - Close Browser
2022-01-04 22:16:36.357 [main][147424] INFO  step_definitions.Hooks - Launch Browser
2022-01-04 22:16:38.058 [main][149125] INFO  page_objects.HomePage - User Is In Home Page
2022-01-04 22:16:38.059 [main][149126] DEBUG page_objects.Categories - Click On Deals
2022-01-04 22:16:38.196 [main][149263] ERROR command_providers.ElementActions - Element Exception for the locator: By.linkText: What’s Newand exception is: org.openqa.selenium.NoSuchElementException: no such element: Unable to locate element: {"method":"link text","selector":"What’s New"}
  (Session info: chrome=96.0.4664.110)
For documentation on this error, please visit: https://selenium.dev/exceptions/#no_such_element
Build info: version: '4.1.1', revision: 'e8fcc2cecf'
System info: host: 'RAZU-WINDOWS', ip: '10.5.0.2', os.name: 'Windows 10', os.arch: 'amd64', os.version: '10.0', java.version: '11.0.13'
Driver info: org.openqa.selenium.chrome.ChromeDriver
Command: [2aa137d57a8d9a1d797aa6c4526c4811, findElement {using=link text, value=What’s New}]
Capabilities {acceptInsecureCerts: false, browserName: chrome, browserVersion: 96.0.4664.110, chrome: {chromedriverVersion: 96.0.4664.45 (76e4c1bb2ab46..., userDataDir: C:\Users\ahmed\AppData\Loca...}, goog:chromeOptions: {debuggerAddress: localhost:64203}, javascriptEnabled: true, networkConnectionEnabled: false, pageLoadStrategy: normal, platform: WINDOWS, platformName: WINDOWS, proxy: Proxy(), se:cdp: ws://localhost:64203/devtoo..., se:cdpVersion: 96.0.4664.110, setWindowRect: true, strictFileInteractability: false, timeouts: {implicit: 0, pageLoad: 300000, script: 30000}, unhandledPromptBehavior: dismiss and notify, webauthn:extension:credBlob: true, webauthn:extension:largeBlob: true, webauthn:virtualAuthenticators: true}
Session ID: 2aa137d57a8d9a1d797aa6c4526c4811
2022-01-04 22:16:38.772 [main][149839] INFO  step_definitions.Hooks - Close Browser
