2022-01-04 19:22:25.867 [main][1111] DEBUG io.netty.util.internal.logging.InternalLoggerFactory - Using Log4J2 as the default logging framework
2022-01-04 19:22:25.871 [main][1115] DEBUG io.netty.util.ResourceLeakDetector - -Dio.netty.leakDetection.level: simple
2022-01-04 19:22:25.872 [main][1116] DEBUG io.netty.util.ResourceLeakDetector - -Dio.netty.leakDetection.targetRecords: 4
2022-01-04 19:22:25.873 [main][1117] DEBUG io.netty.util.ResourceLeakDetectorFactory - Loaded default ResourceLeakDetector: io.netty.util.ResourceLeakDetector@153d4abb
2022-01-04 19:22:25.884 [main][1128] DEBUG io.netty.util.internal.PlatformDependent0 - -Dio.netty.noUnsafe: false
2022-01-04 19:22:25.884 [main][1128] DEBUG io.netty.util.internal.PlatformDependent0 - Java version: 11
2022-01-04 19:22:25.884 [main][1128] DEBUG io.netty.util.internal.PlatformDependent0 - sun.misc.Unsafe.theUnsafe: available
2022-01-04 19:22:25.885 [main][1129] DEBUG io.netty.util.internal.PlatformDependent0 - sun.misc.Unsafe.copyMemory: available
2022-01-04 19:22:25.885 [main][1129] DEBUG io.netty.util.internal.PlatformDependent0 - java.nio.Buffer.address: available
2022-01-04 19:22:25.885 [main][1129] DEBUG io.netty.util.internal.PlatformDependent0 - direct buffer constructor: unavailable: Reflective setAccessible(true) disabled
2022-01-04 19:22:25.885 [main][1129] DEBUG io.netty.util.internal.PlatformDependent0 - java.nio.Bits.unaligned: available, true
2022-01-04 19:22:25.886 [main][1130] DEBUG io.netty.util.internal.PlatformDependent0 - jdk.internal.misc.Unsafe.allocateUninitializedArray(int): unavailable: class io.netty.util.internal.PlatformDependent0$6 cannot access class jdk.internal.misc.Unsafe (in module java.base) because module java.base does not export jdk.internal.misc to unnamed module @45820e51
2022-01-04 19:22:25.887 [main][1131] DEBUG io.netty.util.internal.PlatformDependent0 - java.nio.DirectByteBuffer.<init>(long, int): unavailable
2022-01-04 19:22:25.887 [main][1131] DEBUG io.netty.util.internal.PlatformDependent - sun.misc.Unsafe: available
2022-01-04 19:22:25.887 [main][1131] DEBUG io.netty.util.internal.PlatformDependent - maxDirectMemory: 17133731840 bytes (maybe)
2022-01-04 19:22:25.887 [main][1131] DEBUG io.netty.util.internal.PlatformDependent - -Dio.netty.tmpdir: C:\Users\ahmed\AppData\Local\Temp (java.io.tmpdir)
2022-01-04 19:22:25.887 [main][1131] DEBUG io.netty.util.internal.PlatformDependent - -Dio.netty.bitMode: 64 (sun.arch.data.model)
2022-01-04 19:22:25.887 [main][1131] DEBUG io.netty.util.internal.PlatformDependent - Platform: Windows
2022-01-04 19:22:25.888 [main][1132] DEBUG io.netty.util.internal.PlatformDependent - -Dio.netty.maxDirectMemory: -1 bytes
2022-01-04 19:22:25.888 [main][1132] DEBUG io.netty.util.internal.PlatformDependent - -Dio.netty.uninitializedArrayAllocationThreshold: -1
2022-01-04 19:22:25.888 [main][1132] DEBUG io.netty.util.internal.CleanerJava9 - java.nio.ByteBuffer.cleaner(): available
2022-01-04 19:22:25.889 [main][1133] DEBUG io.netty.util.internal.PlatformDependent - -Dio.netty.noPreferDirect: false
2022-01-04 19:22:25.893 [main][1137] DEBUG io.netty.util.internal.PlatformDependent - org.jctools-core.MpscChunkedArrayQueue: available
2022-01-04 19:22:25.902 [main][1146] DEBUG io.netty.util.internal.InternalThreadLocalMap - -Dio.netty.threadLocalMap.stringBuilder.initialSize: 1024
2022-01-04 19:22:25.902 [main][1146] DEBUG io.netty.util.internal.InternalThreadLocalMap - -Dio.netty.threadLocalMap.stringBuilder.maxSize: 4096
2022-01-04 19:22:25.915 [main][1159] DEBUG io.netty.handler.ssl.JdkSslContext - Default protocols (JDK): [TLSv1.3, TLSv1.2] 
2022-01-04 19:22:25.915 [main][1159] DEBUG io.netty.handler.ssl.JdkSslContext - Default cipher suites (JDK): [TLS_ECDHE_ECDSA_WITH_AES_256_GCM_SHA384, TLS_ECDHE_ECDSA_WITH_AES_128_GCM_SHA256, TLS_ECDHE_RSA_WITH_AES_128_GCM_SHA256, TLS_ECDHE_RSA_WITH_AES_256_GCM_SHA384, TLS_ECDHE_RSA_WITH_AES_128_CBC_SHA, TLS_ECDHE_RSA_WITH_AES_256_CBC_SHA, TLS_RSA_WITH_AES_128_GCM_SHA256, TLS_RSA_WITH_AES_128_CBC_SHA, TLS_RSA_WITH_AES_256_CBC_SHA, TLS_AES_128_GCM_SHA256, TLS_AES_256_GCM_SHA384]
2022-01-04 19:22:25.929 [main][1173] DEBUG io.netty.channel.MultithreadEventLoopGroup - -Dio.netty.eventLoopThreads: 40
2022-01-04 19:22:25.933 [main][1177] DEBUG io.netty.channel.nio.NioEventLoop - -Dio.netty.noKeySetOptimization: false
2022-01-04 19:22:25.933 [main][1177] DEBUG io.netty.channel.nio.NioEventLoop - -Dio.netty.selectorAutoRebuildThreshold: 512
2022-01-04 19:22:25.961 [main][1205] DEBUG io.netty.buffer.PooledByteBufAllocator - -Dio.netty.allocator.numHeapArenas: 40
2022-01-04 19:22:25.961 [main][1205] DEBUG io.netty.buffer.PooledByteBufAllocator - -Dio.netty.allocator.numDirectArenas: 40
2022-01-04 19:22:25.961 [main][1205] DEBUG io.netty.buffer.PooledByteBufAllocator - -Dio.netty.allocator.pageSize: 8192
2022-01-04 19:22:25.961 [main][1205] DEBUG io.netty.buffer.PooledByteBufAllocator - -Dio.netty.allocator.maxOrder: 11
2022-01-04 19:22:25.961 [main][1205] DEBUG io.netty.buffer.PooledByteBufAllocator - -Dio.netty.allocator.chunkSize: 16777216
2022-01-04 19:22:25.961 [main][1205] DEBUG io.netty.buffer.PooledByteBufAllocator - -Dio.netty.allocator.smallCacheSize: 256
2022-01-04 19:22:25.962 [main][1206] DEBUG io.netty.buffer.PooledByteBufAllocator - -Dio.netty.allocator.normalCacheSize: 64
2022-01-04 19:22:25.962 [main][1206] DEBUG io.netty.buffer.PooledByteBufAllocator - -Dio.netty.allocator.maxCachedBufferCapacity: 32768
2022-01-04 19:22:25.962 [main][1206] DEBUG io.netty.buffer.PooledByteBufAllocator - -Dio.netty.allocator.cacheTrimInterval: 8192
2022-01-04 19:22:25.962 [main][1206] DEBUG io.netty.buffer.PooledByteBufAllocator - -Dio.netty.allocator.cacheTrimIntervalMillis: 0
2022-01-04 19:22:25.962 [main][1206] DEBUG io.netty.buffer.PooledByteBufAllocator - -Dio.netty.allocator.useCacheForAllThreads: true
2022-01-04 19:22:25.962 [main][1206] DEBUG io.netty.buffer.PooledByteBufAllocator - -Dio.netty.allocator.maxCachedByteBuffersPerChunk: 1023
2022-01-04 19:22:25.968 [main][1212] DEBUG io.netty.buffer.ByteBufUtil - -Dio.netty.allocator.type: pooled
2022-01-04 19:22:25.968 [main][1212] DEBUG io.netty.buffer.ByteBufUtil - -Dio.netty.threadLocalDirectBufferSize: 0
2022-01-04 19:22:25.968 [main][1212] DEBUG io.netty.buffer.ByteBufUtil - -Dio.netty.maxThreadLocalCharBufferSize: 16384
2022-01-04 19:22:26.604 [Forwarding newSession on session null to remote][1848] DEBUG io.netty.channel.DefaultChannelId - -Dio.netty.processId: 25888 (auto-detected)
2022-01-04 19:22:26.606 [Forwarding newSession on session null to remote][1850] DEBUG io.netty.util.NetUtil - -Djava.net.preferIPv4Stack: false
2022-01-04 19:22:26.606 [Forwarding newSession on session null to remote][1850] DEBUG io.netty.util.NetUtil - -Djava.net.preferIPv6Addresses: false
2022-01-04 19:22:26.741 [Forwarding newSession on session null to remote][1985] DEBUG io.netty.util.NetUtilInitializations - Loopback interface: lo (Software Loopback Interface 1, 127.0.0.1)
2022-01-04 19:22:26.742 [Forwarding newSession on session null to remote][1986] DEBUG io.netty.util.NetUtil - Failed to get SOMAXCONN from sysctl and file \proc\sys\net\core\somaxconn. Default: 200
2022-01-04 19:22:26.886 [Forwarding newSession on session null to remote][2130] DEBUG io.netty.channel.DefaultChannelId - -Dio.netty.machineId: f0:2f:74:ff:fe:d4:02:2a (auto-detected)
2022-01-04 19:22:26.913 [AsyncHttpClient-1-2][2157] DEBUG io.netty.buffer.AbstractByteBuf - -Dio.netty.buffer.checkAccessible: true
2022-01-04 19:22:26.913 [AsyncHttpClient-1-2][2157] DEBUG io.netty.buffer.AbstractByteBuf - -Dio.netty.buffer.checkBounds: true
2022-01-04 19:22:26.913 [AsyncHttpClient-1-2][2157] DEBUG io.netty.util.ResourceLeakDetectorFactory - Loaded default ResourceLeakDetector: io.netty.util.ResourceLeakDetector@484dd8df
2022-01-04 19:22:26.926 [AsyncHttpClient-1-2][2170] DEBUG io.netty.util.Recycler - -Dio.netty.recycler.maxCapacityPerThread: 4096
2022-01-04 19:22:26.926 [AsyncHttpClient-1-2][2170] DEBUG io.netty.util.Recycler - -Dio.netty.recycler.maxSharedCapacityFactor: 2
2022-01-04 19:22:26.926 [AsyncHttpClient-1-2][2170] DEBUG io.netty.util.Recycler - -Dio.netty.recycler.linkCapacity: 16
2022-01-04 19:22:26.927 [AsyncHttpClient-1-2][2171] DEBUG io.netty.util.Recycler - -Dio.netty.recycler.ratio: 8
2022-01-04 19:22:26.927 [AsyncHttpClient-1-2][2171] DEBUG io.netty.util.Recycler - -Dio.netty.recycler.delayedQueue.ratio: 8
2022-01-04 19:22:27.527 [AsyncHttpClient-1-2][2771] DEBUG io.netty.handler.codec.compression.Brotli - brotli4j not in the classpath; Brotli support will be unavailable.
2022-01-04 19:22:27.595 [main][2839] DEBUG io.netty.util.internal.ThreadLocalRandom - -Dio.netty.initialSeedUniquifier: 0x661882e5497d8372
2022-01-04 19:22:27.618 [main][2862] INFO  step_definitions.Hooks - Launch Browser
2022-01-04 19:22:29.551 [main][4795] INFO  page_objects.HomePage - User Is In Home Page
2022-01-04 19:22:29.617 [main][4861] INFO  step_definitions.SignInSteps - User Click On Sign In
2022-01-04 19:22:30.538 [main][5782] INFO  step_definitions.SignInSteps - User Click On Sign In From The Drop Down Menu
2022-01-04 19:22:31.237 [main][6481] INFO  step_definitions.SignInSteps - User Enter User Name And Password
2022-01-04 19:22:33.398 [main][8642] INFO  step_definitions.SignInSteps - User Click On Sign In
2022-01-04 19:22:33.972 [main][9216] INFO  step_definitions.Hooks - Close Browser
2022-01-04 19:22:35.106 [main][10350] INFO  step_definitions.Hooks - Launch Browser
2022-01-04 19:22:36.845 [main][12089] INFO  page_objects.HomePage - User Is In Home Page
2022-01-04 19:22:36.912 [main][12156] INFO  step_definitions.SignInSteps - User Click On Sign In
2022-01-04 19:22:37.821 [main][13065] INFO  step_definitions.SignInSteps - User Click On Sign In From The Drop Down Menu
2022-01-04 19:22:38.515 [main][13759] INFO  step_definitions.SignInSteps - User Enter User Name And Password
2022-01-04 19:22:40.665 [main][15909] INFO  step_definitions.SignInSteps - User Click On Sign In
2022-01-04 19:22:41.230 [main][16474] INFO  step_definitions.Hooks - Close Browser
