2022-01-04 20:51:41.795 [main][1055] DEBUG io.netty.util.internal.logging.InternalLoggerFactory - Using Log4J2 as the default logging framework
2022-01-04 20:51:41.799 [main][1059] DEBUG io.netty.util.ResourceLeakDetector - -Dio.netty.leakDetection.level: simple
2022-01-04 20:51:41.800 [main][1060] DEBUG io.netty.util.ResourceLeakDetector - -Dio.netty.leakDetection.targetRecords: 4
2022-01-04 20:51:41.802 [main][1062] DEBUG io.netty.util.ResourceLeakDetectorFactory - Loaded default ResourceLeakDetector: io.netty.util.ResourceLeakDetector@365553de
2022-01-04 20:51:41.812 [main][1072] DEBUG io.netty.util.internal.PlatformDependent0 - -Dio.netty.noUnsafe: false
2022-01-04 20:51:41.812 [main][1072] DEBUG io.netty.util.internal.PlatformDependent0 - Java version: 11
2022-01-04 20:51:41.813 [main][1073] DEBUG io.netty.util.internal.PlatformDependent0 - sun.misc.Unsafe.theUnsafe: available
2022-01-04 20:51:41.813 [main][1073] DEBUG io.netty.util.internal.PlatformDependent0 - sun.misc.Unsafe.copyMemory: available
2022-01-04 20:51:41.814 [main][1074] DEBUG io.netty.util.internal.PlatformDependent0 - java.nio.Buffer.address: available
2022-01-04 20:51:41.814 [main][1074] DEBUG io.netty.util.internal.PlatformDependent0 - direct buffer constructor: unavailable: Reflective setAccessible(true) disabled
2022-01-04 20:51:41.814 [main][1074] DEBUG io.netty.util.internal.PlatformDependent0 - java.nio.Bits.unaligned: available, true
2022-01-04 20:51:41.815 [main][1075] DEBUG io.netty.util.internal.PlatformDependent0 - jdk.internal.misc.Unsafe.allocateUninitializedArray(int): unavailable: class io.netty.util.internal.PlatformDependent0$6 cannot access class jdk.internal.misc.Unsafe (in module java.base) because module java.base does not export jdk.internal.misc to unnamed module @45820e51
2022-01-04 20:51:41.815 [main][1075] DEBUG io.netty.util.internal.PlatformDependent0 - java.nio.DirectByteBuffer.<init>(long, int): unavailable
2022-01-04 20:51:41.816 [main][1076] DEBUG io.netty.util.internal.PlatformDependent - sun.misc.Unsafe: available
2022-01-04 20:51:41.816 [main][1076] DEBUG io.netty.util.internal.PlatformDependent - maxDirectMemory: 17133731840 bytes (maybe)
2022-01-04 20:51:41.816 [main][1076] DEBUG io.netty.util.internal.PlatformDependent - -Dio.netty.tmpdir: C:\Users\ahmed\AppData\Local\Temp (java.io.tmpdir)
2022-01-04 20:51:41.816 [main][1076] DEBUG io.netty.util.internal.PlatformDependent - -Dio.netty.bitMode: 64 (sun.arch.data.model)
2022-01-04 20:51:41.816 [main][1076] DEBUG io.netty.util.internal.PlatformDependent - Platform: Windows
2022-01-04 20:51:41.817 [main][1077] DEBUG io.netty.util.internal.PlatformDependent - -Dio.netty.maxDirectMemory: -1 bytes
2022-01-04 20:51:41.817 [main][1077] DEBUG io.netty.util.internal.PlatformDependent - -Dio.netty.uninitializedArrayAllocationThreshold: -1
2022-01-04 20:51:41.817 [main][1077] DEBUG io.netty.util.internal.CleanerJava9 - java.nio.ByteBuffer.cleaner(): available
2022-01-04 20:51:41.817 [main][1077] DEBUG io.netty.util.internal.PlatformDependent - -Dio.netty.noPreferDirect: false
2022-01-04 20:51:41.822 [main][1082] DEBUG io.netty.util.internal.PlatformDependent - org.jctools-core.MpscChunkedArrayQueue: available
2022-01-04 20:51:41.831 [main][1091] DEBUG io.netty.util.internal.InternalThreadLocalMap - -Dio.netty.threadLocalMap.stringBuilder.initialSize: 1024
2022-01-04 20:51:41.831 [main][1091] DEBUG io.netty.util.internal.InternalThreadLocalMap - -Dio.netty.threadLocalMap.stringBuilder.maxSize: 4096
2022-01-04 20:51:41.843 [main][1103] DEBUG io.netty.handler.ssl.JdkSslContext - Default protocols (JDK): [TLSv1.3, TLSv1.2] 
2022-01-04 20:51:41.843 [main][1103] DEBUG io.netty.handler.ssl.JdkSslContext - Default cipher suites (JDK): [TLS_ECDHE_ECDSA_WITH_AES_256_GCM_SHA384, TLS_ECDHE_ECDSA_WITH_AES_128_GCM_SHA256, TLS_ECDHE_RSA_WITH_AES_128_GCM_SHA256, TLS_ECDHE_RSA_WITH_AES_256_GCM_SHA384, TLS_ECDHE_RSA_WITH_AES_128_CBC_SHA, TLS_ECDHE_RSA_WITH_AES_256_CBC_SHA, TLS_RSA_WITH_AES_128_GCM_SHA256, TLS_RSA_WITH_AES_128_CBC_SHA, TLS_RSA_WITH_AES_256_CBC_SHA, TLS_AES_128_GCM_SHA256, TLS_AES_256_GCM_SHA384]
2022-01-04 20:51:41.857 [main][1117] DEBUG io.netty.channel.MultithreadEventLoopGroup - -Dio.netty.eventLoopThreads: 40
2022-01-04 20:51:41.861 [main][1121] DEBUG io.netty.channel.nio.NioEventLoop - -Dio.netty.noKeySetOptimization: false
2022-01-04 20:51:41.861 [main][1121] DEBUG io.netty.channel.nio.NioEventLoop - -Dio.netty.selectorAutoRebuildThreshold: 512
2022-01-04 20:51:41.888 [main][1148] DEBUG io.netty.buffer.PooledByteBufAllocator - -Dio.netty.allocator.numHeapArenas: 40
2022-01-04 20:51:41.888 [main][1148] DEBUG io.netty.buffer.PooledByteBufAllocator - -Dio.netty.allocator.numDirectArenas: 40
2022-01-04 20:51:41.889 [main][1149] DEBUG io.netty.buffer.PooledByteBufAllocator - -Dio.netty.allocator.pageSize: 8192
2022-01-04 20:51:41.889 [main][1149] DEBUG io.netty.buffer.PooledByteBufAllocator - -Dio.netty.allocator.maxOrder: 11
2022-01-04 20:51:41.889 [main][1149] DEBUG io.netty.buffer.PooledByteBufAllocator - -Dio.netty.allocator.chunkSize: 16777216
2022-01-04 20:51:41.889 [main][1149] DEBUG io.netty.buffer.PooledByteBufAllocator - -Dio.netty.allocator.smallCacheSize: 256
2022-01-04 20:51:41.889 [main][1149] DEBUG io.netty.buffer.PooledByteBufAllocator - -Dio.netty.allocator.normalCacheSize: 64
2022-01-04 20:51:41.889 [main][1149] DEBUG io.netty.buffer.PooledByteBufAllocator - -Dio.netty.allocator.maxCachedBufferCapacity: 32768
2022-01-04 20:51:41.889 [main][1149] DEBUG io.netty.buffer.PooledByteBufAllocator - -Dio.netty.allocator.cacheTrimInterval: 8192
2022-01-04 20:51:41.889 [main][1149] DEBUG io.netty.buffer.PooledByteBufAllocator - -Dio.netty.allocator.cacheTrimIntervalMillis: 0
2022-01-04 20:51:41.889 [main][1149] DEBUG io.netty.buffer.PooledByteBufAllocator - -Dio.netty.allocator.useCacheForAllThreads: true
2022-01-04 20:51:41.889 [main][1149] DEBUG io.netty.buffer.PooledByteBufAllocator - -Dio.netty.allocator.maxCachedByteBuffersPerChunk: 1023
2022-01-04 20:51:41.895 [main][1155] DEBUG io.netty.buffer.ByteBufUtil - -Dio.netty.allocator.type: pooled
2022-01-04 20:51:41.895 [main][1155] DEBUG io.netty.buffer.ByteBufUtil - -Dio.netty.threadLocalDirectBufferSize: 0
2022-01-04 20:51:41.895 [main][1155] DEBUG io.netty.buffer.ByteBufUtil - -Dio.netty.maxThreadLocalCharBufferSize: 16384
2022-01-04 20:51:42.533 [Forwarding newSession on session null to remote][1793] DEBUG io.netty.channel.DefaultChannelId - -Dio.netty.processId: 30760 (auto-detected)
2022-01-04 20:51:42.534 [Forwarding newSession on session null to remote][1794] DEBUG io.netty.util.NetUtil - -Djava.net.preferIPv4Stack: false
2022-01-04 20:51:42.534 [Forwarding newSession on session null to remote][1794] DEBUG io.netty.util.NetUtil - -Djava.net.preferIPv6Addresses: false
2022-01-04 20:51:42.671 [Forwarding newSession on session null to remote][1931] DEBUG io.netty.util.NetUtilInitializations - Loopback interface: lo (Software Loopback Interface 1, 127.0.0.1)
2022-01-04 20:51:42.672 [Forwarding newSession on session null to remote][1932] DEBUG io.netty.util.NetUtil - Failed to get SOMAXCONN from sysctl and file \proc\sys\net\core\somaxconn. Default: 200
2022-01-04 20:51:42.816 [Forwarding newSession on session null to remote][2076] DEBUG io.netty.channel.DefaultChannelId - -Dio.netty.machineId: f0:2f:74:ff:fe:d4:02:2a (auto-detected)
2022-01-04 20:51:42.842 [AsyncHttpClient-1-2][2102] DEBUG io.netty.buffer.AbstractByteBuf - -Dio.netty.buffer.checkAccessible: true
2022-01-04 20:51:42.842 [AsyncHttpClient-1-2][2102] DEBUG io.netty.buffer.AbstractByteBuf - -Dio.netty.buffer.checkBounds: true
2022-01-04 20:51:42.842 [AsyncHttpClient-1-2][2102] DEBUG io.netty.util.ResourceLeakDetectorFactory - Loaded default ResourceLeakDetector: io.netty.util.ResourceLeakDetector@3cf9b6c0
2022-01-04 20:51:42.862 [AsyncHttpClient-1-2][2122] DEBUG io.netty.util.Recycler - -Dio.netty.recycler.maxCapacityPerThread: 4096
2022-01-04 20:51:42.862 [AsyncHttpClient-1-2][2122] DEBUG io.netty.util.Recycler - -Dio.netty.recycler.maxSharedCapacityFactor: 2
2022-01-04 20:51:42.862 [AsyncHttpClient-1-2][2122] DEBUG io.netty.util.Recycler - -Dio.netty.recycler.linkCapacity: 16
2022-01-04 20:51:42.862 [AsyncHttpClient-1-2][2122] DEBUG io.netty.util.Recycler - -Dio.netty.recycler.ratio: 8
2022-01-04 20:51:42.862 [AsyncHttpClient-1-2][2122] DEBUG io.netty.util.Recycler - -Dio.netty.recycler.delayedQueue.ratio: 8
2022-01-04 20:51:43.458 [AsyncHttpClient-1-2][2718] DEBUG io.netty.handler.codec.compression.Brotli - brotli4j not in the classpath; Brotli support will be unavailable.
2022-01-04 20:51:43.518 [main][2778] DEBUG io.netty.util.internal.ThreadLocalRandom - -Dio.netty.initialSeedUniquifier: 0x9c6f878edf21fb01
2022-01-04 20:51:43.538 [main][2798] INFO  step_definitions.Hooks - Launch Browser
2022-01-04 20:51:45.170 [main][4430] INFO  page_objects.HomePage - User Is In Home Page
2022-01-04 20:51:45.171 [main][4431] DEBUG page_objects.Categories - Click On Deals
2022-01-04 20:51:46.240 [main][5500] DEBUG page_objects.Categories - Chose on going deals
2022-01-04 20:51:46.546 [main][5806] DEBUG page_objects.Categories - User is in the category page
2022-01-04 20:51:48.547 [main][7807] DEBUG page_objects.Categories - Page Headline isNew Arrivals
2022-01-04 20:51:49.242 [main][8502] INFO  step_definitions.Hooks - Close Browser
2022-01-04 20:51:50.326 [main][9586] INFO  step_definitions.Hooks - Launch Browser
2022-01-04 20:51:51.923 [main][11183] INFO  page_objects.HomePage - User Is In Home Page
2022-01-04 20:51:51.923 [main][11183] DEBUG page_objects.Categories - Click On Deals
2022-01-04 20:51:52.994 [main][12254] DEBUG page_objects.Categories - Chose on going deals
2022-01-04 20:51:53.303 [main][12563] DEBUG page_objects.Categories - User is in the category page
2022-01-04 20:51:55.303 [main][14563] DEBUG page_objects.Categories - Page Headline isMen's New Arrivals
2022-01-04 20:51:56.069 [main][15329] INFO  step_definitions.Hooks - Close Browser
2022-01-04 20:51:57.196 [main][16456] INFO  step_definitions.Hooks - Launch Browser
2022-01-04 20:52:00.054 [main][19314] INFO  page_objects.HomePage - User Is In Home Page
2022-01-04 20:52:00.055 [main][19315] DEBUG page_objects.Categories - Click On Deals
2022-01-04 20:52:01.124 [main][20384] DEBUG page_objects.Categories - Chose on going deals
2022-01-04 20:52:01.437 [main][20697] DEBUG page_objects.Categories - User is in the category page
2022-01-04 20:52:03.437 [main][22697] DEBUG page_objects.Categories - Page Headline isKids' New Arrivals
2022-01-04 20:52:04.158 [main][23418] INFO  step_definitions.Hooks - Close Browser
