2022-01-04 20:17:31.356 [main][1053] DEBUG io.netty.util.internal.logging.InternalLoggerFactory - Using Log4J2 as the default logging framework
2022-01-04 20:17:31.360 [main][1057] DEBUG io.netty.util.ResourceLeakDetector - -Dio.netty.leakDetection.level: simple
2022-01-04 20:17:31.360 [main][1057] DEBUG io.netty.util.ResourceLeakDetector - -Dio.netty.leakDetection.targetRecords: 4
2022-01-04 20:17:31.363 [main][1060] DEBUG io.netty.util.ResourceLeakDetectorFactory - Loaded default ResourceLeakDetector: io.netty.util.ResourceLeakDetector@365553de
2022-01-04 20:17:31.373 [main][1070] DEBUG io.netty.util.internal.PlatformDependent0 - -Dio.netty.noUnsafe: false
2022-01-04 20:17:31.373 [main][1070] DEBUG io.netty.util.internal.PlatformDependent0 - Java version: 11
2022-01-04 20:17:31.374 [main][1071] DEBUG io.netty.util.internal.PlatformDependent0 - sun.misc.Unsafe.theUnsafe: available
2022-01-04 20:17:31.374 [main][1071] DEBUG io.netty.util.internal.PlatformDependent0 - sun.misc.Unsafe.copyMemory: available
2022-01-04 20:17:31.375 [main][1072] DEBUG io.netty.util.internal.PlatformDependent0 - java.nio.Buffer.address: available
2022-01-04 20:17:31.375 [main][1072] DEBUG io.netty.util.internal.PlatformDependent0 - direct buffer constructor: unavailable: Reflective setAccessible(true) disabled
2022-01-04 20:17:31.375 [main][1072] DEBUG io.netty.util.internal.PlatformDependent0 - java.nio.Bits.unaligned: available, true
2022-01-04 20:17:31.376 [main][1073] DEBUG io.netty.util.internal.PlatformDependent0 - jdk.internal.misc.Unsafe.allocateUninitializedArray(int): unavailable: class io.netty.util.internal.PlatformDependent0$6 cannot access class jdk.internal.misc.Unsafe (in module java.base) because module java.base does not export jdk.internal.misc to unnamed module @45820e51
2022-01-04 20:17:31.376 [main][1073] DEBUG io.netty.util.internal.PlatformDependent0 - java.nio.DirectByteBuffer.<init>(long, int): unavailable
2022-01-04 20:17:31.376 [main][1073] DEBUG io.netty.util.internal.PlatformDependent - sun.misc.Unsafe: available
2022-01-04 20:17:31.377 [main][1074] DEBUG io.netty.util.internal.PlatformDependent - maxDirectMemory: 17133731840 bytes (maybe)
2022-01-04 20:17:31.377 [main][1074] DEBUG io.netty.util.internal.PlatformDependent - -Dio.netty.tmpdir: C:\Users\ahmed\AppData\Local\Temp (java.io.tmpdir)
2022-01-04 20:17:31.377 [main][1074] DEBUG io.netty.util.internal.PlatformDependent - -Dio.netty.bitMode: 64 (sun.arch.data.model)
2022-01-04 20:17:31.377 [main][1074] DEBUG io.netty.util.internal.PlatformDependent - Platform: Windows
2022-01-04 20:17:31.378 [main][1075] DEBUG io.netty.util.internal.PlatformDependent - -Dio.netty.maxDirectMemory: -1 bytes
2022-01-04 20:17:31.378 [main][1075] DEBUG io.netty.util.internal.PlatformDependent - -Dio.netty.uninitializedArrayAllocationThreshold: -1
2022-01-04 20:17:31.378 [main][1075] DEBUG io.netty.util.internal.CleanerJava9 - java.nio.ByteBuffer.cleaner(): available
2022-01-04 20:17:31.378 [main][1075] DEBUG io.netty.util.internal.PlatformDependent - -Dio.netty.noPreferDirect: false
2022-01-04 20:17:31.383 [main][1080] DEBUG io.netty.util.internal.PlatformDependent - org.jctools-core.MpscChunkedArrayQueue: available
2022-01-04 20:17:31.393 [main][1090] DEBUG io.netty.util.internal.InternalThreadLocalMap - -Dio.netty.threadLocalMap.stringBuilder.initialSize: 1024
2022-01-04 20:17:31.393 [main][1090] DEBUG io.netty.util.internal.InternalThreadLocalMap - -Dio.netty.threadLocalMap.stringBuilder.maxSize: 4096
2022-01-04 20:17:31.405 [main][1102] DEBUG io.netty.handler.ssl.JdkSslContext - Default protocols (JDK): [TLSv1.3, TLSv1.2] 
2022-01-04 20:17:31.406 [main][1103] DEBUG io.netty.handler.ssl.JdkSslContext - Default cipher suites (JDK): [TLS_ECDHE_ECDSA_WITH_AES_256_GCM_SHA384, TLS_ECDHE_ECDSA_WITH_AES_128_GCM_SHA256, TLS_ECDHE_RSA_WITH_AES_128_GCM_SHA256, TLS_ECDHE_RSA_WITH_AES_256_GCM_SHA384, TLS_ECDHE_RSA_WITH_AES_128_CBC_SHA, TLS_ECDHE_RSA_WITH_AES_256_CBC_SHA, TLS_RSA_WITH_AES_128_GCM_SHA256, TLS_RSA_WITH_AES_128_CBC_SHA, TLS_RSA_WITH_AES_256_CBC_SHA, TLS_AES_128_GCM_SHA256, TLS_AES_256_GCM_SHA384]
2022-01-04 20:17:31.419 [main][1116] DEBUG io.netty.channel.MultithreadEventLoopGroup - -Dio.netty.eventLoopThreads: 40
2022-01-04 20:17:31.424 [main][1121] DEBUG io.netty.channel.nio.NioEventLoop - -Dio.netty.noKeySetOptimization: false
2022-01-04 20:17:31.424 [main][1121] DEBUG io.netty.channel.nio.NioEventLoop - -Dio.netty.selectorAutoRebuildThreshold: 512
2022-01-04 20:17:31.451 [main][1148] DEBUG io.netty.buffer.PooledByteBufAllocator - -Dio.netty.allocator.numHeapArenas: 40
2022-01-04 20:17:31.451 [main][1148] DEBUG io.netty.buffer.PooledByteBufAllocator - -Dio.netty.allocator.numDirectArenas: 40
2022-01-04 20:17:31.451 [main][1148] DEBUG io.netty.buffer.PooledByteBufAllocator - -Dio.netty.allocator.pageSize: 8192
2022-01-04 20:17:31.452 [main][1149] DEBUG io.netty.buffer.PooledByteBufAllocator - -Dio.netty.allocator.maxOrder: 11
2022-01-04 20:17:31.452 [main][1149] DEBUG io.netty.buffer.PooledByteBufAllocator - -Dio.netty.allocator.chunkSize: 16777216
2022-01-04 20:17:31.452 [main][1149] DEBUG io.netty.buffer.PooledByteBufAllocator - -Dio.netty.allocator.smallCacheSize: 256
2022-01-04 20:17:31.452 [main][1149] DEBUG io.netty.buffer.PooledByteBufAllocator - -Dio.netty.allocator.normalCacheSize: 64
2022-01-04 20:17:31.452 [main][1149] DEBUG io.netty.buffer.PooledByteBufAllocator - -Dio.netty.allocator.maxCachedBufferCapacity: 32768
2022-01-04 20:17:31.452 [main][1149] DEBUG io.netty.buffer.PooledByteBufAllocator - -Dio.netty.allocator.cacheTrimInterval: 8192
2022-01-04 20:17:31.452 [main][1149] DEBUG io.netty.buffer.PooledByteBufAllocator - -Dio.netty.allocator.cacheTrimIntervalMillis: 0
2022-01-04 20:17:31.452 [main][1149] DEBUG io.netty.buffer.PooledByteBufAllocator - -Dio.netty.allocator.useCacheForAllThreads: true
2022-01-04 20:17:31.452 [main][1149] DEBUG io.netty.buffer.PooledByteBufAllocator - -Dio.netty.allocator.maxCachedByteBuffersPerChunk: 1023
2022-01-04 20:17:31.458 [main][1155] DEBUG io.netty.buffer.ByteBufUtil - -Dio.netty.allocator.type: pooled
2022-01-04 20:17:31.458 [main][1155] DEBUG io.netty.buffer.ByteBufUtil - -Dio.netty.threadLocalDirectBufferSize: 0
2022-01-04 20:17:31.458 [main][1155] DEBUG io.netty.buffer.ByteBufUtil - -Dio.netty.maxThreadLocalCharBufferSize: 16384
2022-01-04 20:17:32.099 [Forwarding newSession on session null to remote][1796] DEBUG io.netty.channel.DefaultChannelId - -Dio.netty.processId: 43032 (auto-detected)
2022-01-04 20:17:32.100 [Forwarding newSession on session null to remote][1797] DEBUG io.netty.util.NetUtil - -Djava.net.preferIPv4Stack: false
2022-01-04 20:17:32.100 [Forwarding newSession on session null to remote][1797] DEBUG io.netty.util.NetUtil - -Djava.net.preferIPv6Addresses: false
2022-01-04 20:17:32.234 [Forwarding newSession on session null to remote][1931] DEBUG io.netty.util.NetUtilInitializations - Loopback interface: lo (Software Loopback Interface 1, 127.0.0.1)
2022-01-04 20:17:32.235 [Forwarding newSession on session null to remote][1932] DEBUG io.netty.util.NetUtil - Failed to get SOMAXCONN from sysctl and file \proc\sys\net\core\somaxconn. Default: 200
2022-01-04 20:17:32.378 [Forwarding newSession on session null to remote][2075] DEBUG io.netty.channel.DefaultChannelId - -Dio.netty.machineId: f0:2f:74:ff:fe:d4:02:2a (auto-detected)
2022-01-04 20:17:32.404 [AsyncHttpClient-1-2][2101] DEBUG io.netty.buffer.AbstractByteBuf - -Dio.netty.buffer.checkAccessible: true
2022-01-04 20:17:32.404 [AsyncHttpClient-1-2][2101] DEBUG io.netty.buffer.AbstractByteBuf - -Dio.netty.buffer.checkBounds: true
2022-01-04 20:17:32.404 [AsyncHttpClient-1-2][2101] DEBUG io.netty.util.ResourceLeakDetectorFactory - Loaded default ResourceLeakDetector: io.netty.util.ResourceLeakDetector@444cda1e
2022-01-04 20:17:32.417 [AsyncHttpClient-1-2][2114] DEBUG io.netty.util.Recycler - -Dio.netty.recycler.maxCapacityPerThread: 4096
2022-01-04 20:17:32.417 [AsyncHttpClient-1-2][2114] DEBUG io.netty.util.Recycler - -Dio.netty.recycler.maxSharedCapacityFactor: 2
2022-01-04 20:17:32.417 [AsyncHttpClient-1-2][2114] DEBUG io.netty.util.Recycler - -Dio.netty.recycler.linkCapacity: 16
2022-01-04 20:17:32.417 [AsyncHttpClient-1-2][2114] DEBUG io.netty.util.Recycler - -Dio.netty.recycler.ratio: 8
2022-01-04 20:17:32.417 [AsyncHttpClient-1-2][2114] DEBUG io.netty.util.Recycler - -Dio.netty.recycler.delayedQueue.ratio: 8
2022-01-04 20:17:33.014 [AsyncHttpClient-1-2][2711] DEBUG io.netty.handler.codec.compression.Brotli - brotli4j not in the classpath; Brotli support will be unavailable.
2022-01-04 20:17:33.079 [main][2776] DEBUG io.netty.util.internal.ThreadLocalRandom - -Dio.netty.initialSeedUniquifier: 0x2c734b99f75284a9
2022-01-04 20:17:33.099 [main][2796] INFO  step_definitions.Hooks - Launch Browser
2022-01-04 20:17:34.860 [main][4557] INFO  page_objects.HomePage - User Is In Home Page
2022-01-04 20:17:34.861 [main][4558] DEBUG page_objects.Categories - Click On Deals
2022-01-04 20:17:35.929 [main][5626] DEBUG page_objects.Categories - Chose on going deals
2022-01-04 20:17:36.241 [main][5938] DEBUG page_objects.Categories - User is in the category page
2022-01-04 20:17:37.242 [main][6939] DEBUG page_objects.Categories - Page Headline isNew Arrivals
2022-01-04 20:17:37.868 [main][7565] INFO  step_definitions.Hooks - Close Browser
2022-01-04 20:17:39.066 [main][8763] INFO  step_definitions.Hooks - Launch Browser
2022-01-04 20:17:42.109 [main][11806] INFO  page_objects.HomePage - User Is In Home Page
2022-01-04 20:17:42.109 [main][11806] DEBUG page_objects.Categories - Click On Deals
2022-01-04 20:17:43.174 [main][12871] DEBUG page_objects.Categories - Chose on going deals
2022-01-04 20:17:43.484 [main][13181] DEBUG page_objects.Categories - User is in the category page
2022-01-04 20:17:44.484 [main][14181] DEBUG page_objects.Categories - Page Headline isMen's New Arrivals
2022-01-04 20:17:45.252 [main][14949] INFO  step_definitions.Hooks - Close Browser
2022-01-04 20:17:46.329 [main][16026] INFO  step_definitions.Hooks - Launch Browser
2022-01-04 20:17:47.493 [main][17190] INFO  page_objects.HomePage - User Is In Home Page
2022-01-04 20:17:47.493 [main][17190] DEBUG page_objects.Categories - Click On Deals
2022-01-04 20:17:49.011 [main][18708] DEBUG page_objects.Categories - Chose on going deals
2022-01-04 20:17:49.796 [main][19493] DEBUG page_objects.Categories - User is in the category page
2022-01-04 20:17:50.797 [main][20494] DEBUG page_objects.Categories - Page Headline isKids' New Arrivals
2022-01-04 20:17:51.393 [main][21090] INFO  step_definitions.Hooks - Close Browser
