2022-01-04 18:23:23.818 [main][1048] DEBUG io.netty.util.internal.logging.InternalLoggerFactory - Using Log4J2 as the default logging framework
2022-01-04 18:23:23.823 [main][1053] DEBUG io.netty.util.ResourceLeakDetector - -Dio.netty.leakDetection.level: simple
2022-01-04 18:23:23.823 [main][1053] DEBUG io.netty.util.ResourceLeakDetector - -Dio.netty.leakDetection.targetRecords: 4
2022-01-04 18:23:23.825 [main][1055] DEBUG io.netty.util.ResourceLeakDetectorFactory - Loaded default ResourceLeakDetector: io.netty.util.ResourceLeakDetector@3350ebdd
2022-01-04 18:23:23.835 [main][1065] DEBUG io.netty.util.internal.PlatformDependent0 - -Dio.netty.noUnsafe: false
2022-01-04 18:23:23.835 [main][1065] DEBUG io.netty.util.internal.PlatformDependent0 - Java version: 11
2022-01-04 18:23:23.836 [main][1066] DEBUG io.netty.util.internal.PlatformDependent0 - sun.misc.Unsafe.theUnsafe: available
2022-01-04 18:23:23.836 [main][1066] DEBUG io.netty.util.internal.PlatformDependent0 - sun.misc.Unsafe.copyMemory: available
2022-01-04 18:23:23.837 [main][1067] DEBUG io.netty.util.internal.PlatformDependent0 - java.nio.Buffer.address: available
2022-01-04 18:23:23.837 [main][1067] DEBUG io.netty.util.internal.PlatformDependent0 - direct buffer constructor: unavailable: Reflective setAccessible(true) disabled
2022-01-04 18:23:23.837 [main][1067] DEBUG io.netty.util.internal.PlatformDependent0 - java.nio.Bits.unaligned: available, true
2022-01-04 18:23:23.838 [main][1068] DEBUG io.netty.util.internal.PlatformDependent0 - jdk.internal.misc.Unsafe.allocateUninitializedArray(int): unavailable: class io.netty.util.internal.PlatformDependent0$6 cannot access class jdk.internal.misc.Unsafe (in module java.base) because module java.base does not export jdk.internal.misc to unnamed module @45820e51
2022-01-04 18:23:23.838 [main][1068] DEBUG io.netty.util.internal.PlatformDependent0 - java.nio.DirectByteBuffer.<init>(long, int): unavailable
2022-01-04 18:23:23.838 [main][1068] DEBUG io.netty.util.internal.PlatformDependent - sun.misc.Unsafe: available
2022-01-04 18:23:23.839 [main][1069] DEBUG io.netty.util.internal.PlatformDependent - maxDirectMemory: 17133731840 bytes (maybe)
2022-01-04 18:23:23.839 [main][1069] DEBUG io.netty.util.internal.PlatformDependent - -Dio.netty.tmpdir: C:\Users\ahmed\AppData\Local\Temp (java.io.tmpdir)
2022-01-04 18:23:23.839 [main][1069] DEBUG io.netty.util.internal.PlatformDependent - -Dio.netty.bitMode: 64 (sun.arch.data.model)
2022-01-04 18:23:23.839 [main][1069] DEBUG io.netty.util.internal.PlatformDependent - Platform: Windows
2022-01-04 18:23:23.840 [main][1070] DEBUG io.netty.util.internal.PlatformDependent - -Dio.netty.maxDirectMemory: -1 bytes
2022-01-04 18:23:23.840 [main][1070] DEBUG io.netty.util.internal.PlatformDependent - -Dio.netty.uninitializedArrayAllocationThreshold: -1
2022-01-04 18:23:23.840 [main][1070] DEBUG io.netty.util.internal.CleanerJava9 - java.nio.ByteBuffer.cleaner(): available
2022-01-04 18:23:23.840 [main][1070] DEBUG io.netty.util.internal.PlatformDependent - -Dio.netty.noPreferDirect: false
2022-01-04 18:23:23.845 [main][1075] DEBUG io.netty.util.internal.PlatformDependent - org.jctools-core.MpscChunkedArrayQueue: available
2022-01-04 18:23:23.854 [main][1084] DEBUG io.netty.util.internal.InternalThreadLocalMap - -Dio.netty.threadLocalMap.stringBuilder.initialSize: 1024
2022-01-04 18:23:23.854 [main][1084] DEBUG io.netty.util.internal.InternalThreadLocalMap - -Dio.netty.threadLocalMap.stringBuilder.maxSize: 4096
2022-01-04 18:23:23.867 [main][1097] DEBUG io.netty.handler.ssl.JdkSslContext - Default protocols (JDK): [TLSv1.3, TLSv1.2] 
2022-01-04 18:23:23.867 [main][1097] DEBUG io.netty.handler.ssl.JdkSslContext - Default cipher suites (JDK): [TLS_ECDHE_ECDSA_WITH_AES_256_GCM_SHA384, TLS_ECDHE_ECDSA_WITH_AES_128_GCM_SHA256, TLS_ECDHE_RSA_WITH_AES_128_GCM_SHA256, TLS_ECDHE_RSA_WITH_AES_256_GCM_SHA384, TLS_ECDHE_RSA_WITH_AES_128_CBC_SHA, TLS_ECDHE_RSA_WITH_AES_256_CBC_SHA, TLS_RSA_WITH_AES_128_GCM_SHA256, TLS_RSA_WITH_AES_128_CBC_SHA, TLS_RSA_WITH_AES_256_CBC_SHA, TLS_AES_128_GCM_SHA256, TLS_AES_256_GCM_SHA384]
2022-01-04 18:23:23.882 [main][1112] DEBUG io.netty.channel.MultithreadEventLoopGroup - -Dio.netty.eventLoopThreads: 40
2022-01-04 18:23:23.886 [main][1116] DEBUG io.netty.channel.nio.NioEventLoop - -Dio.netty.noKeySetOptimization: false
2022-01-04 18:23:23.887 [main][1117] DEBUG io.netty.channel.nio.NioEventLoop - -Dio.netty.selectorAutoRebuildThreshold: 512
2022-01-04 18:23:23.916 [main][1146] DEBUG io.netty.buffer.PooledByteBufAllocator - -Dio.netty.allocator.numHeapArenas: 40
2022-01-04 18:23:23.916 [main][1146] DEBUG io.netty.buffer.PooledByteBufAllocator - -Dio.netty.allocator.numDirectArenas: 40
2022-01-04 18:23:23.916 [main][1146] DEBUG io.netty.buffer.PooledByteBufAllocator - -Dio.netty.allocator.pageSize: 8192
2022-01-04 18:23:23.916 [main][1146] DEBUG io.netty.buffer.PooledByteBufAllocator - -Dio.netty.allocator.maxOrder: 11
2022-01-04 18:23:23.917 [main][1147] DEBUG io.netty.buffer.PooledByteBufAllocator - -Dio.netty.allocator.chunkSize: 16777216
2022-01-04 18:23:23.917 [main][1147] DEBUG io.netty.buffer.PooledByteBufAllocator - -Dio.netty.allocator.smallCacheSize: 256
2022-01-04 18:23:23.917 [main][1147] DEBUG io.netty.buffer.PooledByteBufAllocator - -Dio.netty.allocator.normalCacheSize: 64
2022-01-04 18:23:23.917 [main][1147] DEBUG io.netty.buffer.PooledByteBufAllocator - -Dio.netty.allocator.maxCachedBufferCapacity: 32768
2022-01-04 18:23:23.917 [main][1147] DEBUG io.netty.buffer.PooledByteBufAllocator - -Dio.netty.allocator.cacheTrimInterval: 8192
2022-01-04 18:23:23.917 [main][1147] DEBUG io.netty.buffer.PooledByteBufAllocator - -Dio.netty.allocator.cacheTrimIntervalMillis: 0
2022-01-04 18:23:23.917 [main][1147] DEBUG io.netty.buffer.PooledByteBufAllocator - -Dio.netty.allocator.useCacheForAllThreads: true
2022-01-04 18:23:23.917 [main][1147] DEBUG io.netty.buffer.PooledByteBufAllocator - -Dio.netty.allocator.maxCachedByteBuffersPerChunk: 1023
2022-01-04 18:23:23.924 [main][1154] DEBUG io.netty.buffer.ByteBufUtil - -Dio.netty.allocator.type: pooled
2022-01-04 18:23:23.924 [main][1154] DEBUG io.netty.buffer.ByteBufUtil - -Dio.netty.threadLocalDirectBufferSize: 0
2022-01-04 18:23:23.924 [main][1154] DEBUG io.netty.buffer.ByteBufUtil - -Dio.netty.maxThreadLocalCharBufferSize: 16384
2022-01-04 18:23:24.571 [Forwarding newSession on session null to remote][1801] DEBUG io.netty.channel.DefaultChannelId - -Dio.netty.processId: 38268 (auto-detected)
2022-01-04 18:23:24.572 [Forwarding newSession on session null to remote][1802] DEBUG io.netty.util.NetUtil - -Djava.net.preferIPv4Stack: false
2022-01-04 18:23:24.572 [Forwarding newSession on session null to remote][1802] DEBUG io.netty.util.NetUtil - -Djava.net.preferIPv6Addresses: false
2022-01-04 18:23:24.705 [Forwarding newSession on session null to remote][1935] DEBUG io.netty.util.NetUtilInitializations - Loopback interface: lo (Software Loopback Interface 1, 127.0.0.1)
2022-01-04 18:23:24.706 [Forwarding newSession on session null to remote][1936] DEBUG io.netty.util.NetUtil - Failed to get SOMAXCONN from sysctl and file \proc\sys\net\core\somaxconn. Default: 200
2022-01-04 18:23:24.849 [Forwarding newSession on session null to remote][2079] DEBUG io.netty.channel.DefaultChannelId - -Dio.netty.machineId: f0:2f:74:ff:fe:d4:02:2a (auto-detected)
2022-01-04 18:23:24.877 [AsyncHttpClient-1-2][2107] DEBUG io.netty.buffer.AbstractByteBuf - -Dio.netty.buffer.checkAccessible: true
2022-01-04 18:23:24.877 [AsyncHttpClient-1-2][2107] DEBUG io.netty.buffer.AbstractByteBuf - -Dio.netty.buffer.checkBounds: true
2022-01-04 18:23:24.877 [AsyncHttpClient-1-2][2107] DEBUG io.netty.util.ResourceLeakDetectorFactory - Loaded default ResourceLeakDetector: io.netty.util.ResourceLeakDetector@16ce589f
2022-01-04 18:23:24.891 [AsyncHttpClient-1-2][2121] DEBUG io.netty.util.Recycler - -Dio.netty.recycler.maxCapacityPerThread: 4096
2022-01-04 18:23:24.891 [AsyncHttpClient-1-2][2121] DEBUG io.netty.util.Recycler - -Dio.netty.recycler.maxSharedCapacityFactor: 2
2022-01-04 18:23:24.891 [AsyncHttpClient-1-2][2121] DEBUG io.netty.util.Recycler - -Dio.netty.recycler.linkCapacity: 16
2022-01-04 18:23:24.892 [AsyncHttpClient-1-2][2122] DEBUG io.netty.util.Recycler - -Dio.netty.recycler.ratio: 8
2022-01-04 18:23:24.892 [AsyncHttpClient-1-2][2122] DEBUG io.netty.util.Recycler - -Dio.netty.recycler.delayedQueue.ratio: 8
2022-01-04 18:23:25.492 [AsyncHttpClient-1-2][2722] DEBUG io.netty.handler.codec.compression.Brotli - brotli4j not in the classpath; Brotli support will be unavailable.
2022-01-04 18:23:25.552 [main][2782] DEBUG io.netty.util.internal.ThreadLocalRandom - -Dio.netty.initialSeedUniquifier: 0x5d94f507a8925ec0
2022-01-04 18:23:25.572 [main][2802] INFO  step_definitions.Hooks - Launch Browser
2022-01-04 18:23:27.253 [main][4483] INFO  page_objects.HomePage - User Is In Home Page
2022-01-04 18:23:27.255 [main][4485] DEBUG page_objects.Search - Clicked On Search Box
2022-01-04 18:23:27.327 [main][4557] INFO  step_definitions.SignInSteps - User clicked on search button
2022-01-04 18:23:27.327 [main][4557] DEBUG page_objects.Search - Typing Products
2022-01-04 18:23:27.465 [main][4695] INFO  step_definitions.SignInSteps - User typingFace Mask
2022-01-04 18:23:27.466 [main][4696] DEBUG page_objects.Search - Clicked On Search icon
2022-01-04 18:23:28.622 [main][5852] INFO  step_definitions.SignInSteps - User Clicked On Search Icon
2022-01-04 18:23:28.633 [main][5863] DEBUG page_objects.Search - Title isFace Mask : Target
2022-01-04 18:23:28.633 [main][5863] INFO  step_definitions.SignInSteps - Title isFace Mask : Target
2022-01-04 18:23:29.197 [main][6427] INFO  step_definitions.Hooks - Close Browser
2022-01-04 18:23:30.277 [main][7507] INFO  step_definitions.Hooks - Launch Browser
2022-01-04 18:23:31.960 [main][9190] INFO  page_objects.HomePage - User Is In Home Page
2022-01-04 18:23:31.960 [main][9190] DEBUG page_objects.Search - Clicked On Search Box
2022-01-04 18:23:32.042 [main][9272] INFO  step_definitions.SignInSteps - User clicked on search button
2022-01-04 18:23:32.043 [main][9273] DEBUG page_objects.Search - Typing Products
2022-01-04 18:23:32.205 [main][9435] INFO  step_definitions.SignInSteps - User typingHand sanitizer
2022-01-04 18:23:32.206 [main][9436] DEBUG page_objects.Search - Clicked On Search icon
2022-01-04 18:23:33.383 [main][10613] INFO  step_definitions.SignInSteps - User Clicked On Search Icon
2022-01-04 18:23:33.389 [main][10619] DEBUG page_objects.Search - Title isHand Sanitizer : Target
2022-01-04 18:23:33.389 [main][10619] INFO  step_definitions.SignInSteps - Title isHand Sanitizer : Target
2022-01-04 18:23:33.947 [main][11177] INFO  step_definitions.Hooks - Close Browser
2022-01-04 18:23:35.122 [main][12352] INFO  step_definitions.Hooks - Launch Browser
2022-01-04 18:23:37.959 [main][15189] INFO  page_objects.HomePage - User Is In Home Page
2022-01-04 18:23:37.960 [main][15190] DEBUG page_objects.Search - Clicked On Search Box
2022-01-04 18:23:38.036 [main][15266] INFO  step_definitions.SignInSteps - User clicked on search button
2022-01-04 18:23:38.036 [main][15266] DEBUG page_objects.Search - Typing Products
2022-01-04 18:23:38.187 [main][15417] INFO  step_definitions.SignInSteps - User typingRubbing alcohol
2022-01-04 18:23:38.188 [main][15418] DEBUG page_objects.Search - Clicked On Search icon
2022-01-04 18:23:39.364 [main][16594] INFO  step_definitions.SignInSteps - User Clicked On Search Icon
2022-01-04 18:23:39.370 [main][16600] DEBUG page_objects.Search - Title isRubbing Alcohol : Target
2022-01-04 18:23:39.370 [main][16600] INFO  step_definitions.SignInSteps - Title isRubbing Alcohol : Target
2022-01-04 18:23:39.936 [main][17166] INFO  step_definitions.Hooks - Close Browser
2022-01-04 18:23:41.063 [main][18293] INFO  step_definitions.Hooks - Launch Browser
2022-01-04 18:23:42.713 [main][19943] INFO  page_objects.HomePage - User Is In Home Page
2022-01-04 18:23:42.713 [main][19943] DEBUG page_objects.Search - Clicked On Search Box
2022-01-04 18:23:42.789 [main][20019] INFO  step_definitions.SignInSteps - User clicked on search button
2022-01-04 18:23:42.789 [main][20019] DEBUG page_objects.Search - Typing Products
2022-01-04 18:23:42.946 [main][20176] INFO  step_definitions.SignInSteps - User typingApple airpods pro
2022-01-04 18:23:42.946 [main][20176] DEBUG page_objects.Search - Clicked On Search icon
2022-01-04 18:23:44.134 [main][21364] INFO  step_definitions.SignInSteps - User Clicked On Search Icon
2022-01-04 18:23:44.137 [main][21367] DEBUG page_objects.Search - Title isApple Airpods Pro : Target
2022-01-04 18:23:44.137 [main][21367] INFO  step_definitions.SignInSteps - Title isApple Airpods Pro : Target
2022-01-04 18:23:44.698 [main][21928] INFO  step_definitions.Hooks - Close Browser
2022-01-04 18:23:45.775 [main][23005] INFO  step_definitions.Hooks - Launch Browser
2022-01-04 18:23:47.414 [main][24644] INFO  page_objects.HomePage - User Is In Home Page
2022-01-04 18:23:47.414 [main][24644] DEBUG page_objects.Search - Clicked On Search Box
2022-01-04 18:23:47.489 [main][24719] INFO  step_definitions.SignInSteps - User clicked on search button
2022-01-04 18:23:47.490 [main][24720] DEBUG page_objects.Search - Typing Products
2022-01-04 18:23:47.578 [main][24808] INFO  step_definitions.SignInSteps - User typingPs5
2022-01-04 18:23:47.578 [main][24808] DEBUG page_objects.Search - Clicked On Search icon
2022-01-04 18:23:48.707 [main][25937] INFO  step_definitions.SignInSteps - User Clicked On Search Icon
2022-01-04 18:23:49.523 [main][26753] DEBUG page_objects.Search - Title isPlayStation 5 : Target
2022-01-04 18:23:49.523 [main][26753] INFO  step_definitions.SignInSteps - Title isPlayStation 5 : Target
2022-01-04 18:23:50.088 [main][27318] INFO  step_definitions.Hooks - Close Browser
2022-01-04 18:23:51.202 [main][28432] INFO  step_definitions.Hooks - Launch Browser
2022-01-04 18:23:52.457 [main][29687] INFO  page_objects.HomePage - User Is In Home Page
2022-01-04 18:23:52.457 [main][29687] DEBUG page_objects.Search - Clicked On Search Box
2022-01-04 18:23:52.921 [main][30151] INFO  step_definitions.SignInSteps - User clicked on search button
2022-01-04 18:23:52.921 [main][30151] DEBUG page_objects.Search - Typing Products
2022-01-04 18:23:53.129 [main][30359] INFO  step_definitions.SignInSteps - User typingcoffee maker
2022-01-04 18:23:53.129 [main][30359] DEBUG page_objects.Search - Clicked On Search icon
2022-01-04 18:24:09.089 [main][46319] INFO  step_definitions.Hooks - Close Browser
