2022-01-04 22:24:54.930 [main][1047] DEBUG io.netty.util.internal.logging.InternalLoggerFactory - Using Log4J2 as the default logging framework
2022-01-04 22:24:54.934 [main][1051] DEBUG io.netty.util.ResourceLeakDetector - -Dio.netty.leakDetection.level: simple
2022-01-04 22:24:54.934 [main][1051] DEBUG io.netty.util.ResourceLeakDetector - -Dio.netty.leakDetection.targetRecords: 4
2022-01-04 22:24:54.936 [main][1053] DEBUG io.netty.util.ResourceLeakDetectorFactory - Loaded default ResourceLeakDetector: io.netty.util.ResourceLeakDetector@6293e39e
2022-01-04 22:24:54.946 [main][1063] DEBUG io.netty.util.internal.PlatformDependent0 - -Dio.netty.noUnsafe: false
2022-01-04 22:24:54.946 [main][1063] DEBUG io.netty.util.internal.PlatformDependent0 - Java version: 11
2022-01-04 22:24:54.947 [main][1064] DEBUG io.netty.util.internal.PlatformDependent0 - sun.misc.Unsafe.theUnsafe: available
2022-01-04 22:24:54.947 [main][1064] DEBUG io.netty.util.internal.PlatformDependent0 - sun.misc.Unsafe.copyMemory: available
2022-01-04 22:24:54.948 [main][1065] DEBUG io.netty.util.internal.PlatformDependent0 - java.nio.Buffer.address: available
2022-01-04 22:24:54.948 [main][1065] DEBUG io.netty.util.internal.PlatformDependent0 - direct buffer constructor: unavailable: Reflective setAccessible(true) disabled
2022-01-04 22:24:54.948 [main][1065] DEBUG io.netty.util.internal.PlatformDependent0 - java.nio.Bits.unaligned: available, true
2022-01-04 22:24:54.949 [main][1066] DEBUG io.netty.util.internal.PlatformDependent0 - jdk.internal.misc.Unsafe.allocateUninitializedArray(int): unavailable: class io.netty.util.internal.PlatformDependent0$6 cannot access class jdk.internal.misc.Unsafe (in module java.base) because module java.base does not export jdk.internal.misc to unnamed module @45820e51
2022-01-04 22:24:54.949 [main][1066] DEBUG io.netty.util.internal.PlatformDependent0 - java.nio.DirectByteBuffer.<init>(long, int): unavailable
2022-01-04 22:24:54.949 [main][1066] DEBUG io.netty.util.internal.PlatformDependent - sun.misc.Unsafe: available
2022-01-04 22:24:54.950 [main][1067] DEBUG io.netty.util.internal.PlatformDependent - maxDirectMemory: 17133731840 bytes (maybe)
2022-01-04 22:24:54.950 [main][1067] DEBUG io.netty.util.internal.PlatformDependent - -Dio.netty.tmpdir: C:\Users\ahmed\AppData\Local\Temp (java.io.tmpdir)
2022-01-04 22:24:54.950 [main][1067] DEBUG io.netty.util.internal.PlatformDependent - -Dio.netty.bitMode: 64 (sun.arch.data.model)
2022-01-04 22:24:54.950 [main][1067] DEBUG io.netty.util.internal.PlatformDependent - Platform: Windows
2022-01-04 22:24:54.951 [main][1068] DEBUG io.netty.util.internal.PlatformDependent - -Dio.netty.maxDirectMemory: -1 bytes
2022-01-04 22:24:54.951 [main][1068] DEBUG io.netty.util.internal.PlatformDependent - -Dio.netty.uninitializedArrayAllocationThreshold: -1
2022-01-04 22:24:54.951 [main][1068] DEBUG io.netty.util.internal.CleanerJava9 - java.nio.ByteBuffer.cleaner(): available
2022-01-04 22:24:54.951 [main][1068] DEBUG io.netty.util.internal.PlatformDependent - -Dio.netty.noPreferDirect: false
2022-01-04 22:24:54.955 [main][1072] DEBUG io.netty.util.internal.PlatformDependent - org.jctools-core.MpscChunkedArrayQueue: available
2022-01-04 22:24:54.965 [main][1082] DEBUG io.netty.util.internal.InternalThreadLocalMap - -Dio.netty.threadLocalMap.stringBuilder.initialSize: 1024
2022-01-04 22:24:54.965 [main][1082] DEBUG io.netty.util.internal.InternalThreadLocalMap - -Dio.netty.threadLocalMap.stringBuilder.maxSize: 4096
2022-01-04 22:24:54.977 [main][1094] DEBUG io.netty.handler.ssl.JdkSslContext - Default protocols (JDK): [TLSv1.3, TLSv1.2] 
2022-01-04 22:24:54.977 [main][1094] DEBUG io.netty.handler.ssl.JdkSslContext - Default cipher suites (JDK): [TLS_ECDHE_ECDSA_WITH_AES_256_GCM_SHA384, TLS_ECDHE_ECDSA_WITH_AES_128_GCM_SHA256, TLS_ECDHE_RSA_WITH_AES_128_GCM_SHA256, TLS_ECDHE_RSA_WITH_AES_256_GCM_SHA384, TLS_ECDHE_RSA_WITH_AES_128_CBC_SHA, TLS_ECDHE_RSA_WITH_AES_256_CBC_SHA, TLS_RSA_WITH_AES_128_GCM_SHA256, TLS_RSA_WITH_AES_128_CBC_SHA, TLS_RSA_WITH_AES_256_CBC_SHA, TLS_AES_128_GCM_SHA256, TLS_AES_256_GCM_SHA384]
2022-01-04 22:24:54.991 [main][1108] DEBUG io.netty.channel.MultithreadEventLoopGroup - -Dio.netty.eventLoopThreads: 40
2022-01-04 22:24:54.996 [main][1113] DEBUG io.netty.channel.nio.NioEventLoop - -Dio.netty.noKeySetOptimization: false
2022-01-04 22:24:54.996 [main][1113] DEBUG io.netty.channel.nio.NioEventLoop - -Dio.netty.selectorAutoRebuildThreshold: 512
2022-01-04 22:24:55.023 [main][1140] DEBUG io.netty.buffer.PooledByteBufAllocator - -Dio.netty.allocator.numHeapArenas: 40
2022-01-04 22:24:55.023 [main][1140] DEBUG io.netty.buffer.PooledByteBufAllocator - -Dio.netty.allocator.numDirectArenas: 40
2022-01-04 22:24:55.023 [main][1140] DEBUG io.netty.buffer.PooledByteBufAllocator - -Dio.netty.allocator.pageSize: 8192
2022-01-04 22:24:55.024 [main][1141] DEBUG io.netty.buffer.PooledByteBufAllocator - -Dio.netty.allocator.maxOrder: 11
2022-01-04 22:24:55.024 [main][1141] DEBUG io.netty.buffer.PooledByteBufAllocator - -Dio.netty.allocator.chunkSize: 16777216
2022-01-04 22:24:55.024 [main][1141] DEBUG io.netty.buffer.PooledByteBufAllocator - -Dio.netty.allocator.smallCacheSize: 256
2022-01-04 22:24:55.024 [main][1141] DEBUG io.netty.buffer.PooledByteBufAllocator - -Dio.netty.allocator.normalCacheSize: 64
2022-01-04 22:24:55.024 [main][1141] DEBUG io.netty.buffer.PooledByteBufAllocator - -Dio.netty.allocator.maxCachedBufferCapacity: 32768
2022-01-04 22:24:55.024 [main][1141] DEBUG io.netty.buffer.PooledByteBufAllocator - -Dio.netty.allocator.cacheTrimInterval: 8192
2022-01-04 22:24:55.024 [main][1141] DEBUG io.netty.buffer.PooledByteBufAllocator - -Dio.netty.allocator.cacheTrimIntervalMillis: 0
2022-01-04 22:24:55.024 [main][1141] DEBUG io.netty.buffer.PooledByteBufAllocator - -Dio.netty.allocator.useCacheForAllThreads: true
2022-01-04 22:24:55.024 [main][1141] DEBUG io.netty.buffer.PooledByteBufAllocator - -Dio.netty.allocator.maxCachedByteBuffersPerChunk: 1023
2022-01-04 22:24:55.030 [main][1147] DEBUG io.netty.buffer.ByteBufUtil - -Dio.netty.allocator.type: pooled
2022-01-04 22:24:55.030 [main][1147] DEBUG io.netty.buffer.ByteBufUtil - -Dio.netty.threadLocalDirectBufferSize: 0
2022-01-04 22:24:55.030 [main][1147] DEBUG io.netty.buffer.ByteBufUtil - -Dio.netty.maxThreadLocalCharBufferSize: 16384
2022-01-04 22:24:55.668 [Forwarding newSession on session null to remote][1785] DEBUG io.netty.channel.DefaultChannelId - -Dio.netty.processId: 52932 (auto-detected)
2022-01-04 22:24:55.669 [Forwarding newSession on session null to remote][1786] DEBUG io.netty.util.NetUtil - -Djava.net.preferIPv4Stack: false
2022-01-04 22:24:55.669 [Forwarding newSession on session null to remote][1786] DEBUG io.netty.util.NetUtil - -Djava.net.preferIPv6Addresses: false
2022-01-04 22:24:55.803 [Forwarding newSession on session null to remote][1920] DEBUG io.netty.util.NetUtilInitializations - Loopback interface: lo (Software Loopback Interface 1, 127.0.0.1)
2022-01-04 22:24:55.804 [Forwarding newSession on session null to remote][1921] DEBUG io.netty.util.NetUtil - Failed to get SOMAXCONN from sysctl and file \proc\sys\net\core\somaxconn. Default: 200
2022-01-04 22:24:55.947 [Forwarding newSession on session null to remote][2064] DEBUG io.netty.channel.DefaultChannelId - -Dio.netty.machineId: f0:2f:74:ff:fe:d4:02:2a (auto-detected)
2022-01-04 22:24:55.974 [AsyncHttpClient-1-2][2091] DEBUG io.netty.buffer.AbstractByteBuf - -Dio.netty.buffer.checkAccessible: true
2022-01-04 22:24:55.974 [AsyncHttpClient-1-2][2091] DEBUG io.netty.buffer.AbstractByteBuf - -Dio.netty.buffer.checkBounds: true
2022-01-04 22:24:55.974 [AsyncHttpClient-1-2][2091] DEBUG io.netty.util.ResourceLeakDetectorFactory - Loaded default ResourceLeakDetector: io.netty.util.ResourceLeakDetector@7ea6eb56
2022-01-04 22:24:55.988 [AsyncHttpClient-1-2][2105] DEBUG io.netty.util.Recycler - -Dio.netty.recycler.maxCapacityPerThread: 4096
2022-01-04 22:24:55.988 [AsyncHttpClient-1-2][2105] DEBUG io.netty.util.Recycler - -Dio.netty.recycler.maxSharedCapacityFactor: 2
2022-01-04 22:24:55.988 [AsyncHttpClient-1-2][2105] DEBUG io.netty.util.Recycler - -Dio.netty.recycler.linkCapacity: 16
2022-01-04 22:24:55.988 [AsyncHttpClient-1-2][2105] DEBUG io.netty.util.Recycler - -Dio.netty.recycler.ratio: 8
2022-01-04 22:24:55.988 [AsyncHttpClient-1-2][2105] DEBUG io.netty.util.Recycler - -Dio.netty.recycler.delayedQueue.ratio: 8
2022-01-04 22:24:56.534 [AsyncHttpClient-1-2][2651] DEBUG io.netty.handler.codec.compression.Brotli - brotli4j not in the classpath; Brotli support will be unavailable.
2022-01-04 22:24:56.600 [main][2717] DEBUG io.netty.util.internal.ThreadLocalRandom - -Dio.netty.initialSeedUniquifier: 0xd7be5cef615b1308
2022-01-04 22:24:56.619 [main][2736] INFO  step_definitions.Hooks - Launch Browser
2022-01-04 22:24:59.631 [main][5748] INFO  page_objects.HomePage - User Is In Home Page
2022-01-04 22:24:59.632 [main][5749] DEBUG page_objects.Search - Clicked On Search Box
2022-01-04 22:24:59.720 [main][5837] INFO  step_definitions.SignInSteps - User clicked on search button
2022-01-04 22:24:59.720 [main][5837] DEBUG page_objects.Search - Typing Products
2022-01-04 22:24:59.857 [main][5974] INFO  step_definitions.SignInSteps - User typingFace Mask
2022-01-04 22:24:59.858 [main][5975] DEBUG page_objects.Search - Clicked On Search icon
2022-01-04 22:25:01.010 [main][7127] INFO  step_definitions.SignInSteps - User Clicked On Search Icon
2022-01-04 22:25:01.033 [main][7150] DEBUG page_objects.Search - Title isFace Mask : Target
2022-01-04 22:25:01.033 [main][7150] INFO  step_definitions.SignInSteps - Title isFace Mask : Target
2022-01-04 22:25:01.596 [main][7713] INFO  step_definitions.Hooks - Close Browser
2022-01-04 22:25:02.778 [main][8895] INFO  step_definitions.Hooks - Launch Browser
2022-01-04 22:25:05.546 [main][11663] INFO  page_objects.HomePage - User Is In Home Page
2022-01-04 22:25:05.546 [main][11663] DEBUG page_objects.Search - Clicked On Search Box
2022-01-04 22:25:05.621 [main][11738] INFO  step_definitions.SignInSteps - User clicked on search button
2022-01-04 22:25:05.621 [main][11738] DEBUG page_objects.Search - Typing Products
2022-01-04 22:25:05.764 [main][11881] INFO  step_definitions.SignInSteps - User typingHand sanitizer
2022-01-04 22:25:05.764 [main][11881] DEBUG page_objects.Search - Clicked On Search icon
2022-01-04 22:25:06.936 [main][13053] INFO  step_definitions.SignInSteps - User Clicked On Search Icon
2022-01-04 22:25:06.941 [main][13058] DEBUG page_objects.Search - Title isHand Sanitizer : Target
2022-01-04 22:25:06.941 [main][13058] INFO  step_definitions.SignInSteps - Title isHand Sanitizer : Target
2022-01-04 22:25:07.508 [main][13625] INFO  step_definitions.Hooks - Close Browser
2022-01-04 22:25:08.595 [main][14712] INFO  step_definitions.Hooks - Launch Browser
2022-01-04 22:25:15.016 [main][21133] INFO  page_objects.HomePage - User Is In Home Page
2022-01-04 22:25:15.017 [main][21134] DEBUG page_objects.Search - Clicked On Search Box
2022-01-04 22:25:15.091 [main][21208] INFO  step_definitions.SignInSteps - User clicked on search button
2022-01-04 22:25:15.091 [main][21208] DEBUG page_objects.Search - Typing Products
2022-01-04 22:25:15.240 [main][21357] INFO  step_definitions.SignInSteps - User typingRubbing alcohol
2022-01-04 22:25:15.241 [main][21358] DEBUG page_objects.Search - Clicked On Search icon
2022-01-04 22:25:16.443 [main][22560] INFO  step_definitions.SignInSteps - User Clicked On Search Icon
2022-01-04 22:25:16.468 [main][22585] DEBUG page_objects.Search - Title isRubbing Alcohol : Target
2022-01-04 22:25:16.468 [main][22585] INFO  step_definitions.SignInSteps - Title isRubbing Alcohol : Target
2022-01-04 22:25:17.029 [main][23146] INFO  step_definitions.Hooks - Close Browser
2022-01-04 22:25:18.108 [main][24225] INFO  step_definitions.Hooks - Launch Browser
2022-01-04 22:25:19.373 [main][25490] INFO  page_objects.HomePage - User Is In Home Page
2022-01-04 22:25:19.374 [main][25491] DEBUG page_objects.Search - Clicked On Search Box
2022-01-04 22:25:19.528 [main][25645] INFO  step_definitions.SignInSteps - User clicked on search button
2022-01-04 22:25:19.528 [main][25645] DEBUG page_objects.Search - Typing Products
2022-01-04 22:25:19.654 [main][25771] INFO  step_definitions.SignInSteps - User typingPs5
2022-01-04 22:25:19.654 [main][25771] DEBUG page_objects.Search - Clicked On Search icon
2022-01-04 22:25:20.776 [main][26893] INFO  step_definitions.SignInSteps - User Clicked On Search Icon
2022-01-04 22:25:20.842 [main][26959] DEBUG page_objects.Search - Title isPlayStation 5 : Target
2022-01-04 22:25:20.842 [main][26959] INFO  step_definitions.SignInSteps - Title isPlayStation 5 : Target
2022-01-04 22:25:21.410 [main][27527] INFO  step_definitions.Hooks - Close Browser
2022-01-04 22:25:22.485 [main][28602] INFO  step_definitions.Hooks - Launch Browser
2022-01-04 22:25:25.309 [main][31426] INFO  page_objects.HomePage - User Is In Home Page
2022-01-04 22:25:25.309 [main][31426] DEBUG page_objects.Search - Clicked On Search Box
2022-01-04 22:25:25.379 [main][31496] INFO  step_definitions.SignInSteps - User clicked on search button
2022-01-04 22:25:25.379 [main][31496] DEBUG page_objects.Search - Typing Products
2022-01-04 22:25:25.517 [main][31634] INFO  step_definitions.SignInSteps - User typingcoffee maker
2022-01-04 22:25:25.518 [main][31635] DEBUG page_objects.Search - Clicked On Search icon
2022-01-04 22:25:26.681 [main][32798] INFO  step_definitions.SignInSteps - User Clicked On Search Icon
2022-01-04 22:25:26.684 [main][32801] DEBUG page_objects.Search - Title isCoffee Maker : Target
2022-01-04 22:25:26.684 [main][32801] INFO  step_definitions.SignInSteps - Title isCoffee Maker : Target
2022-01-04 22:25:27.246 [main][33363] INFO  step_definitions.Hooks - Close Browser
