2022-01-04 18:54:05.877 [main][1226] DEBUG io.netty.util.internal.logging.InternalLoggerFactory - Using Log4J2 as the default logging framework
2022-01-04 18:54:05.881 [main][1230] DEBUG io.netty.util.ResourceLeakDetector - -Dio.netty.leakDetection.level: simple
2022-01-04 18:54:05.881 [main][1230] DEBUG io.netty.util.ResourceLeakDetector - -Dio.netty.leakDetection.targetRecords: 4
2022-01-04 18:54:05.883 [main][1232] DEBUG io.netty.util.ResourceLeakDetectorFactory - Loaded default ResourceLeakDetector: io.netty.util.ResourceLeakDetector@aa149ed
2022-01-04 18:54:05.893 [main][1242] DEBUG io.netty.util.internal.PlatformDependent0 - -Dio.netty.noUnsafe: false
2022-01-04 18:54:05.893 [main][1242] DEBUG io.netty.util.internal.PlatformDependent0 - Java version: 11
2022-01-04 18:54:05.894 [main][1243] DEBUG io.netty.util.internal.PlatformDependent0 - sun.misc.Unsafe.theUnsafe: available
2022-01-04 18:54:05.894 [main][1243] DEBUG io.netty.util.internal.PlatformDependent0 - sun.misc.Unsafe.copyMemory: available
2022-01-04 18:54:05.894 [main][1243] DEBUG io.netty.util.internal.PlatformDependent0 - java.nio.Buffer.address: available
2022-01-04 18:54:05.895 [main][1244] DEBUG io.netty.util.internal.PlatformDependent0 - direct buffer constructor: unavailable: Reflective setAccessible(true) disabled
2022-01-04 18:54:05.895 [main][1244] DEBUG io.netty.util.internal.PlatformDependent0 - java.nio.Bits.unaligned: available, true
2022-01-04 18:54:05.896 [main][1245] DEBUG io.netty.util.internal.PlatformDependent0 - jdk.internal.misc.Unsafe.allocateUninitializedArray(int): unavailable: class io.netty.util.internal.PlatformDependent0$6 cannot access class jdk.internal.misc.Unsafe (in module java.base) because module java.base does not export jdk.internal.misc to unnamed module @45820e51
2022-01-04 18:54:05.896 [main][1245] DEBUG io.netty.util.internal.PlatformDependent0 - java.nio.DirectByteBuffer.<init>(long, int): unavailable
2022-01-04 18:54:05.896 [main][1245] DEBUG io.netty.util.internal.PlatformDependent - sun.misc.Unsafe: available
2022-01-04 18:54:05.897 [main][1246] DEBUG io.netty.util.internal.PlatformDependent - maxDirectMemory: 17133731840 bytes (maybe)
2022-01-04 18:54:05.897 [main][1246] DEBUG io.netty.util.internal.PlatformDependent - -Dio.netty.tmpdir: C:\Users\ahmed\AppData\Local\Temp (java.io.tmpdir)
2022-01-04 18:54:05.897 [main][1246] DEBUG io.netty.util.internal.PlatformDependent - -Dio.netty.bitMode: 64 (sun.arch.data.model)
2022-01-04 18:54:05.897 [main][1246] DEBUG io.netty.util.internal.PlatformDependent - Platform: Windows
2022-01-04 18:54:05.897 [main][1246] DEBUG io.netty.util.internal.PlatformDependent - -Dio.netty.maxDirectMemory: -1 bytes
2022-01-04 18:54:05.898 [main][1247] DEBUG io.netty.util.internal.PlatformDependent - -Dio.netty.uninitializedArrayAllocationThreshold: -1
2022-01-04 18:54:05.898 [main][1247] DEBUG io.netty.util.internal.CleanerJava9 - java.nio.ByteBuffer.cleaner(): available
2022-01-04 18:54:05.898 [main][1247] DEBUG io.netty.util.internal.PlatformDependent - -Dio.netty.noPreferDirect: false
2022-01-04 18:54:05.902 [main][1251] DEBUG io.netty.util.internal.PlatformDependent - org.jctools-core.MpscChunkedArrayQueue: available
2022-01-04 18:54:05.912 [main][1261] DEBUG io.netty.util.internal.InternalThreadLocalMap - -Dio.netty.threadLocalMap.stringBuilder.initialSize: 1024
2022-01-04 18:54:05.912 [main][1261] DEBUG io.netty.util.internal.InternalThreadLocalMap - -Dio.netty.threadLocalMap.stringBuilder.maxSize: 4096
2022-01-04 18:54:05.919 [main][1268] DEBUG io.netty.handler.ssl.JdkSslContext - Default protocols (JDK): [TLSv1.3, TLSv1.2] 
2022-01-04 18:54:05.919 [main][1268] DEBUG io.netty.handler.ssl.JdkSslContext - Default cipher suites (JDK): [TLS_ECDHE_ECDSA_WITH_AES_256_GCM_SHA384, TLS_ECDHE_ECDSA_WITH_AES_128_GCM_SHA256, TLS_ECDHE_RSA_WITH_AES_128_GCM_SHA256, TLS_ECDHE_RSA_WITH_AES_256_GCM_SHA384, TLS_ECDHE_RSA_WITH_AES_128_CBC_SHA, TLS_ECDHE_RSA_WITH_AES_256_CBC_SHA, TLS_RSA_WITH_AES_128_GCM_SHA256, TLS_RSA_WITH_AES_128_CBC_SHA, TLS_RSA_WITH_AES_256_CBC_SHA, TLS_AES_128_GCM_SHA256, TLS_AES_256_GCM_SHA384]
2022-01-04 18:54:05.932 [main][1281] DEBUG io.netty.channel.MultithreadEventLoopGroup - -Dio.netty.eventLoopThreads: 40
2022-01-04 18:54:05.937 [main][1286] DEBUG io.netty.channel.nio.NioEventLoop - -Dio.netty.noKeySetOptimization: false
2022-01-04 18:54:05.937 [main][1286] DEBUG io.netty.channel.nio.NioEventLoop - -Dio.netty.selectorAutoRebuildThreshold: 512
2022-01-04 18:54:05.964 [main][1313] DEBUG io.netty.buffer.PooledByteBufAllocator - -Dio.netty.allocator.numHeapArenas: 40
2022-01-04 18:54:05.964 [main][1313] DEBUG io.netty.buffer.PooledByteBufAllocator - -Dio.netty.allocator.numDirectArenas: 40
2022-01-04 18:54:05.964 [main][1313] DEBUG io.netty.buffer.PooledByteBufAllocator - -Dio.netty.allocator.pageSize: 8192
2022-01-04 18:54:05.964 [main][1313] DEBUG io.netty.buffer.PooledByteBufAllocator - -Dio.netty.allocator.maxOrder: 11
2022-01-04 18:54:05.964 [main][1313] DEBUG io.netty.buffer.PooledByteBufAllocator - -Dio.netty.allocator.chunkSize: 16777216
2022-01-04 18:54:05.964 [main][1313] DEBUG io.netty.buffer.PooledByteBufAllocator - -Dio.netty.allocator.smallCacheSize: 256
2022-01-04 18:54:05.964 [main][1313] DEBUG io.netty.buffer.PooledByteBufAllocator - -Dio.netty.allocator.normalCacheSize: 64
2022-01-04 18:54:05.965 [main][1314] DEBUG io.netty.buffer.PooledByteBufAllocator - -Dio.netty.allocator.maxCachedBufferCapacity: 32768
2022-01-04 18:54:05.965 [main][1314] DEBUG io.netty.buffer.PooledByteBufAllocator - -Dio.netty.allocator.cacheTrimInterval: 8192
2022-01-04 18:54:05.965 [main][1314] DEBUG io.netty.buffer.PooledByteBufAllocator - -Dio.netty.allocator.cacheTrimIntervalMillis: 0
2022-01-04 18:54:05.965 [main][1314] DEBUG io.netty.buffer.PooledByteBufAllocator - -Dio.netty.allocator.useCacheForAllThreads: true
2022-01-04 18:54:05.965 [main][1314] DEBUG io.netty.buffer.PooledByteBufAllocator - -Dio.netty.allocator.maxCachedByteBuffersPerChunk: 1023
2022-01-04 18:54:05.971 [main][1320] DEBUG io.netty.buffer.ByteBufUtil - -Dio.netty.allocator.type: pooled
2022-01-04 18:54:05.971 [main][1320] DEBUG io.netty.buffer.ByteBufUtil - -Dio.netty.threadLocalDirectBufferSize: 0
2022-01-04 18:54:05.971 [main][1320] DEBUG io.netty.buffer.ByteBufUtil - -Dio.netty.maxThreadLocalCharBufferSize: 16384
2022-01-04 18:54:06.621 [Forwarding newSession on session null to remote][1970] DEBUG io.netty.channel.DefaultChannelId - -Dio.netty.processId: 10672 (auto-detected)
2022-01-04 18:54:06.622 [Forwarding newSession on session null to remote][1971] DEBUG io.netty.util.NetUtil - -Djava.net.preferIPv4Stack: false
2022-01-04 18:54:06.622 [Forwarding newSession on session null to remote][1971] DEBUG io.netty.util.NetUtil - -Djava.net.preferIPv6Addresses: false
2022-01-04 18:54:06.757 [Forwarding newSession on session null to remote][2106] DEBUG io.netty.util.NetUtilInitializations - Loopback interface: lo (Software Loopback Interface 1, 127.0.0.1)
2022-01-04 18:54:06.757 [Forwarding newSession on session null to remote][2106] DEBUG io.netty.util.NetUtil - Failed to get SOMAXCONN from sysctl and file \proc\sys\net\core\somaxconn. Default: 200
2022-01-04 18:54:06.900 [Forwarding newSession on session null to remote][2249] DEBUG io.netty.channel.DefaultChannelId - -Dio.netty.machineId: f0:2f:74:ff:fe:d4:02:2a (auto-detected)
2022-01-04 18:54:06.926 [AsyncHttpClient-1-2][2275] DEBUG io.netty.buffer.AbstractByteBuf - -Dio.netty.buffer.checkAccessible: true
2022-01-04 18:54:06.926 [AsyncHttpClient-1-2][2275] DEBUG io.netty.buffer.AbstractByteBuf - -Dio.netty.buffer.checkBounds: true
2022-01-04 18:54:06.926 [AsyncHttpClient-1-2][2275] DEBUG io.netty.util.ResourceLeakDetectorFactory - Loaded default ResourceLeakDetector: io.netty.util.ResourceLeakDetector@722c84bd
2022-01-04 18:54:06.939 [AsyncHttpClient-1-2][2288] DEBUG io.netty.util.Recycler - -Dio.netty.recycler.maxCapacityPerThread: 4096
2022-01-04 18:54:06.939 [AsyncHttpClient-1-2][2288] DEBUG io.netty.util.Recycler - -Dio.netty.recycler.maxSharedCapacityFactor: 2
2022-01-04 18:54:06.940 [AsyncHttpClient-1-2][2289] DEBUG io.netty.util.Recycler - -Dio.netty.recycler.linkCapacity: 16
2022-01-04 18:54:06.940 [AsyncHttpClient-1-2][2289] DEBUG io.netty.util.Recycler - -Dio.netty.recycler.ratio: 8
2022-01-04 18:54:06.940 [AsyncHttpClient-1-2][2289] DEBUG io.netty.util.Recycler - -Dio.netty.recycler.delayedQueue.ratio: 8
2022-01-04 18:54:07.533 [AsyncHttpClient-1-2][2882] DEBUG io.netty.handler.codec.compression.Brotli - brotli4j not in the classpath; Brotli support will be unavailable.
2022-01-04 18:54:07.592 [main][2941] DEBUG io.netty.util.internal.ThreadLocalRandom - -Dio.netty.initialSeedUniquifier: 0xde4da440b05cd91c
2022-01-04 18:54:07.613 [main][2962] INFO  step_definitions.Hooks - Launch Browser
2022-01-04 18:54:10.417 [main][5766] INFO  page_objects.HomePage - User Is In Home Page
2022-01-04 18:54:10.983 [main][6332] INFO  step_definitions.Hooks - Close Browser
2022-01-04 18:54:12.065 [main][7414] INFO  step_definitions.Hooks - Launch Browser
2022-01-04 18:54:13.751 [main][9100] INFO  page_objects.HomePage - User Is In Home Page
2022-01-04 18:54:14.311 [main][9660] INFO  step_definitions.Hooks - Close Browser
2022-01-04 18:54:15.393 [main][10742] INFO  step_definitions.Hooks - Launch Browser
2022-01-04 18:54:17.000 [main][12349] INFO  page_objects.HomePage - User Is In Home Page
2022-01-04 18:54:17.560 [main][12909] INFO  step_definitions.Hooks - Close Browser
