2022-01-04 21:13:35.270 [main][1042] DEBUG io.netty.util.internal.logging.InternalLoggerFactory - Using Log4J2 as the default logging framework
2022-01-04 21:13:35.274 [main][1046] DEBUG io.netty.util.ResourceLeakDetector - -Dio.netty.leakDetection.level: simple
2022-01-04 21:13:35.274 [main][1046] DEBUG io.netty.util.ResourceLeakDetector - -Dio.netty.leakDetection.targetRecords: 4
2022-01-04 21:13:35.276 [main][1048] DEBUG io.netty.util.ResourceLeakDetectorFactory - Loaded default ResourceLeakDetector: io.netty.util.ResourceLeakDetector@1d25c1c
2022-01-04 21:13:35.286 [main][1058] DEBUG io.netty.util.internal.PlatformDependent0 - -Dio.netty.noUnsafe: false
2022-01-04 21:13:35.287 [main][1059] DEBUG io.netty.util.internal.PlatformDependent0 - Java version: 11
2022-01-04 21:13:35.287 [main][1059] DEBUG io.netty.util.internal.PlatformDependent0 - sun.misc.Unsafe.theUnsafe: available
2022-01-04 21:13:35.288 [main][1060] DEBUG io.netty.util.internal.PlatformDependent0 - sun.misc.Unsafe.copyMemory: available
2022-01-04 21:13:35.288 [main][1060] DEBUG io.netty.util.internal.PlatformDependent0 - java.nio.Buffer.address: available
2022-01-04 21:13:35.288 [main][1060] DEBUG io.netty.util.internal.PlatformDependent0 - direct buffer constructor: unavailable: Reflective setAccessible(true) disabled
2022-01-04 21:13:35.289 [main][1061] DEBUG io.netty.util.internal.PlatformDependent0 - java.nio.Bits.unaligned: available, true
2022-01-04 21:13:35.289 [main][1061] DEBUG io.netty.util.internal.PlatformDependent0 - jdk.internal.misc.Unsafe.allocateUninitializedArray(int): unavailable: class io.netty.util.internal.PlatformDependent0$6 cannot access class jdk.internal.misc.Unsafe (in module java.base) because module java.base does not export jdk.internal.misc to unnamed module @45820e51
2022-01-04 21:13:35.290 [main][1062] DEBUG io.netty.util.internal.PlatformDependent0 - java.nio.DirectByteBuffer.<init>(long, int): unavailable
2022-01-04 21:13:35.290 [main][1062] DEBUG io.netty.util.internal.PlatformDependent - sun.misc.Unsafe: available
2022-01-04 21:13:35.290 [main][1062] DEBUG io.netty.util.internal.PlatformDependent - maxDirectMemory: 17133731840 bytes (maybe)
2022-01-04 21:13:35.291 [main][1063] DEBUG io.netty.util.internal.PlatformDependent - -Dio.netty.tmpdir: C:\Users\ahmed\AppData\Local\Temp (java.io.tmpdir)
2022-01-04 21:13:35.291 [main][1063] DEBUG io.netty.util.internal.PlatformDependent - -Dio.netty.bitMode: 64 (sun.arch.data.model)
2022-01-04 21:13:35.291 [main][1063] DEBUG io.netty.util.internal.PlatformDependent - Platform: Windows
2022-01-04 21:13:35.291 [main][1063] DEBUG io.netty.util.internal.PlatformDependent - -Dio.netty.maxDirectMemory: -1 bytes
2022-01-04 21:13:35.291 [main][1063] DEBUG io.netty.util.internal.PlatformDependent - -Dio.netty.uninitializedArrayAllocationThreshold: -1
2022-01-04 21:13:35.292 [main][1064] DEBUG io.netty.util.internal.CleanerJava9 - java.nio.ByteBuffer.cleaner(): available
2022-01-04 21:13:35.292 [main][1064] DEBUG io.netty.util.internal.PlatformDependent - -Dio.netty.noPreferDirect: false
2022-01-04 21:13:35.296 [main][1068] DEBUG io.netty.util.internal.PlatformDependent - org.jctools-core.MpscChunkedArrayQueue: available
2022-01-04 21:13:35.306 [main][1078] DEBUG io.netty.util.internal.InternalThreadLocalMap - -Dio.netty.threadLocalMap.stringBuilder.initialSize: 1024
2022-01-04 21:13:35.306 [main][1078] DEBUG io.netty.util.internal.InternalThreadLocalMap - -Dio.netty.threadLocalMap.stringBuilder.maxSize: 4096
2022-01-04 21:13:35.318 [main][1090] DEBUG io.netty.handler.ssl.JdkSslContext - Default protocols (JDK): [TLSv1.3, TLSv1.2] 
2022-01-04 21:13:35.318 [main][1090] DEBUG io.netty.handler.ssl.JdkSslContext - Default cipher suites (JDK): [TLS_ECDHE_ECDSA_WITH_AES_256_GCM_SHA384, TLS_ECDHE_ECDSA_WITH_AES_128_GCM_SHA256, TLS_ECDHE_RSA_WITH_AES_128_GCM_SHA256, TLS_ECDHE_RSA_WITH_AES_256_GCM_SHA384, TLS_ECDHE_RSA_WITH_AES_128_CBC_SHA, TLS_ECDHE_RSA_WITH_AES_256_CBC_SHA, TLS_RSA_WITH_AES_128_GCM_SHA256, TLS_RSA_WITH_AES_128_CBC_SHA, TLS_RSA_WITH_AES_256_CBC_SHA, TLS_AES_128_GCM_SHA256, TLS_AES_256_GCM_SHA384]
2022-01-04 21:13:35.331 [main][1103] DEBUG io.netty.channel.MultithreadEventLoopGroup - -Dio.netty.eventLoopThreads: 40
2022-01-04 21:13:35.336 [main][1108] DEBUG io.netty.channel.nio.NioEventLoop - -Dio.netty.noKeySetOptimization: false
2022-01-04 21:13:35.336 [main][1108] DEBUG io.netty.channel.nio.NioEventLoop - -Dio.netty.selectorAutoRebuildThreshold: 512
2022-01-04 21:13:35.364 [main][1136] DEBUG io.netty.buffer.PooledByteBufAllocator - -Dio.netty.allocator.numHeapArenas: 40
2022-01-04 21:13:35.364 [main][1136] DEBUG io.netty.buffer.PooledByteBufAllocator - -Dio.netty.allocator.numDirectArenas: 40
2022-01-04 21:13:35.364 [main][1136] DEBUG io.netty.buffer.PooledByteBufAllocator - -Dio.netty.allocator.pageSize: 8192
2022-01-04 21:13:35.364 [main][1136] DEBUG io.netty.buffer.PooledByteBufAllocator - -Dio.netty.allocator.maxOrder: 11
2022-01-04 21:13:35.364 [main][1136] DEBUG io.netty.buffer.PooledByteBufAllocator - -Dio.netty.allocator.chunkSize: 16777216
2022-01-04 21:13:35.364 [main][1136] DEBUG io.netty.buffer.PooledByteBufAllocator - -Dio.netty.allocator.smallCacheSize: 256
2022-01-04 21:13:35.364 [main][1136] DEBUG io.netty.buffer.PooledByteBufAllocator - -Dio.netty.allocator.normalCacheSize: 64
2022-01-04 21:13:35.364 [main][1136] DEBUG io.netty.buffer.PooledByteBufAllocator - -Dio.netty.allocator.maxCachedBufferCapacity: 32768
2022-01-04 21:13:35.364 [main][1136] DEBUG io.netty.buffer.PooledByteBufAllocator - -Dio.netty.allocator.cacheTrimInterval: 8192
2022-01-04 21:13:35.364 [main][1136] DEBUG io.netty.buffer.PooledByteBufAllocator - -Dio.netty.allocator.cacheTrimIntervalMillis: 0
2022-01-04 21:13:35.364 [main][1136] DEBUG io.netty.buffer.PooledByteBufAllocator - -Dio.netty.allocator.useCacheForAllThreads: true
2022-01-04 21:13:35.365 [main][1137] DEBUG io.netty.buffer.PooledByteBufAllocator - -Dio.netty.allocator.maxCachedByteBuffersPerChunk: 1023
2022-01-04 21:13:35.371 [main][1143] DEBUG io.netty.buffer.ByteBufUtil - -Dio.netty.allocator.type: pooled
2022-01-04 21:13:35.371 [main][1143] DEBUG io.netty.buffer.ByteBufUtil - -Dio.netty.threadLocalDirectBufferSize: 0
2022-01-04 21:13:35.371 [main][1143] DEBUG io.netty.buffer.ByteBufUtil - -Dio.netty.maxThreadLocalCharBufferSize: 16384
2022-01-04 21:13:36.009 [Forwarding newSession on session null to remote][1781] DEBUG io.netty.channel.DefaultChannelId - -Dio.netty.processId: 50792 (auto-detected)
2022-01-04 21:13:36.010 [Forwarding newSession on session null to remote][1782] DEBUG io.netty.util.NetUtil - -Djava.net.preferIPv4Stack: false
2022-01-04 21:13:36.010 [Forwarding newSession on session null to remote][1782] DEBUG io.netty.util.NetUtil - -Djava.net.preferIPv6Addresses: false
2022-01-04 21:13:36.145 [Forwarding newSession on session null to remote][1917] DEBUG io.netty.util.NetUtilInitializations - Loopback interface: lo (Software Loopback Interface 1, 127.0.0.1)
2022-01-04 21:13:36.146 [Forwarding newSession on session null to remote][1918] DEBUG io.netty.util.NetUtil - Failed to get SOMAXCONN from sysctl and file \proc\sys\net\core\somaxconn. Default: 200
2022-01-04 21:13:36.290 [Forwarding newSession on session null to remote][2062] DEBUG io.netty.channel.DefaultChannelId - -Dio.netty.machineId: f0:2f:74:ff:fe:d4:02:2a (auto-detected)
2022-01-04 21:13:36.315 [AsyncHttpClient-1-2][2087] DEBUG io.netty.buffer.AbstractByteBuf - -Dio.netty.buffer.checkAccessible: true
2022-01-04 21:13:36.316 [AsyncHttpClient-1-2][2088] DEBUG io.netty.buffer.AbstractByteBuf - -Dio.netty.buffer.checkBounds: true
2022-01-04 21:13:36.316 [AsyncHttpClient-1-2][2088] DEBUG io.netty.util.ResourceLeakDetectorFactory - Loaded default ResourceLeakDetector: io.netty.util.ResourceLeakDetector@4749bb6b
2022-01-04 21:13:36.329 [AsyncHttpClient-1-2][2101] DEBUG io.netty.util.Recycler - -Dio.netty.recycler.maxCapacityPerThread: 4096
2022-01-04 21:13:36.329 [AsyncHttpClient-1-2][2101] DEBUG io.netty.util.Recycler - -Dio.netty.recycler.maxSharedCapacityFactor: 2
2022-01-04 21:13:36.329 [AsyncHttpClient-1-2][2101] DEBUG io.netty.util.Recycler - -Dio.netty.recycler.linkCapacity: 16
2022-01-04 21:13:36.329 [AsyncHttpClient-1-2][2101] DEBUG io.netty.util.Recycler - -Dio.netty.recycler.ratio: 8
2022-01-04 21:13:36.329 [AsyncHttpClient-1-2][2101] DEBUG io.netty.util.Recycler - -Dio.netty.recycler.delayedQueue.ratio: 8
2022-01-04 21:13:36.931 [AsyncHttpClient-1-2][2703] DEBUG io.netty.handler.codec.compression.Brotli - brotli4j not in the classpath; Brotli support will be unavailable.
2022-01-04 21:13:36.990 [main][2762] DEBUG io.netty.util.internal.ThreadLocalRandom - -Dio.netty.initialSeedUniquifier: 0x6c0ca36caef8f218
2022-01-04 21:13:37.011 [main][2783] INFO  step_definitions.Hooks - Launch Browser
2022-01-04 21:13:39.030 [main][4802] INFO  page_objects.HomePage - User Is In Home Page
2022-01-04 21:13:39.031 [main][4803] DEBUG page_objects.Categories - Click On Deals
2022-01-04 21:13:40.118 [main][5890] DEBUG page_objects.Categories - Chose on going deals
2022-01-04 21:13:40.430 [main][6202] DEBUG page_objects.Categories - User is in the category page
2022-01-04 21:13:42.430 [main][8202] DEBUG page_objects.Categories - Page Title isNew Arrivals & 2022 Fashion Trends for Women : Target
2022-01-04 21:13:43.001 [main][8773] INFO  step_definitions.Hooks - Close Browser
2022-01-04 21:13:44.146 [main][9918] INFO  step_definitions.Hooks - Launch Browser
2022-01-04 21:13:46.833 [main][12605] INFO  page_objects.HomePage - User Is In Home Page
2022-01-04 21:13:46.833 [main][12605] DEBUG page_objects.Categories - Click On Deals
2022-01-04 21:13:47.908 [main][13680] DEBUG page_objects.Categories - Chose on going deals
2022-01-04 21:13:48.217 [main][13989] DEBUG page_objects.Categories - User is in the category page
2022-01-04 21:13:50.218 [main][15990] DEBUG page_objects.Categories - Page Title isMen's New Arrivals : Target
2022-01-04 21:13:50.805 [main][16577] INFO  step_definitions.Hooks - Close Browser
2022-01-04 21:13:51.884 [main][17656] INFO  step_definitions.Hooks - Launch Browser
2022-01-04 21:13:54.626 [main][20398] INFO  page_objects.HomePage - User Is In Home Page
2022-01-04 21:13:54.626 [main][20398] DEBUG page_objects.Categories - Click On Deals
2022-01-04 21:13:55.694 [main][21466] DEBUG page_objects.Categories - Chose on going deals
2022-01-04 21:13:56.004 [main][21776] DEBUG page_objects.Categories - User is in the category page
2022-01-04 21:13:58.004 [main][23776] DEBUG page_objects.Categories - Page Title isKids' New Arrivals : Target
2022-01-04 21:13:58.583 [main][24355] INFO  step_definitions.Hooks - Close Browser
