2022-01-04 00:03:49.836 [main][1058] DEBUG io.netty.util.internal.logging.InternalLoggerFactory - Using Log4J2 as the default logging framework
2022-01-04 00:03:49.840 [main][1062] DEBUG io.netty.util.ResourceLeakDetector - -Dio.netty.leakDetection.level: simple
2022-01-04 00:03:49.840 [main][1062] DEBUG io.netty.util.ResourceLeakDetector - -Dio.netty.leakDetection.targetRecords: 4
2022-01-04 00:03:49.842 [main][1064] DEBUG io.netty.util.ResourceLeakDetectorFactory - Loaded default ResourceLeakDetector: io.netty.util.ResourceLeakDetector@5ce4369b
2022-01-04 00:03:49.852 [main][1074] DEBUG io.netty.util.internal.PlatformDependent0 - -Dio.netty.noUnsafe: false
2022-01-04 00:03:49.852 [main][1074] DEBUG io.netty.util.internal.PlatformDependent0 - Java version: 11
2022-01-04 00:03:49.853 [main][1075] DEBUG io.netty.util.internal.PlatformDependent0 - sun.misc.Unsafe.theUnsafe: available
2022-01-04 00:03:49.853 [main][1075] DEBUG io.netty.util.internal.PlatformDependent0 - sun.misc.Unsafe.copyMemory: available
2022-01-04 00:03:49.854 [main][1076] DEBUG io.netty.util.internal.PlatformDependent0 - java.nio.Buffer.address: available
2022-01-04 00:03:49.854 [main][1076] DEBUG io.netty.util.internal.PlatformDependent0 - direct buffer constructor: unavailable: Reflective setAccessible(true) disabled
2022-01-04 00:03:49.854 [main][1076] DEBUG io.netty.util.internal.PlatformDependent0 - java.nio.Bits.unaligned: available, true
2022-01-04 00:03:49.855 [main][1077] DEBUG io.netty.util.internal.PlatformDependent0 - jdk.internal.misc.Unsafe.allocateUninitializedArray(int): unavailable: class io.netty.util.internal.PlatformDependent0$6 cannot access class jdk.internal.misc.Unsafe (in module java.base) because module java.base does not export jdk.internal.misc to unnamed module @45820e51
2022-01-04 00:03:49.855 [main][1077] DEBUG io.netty.util.internal.PlatformDependent0 - java.nio.DirectByteBuffer.<init>(long, int): unavailable
2022-01-04 00:03:49.855 [main][1077] DEBUG io.netty.util.internal.PlatformDependent - sun.misc.Unsafe: available
2022-01-04 00:03:49.856 [main][1078] DEBUG io.netty.util.internal.PlatformDependent - maxDirectMemory: 17133731840 bytes (maybe)
2022-01-04 00:03:49.856 [main][1078] DEBUG io.netty.util.internal.PlatformDependent - -Dio.netty.tmpdir: C:\Users\ahmed\AppData\Local\Temp (java.io.tmpdir)
2022-01-04 00:03:49.856 [main][1078] DEBUG io.netty.util.internal.PlatformDependent - -Dio.netty.bitMode: 64 (sun.arch.data.model)
2022-01-04 00:03:49.856 [main][1078] DEBUG io.netty.util.internal.PlatformDependent - Platform: Windows
2022-01-04 00:03:49.857 [main][1079] DEBUG io.netty.util.internal.PlatformDependent - -Dio.netty.maxDirectMemory: -1 bytes
2022-01-04 00:03:49.857 [main][1079] DEBUG io.netty.util.internal.PlatformDependent - -Dio.netty.uninitializedArrayAllocationThreshold: -1
2022-01-04 00:03:49.857 [main][1079] DEBUG io.netty.util.internal.CleanerJava9 - java.nio.ByteBuffer.cleaner(): available
2022-01-04 00:03:49.857 [main][1079] DEBUG io.netty.util.internal.PlatformDependent - -Dio.netty.noPreferDirect: false
2022-01-04 00:03:49.861 [main][1083] DEBUG io.netty.util.internal.PlatformDependent - org.jctools-core.MpscChunkedArrayQueue: available
2022-01-04 00:03:49.870 [main][1092] DEBUG io.netty.util.internal.InternalThreadLocalMap - -Dio.netty.threadLocalMap.stringBuilder.initialSize: 1024
2022-01-04 00:03:49.871 [main][1093] DEBUG io.netty.util.internal.InternalThreadLocalMap - -Dio.netty.threadLocalMap.stringBuilder.maxSize: 4096
2022-01-04 00:03:49.883 [main][1105] DEBUG io.netty.handler.ssl.JdkSslContext - Default protocols (JDK): [TLSv1.3, TLSv1.2] 
2022-01-04 00:03:49.883 [main][1105] DEBUG io.netty.handler.ssl.JdkSslContext - Default cipher suites (JDK): [TLS_ECDHE_ECDSA_WITH_AES_256_GCM_SHA384, TLS_ECDHE_ECDSA_WITH_AES_128_GCM_SHA256, TLS_ECDHE_RSA_WITH_AES_128_GCM_SHA256, TLS_ECDHE_RSA_WITH_AES_256_GCM_SHA384, TLS_ECDHE_RSA_WITH_AES_128_CBC_SHA, TLS_ECDHE_RSA_WITH_AES_256_CBC_SHA, TLS_RSA_WITH_AES_128_GCM_SHA256, TLS_RSA_WITH_AES_128_CBC_SHA, TLS_RSA_WITH_AES_256_CBC_SHA, TLS_AES_128_GCM_SHA256, TLS_AES_256_GCM_SHA384]
2022-01-04 00:03:49.896 [main][1118] DEBUG io.netty.channel.MultithreadEventLoopGroup - -Dio.netty.eventLoopThreads: 40
2022-01-04 00:03:49.901 [main][1123] DEBUG io.netty.channel.nio.NioEventLoop - -Dio.netty.noKeySetOptimization: false
2022-01-04 00:03:49.901 [main][1123] DEBUG io.netty.channel.nio.NioEventLoop - -Dio.netty.selectorAutoRebuildThreshold: 512
2022-01-04 00:03:49.927 [main][1149] DEBUG io.netty.buffer.PooledByteBufAllocator - -Dio.netty.allocator.numHeapArenas: 40
2022-01-04 00:03:49.927 [main][1149] DEBUG io.netty.buffer.PooledByteBufAllocator - -Dio.netty.allocator.numDirectArenas: 40
2022-01-04 00:03:49.927 [main][1149] DEBUG io.netty.buffer.PooledByteBufAllocator - -Dio.netty.allocator.pageSize: 8192
2022-01-04 00:03:49.927 [main][1149] DEBUG io.netty.buffer.PooledByteBufAllocator - -Dio.netty.allocator.maxOrder: 11
2022-01-04 00:03:49.928 [main][1150] DEBUG io.netty.buffer.PooledByteBufAllocator - -Dio.netty.allocator.chunkSize: 16777216
2022-01-04 00:03:49.928 [main][1150] DEBUG io.netty.buffer.PooledByteBufAllocator - -Dio.netty.allocator.smallCacheSize: 256
2022-01-04 00:03:49.928 [main][1150] DEBUG io.netty.buffer.PooledByteBufAllocator - -Dio.netty.allocator.normalCacheSize: 64
2022-01-04 00:03:49.928 [main][1150] DEBUG io.netty.buffer.PooledByteBufAllocator - -Dio.netty.allocator.maxCachedBufferCapacity: 32768
2022-01-04 00:03:49.928 [main][1150] DEBUG io.netty.buffer.PooledByteBufAllocator - -Dio.netty.allocator.cacheTrimInterval: 8192
2022-01-04 00:03:49.928 [main][1150] DEBUG io.netty.buffer.PooledByteBufAllocator - -Dio.netty.allocator.cacheTrimIntervalMillis: 0
2022-01-04 00:03:49.928 [main][1150] DEBUG io.netty.buffer.PooledByteBufAllocator - -Dio.netty.allocator.useCacheForAllThreads: true
2022-01-04 00:03:49.928 [main][1150] DEBUG io.netty.buffer.PooledByteBufAllocator - -Dio.netty.allocator.maxCachedByteBuffersPerChunk: 1023
2022-01-04 00:03:49.934 [main][1156] DEBUG io.netty.buffer.ByteBufUtil - -Dio.netty.allocator.type: pooled
2022-01-04 00:03:49.934 [main][1156] DEBUG io.netty.buffer.ByteBufUtil - -Dio.netty.threadLocalDirectBufferSize: 0
2022-01-04 00:03:49.934 [main][1156] DEBUG io.netty.buffer.ByteBufUtil - -Dio.netty.maxThreadLocalCharBufferSize: 16384
2022-01-04 00:03:50.573 [Forwarding newSession on session null to remote][1795] DEBUG io.netty.channel.DefaultChannelId - -Dio.netty.processId: 40028 (auto-detected)
2022-01-04 00:03:50.574 [Forwarding newSession on session null to remote][1796] DEBUG io.netty.util.NetUtil - -Djava.net.preferIPv4Stack: false
2022-01-04 00:03:50.574 [Forwarding newSession on session null to remote][1796] DEBUG io.netty.util.NetUtil - -Djava.net.preferIPv6Addresses: false
2022-01-04 00:03:50.707 [Forwarding newSession on session null to remote][1929] DEBUG io.netty.util.NetUtilInitializations - Loopback interface: lo (Software Loopback Interface 1, 127.0.0.1)
2022-01-04 00:03:50.708 [Forwarding newSession on session null to remote][1930] DEBUG io.netty.util.NetUtil - Failed to get SOMAXCONN from sysctl and file \proc\sys\net\core\somaxconn. Default: 200
2022-01-04 00:03:50.852 [Forwarding newSession on session null to remote][2074] DEBUG io.netty.channel.DefaultChannelId - -Dio.netty.machineId: f0:2f:74:ff:fe:d4:02:2a (auto-detected)
2022-01-04 00:03:50.880 [AsyncHttpClient-1-2][2102] DEBUG io.netty.buffer.AbstractByteBuf - -Dio.netty.buffer.checkAccessible: true
2022-01-04 00:03:50.880 [AsyncHttpClient-1-2][2102] DEBUG io.netty.buffer.AbstractByteBuf - -Dio.netty.buffer.checkBounds: true
2022-01-04 00:03:50.880 [AsyncHttpClient-1-2][2102] DEBUG io.netty.util.ResourceLeakDetectorFactory - Loaded default ResourceLeakDetector: io.netty.util.ResourceLeakDetector@5b4d02cd
2022-01-04 00:03:50.900 [AsyncHttpClient-1-2][2122] DEBUG io.netty.util.Recycler - -Dio.netty.recycler.maxCapacityPerThread: 4096
2022-01-04 00:03:50.902 [AsyncHttpClient-1-2][2124] DEBUG io.netty.util.Recycler - -Dio.netty.recycler.maxSharedCapacityFactor: 2
2022-01-04 00:03:50.902 [AsyncHttpClient-1-2][2124] DEBUG io.netty.util.Recycler - -Dio.netty.recycler.linkCapacity: 16
2022-01-04 00:03:50.902 [AsyncHttpClient-1-2][2124] DEBUG io.netty.util.Recycler - -Dio.netty.recycler.ratio: 8
2022-01-04 00:03:50.902 [AsyncHttpClient-1-2][2124] DEBUG io.netty.util.Recycler - -Dio.netty.recycler.delayedQueue.ratio: 8
2022-01-04 00:03:51.801 [AsyncHttpClient-1-2][3023] DEBUG io.netty.handler.codec.compression.Brotli - brotli4j not in the classpath; Brotli support will be unavailable.
2022-01-04 00:03:51.860 [main][3082] DEBUG io.netty.util.internal.ThreadLocalRandom - -Dio.netty.initialSeedUniquifier: 0xa10c952762cd792b
2022-01-04 00:03:51.880 [main][3102] INFO  step_definitions.Hooks - Launch Browser
2022-01-04 00:03:54.843 [main][6065] INFO  page_objects.HomePage - User Is In Home Page
2022-01-04 00:03:54.845 [main][6067] DEBUG page_objects.Categories - Click On Deals
2022-01-04 00:03:56.911 [main][8133] DEBUG page_objects.Categories - Chose on going deals
2022-01-04 00:03:59.230 [main][10452] DEBUG page_objects.Categories - Title
2022-01-04 00:04:00.810 [main][12032] INFO  step_definitions.Hooks - Close Browser
2022-01-04 00:04:02.245 [main][13467] INFO  step_definitions.Hooks - Launch Browser
2022-01-04 00:04:03.924 [main][15146] INFO  page_objects.HomePage - User Is In Home Page
2022-01-04 00:04:03.924 [main][15146] DEBUG page_objects.Categories - Click On Deals
2022-01-04 00:04:05.993 [main][17215] DEBUG page_objects.Categories - Chose on going deals
2022-01-04 00:04:07.648 [main][18870] INFO  step_definitions.Hooks - Close Browser
2022-01-04 00:04:09.028 [main][20250] INFO  step_definitions.Hooks - Launch Browser
2022-01-04 00:04:11.761 [main][22983] INFO  page_objects.HomePage - User Is In Home Page
2022-01-04 00:04:11.762 [main][22984] DEBUG page_objects.Categories - Click On Deals
2022-01-04 00:04:13.830 [main][25052] DEBUG page_objects.Categories - Chose on going deals
2022-01-04 00:04:15.575 [main][26797] INFO  step_definitions.Hooks - Close Browser
2022-01-04 00:04:16.904 [main][28126] INFO  step_definitions.Hooks - Launch Browser
2022-01-04 00:04:19.634 [main][30856] INFO  page_objects.HomePage - User Is In Home Page
2022-01-04 00:04:19.634 [main][30856] DEBUG page_objects.Categories - Click On Deals
2022-01-04 00:04:21.702 [main][32924] DEBUG page_objects.Categories - Chose on going deals
2022-01-04 00:04:24.040 [main][35262] DEBUG page_objects.Categories - Title
2022-01-04 00:04:25.614 [main][36836] INFO  step_definitions.Hooks - Close Browser
