2022-01-04 00:15:34.094 [main][1045] DEBUG io.netty.util.internal.logging.InternalLoggerFactory - Using Log4J2 as the default logging framework
2022-01-04 00:15:34.098 [main][1049] DEBUG io.netty.util.ResourceLeakDetector - -Dio.netty.leakDetection.level: simple
2022-01-04 00:15:34.099 [main][1050] DEBUG io.netty.util.ResourceLeakDetector - -Dio.netty.leakDetection.targetRecords: 4
2022-01-04 00:15:34.101 [main][1052] DEBUG io.netty.util.ResourceLeakDetectorFactory - Loaded default ResourceLeakDetector: io.netty.util.ResourceLeakDetector@73017a80
2022-01-04 00:15:34.111 [main][1062] DEBUG io.netty.util.internal.PlatformDependent0 - -Dio.netty.noUnsafe: false
2022-01-04 00:15:34.111 [main][1062] DEBUG io.netty.util.internal.PlatformDependent0 - Java version: 11
2022-01-04 00:15:34.112 [main][1063] DEBUG io.netty.util.internal.PlatformDependent0 - sun.misc.Unsafe.theUnsafe: available
2022-01-04 00:15:34.112 [main][1063] DEBUG io.netty.util.internal.PlatformDependent0 - sun.misc.Unsafe.copyMemory: available
2022-01-04 00:15:34.113 [main][1064] DEBUG io.netty.util.internal.PlatformDependent0 - java.nio.Buffer.address: available
2022-01-04 00:15:34.113 [main][1064] DEBUG io.netty.util.internal.PlatformDependent0 - direct buffer constructor: unavailable: Reflective setAccessible(true) disabled
2022-01-04 00:15:34.113 [main][1064] DEBUG io.netty.util.internal.PlatformDependent0 - java.nio.Bits.unaligned: available, true
2022-01-04 00:15:34.114 [main][1065] DEBUG io.netty.util.internal.PlatformDependent0 - jdk.internal.misc.Unsafe.allocateUninitializedArray(int): unavailable: class io.netty.util.internal.PlatformDependent0$6 cannot access class jdk.internal.misc.Unsafe (in module java.base) because module java.base does not export jdk.internal.misc to unnamed module @45820e51
2022-01-04 00:15:34.114 [main][1065] DEBUG io.netty.util.internal.PlatformDependent0 - java.nio.DirectByteBuffer.<init>(long, int): unavailable
2022-01-04 00:15:34.115 [main][1066] DEBUG io.netty.util.internal.PlatformDependent - sun.misc.Unsafe: available
2022-01-04 00:15:34.115 [main][1066] DEBUG io.netty.util.internal.PlatformDependent - maxDirectMemory: 17133731840 bytes (maybe)
2022-01-04 00:15:34.115 [main][1066] DEBUG io.netty.util.internal.PlatformDependent - -Dio.netty.tmpdir: C:\Users\ahmed\AppData\Local\Temp (java.io.tmpdir)
2022-01-04 00:15:34.115 [main][1066] DEBUG io.netty.util.internal.PlatformDependent - -Dio.netty.bitMode: 64 (sun.arch.data.model)
2022-01-04 00:15:34.115 [main][1066] DEBUG io.netty.util.internal.PlatformDependent - Platform: Windows
2022-01-04 00:15:34.116 [main][1067] DEBUG io.netty.util.internal.PlatformDependent - -Dio.netty.maxDirectMemory: -1 bytes
2022-01-04 00:15:34.116 [main][1067] DEBUG io.netty.util.internal.PlatformDependent - -Dio.netty.uninitializedArrayAllocationThreshold: -1
2022-01-04 00:15:34.116 [main][1067] DEBUG io.netty.util.internal.CleanerJava9 - java.nio.ByteBuffer.cleaner(): available
2022-01-04 00:15:34.117 [main][1068] DEBUG io.netty.util.internal.PlatformDependent - -Dio.netty.noPreferDirect: false
2022-01-04 00:15:34.121 [main][1072] DEBUG io.netty.util.internal.PlatformDependent - org.jctools-core.MpscChunkedArrayQueue: available
2022-01-04 00:15:34.130 [main][1081] DEBUG io.netty.util.internal.InternalThreadLocalMap - -Dio.netty.threadLocalMap.stringBuilder.initialSize: 1024
2022-01-04 00:15:34.131 [main][1082] DEBUG io.netty.util.internal.InternalThreadLocalMap - -Dio.netty.threadLocalMap.stringBuilder.maxSize: 4096
2022-01-04 00:15:34.143 [main][1094] DEBUG io.netty.handler.ssl.JdkSslContext - Default protocols (JDK): [TLSv1.3, TLSv1.2] 
2022-01-04 00:15:34.143 [main][1094] DEBUG io.netty.handler.ssl.JdkSslContext - Default cipher suites (JDK): [TLS_ECDHE_ECDSA_WITH_AES_256_GCM_SHA384, TLS_ECDHE_ECDSA_WITH_AES_128_GCM_SHA256, TLS_ECDHE_RSA_WITH_AES_128_GCM_SHA256, TLS_ECDHE_RSA_WITH_AES_256_GCM_SHA384, TLS_ECDHE_RSA_WITH_AES_128_CBC_SHA, TLS_ECDHE_RSA_WITH_AES_256_CBC_SHA, TLS_RSA_WITH_AES_128_GCM_SHA256, TLS_RSA_WITH_AES_128_CBC_SHA, TLS_RSA_WITH_AES_256_CBC_SHA, TLS_AES_128_GCM_SHA256, TLS_AES_256_GCM_SHA384]
2022-01-04 00:15:34.158 [main][1109] DEBUG io.netty.channel.MultithreadEventLoopGroup - -Dio.netty.eventLoopThreads: 40
2022-01-04 00:15:34.162 [main][1113] DEBUG io.netty.channel.nio.NioEventLoop - -Dio.netty.noKeySetOptimization: false
2022-01-04 00:15:34.162 [main][1113] DEBUG io.netty.channel.nio.NioEventLoop - -Dio.netty.selectorAutoRebuildThreshold: 512
2022-01-04 00:15:34.190 [main][1141] DEBUG io.netty.buffer.PooledByteBufAllocator - -Dio.netty.allocator.numHeapArenas: 40
2022-01-04 00:15:34.190 [main][1141] DEBUG io.netty.buffer.PooledByteBufAllocator - -Dio.netty.allocator.numDirectArenas: 40
2022-01-04 00:15:34.190 [main][1141] DEBUG io.netty.buffer.PooledByteBufAllocator - -Dio.netty.allocator.pageSize: 8192
2022-01-04 00:15:34.190 [main][1141] DEBUG io.netty.buffer.PooledByteBufAllocator - -Dio.netty.allocator.maxOrder: 11
2022-01-04 00:15:34.190 [main][1141] DEBUG io.netty.buffer.PooledByteBufAllocator - -Dio.netty.allocator.chunkSize: 16777216
2022-01-04 00:15:34.190 [main][1141] DEBUG io.netty.buffer.PooledByteBufAllocator - -Dio.netty.allocator.smallCacheSize: 256
2022-01-04 00:15:34.191 [main][1142] DEBUG io.netty.buffer.PooledByteBufAllocator - -Dio.netty.allocator.normalCacheSize: 64
2022-01-04 00:15:34.191 [main][1142] DEBUG io.netty.buffer.PooledByteBufAllocator - -Dio.netty.allocator.maxCachedBufferCapacity: 32768
2022-01-04 00:15:34.191 [main][1142] DEBUG io.netty.buffer.PooledByteBufAllocator - -Dio.netty.allocator.cacheTrimInterval: 8192
2022-01-04 00:15:34.191 [main][1142] DEBUG io.netty.buffer.PooledByteBufAllocator - -Dio.netty.allocator.cacheTrimIntervalMillis: 0
2022-01-04 00:15:34.191 [main][1142] DEBUG io.netty.buffer.PooledByteBufAllocator - -Dio.netty.allocator.useCacheForAllThreads: true
2022-01-04 00:15:34.191 [main][1142] DEBUG io.netty.buffer.PooledByteBufAllocator - -Dio.netty.allocator.maxCachedByteBuffersPerChunk: 1023
2022-01-04 00:15:34.197 [main][1148] DEBUG io.netty.buffer.ByteBufUtil - -Dio.netty.allocator.type: pooled
2022-01-04 00:15:34.197 [main][1148] DEBUG io.netty.buffer.ByteBufUtil - -Dio.netty.threadLocalDirectBufferSize: 0
2022-01-04 00:15:34.197 [main][1148] DEBUG io.netty.buffer.ByteBufUtil - -Dio.netty.maxThreadLocalCharBufferSize: 16384
2022-01-04 00:15:34.850 [Forwarding newSession on session null to remote][1801] DEBUG io.netty.channel.DefaultChannelId - -Dio.netty.processId: 27228 (auto-detected)
2022-01-04 00:15:34.851 [Forwarding newSession on session null to remote][1802] DEBUG io.netty.util.NetUtil - -Djava.net.preferIPv4Stack: false
2022-01-04 00:15:34.851 [Forwarding newSession on session null to remote][1802] DEBUG io.netty.util.NetUtil - -Djava.net.preferIPv6Addresses: false
2022-01-04 00:15:34.985 [Forwarding newSession on session null to remote][1936] DEBUG io.netty.util.NetUtilInitializations - Loopback interface: lo (Software Loopback Interface 1, 127.0.0.1)
2022-01-04 00:15:34.986 [Forwarding newSession on session null to remote][1937] DEBUG io.netty.util.NetUtil - Failed to get SOMAXCONN from sysctl and file \proc\sys\net\core\somaxconn. Default: 200
2022-01-04 00:15:35.129 [Forwarding newSession on session null to remote][2080] DEBUG io.netty.channel.DefaultChannelId - -Dio.netty.machineId: f0:2f:74:ff:fe:d4:02:2a (auto-detected)
2022-01-04 00:15:35.155 [AsyncHttpClient-1-2][2106] DEBUG io.netty.buffer.AbstractByteBuf - -Dio.netty.buffer.checkAccessible: true
2022-01-04 00:15:35.155 [AsyncHttpClient-1-2][2106] DEBUG io.netty.buffer.AbstractByteBuf - -Dio.netty.buffer.checkBounds: true
2022-01-04 00:15:35.155 [AsyncHttpClient-1-2][2106] DEBUG io.netty.util.ResourceLeakDetectorFactory - Loaded default ResourceLeakDetector: io.netty.util.ResourceLeakDetector@5b4d02cd
2022-01-04 00:15:35.174 [AsyncHttpClient-1-2][2125] DEBUG io.netty.util.Recycler - -Dio.netty.recycler.maxCapacityPerThread: 4096
2022-01-04 00:15:35.175 [AsyncHttpClient-1-2][2126] DEBUG io.netty.util.Recycler - -Dio.netty.recycler.maxSharedCapacityFactor: 2
2022-01-04 00:15:35.175 [AsyncHttpClient-1-2][2126] DEBUG io.netty.util.Recycler - -Dio.netty.recycler.linkCapacity: 16
2022-01-04 00:15:35.175 [AsyncHttpClient-1-2][2126] DEBUG io.netty.util.Recycler - -Dio.netty.recycler.ratio: 8
2022-01-04 00:15:35.175 [AsyncHttpClient-1-2][2126] DEBUG io.netty.util.Recycler - -Dio.netty.recycler.delayedQueue.ratio: 8
2022-01-04 00:15:36.127 [AsyncHttpClient-1-2][3078] DEBUG io.netty.handler.codec.compression.Brotli - brotli4j not in the classpath; Brotli support will be unavailable.
2022-01-04 00:15:36.187 [main][3138] DEBUG io.netty.util.internal.ThreadLocalRandom - -Dio.netty.initialSeedUniquifier: 0x475f37dce4c5295c
2022-01-04 00:15:36.208 [main][3159] INFO  step_definitions.Hooks - Launch Browser
2022-01-04 00:15:38.030 [main][4981] INFO  page_objects.HomePage - User Is In Home Page
2022-01-04 00:15:38.031 [main][4982] DEBUG page_objects.Categories - Click On Deals
2022-01-04 00:15:39.098 [main][6049] DEBUG page_objects.Categories - Chose on going deals
2022-01-04 00:15:40.407 [main][7358] DEBUG page_objects.Categories - Title
2022-01-04 00:15:42.164 [main][9115] INFO  step_definitions.Hooks - Close Browser
2022-01-04 00:15:43.501 [main][10452] INFO  step_definitions.Hooks - Launch Browser
2022-01-04 00:15:46.153 [main][13104] INFO  page_objects.HomePage - User Is In Home Page
2022-01-04 00:15:46.154 [main][13105] DEBUG page_objects.Categories - Click On Deals
2022-01-04 00:15:47.219 [main][14170] DEBUG page_objects.Categories - Chose on going deals
2022-01-04 00:15:48.883 [main][15834] INFO  step_definitions.Hooks - Close Browser
2022-01-04 00:15:50.215 [main][17166] INFO  step_definitions.Hooks - Launch Browser
2022-01-04 00:15:53.073 [main][20024] INFO  page_objects.HomePage - User Is In Home Page
2022-01-04 00:15:53.074 [main][20025] DEBUG page_objects.Categories - Click On Deals
2022-01-04 00:15:54.142 [main][21093] DEBUG page_objects.Categories - Chose on going deals
2022-01-04 00:15:55.884 [main][22835] INFO  step_definitions.Hooks - Close Browser
2022-01-04 00:15:57.264 [main][24215] INFO  step_definitions.Hooks - Launch Browser
2022-01-04 00:15:58.912 [main][25863] INFO  page_objects.HomePage - User Is In Home Page
2022-01-04 00:15:58.913 [main][25864] DEBUG page_objects.Categories - Click On Deals
2022-01-04 00:15:59.975 [main][26926] DEBUG page_objects.Categories - Chose on going deals
2022-01-04 00:16:01.280 [main][28231] DEBUG page_objects.Categories - Title
2022-01-04 00:16:02.850 [main][29801] INFO  step_definitions.Hooks - Close Browser
