2022-01-04 00:06:48.150 [main][1044] DEBUG io.netty.util.internal.logging.InternalLoggerFactory - Using Log4J2 as the default logging framework
2022-01-04 00:06:48.154 [main][1048] DEBUG io.netty.util.ResourceLeakDetector - -Dio.netty.leakDetection.level: simple
2022-01-04 00:06:48.154 [main][1048] DEBUG io.netty.util.ResourceLeakDetector - -Dio.netty.leakDetection.targetRecords: 4
2022-01-04 00:06:48.156 [main][1050] DEBUG io.netty.util.ResourceLeakDetectorFactory - Loaded default ResourceLeakDetector: io.netty.util.ResourceLeakDetector@1cb19dba
2022-01-04 00:06:48.166 [main][1060] DEBUG io.netty.util.internal.PlatformDependent0 - -Dio.netty.noUnsafe: false
2022-01-04 00:06:48.166 [main][1060] DEBUG io.netty.util.internal.PlatformDependent0 - Java version: 11
2022-01-04 00:06:48.167 [main][1061] DEBUG io.netty.util.internal.PlatformDependent0 - sun.misc.Unsafe.theUnsafe: available
2022-01-04 00:06:48.167 [main][1061] DEBUG io.netty.util.internal.PlatformDependent0 - sun.misc.Unsafe.copyMemory: available
2022-01-04 00:06:48.167 [main][1061] DEBUG io.netty.util.internal.PlatformDependent0 - java.nio.Buffer.address: available
2022-01-04 00:06:48.168 [main][1062] DEBUG io.netty.util.internal.PlatformDependent0 - direct buffer constructor: unavailable: Reflective setAccessible(true) disabled
2022-01-04 00:06:48.168 [main][1062] DEBUG io.netty.util.internal.PlatformDependent0 - java.nio.Bits.unaligned: available, true
2022-01-04 00:06:48.169 [main][1063] DEBUG io.netty.util.internal.PlatformDependent0 - jdk.internal.misc.Unsafe.allocateUninitializedArray(int): unavailable: class io.netty.util.internal.PlatformDependent0$6 cannot access class jdk.internal.misc.Unsafe (in module java.base) because module java.base does not export jdk.internal.misc to unnamed module @45820e51
2022-01-04 00:06:48.169 [main][1063] DEBUG io.netty.util.internal.PlatformDependent0 - java.nio.DirectByteBuffer.<init>(long, int): unavailable
2022-01-04 00:06:48.169 [main][1063] DEBUG io.netty.util.internal.PlatformDependent - sun.misc.Unsafe: available
2022-01-04 00:06:48.170 [main][1064] DEBUG io.netty.util.internal.PlatformDependent - maxDirectMemory: 17133731840 bytes (maybe)
2022-01-04 00:06:48.170 [main][1064] DEBUG io.netty.util.internal.PlatformDependent - -Dio.netty.tmpdir: C:\Users\ahmed\AppData\Local\Temp (java.io.tmpdir)
2022-01-04 00:06:48.170 [main][1064] DEBUG io.netty.util.internal.PlatformDependent - -Dio.netty.bitMode: 64 (sun.arch.data.model)
2022-01-04 00:06:48.170 [main][1064] DEBUG io.netty.util.internal.PlatformDependent - Platform: Windows
2022-01-04 00:06:48.170 [main][1064] DEBUG io.netty.util.internal.PlatformDependent - -Dio.netty.maxDirectMemory: -1 bytes
2022-01-04 00:06:48.170 [main][1064] DEBUG io.netty.util.internal.PlatformDependent - -Dio.netty.uninitializedArrayAllocationThreshold: -1
2022-01-04 00:06:48.171 [main][1065] DEBUG io.netty.util.internal.CleanerJava9 - java.nio.ByteBuffer.cleaner(): available
2022-01-04 00:06:48.171 [main][1065] DEBUG io.netty.util.internal.PlatformDependent - -Dio.netty.noPreferDirect: false
2022-01-04 00:06:48.175 [main][1069] DEBUG io.netty.util.internal.PlatformDependent - org.jctools-core.MpscChunkedArrayQueue: available
2022-01-04 00:06:48.185 [main][1079] DEBUG io.netty.util.internal.InternalThreadLocalMap - -Dio.netty.threadLocalMap.stringBuilder.initialSize: 1024
2022-01-04 00:06:48.185 [main][1079] DEBUG io.netty.util.internal.InternalThreadLocalMap - -Dio.netty.threadLocalMap.stringBuilder.maxSize: 4096
2022-01-04 00:06:48.197 [main][1091] DEBUG io.netty.handler.ssl.JdkSslContext - Default protocols (JDK): [TLSv1.3, TLSv1.2] 
2022-01-04 00:06:48.197 [main][1091] DEBUG io.netty.handler.ssl.JdkSslContext - Default cipher suites (JDK): [TLS_ECDHE_ECDSA_WITH_AES_256_GCM_SHA384, TLS_ECDHE_ECDSA_WITH_AES_128_GCM_SHA256, TLS_ECDHE_RSA_WITH_AES_128_GCM_SHA256, TLS_ECDHE_RSA_WITH_AES_256_GCM_SHA384, TLS_ECDHE_RSA_WITH_AES_128_CBC_SHA, TLS_ECDHE_RSA_WITH_AES_256_CBC_SHA, TLS_RSA_WITH_AES_128_GCM_SHA256, TLS_RSA_WITH_AES_128_CBC_SHA, TLS_RSA_WITH_AES_256_CBC_SHA, TLS_AES_128_GCM_SHA256, TLS_AES_256_GCM_SHA384]
2022-01-04 00:06:48.209 [main][1103] DEBUG io.netty.channel.MultithreadEventLoopGroup - -Dio.netty.eventLoopThreads: 40
2022-01-04 00:06:48.214 [main][1108] DEBUG io.netty.channel.nio.NioEventLoop - -Dio.netty.noKeySetOptimization: false
2022-01-04 00:06:48.214 [main][1108] DEBUG io.netty.channel.nio.NioEventLoop - -Dio.netty.selectorAutoRebuildThreshold: 512
2022-01-04 00:06:48.241 [main][1135] DEBUG io.netty.buffer.PooledByteBufAllocator - -Dio.netty.allocator.numHeapArenas: 40
2022-01-04 00:06:48.241 [main][1135] DEBUG io.netty.buffer.PooledByteBufAllocator - -Dio.netty.allocator.numDirectArenas: 40
2022-01-04 00:06:48.242 [main][1136] DEBUG io.netty.buffer.PooledByteBufAllocator - -Dio.netty.allocator.pageSize: 8192
2022-01-04 00:06:48.242 [main][1136] DEBUG io.netty.buffer.PooledByteBufAllocator - -Dio.netty.allocator.maxOrder: 11
2022-01-04 00:06:48.242 [main][1136] DEBUG io.netty.buffer.PooledByteBufAllocator - -Dio.netty.allocator.chunkSize: 16777216
2022-01-04 00:06:48.242 [main][1136] DEBUG io.netty.buffer.PooledByteBufAllocator - -Dio.netty.allocator.smallCacheSize: 256
2022-01-04 00:06:48.242 [main][1136] DEBUG io.netty.buffer.PooledByteBufAllocator - -Dio.netty.allocator.normalCacheSize: 64
2022-01-04 00:06:48.242 [main][1136] DEBUG io.netty.buffer.PooledByteBufAllocator - -Dio.netty.allocator.maxCachedBufferCapacity: 32768
2022-01-04 00:06:48.242 [main][1136] DEBUG io.netty.buffer.PooledByteBufAllocator - -Dio.netty.allocator.cacheTrimInterval: 8192
2022-01-04 00:06:48.242 [main][1136] DEBUG io.netty.buffer.PooledByteBufAllocator - -Dio.netty.allocator.cacheTrimIntervalMillis: 0
2022-01-04 00:06:48.242 [main][1136] DEBUG io.netty.buffer.PooledByteBufAllocator - -Dio.netty.allocator.useCacheForAllThreads: true
2022-01-04 00:06:48.242 [main][1136] DEBUG io.netty.buffer.PooledByteBufAllocator - -Dio.netty.allocator.maxCachedByteBuffersPerChunk: 1023
2022-01-04 00:06:48.248 [main][1142] DEBUG io.netty.buffer.ByteBufUtil - -Dio.netty.allocator.type: pooled
2022-01-04 00:06:48.248 [main][1142] DEBUG io.netty.buffer.ByteBufUtil - -Dio.netty.threadLocalDirectBufferSize: 0
2022-01-04 00:06:48.248 [main][1142] DEBUG io.netty.buffer.ByteBufUtil - -Dio.netty.maxThreadLocalCharBufferSize: 16384
2022-01-04 00:06:48.885 [Forwarding newSession on session null to remote][1779] DEBUG io.netty.channel.DefaultChannelId - -Dio.netty.processId: 37048 (auto-detected)
2022-01-04 00:06:48.887 [Forwarding newSession on session null to remote][1781] DEBUG io.netty.util.NetUtil - -Djava.net.preferIPv4Stack: false
2022-01-04 00:06:48.887 [Forwarding newSession on session null to remote][1781] DEBUG io.netty.util.NetUtil - -Djava.net.preferIPv6Addresses: false
2022-01-04 00:06:49.020 [Forwarding newSession on session null to remote][1914] DEBUG io.netty.util.NetUtilInitializations - Loopback interface: lo (Software Loopback Interface 1, 127.0.0.1)
2022-01-04 00:06:49.021 [Forwarding newSession on session null to remote][1915] DEBUG io.netty.util.NetUtil - Failed to get SOMAXCONN from sysctl and file \proc\sys\net\core\somaxconn. Default: 200
2022-01-04 00:06:49.163 [Forwarding newSession on session null to remote][2057] DEBUG io.netty.channel.DefaultChannelId - -Dio.netty.machineId: f0:2f:74:ff:fe:d4:02:2a (auto-detected)
2022-01-04 00:06:49.190 [AsyncHttpClient-1-2][2084] DEBUG io.netty.buffer.AbstractByteBuf - -Dio.netty.buffer.checkAccessible: true
2022-01-04 00:06:49.191 [AsyncHttpClient-1-2][2085] DEBUG io.netty.buffer.AbstractByteBuf - -Dio.netty.buffer.checkBounds: true
2022-01-04 00:06:49.191 [AsyncHttpClient-1-2][2085] DEBUG io.netty.util.ResourceLeakDetectorFactory - Loaded default ResourceLeakDetector: io.netty.util.ResourceLeakDetector@4312ef94
2022-01-04 00:06:49.210 [AsyncHttpClient-1-2][2104] DEBUG io.netty.util.Recycler - -Dio.netty.recycler.maxCapacityPerThread: 4096
2022-01-04 00:06:49.210 [AsyncHttpClient-1-2][2104] DEBUG io.netty.util.Recycler - -Dio.netty.recycler.maxSharedCapacityFactor: 2
2022-01-04 00:06:49.210 [AsyncHttpClient-1-2][2104] DEBUG io.netty.util.Recycler - -Dio.netty.recycler.linkCapacity: 16
2022-01-04 00:06:49.210 [AsyncHttpClient-1-2][2104] DEBUG io.netty.util.Recycler - -Dio.netty.recycler.ratio: 8
2022-01-04 00:06:49.210 [AsyncHttpClient-1-2][2104] DEBUG io.netty.util.Recycler - -Dio.netty.recycler.delayedQueue.ratio: 8
2022-01-04 00:06:50.162 [AsyncHttpClient-1-2][3056] DEBUG io.netty.handler.codec.compression.Brotli - brotli4j not in the classpath; Brotli support will be unavailable.
2022-01-04 00:06:50.220 [main][3114] DEBUG io.netty.util.internal.ThreadLocalRandom - -Dio.netty.initialSeedUniquifier: 0xa22e0f3fc8bc7b7c
2022-01-04 00:06:50.240 [main][3134] INFO  step_definitions.Hooks - Launch Browser
2022-01-04 00:06:51.546 [main][4440] INFO  page_objects.HomePage - User Is In Home Page
2022-01-04 00:06:51.547 [main][4441] DEBUG page_objects.Categories - Click On Deals
2022-01-04 00:06:53.005 [main][5899] DEBUG page_objects.Categories - Chose on going deals
2022-01-04 00:06:54.791 [main][7685] DEBUG page_objects.Categories - Title
2022-01-04 00:06:56.546 [main][9440] INFO  step_definitions.Hooks - Close Browser
2022-01-04 00:06:57.994 [main][10888] INFO  step_definitions.Hooks - Launch Browser
2022-01-04 00:06:59.598 [main][12492] INFO  page_objects.HomePage - User Is In Home Page
2022-01-04 00:06:59.599 [main][12493] DEBUG page_objects.Categories - Click On Deals
2022-01-04 00:07:00.668 [main][13562] DEBUG page_objects.Categories - Chose on going deals
2022-01-04 00:07:02.331 [main][15225] INFO  step_definitions.Hooks - Close Browser
2022-01-04 00:07:03.765 [main][16659] INFO  step_definitions.Hooks - Launch Browser
2022-01-04 00:07:06.559 [main][19453] INFO  page_objects.HomePage - User Is In Home Page
2022-01-04 00:07:06.560 [main][19454] DEBUG page_objects.Categories - Click On Deals
2022-01-04 00:07:07.626 [main][20520] DEBUG page_objects.Categories - Chose on going deals
2022-01-04 00:07:09.364 [main][22258] INFO  step_definitions.Hooks - Close Browser
2022-01-04 00:07:10.746 [main][23640] INFO  step_definitions.Hooks - Launch Browser
2022-01-04 00:07:13.289 [main][26183] INFO  page_objects.HomePage - User Is In Home Page
2022-01-04 00:07:13.289 [main][26183] DEBUG page_objects.Categories - Click On Deals
2022-01-04 00:07:14.358 [main][27252] DEBUG page_objects.Categories - Chose on going deals
2022-01-04 00:07:15.672 [main][28566] DEBUG page_objects.Categories - Title
2022-01-04 00:07:17.249 [main][30143] INFO  step_definitions.Hooks - Close Browser
