2022-01-03 23:56:26.631 [main][1051] DEBUG io.netty.util.internal.logging.InternalLoggerFactory - Using Log4J2 as the default logging framework
2022-01-03 23:56:26.637 [main][1057] DEBUG io.netty.util.ResourceLeakDetector - -Dio.netty.leakDetection.level: simple
2022-01-03 23:56:26.637 [main][1057] DEBUG io.netty.util.ResourceLeakDetector - -Dio.netty.leakDetection.targetRecords: 4
2022-01-03 23:56:26.640 [main][1060] DEBUG io.netty.util.ResourceLeakDetectorFactory - Loaded default ResourceLeakDetector: io.netty.util.ResourceLeakDetector@1cb19dba
2022-01-03 23:56:26.650 [main][1070] DEBUG io.netty.util.internal.PlatformDependent0 - -Dio.netty.noUnsafe: false
2022-01-03 23:56:26.651 [main][1071] DEBUG io.netty.util.internal.PlatformDependent0 - Java version: 11
2022-01-03 23:56:26.651 [main][1071] DEBUG io.netty.util.internal.PlatformDependent0 - sun.misc.Unsafe.theUnsafe: available
2022-01-03 23:56:26.652 [main][1072] DEBUG io.netty.util.internal.PlatformDependent0 - sun.misc.Unsafe.copyMemory: available
2022-01-03 23:56:26.652 [main][1072] DEBUG io.netty.util.internal.PlatformDependent0 - java.nio.Buffer.address: available
2022-01-03 23:56:26.652 [main][1072] DEBUG io.netty.util.internal.PlatformDependent0 - direct buffer constructor: unavailable: Reflective setAccessible(true) disabled
2022-01-03 23:56:26.653 [main][1073] DEBUG io.netty.util.internal.PlatformDependent0 - java.nio.Bits.unaligned: available, true
2022-01-03 23:56:26.653 [main][1073] DEBUG io.netty.util.internal.PlatformDependent0 - jdk.internal.misc.Unsafe.allocateUninitializedArray(int): unavailable: class io.netty.util.internal.PlatformDependent0$6 cannot access class jdk.internal.misc.Unsafe (in module java.base) because module java.base does not export jdk.internal.misc to unnamed module @45820e51
2022-01-03 23:56:26.654 [main][1074] DEBUG io.netty.util.internal.PlatformDependent0 - java.nio.DirectByteBuffer.<init>(long, int): unavailable
2022-01-03 23:56:26.654 [main][1074] DEBUG io.netty.util.internal.PlatformDependent - sun.misc.Unsafe: available
2022-01-03 23:56:26.654 [main][1074] DEBUG io.netty.util.internal.PlatformDependent - maxDirectMemory: 17133731840 bytes (maybe)
2022-01-03 23:56:26.654 [main][1074] DEBUG io.netty.util.internal.PlatformDependent - -Dio.netty.tmpdir: C:\Users\ahmed\AppData\Local\Temp (java.io.tmpdir)
2022-01-03 23:56:26.655 [main][1075] DEBUG io.netty.util.internal.PlatformDependent - -Dio.netty.bitMode: 64 (sun.arch.data.model)
2022-01-03 23:56:26.655 [main][1075] DEBUG io.netty.util.internal.PlatformDependent - Platform: Windows
2022-01-03 23:56:26.655 [main][1075] DEBUG io.netty.util.internal.PlatformDependent - -Dio.netty.maxDirectMemory: -1 bytes
2022-01-03 23:56:26.655 [main][1075] DEBUG io.netty.util.internal.PlatformDependent - -Dio.netty.uninitializedArrayAllocationThreshold: -1
2022-01-03 23:56:26.656 [main][1076] DEBUG io.netty.util.internal.CleanerJava9 - java.nio.ByteBuffer.cleaner(): available
2022-01-03 23:56:26.656 [main][1076] DEBUG io.netty.util.internal.PlatformDependent - -Dio.netty.noPreferDirect: false
2022-01-03 23:56:26.660 [main][1080] DEBUG io.netty.util.internal.PlatformDependent - org.jctools-core.MpscChunkedArrayQueue: available
2022-01-03 23:56:26.669 [main][1089] DEBUG io.netty.util.internal.InternalThreadLocalMap - -Dio.netty.threadLocalMap.stringBuilder.initialSize: 1024
2022-01-03 23:56:26.670 [main][1090] DEBUG io.netty.util.internal.InternalThreadLocalMap - -Dio.netty.threadLocalMap.stringBuilder.maxSize: 4096
2022-01-03 23:56:26.681 [main][1101] DEBUG io.netty.handler.ssl.JdkSslContext - Default protocols (JDK): [TLSv1.3, TLSv1.2] 
2022-01-03 23:56:26.682 [main][1102] DEBUG io.netty.handler.ssl.JdkSslContext - Default cipher suites (JDK): [TLS_ECDHE_ECDSA_WITH_AES_256_GCM_SHA384, TLS_ECDHE_ECDSA_WITH_AES_128_GCM_SHA256, TLS_ECDHE_RSA_WITH_AES_128_GCM_SHA256, TLS_ECDHE_RSA_WITH_AES_256_GCM_SHA384, TLS_ECDHE_RSA_WITH_AES_128_CBC_SHA, TLS_ECDHE_RSA_WITH_AES_256_CBC_SHA, TLS_RSA_WITH_AES_128_GCM_SHA256, TLS_RSA_WITH_AES_128_CBC_SHA, TLS_RSA_WITH_AES_256_CBC_SHA, TLS_AES_128_GCM_SHA256, TLS_AES_256_GCM_SHA384]
2022-01-03 23:56:26.695 [main][1115] DEBUG io.netty.channel.MultithreadEventLoopGroup - -Dio.netty.eventLoopThreads: 40
2022-01-03 23:56:26.700 [main][1120] DEBUG io.netty.channel.nio.NioEventLoop - -Dio.netty.noKeySetOptimization: false
2022-01-03 23:56:26.700 [main][1120] DEBUG io.netty.channel.nio.NioEventLoop - -Dio.netty.selectorAutoRebuildThreshold: 512
2022-01-03 23:56:26.727 [main][1147] DEBUG io.netty.buffer.PooledByteBufAllocator - -Dio.netty.allocator.numHeapArenas: 40
2022-01-03 23:56:26.727 [main][1147] DEBUG io.netty.buffer.PooledByteBufAllocator - -Dio.netty.allocator.numDirectArenas: 40
2022-01-03 23:56:26.727 [main][1147] DEBUG io.netty.buffer.PooledByteBufAllocator - -Dio.netty.allocator.pageSize: 8192
2022-01-03 23:56:26.727 [main][1147] DEBUG io.netty.buffer.PooledByteBufAllocator - -Dio.netty.allocator.maxOrder: 11
2022-01-03 23:56:26.727 [main][1147] DEBUG io.netty.buffer.PooledByteBufAllocator - -Dio.netty.allocator.chunkSize: 16777216
2022-01-03 23:56:26.727 [main][1147] DEBUG io.netty.buffer.PooledByteBufAllocator - -Dio.netty.allocator.smallCacheSize: 256
2022-01-03 23:56:26.727 [main][1147] DEBUG io.netty.buffer.PooledByteBufAllocator - -Dio.netty.allocator.normalCacheSize: 64
2022-01-03 23:56:26.727 [main][1147] DEBUG io.netty.buffer.PooledByteBufAllocator - -Dio.netty.allocator.maxCachedBufferCapacity: 32768
2022-01-03 23:56:26.727 [main][1147] DEBUG io.netty.buffer.PooledByteBufAllocator - -Dio.netty.allocator.cacheTrimInterval: 8192
2022-01-03 23:56:26.727 [main][1147] DEBUG io.netty.buffer.PooledByteBufAllocator - -Dio.netty.allocator.cacheTrimIntervalMillis: 0
2022-01-03 23:56:26.727 [main][1147] DEBUG io.netty.buffer.PooledByteBufAllocator - -Dio.netty.allocator.useCacheForAllThreads: true
2022-01-03 23:56:26.727 [main][1147] DEBUG io.netty.buffer.PooledByteBufAllocator - -Dio.netty.allocator.maxCachedByteBuffersPerChunk: 1023
2022-01-03 23:56:26.734 [main][1154] DEBUG io.netty.buffer.ByteBufUtil - -Dio.netty.allocator.type: pooled
2022-01-03 23:56:26.734 [main][1154] DEBUG io.netty.buffer.ByteBufUtil - -Dio.netty.threadLocalDirectBufferSize: 0
2022-01-03 23:56:26.734 [main][1154] DEBUG io.netty.buffer.ByteBufUtil - -Dio.netty.maxThreadLocalCharBufferSize: 16384
2022-01-03 23:56:27.374 [Forwarding newSession on session null to remote][1794] DEBUG io.netty.channel.DefaultChannelId - -Dio.netty.processId: 20120 (auto-detected)
2022-01-03 23:56:27.375 [Forwarding newSession on session null to remote][1795] DEBUG io.netty.util.NetUtil - -Djava.net.preferIPv4Stack: false
2022-01-03 23:56:27.375 [Forwarding newSession on session null to remote][1795] DEBUG io.netty.util.NetUtil - -Djava.net.preferIPv6Addresses: false
2022-01-03 23:56:27.511 [Forwarding newSession on session null to remote][1931] DEBUG io.netty.util.NetUtilInitializations - Loopback interface: lo (Software Loopback Interface 1, 127.0.0.1)
2022-01-03 23:56:27.512 [Forwarding newSession on session null to remote][1932] DEBUG io.netty.util.NetUtil - Failed to get SOMAXCONN from sysctl and file \proc\sys\net\core\somaxconn. Default: 200
2022-01-03 23:56:27.655 [Forwarding newSession on session null to remote][2075] DEBUG io.netty.channel.DefaultChannelId - -Dio.netty.machineId: f0:2f:74:ff:fe:d4:02:2a (auto-detected)
2022-01-03 23:56:27.680 [AsyncHttpClient-1-2][2100] DEBUG io.netty.buffer.AbstractByteBuf - -Dio.netty.buffer.checkAccessible: true
2022-01-03 23:56:27.681 [AsyncHttpClient-1-2][2101] DEBUG io.netty.buffer.AbstractByteBuf - -Dio.netty.buffer.checkBounds: true
2022-01-03 23:56:27.681 [AsyncHttpClient-1-2][2101] DEBUG io.netty.util.ResourceLeakDetectorFactory - Loaded default ResourceLeakDetector: io.netty.util.ResourceLeakDetector@497b25a9
2022-01-03 23:56:27.699 [AsyncHttpClient-1-2][2119] DEBUG io.netty.util.Recycler - -Dio.netty.recycler.maxCapacityPerThread: 4096
2022-01-03 23:56:27.700 [AsyncHttpClient-1-2][2120] DEBUG io.netty.util.Recycler - -Dio.netty.recycler.maxSharedCapacityFactor: 2
2022-01-03 23:56:27.701 [AsyncHttpClient-1-2][2121] DEBUG io.netty.util.Recycler - -Dio.netty.recycler.linkCapacity: 16
2022-01-03 23:56:27.701 [AsyncHttpClient-1-2][2121] DEBUG io.netty.util.Recycler - -Dio.netty.recycler.ratio: 8
2022-01-03 23:56:27.701 [AsyncHttpClient-1-2][2121] DEBUG io.netty.util.Recycler - -Dio.netty.recycler.delayedQueue.ratio: 8
2022-01-03 23:56:28.601 [AsyncHttpClient-1-2][3021] DEBUG io.netty.handler.codec.compression.Brotli - brotli4j not in the classpath; Brotli support will be unavailable.
2022-01-03 23:56:28.662 [main][3082] DEBUG io.netty.util.internal.ThreadLocalRandom - -Dio.netty.initialSeedUniquifier: 0xabcf5c4a65255536
2022-01-03 23:56:28.682 [main][3102] INFO  step_definitions.Hooks - Launch Browser
2022-01-03 23:56:30.392 [main][4812] INFO  page_objects.HomePage - User Is In Home Page
2022-01-03 23:56:30.393 [main][4813] DEBUG page_objects.Categories - Click On Categories
2022-01-03 23:56:31.464 [main][5884] DEBUG page_objects.Categories - Click On Categories
2022-01-03 23:56:32.775 [main][7195] DEBUG page_objects.Categories - Click On 2nd Category
2022-01-03 23:56:34.083 [main][8503] DEBUG page_objects.Categories - Select a item
2022-01-03 23:56:35.395 [main][9815] DEBUG page_objects.Categories - Title
2022-01-03 23:56:36.973 [main][11393] INFO  step_definitions.Hooks - Close Browser
2022-01-03 23:56:38.509 [main][12929] INFO  step_definitions.Hooks - Launch Browser
2022-01-03 23:56:40.118 [main][14538] INFO  page_objects.HomePage - User Is In Home Page
2022-01-03 23:56:40.119 [main][14539] DEBUG page_objects.Categories - Click On Categories
2022-01-03 23:56:41.192 [main][15612] DEBUG page_objects.Categories - Click On Categories
2022-01-03 23:56:42.495 [main][16915] DEBUG page_objects.Categories - Click On 2nd Category
2022-01-03 23:56:43.774 [main][18194] DEBUG page_objects.Categories - Select a item
2022-01-03 23:56:45.077 [main][19497] DEBUG page_objects.Categories - Title
2022-01-03 23:56:46.650 [main][21070] INFO  step_definitions.Hooks - Close Browser
2022-01-03 23:56:47.980 [main][22400] INFO  step_definitions.Hooks - Launch Browser
2022-01-03 23:56:50.812 [main][25232] INFO  page_objects.HomePage - User Is In Home Page
2022-01-03 23:56:50.813 [main][25233] DEBUG page_objects.Categories - Click On Categories
2022-01-03 23:56:51.887 [main][26307] DEBUG page_objects.Categories - Click On Categories
2022-01-03 23:56:53.207 [main][27627] DEBUG page_objects.Categories - Click On 2nd Category
2022-01-03 23:56:54.493 [main][28913] DEBUG page_objects.Categories - Select a item
2022-01-03 23:56:55.817 [main][30237] DEBUG page_objects.Categories - Title
2022-01-03 23:56:57.393 [main][31813] INFO  step_definitions.Hooks - Close Browser
2022-01-03 23:56:58.877 [main][33297] INFO  step_definitions.Hooks - Launch Browser
2022-01-03 23:57:00.717 [main][35137] INFO  page_objects.HomePage - User Is In Home Page
2022-01-03 23:57:00.717 [main][35137] DEBUG page_objects.Categories - Click On Categories
2022-01-03 23:57:01.785 [main][36205] DEBUG page_objects.Categories - Click On Categories
2022-01-03 23:57:03.098 [main][37518] DEBUG page_objects.Categories - Click On 2nd Category
2022-01-03 23:57:04.374 [main][38794] DEBUG page_objects.Categories - Select a item
2022-01-03 23:57:05.681 [main][40101] DEBUG page_objects.Categories - Title
2022-01-03 23:57:07.250 [main][41670] INFO  step_definitions.Hooks - Close Browser
2022-01-03 23:57:08.629 [main][43049] INFO  step_definitions.Hooks - Launch Browser
2022-01-03 23:57:10.361 [main][44781] INFO  page_objects.HomePage - User Is In Home Page
2022-01-03 23:57:10.361 [main][44781] DEBUG page_objects.Categories - Click On Categories
2022-01-03 23:57:11.431 [main][45851] DEBUG page_objects.Categories - Click On Categories
2022-01-03 23:57:12.753 [main][47173] DEBUG page_objects.Categories - Click On 2nd Category
2022-01-03 23:57:14.054 [main][48474] DEBUG page_objects.Categories - Select a item
2022-01-03 23:57:15.379 [main][49799] DEBUG page_objects.Categories - Title
2022-01-03 23:57:16.952 [main][51372] INFO  step_definitions.Hooks - Close Browser
2022-01-03 23:57:18.381 [main][52801] INFO  step_definitions.Hooks - Launch Browser
2022-01-03 23:57:21.126 [main][55546] INFO  page_objects.HomePage - User Is In Home Page
2022-01-03 23:57:21.126 [main][55546] DEBUG page_objects.Categories - Click On Categories
2022-01-03 23:57:22.203 [main][56623] DEBUG page_objects.Categories - Click On Categories
2022-01-03 23:57:23.518 [main][57938] DEBUG page_objects.Categories - Click On 2nd Category
2022-01-03 23:57:24.803 [main][59223] DEBUG page_objects.Categories - Select a item
2022-01-03 23:57:26.118 [main][60538] DEBUG page_objects.Categories - Title
2022-01-03 23:57:27.697 [main][62117] INFO  step_definitions.Hooks - Close Browser
