2022-01-04 00:20:41.000 [main][1053] DEBUG io.netty.util.internal.logging.InternalLoggerFactory - Using Log4J2 as the default logging framework
2022-01-04 00:20:41.004 [main][1057] DEBUG io.netty.util.ResourceLeakDetector - -Dio.netty.leakDetection.level: simple
2022-01-04 00:20:41.005 [main][1058] DEBUG io.netty.util.ResourceLeakDetector - -Dio.netty.leakDetection.targetRecords: 4
2022-01-04 00:20:41.007 [main][1060] DEBUG io.netty.util.ResourceLeakDetectorFactory - Loaded default ResourceLeakDetector: io.netty.util.ResourceLeakDetector@5c0f79f0
2022-01-04 00:20:41.017 [main][1070] DEBUG io.netty.util.internal.PlatformDependent0 - -Dio.netty.noUnsafe: false
2022-01-04 00:20:41.017 [main][1070] DEBUG io.netty.util.internal.PlatformDependent0 - Java version: 11
2022-01-04 00:20:41.018 [main][1071] DEBUG io.netty.util.internal.PlatformDependent0 - sun.misc.Unsafe.theUnsafe: available
2022-01-04 00:20:41.018 [main][1071] DEBUG io.netty.util.internal.PlatformDependent0 - sun.misc.Unsafe.copyMemory: available
2022-01-04 00:20:41.019 [main][1072] DEBUG io.netty.util.internal.PlatformDependent0 - java.nio.Buffer.address: available
2022-01-04 00:20:41.019 [main][1072] DEBUG io.netty.util.internal.PlatformDependent0 - direct buffer constructor: unavailable: Reflective setAccessible(true) disabled
2022-01-04 00:20:41.019 [main][1072] DEBUG io.netty.util.internal.PlatformDependent0 - java.nio.Bits.unaligned: available, true
2022-01-04 00:20:41.020 [main][1073] DEBUG io.netty.util.internal.PlatformDependent0 - jdk.internal.misc.Unsafe.allocateUninitializedArray(int): unavailable: class io.netty.util.internal.PlatformDependent0$6 cannot access class jdk.internal.misc.Unsafe (in module java.base) because module java.base does not export jdk.internal.misc to unnamed module @45820e51
2022-01-04 00:20:41.020 [main][1073] DEBUG io.netty.util.internal.PlatformDependent0 - java.nio.DirectByteBuffer.<init>(long, int): unavailable
2022-01-04 00:20:41.021 [main][1074] DEBUG io.netty.util.internal.PlatformDependent - sun.misc.Unsafe: available
2022-01-04 00:20:41.021 [main][1074] DEBUG io.netty.util.internal.PlatformDependent - maxDirectMemory: 17133731840 bytes (maybe)
2022-01-04 00:20:41.021 [main][1074] DEBUG io.netty.util.internal.PlatformDependent - -Dio.netty.tmpdir: C:\Users\ahmed\AppData\Local\Temp (java.io.tmpdir)
2022-01-04 00:20:41.021 [main][1074] DEBUG io.netty.util.internal.PlatformDependent - -Dio.netty.bitMode: 64 (sun.arch.data.model)
2022-01-04 00:20:41.021 [main][1074] DEBUG io.netty.util.internal.PlatformDependent - Platform: Windows
2022-01-04 00:20:41.022 [main][1075] DEBUG io.netty.util.internal.PlatformDependent - -Dio.netty.maxDirectMemory: -1 bytes
2022-01-04 00:20:41.022 [main][1075] DEBUG io.netty.util.internal.PlatformDependent - -Dio.netty.uninitializedArrayAllocationThreshold: -1
2022-01-04 00:20:41.022 [main][1075] DEBUG io.netty.util.internal.CleanerJava9 - java.nio.ByteBuffer.cleaner(): available
2022-01-04 00:20:41.022 [main][1075] DEBUG io.netty.util.internal.PlatformDependent - -Dio.netty.noPreferDirect: false
2022-01-04 00:20:41.026 [main][1079] DEBUG io.netty.util.internal.PlatformDependent - org.jctools-core.MpscChunkedArrayQueue: available
2022-01-04 00:20:41.036 [main][1089] DEBUG io.netty.util.internal.InternalThreadLocalMap - -Dio.netty.threadLocalMap.stringBuilder.initialSize: 1024
2022-01-04 00:20:41.036 [main][1089] DEBUG io.netty.util.internal.InternalThreadLocalMap - -Dio.netty.threadLocalMap.stringBuilder.maxSize: 4096
2022-01-04 00:20:41.048 [main][1101] DEBUG io.netty.handler.ssl.JdkSslContext - Default protocols (JDK): [TLSv1.3, TLSv1.2] 
2022-01-04 00:20:41.048 [main][1101] DEBUG io.netty.handler.ssl.JdkSslContext - Default cipher suites (JDK): [TLS_ECDHE_ECDSA_WITH_AES_256_GCM_SHA384, TLS_ECDHE_ECDSA_WITH_AES_128_GCM_SHA256, TLS_ECDHE_RSA_WITH_AES_128_GCM_SHA256, TLS_ECDHE_RSA_WITH_AES_256_GCM_SHA384, TLS_ECDHE_RSA_WITH_AES_128_CBC_SHA, TLS_ECDHE_RSA_WITH_AES_256_CBC_SHA, TLS_RSA_WITH_AES_128_GCM_SHA256, TLS_RSA_WITH_AES_128_CBC_SHA, TLS_RSA_WITH_AES_256_CBC_SHA, TLS_AES_128_GCM_SHA256, TLS_AES_256_GCM_SHA384]
2022-01-04 00:20:41.062 [main][1115] DEBUG io.netty.channel.MultithreadEventLoopGroup - -Dio.netty.eventLoopThreads: 40
2022-01-04 00:20:41.067 [main][1120] DEBUG io.netty.channel.nio.NioEventLoop - -Dio.netty.noKeySetOptimization: false
2022-01-04 00:20:41.067 [main][1120] DEBUG io.netty.channel.nio.NioEventLoop - -Dio.netty.selectorAutoRebuildThreshold: 512
2022-01-04 00:20:41.095 [main][1148] DEBUG io.netty.buffer.PooledByteBufAllocator - -Dio.netty.allocator.numHeapArenas: 40
2022-01-04 00:20:41.095 [main][1148] DEBUG io.netty.buffer.PooledByteBufAllocator - -Dio.netty.allocator.numDirectArenas: 40
2022-01-04 00:20:41.095 [main][1148] DEBUG io.netty.buffer.PooledByteBufAllocator - -Dio.netty.allocator.pageSize: 8192
2022-01-04 00:20:41.095 [main][1148] DEBUG io.netty.buffer.PooledByteBufAllocator - -Dio.netty.allocator.maxOrder: 11
2022-01-04 00:20:41.095 [main][1148] DEBUG io.netty.buffer.PooledByteBufAllocator - -Dio.netty.allocator.chunkSize: 16777216
2022-01-04 00:20:41.095 [main][1148] DEBUG io.netty.buffer.PooledByteBufAllocator - -Dio.netty.allocator.smallCacheSize: 256
2022-01-04 00:20:41.095 [main][1148] DEBUG io.netty.buffer.PooledByteBufAllocator - -Dio.netty.allocator.normalCacheSize: 64
2022-01-04 00:20:41.095 [main][1148] DEBUG io.netty.buffer.PooledByteBufAllocator - -Dio.netty.allocator.maxCachedBufferCapacity: 32768
2022-01-04 00:20:41.095 [main][1148] DEBUG io.netty.buffer.PooledByteBufAllocator - -Dio.netty.allocator.cacheTrimInterval: 8192
2022-01-04 00:20:41.095 [main][1148] DEBUG io.netty.buffer.PooledByteBufAllocator - -Dio.netty.allocator.cacheTrimIntervalMillis: 0
2022-01-04 00:20:41.095 [main][1148] DEBUG io.netty.buffer.PooledByteBufAllocator - -Dio.netty.allocator.useCacheForAllThreads: true
2022-01-04 00:20:41.095 [main][1148] DEBUG io.netty.buffer.PooledByteBufAllocator - -Dio.netty.allocator.maxCachedByteBuffersPerChunk: 1023
2022-01-04 00:20:41.102 [main][1155] DEBUG io.netty.buffer.ByteBufUtil - -Dio.netty.allocator.type: pooled
2022-01-04 00:20:41.102 [main][1155] DEBUG io.netty.buffer.ByteBufUtil - -Dio.netty.threadLocalDirectBufferSize: 0
2022-01-04 00:20:41.102 [main][1155] DEBUG io.netty.buffer.ByteBufUtil - -Dio.netty.maxThreadLocalCharBufferSize: 16384
2022-01-04 00:20:41.742 [Forwarding newSession on session null to remote][1795] DEBUG io.netty.channel.DefaultChannelId - -Dio.netty.processId: 10844 (auto-detected)
2022-01-04 00:20:41.743 [Forwarding newSession on session null to remote][1796] DEBUG io.netty.util.NetUtil - -Djava.net.preferIPv4Stack: false
2022-01-04 00:20:41.743 [Forwarding newSession on session null to remote][1796] DEBUG io.netty.util.NetUtil - -Djava.net.preferIPv6Addresses: false
2022-01-04 00:20:41.877 [Forwarding newSession on session null to remote][1930] DEBUG io.netty.util.NetUtilInitializations - Loopback interface: lo (Software Loopback Interface 1, 127.0.0.1)
2022-01-04 00:20:41.878 [Forwarding newSession on session null to remote][1931] DEBUG io.netty.util.NetUtil - Failed to get SOMAXCONN from sysctl and file \proc\sys\net\core\somaxconn. Default: 200
2022-01-04 00:20:42.020 [Forwarding newSession on session null to remote][2073] DEBUG io.netty.channel.DefaultChannelId - -Dio.netty.machineId: f0:2f:74:ff:fe:d4:02:2a (auto-detected)
2022-01-04 00:20:42.048 [AsyncHttpClient-1-2][2101] DEBUG io.netty.buffer.AbstractByteBuf - -Dio.netty.buffer.checkAccessible: true
2022-01-04 00:20:42.048 [AsyncHttpClient-1-2][2101] DEBUG io.netty.buffer.AbstractByteBuf - -Dio.netty.buffer.checkBounds: true
2022-01-04 00:20:42.048 [AsyncHttpClient-1-2][2101] DEBUG io.netty.util.ResourceLeakDetectorFactory - Loaded default ResourceLeakDetector: io.netty.util.ResourceLeakDetector@c7fb7b6
2022-01-04 00:20:42.062 [AsyncHttpClient-1-2][2115] DEBUG io.netty.util.Recycler - -Dio.netty.recycler.maxCapacityPerThread: 4096
2022-01-04 00:20:42.062 [AsyncHttpClient-1-2][2115] DEBUG io.netty.util.Recycler - -Dio.netty.recycler.maxSharedCapacityFactor: 2
2022-01-04 00:20:42.062 [AsyncHttpClient-1-2][2115] DEBUG io.netty.util.Recycler - -Dio.netty.recycler.linkCapacity: 16
2022-01-04 00:20:42.062 [AsyncHttpClient-1-2][2115] DEBUG io.netty.util.Recycler - -Dio.netty.recycler.ratio: 8
2022-01-04 00:20:42.063 [AsyncHttpClient-1-2][2116] DEBUG io.netty.util.Recycler - -Dio.netty.recycler.delayedQueue.ratio: 8
2022-01-04 00:20:42.918 [AsyncHttpClient-1-2][2971] DEBUG io.netty.handler.codec.compression.Brotli - brotli4j not in the classpath; Brotli support will be unavailable.
2022-01-04 00:20:42.978 [main][3031] DEBUG io.netty.util.internal.ThreadLocalRandom - -Dio.netty.initialSeedUniquifier: 0xfc0791b8396be1b9
2022-01-04 00:20:42.997 [main][3050] INFO  step_definitions.Hooks - Launch Browser
2022-01-04 00:20:45.856 [main][5909] INFO  page_objects.HomePage - User Is In Home Page
2022-01-04 00:20:45.857 [main][5910] DEBUG page_objects.Categories - Click On Deals
2022-01-04 00:20:46.926 [main][6979] DEBUG page_objects.Categories - Chose on going deals
2022-01-04 00:20:48.232 [main][8285] DEBUG page_objects.Categories - Title
2022-01-04 00:20:49.404 [main][9457] DEBUG page_objects.Categories - URL
2022-01-04 00:20:50.987 [main][11040] INFO  step_definitions.Hooks - Close Browser
2022-01-04 00:20:52.375 [main][12428] INFO  step_definitions.Hooks - Launch Browser
2022-01-04 00:20:55.250 [main][15303] INFO  page_objects.HomePage - User Is In Home Page
2022-01-04 00:20:55.250 [main][15303] DEBUG page_objects.Categories - Click On Deals
2022-01-04 00:20:56.316 [main][16369] DEBUG page_objects.Categories - Chose on going deals
2022-01-04 00:20:58.062 [main][18115] INFO  step_definitions.Hooks - Close Browser
