2022-01-04 18:25:46.422 [main][1048] DEBUG io.netty.util.internal.logging.InternalLoggerFactory - Using Log4J2 as the default logging framework
2022-01-04 18:25:46.426 [main][1052] DEBUG io.netty.util.ResourceLeakDetector - -Dio.netty.leakDetection.level: simple
2022-01-04 18:25:46.426 [main][1052] DEBUG io.netty.util.ResourceLeakDetector - -Dio.netty.leakDetection.targetRecords: 4
2022-01-04 18:25:46.428 [main][1054] DEBUG io.netty.util.ResourceLeakDetectorFactory - Loaded default ResourceLeakDetector: io.netty.util.ResourceLeakDetector@629ae7e
2022-01-04 18:25:46.438 [main][1064] DEBUG io.netty.util.internal.PlatformDependent0 - -Dio.netty.noUnsafe: false
2022-01-04 18:25:46.438 [main][1064] DEBUG io.netty.util.internal.PlatformDependent0 - Java version: 11
2022-01-04 18:25:46.439 [main][1065] DEBUG io.netty.util.internal.PlatformDependent0 - sun.misc.Unsafe.theUnsafe: available
2022-01-04 18:25:46.439 [main][1065] DEBUG io.netty.util.internal.PlatformDependent0 - sun.misc.Unsafe.copyMemory: available
2022-01-04 18:25:46.439 [main][1065] DEBUG io.netty.util.internal.PlatformDependent0 - java.nio.Buffer.address: available
2022-01-04 18:25:46.439 [main][1065] DEBUG io.netty.util.internal.PlatformDependent0 - direct buffer constructor: unavailable: Reflective setAccessible(true) disabled
2022-01-04 18:25:46.440 [main][1066] DEBUG io.netty.util.internal.PlatformDependent0 - java.nio.Bits.unaligned: available, true
2022-01-04 18:25:46.440 [main][1066] DEBUG io.netty.util.internal.PlatformDependent0 - jdk.internal.misc.Unsafe.allocateUninitializedArray(int): unavailable: class io.netty.util.internal.PlatformDependent0$6 cannot access class jdk.internal.misc.Unsafe (in module java.base) because module java.base does not export jdk.internal.misc to unnamed module @45820e51
2022-01-04 18:25:46.441 [main][1067] DEBUG io.netty.util.internal.PlatformDependent0 - java.nio.DirectByteBuffer.<init>(long, int): unavailable
2022-01-04 18:25:46.441 [main][1067] DEBUG io.netty.util.internal.PlatformDependent - sun.misc.Unsafe: available
2022-01-04 18:25:46.441 [main][1067] DEBUG io.netty.util.internal.PlatformDependent - maxDirectMemory: 17133731840 bytes (maybe)
2022-01-04 18:25:46.442 [main][1068] DEBUG io.netty.util.internal.PlatformDependent - -Dio.netty.tmpdir: C:\Users\ahmed\AppData\Local\Temp (java.io.tmpdir)
2022-01-04 18:25:46.442 [main][1068] DEBUG io.netty.util.internal.PlatformDependent - -Dio.netty.bitMode: 64 (sun.arch.data.model)
2022-01-04 18:25:46.442 [main][1068] DEBUG io.netty.util.internal.PlatformDependent - Platform: Windows
2022-01-04 18:25:46.442 [main][1068] DEBUG io.netty.util.internal.PlatformDependent - -Dio.netty.maxDirectMemory: -1 bytes
2022-01-04 18:25:46.442 [main][1068] DEBUG io.netty.util.internal.PlatformDependent - -Dio.netty.uninitializedArrayAllocationThreshold: -1
2022-01-04 18:25:46.443 [main][1069] DEBUG io.netty.util.internal.CleanerJava9 - java.nio.ByteBuffer.cleaner(): available
2022-01-04 18:25:46.443 [main][1069] DEBUG io.netty.util.internal.PlatformDependent - -Dio.netty.noPreferDirect: false
2022-01-04 18:25:46.447 [main][1073] DEBUG io.netty.util.internal.PlatformDependent - org.jctools-core.MpscChunkedArrayQueue: available
2022-01-04 18:25:46.456 [main][1082] DEBUG io.netty.util.internal.InternalThreadLocalMap - -Dio.netty.threadLocalMap.stringBuilder.initialSize: 1024
2022-01-04 18:25:46.457 [main][1083] DEBUG io.netty.util.internal.InternalThreadLocalMap - -Dio.netty.threadLocalMap.stringBuilder.maxSize: 4096
2022-01-04 18:25:46.469 [main][1095] DEBUG io.netty.handler.ssl.JdkSslContext - Default protocols (JDK): [TLSv1.3, TLSv1.2] 
2022-01-04 18:25:46.469 [main][1095] DEBUG io.netty.handler.ssl.JdkSslContext - Default cipher suites (JDK): [TLS_ECDHE_ECDSA_WITH_AES_256_GCM_SHA384, TLS_ECDHE_ECDSA_WITH_AES_128_GCM_SHA256, TLS_ECDHE_RSA_WITH_AES_128_GCM_SHA256, TLS_ECDHE_RSA_WITH_AES_256_GCM_SHA384, TLS_ECDHE_RSA_WITH_AES_128_CBC_SHA, TLS_ECDHE_RSA_WITH_AES_256_CBC_SHA, TLS_RSA_WITH_AES_128_GCM_SHA256, TLS_RSA_WITH_AES_128_CBC_SHA, TLS_RSA_WITH_AES_256_CBC_SHA, TLS_AES_128_GCM_SHA256, TLS_AES_256_GCM_SHA384]
2022-01-04 18:25:46.482 [main][1108] DEBUG io.netty.channel.MultithreadEventLoopGroup - -Dio.netty.eventLoopThreads: 40
2022-01-04 18:25:46.487 [main][1113] DEBUG io.netty.channel.nio.NioEventLoop - -Dio.netty.noKeySetOptimization: false
2022-01-04 18:25:46.487 [main][1113] DEBUG io.netty.channel.nio.NioEventLoop - -Dio.netty.selectorAutoRebuildThreshold: 512
2022-01-04 18:25:46.515 [main][1141] DEBUG io.netty.buffer.PooledByteBufAllocator - -Dio.netty.allocator.numHeapArenas: 40
2022-01-04 18:25:46.515 [main][1141] DEBUG io.netty.buffer.PooledByteBufAllocator - -Dio.netty.allocator.numDirectArenas: 40
2022-01-04 18:25:46.515 [main][1141] DEBUG io.netty.buffer.PooledByteBufAllocator - -Dio.netty.allocator.pageSize: 8192
2022-01-04 18:25:46.515 [main][1141] DEBUG io.netty.buffer.PooledByteBufAllocator - -Dio.netty.allocator.maxOrder: 11
2022-01-04 18:25:46.515 [main][1141] DEBUG io.netty.buffer.PooledByteBufAllocator - -Dio.netty.allocator.chunkSize: 16777216
2022-01-04 18:25:46.515 [main][1141] DEBUG io.netty.buffer.PooledByteBufAllocator - -Dio.netty.allocator.smallCacheSize: 256
2022-01-04 18:25:46.515 [main][1141] DEBUG io.netty.buffer.PooledByteBufAllocator - -Dio.netty.allocator.normalCacheSize: 64
2022-01-04 18:25:46.515 [main][1141] DEBUG io.netty.buffer.PooledByteBufAllocator - -Dio.netty.allocator.maxCachedBufferCapacity: 32768
2022-01-04 18:25:46.515 [main][1141] DEBUG io.netty.buffer.PooledByteBufAllocator - -Dio.netty.allocator.cacheTrimInterval: 8192
2022-01-04 18:25:46.515 [main][1141] DEBUG io.netty.buffer.PooledByteBufAllocator - -Dio.netty.allocator.cacheTrimIntervalMillis: 0
2022-01-04 18:25:46.516 [main][1142] DEBUG io.netty.buffer.PooledByteBufAllocator - -Dio.netty.allocator.useCacheForAllThreads: true
2022-01-04 18:25:46.516 [main][1142] DEBUG io.netty.buffer.PooledByteBufAllocator - -Dio.netty.allocator.maxCachedByteBuffersPerChunk: 1023
2022-01-04 18:25:46.522 [main][1148] DEBUG io.netty.buffer.ByteBufUtil - -Dio.netty.allocator.type: pooled
2022-01-04 18:25:46.522 [main][1148] DEBUG io.netty.buffer.ByteBufUtil - -Dio.netty.threadLocalDirectBufferSize: 0
2022-01-04 18:25:46.522 [main][1148] DEBUG io.netty.buffer.ByteBufUtil - -Dio.netty.maxThreadLocalCharBufferSize: 16384
2022-01-04 18:25:47.175 [Forwarding newSession on session null to remote][1801] DEBUG io.netty.channel.DefaultChannelId - -Dio.netty.processId: 43256 (auto-detected)
2022-01-04 18:25:47.176 [Forwarding newSession on session null to remote][1802] DEBUG io.netty.util.NetUtil - -Djava.net.preferIPv4Stack: false
2022-01-04 18:25:47.176 [Forwarding newSession on session null to remote][1802] DEBUG io.netty.util.NetUtil - -Djava.net.preferIPv6Addresses: false
2022-01-04 18:25:47.311 [Forwarding newSession on session null to remote][1937] DEBUG io.netty.util.NetUtilInitializations - Loopback interface: lo (Software Loopback Interface 1, 127.0.0.1)
2022-01-04 18:25:47.312 [Forwarding newSession on session null to remote][1938] DEBUG io.netty.util.NetUtil - Failed to get SOMAXCONN from sysctl and file \proc\sys\net\core\somaxconn. Default: 200
2022-01-04 18:25:47.456 [Forwarding newSession on session null to remote][2082] DEBUG io.netty.channel.DefaultChannelId - -Dio.netty.machineId: f0:2f:74:ff:fe:d4:02:2a (auto-detected)
2022-01-04 18:25:47.483 [AsyncHttpClient-1-2][2109] DEBUG io.netty.buffer.AbstractByteBuf - -Dio.netty.buffer.checkAccessible: true
2022-01-04 18:25:47.484 [AsyncHttpClient-1-2][2110] DEBUG io.netty.buffer.AbstractByteBuf - -Dio.netty.buffer.checkBounds: true
2022-01-04 18:25:47.484 [AsyncHttpClient-1-2][2110] DEBUG io.netty.util.ResourceLeakDetectorFactory - Loaded default ResourceLeakDetector: io.netty.util.ResourceLeakDetector@565253f5
2022-01-04 18:25:47.497 [AsyncHttpClient-1-2][2123] DEBUG io.netty.util.Recycler - -Dio.netty.recycler.maxCapacityPerThread: 4096
2022-01-04 18:25:47.497 [AsyncHttpClient-1-2][2123] DEBUG io.netty.util.Recycler - -Dio.netty.recycler.maxSharedCapacityFactor: 2
2022-01-04 18:25:47.497 [AsyncHttpClient-1-2][2123] DEBUG io.netty.util.Recycler - -Dio.netty.recycler.linkCapacity: 16
2022-01-04 18:25:47.498 [AsyncHttpClient-1-2][2124] DEBUG io.netty.util.Recycler - -Dio.netty.recycler.ratio: 8
2022-01-04 18:25:47.498 [AsyncHttpClient-1-2][2124] DEBUG io.netty.util.Recycler - -Dio.netty.recycler.delayedQueue.ratio: 8
2022-01-04 18:25:48.049 [AsyncHttpClient-1-2][2675] DEBUG io.netty.handler.codec.compression.Brotli - brotli4j not in the classpath; Brotli support will be unavailable.
2022-01-04 18:25:48.117 [main][2743] DEBUG io.netty.util.internal.ThreadLocalRandom - -Dio.netty.initialSeedUniquifier: 0xc3191ee1d3408625
2022-01-04 18:25:48.138 [main][2764] INFO  step_definitions.Hooks - Launch Browser
2022-01-04 18:25:49.829 [main][4455] INFO  page_objects.HomePage - User Is In Home Page
2022-01-04 18:25:49.830 [main][4456] DEBUG page_objects.Search - Clicked On Search Box
2022-01-04 18:25:49.902 [main][4528] INFO  step_definitions.SignInSteps - User clicked on search button
2022-01-04 18:25:49.903 [main][4529] DEBUG page_objects.Search - Typing Products
2022-01-04 18:25:50.042 [main][4668] INFO  step_definitions.SignInSteps - User typingFace Mask
2022-01-04 18:25:50.042 [main][4668] DEBUG page_objects.Search - Clicked On Search icon
2022-01-04 18:25:51.194 [main][5820] INFO  step_definitions.SignInSteps - User Clicked On Search Icon
2022-01-04 18:25:51.198 [main][5824] DEBUG page_objects.Search - Title isFace Mask : Target
2022-01-04 18:25:51.199 [main][5825] INFO  step_definitions.SignInSteps - Title isFace Mask : Target
2022-01-04 18:25:51.757 [main][6383] INFO  step_definitions.Hooks - Close Browser
2022-01-04 18:25:52.835 [main][7461] INFO  step_definitions.Hooks - Launch Browser
2022-01-04 18:25:55.723 [main][10349] INFO  page_objects.HomePage - User Is In Home Page
2022-01-04 18:25:55.724 [main][10350] DEBUG page_objects.Search - Clicked On Search Box
2022-01-04 18:25:55.796 [main][10422] INFO  step_definitions.SignInSteps - User clicked on search button
2022-01-04 18:25:55.797 [main][10423] DEBUG page_objects.Search - Typing Products
2022-01-04 18:25:55.941 [main][10567] INFO  step_definitions.SignInSteps - User typingHand sanitizer
2022-01-04 18:25:55.941 [main][10567] DEBUG page_objects.Search - Clicked On Search icon
2022-01-04 18:25:57.119 [main][11745] INFO  step_definitions.SignInSteps - User Clicked On Search Icon
2022-01-04 18:25:57.131 [main][11757] DEBUG page_objects.Search - Title isHand Sanitizer : Target
2022-01-04 18:25:57.131 [main][11757] INFO  step_definitions.SignInSteps - Title isHand Sanitizer : Target
2022-01-04 18:25:57.698 [main][12324] INFO  step_definitions.Hooks - Close Browser
2022-01-04 18:25:58.762 [main][13388] INFO  step_definitions.Hooks - Launch Browser
2022-01-04 18:26:01.632 [main][16258] INFO  page_objects.HomePage - User Is In Home Page
2022-01-04 18:26:01.632 [main][16258] DEBUG page_objects.Search - Clicked On Search Box
2022-01-04 18:26:01.707 [main][16333] INFO  step_definitions.SignInSteps - User clicked on search button
2022-01-04 18:26:01.707 [main][16333] DEBUG page_objects.Search - Typing Products
2022-01-04 18:26:01.858 [main][16484] INFO  step_definitions.SignInSteps - User typingRubbing alcohol
2022-01-04 18:26:01.858 [main][16484] DEBUG page_objects.Search - Clicked On Search icon
2022-01-04 18:26:03.035 [main][17661] INFO  step_definitions.SignInSteps - User Clicked On Search Icon
2022-01-04 18:26:03.045 [main][17671] DEBUG page_objects.Search - Title isRubbing Alcohol : Target
2022-01-04 18:26:03.046 [main][17672] INFO  step_definitions.SignInSteps - Title isRubbing Alcohol : Target
2022-01-04 18:26:03.614 [main][18240] INFO  step_definitions.Hooks - Close Browser
2022-01-04 18:26:04.689 [main][19315] INFO  step_definitions.Hooks - Launch Browser
2022-01-04 18:26:06.409 [main][21035] INFO  page_objects.HomePage - User Is In Home Page
2022-01-04 18:26:06.409 [main][21035] DEBUG page_objects.Search - Clicked On Search Box
2022-01-04 18:26:06.482 [main][21108] INFO  step_definitions.SignInSteps - User clicked on search button
2022-01-04 18:26:06.482 [main][21108] DEBUG page_objects.Search - Typing Products
2022-01-04 18:26:06.580 [main][21206] INFO  step_definitions.SignInSteps - User typingPs5
2022-01-04 18:26:06.581 [main][21207] DEBUG page_objects.Search - Clicked On Search icon
2022-01-04 18:26:07.713 [main][22339] INFO  step_definitions.SignInSteps - User Clicked On Search Icon
2022-01-04 18:26:08.001 [main][22627] DEBUG page_objects.Search - Title isPlayStation 5 : Target
2022-01-04 18:26:08.001 [main][22627] INFO  step_definitions.SignInSteps - Title isPlayStation 5 : Target
2022-01-04 18:26:08.564 [main][23190] INFO  step_definitions.Hooks - Close Browser
2022-01-04 18:26:09.637 [main][24263] INFO  step_definitions.Hooks - Launch Browser
2022-01-04 18:26:12.982 [main][27608] INFO  page_objects.HomePage - User Is In Home Page
2022-01-04 18:26:12.983 [main][27609] DEBUG page_objects.Search - Clicked On Search Box
2022-01-04 18:26:13.055 [main][27681] INFO  step_definitions.SignInSteps - User clicked on search button
2022-01-04 18:26:13.055 [main][27681] DEBUG page_objects.Search - Typing Products
2022-01-04 18:26:13.190 [main][27816] INFO  step_definitions.SignInSteps - User typingcoffee maker
2022-01-04 18:26:13.191 [main][27817] DEBUG page_objects.Search - Clicked On Search icon
2022-01-04 18:26:14.350 [main][28976] INFO  step_definitions.SignInSteps - User Clicked On Search Icon
2022-01-04 18:26:14.373 [main][28999] DEBUG page_objects.Search - Title isCoffee Maker : Target
2022-01-04 18:26:14.373 [main][28999] INFO  step_definitions.SignInSteps - Title isCoffee Maker : Target
2022-01-04 18:26:14.941 [main][29567] INFO  step_definitions.Hooks - Close Browser
