2022-01-04 22:30:59.819 [main][1044] DEBUG io.netty.util.internal.logging.InternalLoggerFactory - Using Log4J2 as the default logging framework
2022-01-04 22:30:59.824 [main][1049] DEBUG io.netty.util.ResourceLeakDetector - -Dio.netty.leakDetection.level: simple
2022-01-04 22:30:59.824 [main][1049] DEBUG io.netty.util.ResourceLeakDetector - -Dio.netty.leakDetection.targetRecords: 4
2022-01-04 22:30:59.826 [main][1051] DEBUG io.netty.util.ResourceLeakDetectorFactory - Loaded default ResourceLeakDetector: io.netty.util.ResourceLeakDetector@9255c05
2022-01-04 22:30:59.837 [main][1062] DEBUG io.netty.util.internal.PlatformDependent0 - -Dio.netty.noUnsafe: false
2022-01-04 22:30:59.837 [main][1062] DEBUG io.netty.util.internal.PlatformDependent0 - Java version: 11
2022-01-04 22:30:59.838 [main][1063] DEBUG io.netty.util.internal.PlatformDependent0 - sun.misc.Unsafe.theUnsafe: available
2022-01-04 22:30:59.838 [main][1063] DEBUG io.netty.util.internal.PlatformDependent0 - sun.misc.Unsafe.copyMemory: available
2022-01-04 22:30:59.839 [main][1064] DEBUG io.netty.util.internal.PlatformDependent0 - java.nio.Buffer.address: available
2022-01-04 22:30:59.839 [main][1064] DEBUG io.netty.util.internal.PlatformDependent0 - direct buffer constructor: unavailable: Reflective setAccessible(true) disabled
2022-01-04 22:30:59.839 [main][1064] DEBUG io.netty.util.internal.PlatformDependent0 - java.nio.Bits.unaligned: available, true
2022-01-04 22:30:59.840 [main][1065] DEBUG io.netty.util.internal.PlatformDependent0 - jdk.internal.misc.Unsafe.allocateUninitializedArray(int): unavailable: class io.netty.util.internal.PlatformDependent0$6 cannot access class jdk.internal.misc.Unsafe (in module java.base) because module java.base does not export jdk.internal.misc to unnamed module @45820e51
2022-01-04 22:30:59.841 [main][1066] DEBUG io.netty.util.internal.PlatformDependent0 - java.nio.DirectByteBuffer.<init>(long, int): unavailable
2022-01-04 22:30:59.841 [main][1066] DEBUG io.netty.util.internal.PlatformDependent - sun.misc.Unsafe: available
2022-01-04 22:30:59.841 [main][1066] DEBUG io.netty.util.internal.PlatformDependent - maxDirectMemory: 17133731840 bytes (maybe)
2022-01-04 22:30:59.841 [main][1066] DEBUG io.netty.util.internal.PlatformDependent - -Dio.netty.tmpdir: C:\Users\ahmed\AppData\Local\Temp (java.io.tmpdir)
2022-01-04 22:30:59.841 [main][1066] DEBUG io.netty.util.internal.PlatformDependent - -Dio.netty.bitMode: 64 (sun.arch.data.model)
2022-01-04 22:30:59.842 [main][1067] DEBUG io.netty.util.internal.PlatformDependent - Platform: Windows
2022-01-04 22:30:59.842 [main][1067] DEBUG io.netty.util.internal.PlatformDependent - -Dio.netty.maxDirectMemory: -1 bytes
2022-01-04 22:30:59.842 [main][1067] DEBUG io.netty.util.internal.PlatformDependent - -Dio.netty.uninitializedArrayAllocationThreshold: -1
2022-01-04 22:30:59.843 [main][1068] DEBUG io.netty.util.internal.CleanerJava9 - java.nio.ByteBuffer.cleaner(): available
2022-01-04 22:30:59.843 [main][1068] DEBUG io.netty.util.internal.PlatformDependent - -Dio.netty.noPreferDirect: false
2022-01-04 22:30:59.847 [main][1072] DEBUG io.netty.util.internal.PlatformDependent - org.jctools-core.MpscChunkedArrayQueue: available
2022-01-04 22:30:59.857 [main][1082] DEBUG io.netty.util.internal.InternalThreadLocalMap - -Dio.netty.threadLocalMap.stringBuilder.initialSize: 1024
2022-01-04 22:30:59.857 [main][1082] DEBUG io.netty.util.internal.InternalThreadLocalMap - -Dio.netty.threadLocalMap.stringBuilder.maxSize: 4096
2022-01-04 22:30:59.869 [main][1094] DEBUG io.netty.handler.ssl.JdkSslContext - Default protocols (JDK): [TLSv1.3, TLSv1.2] 
2022-01-04 22:30:59.869 [main][1094] DEBUG io.netty.handler.ssl.JdkSslContext - Default cipher suites (JDK): [TLS_ECDHE_ECDSA_WITH_AES_256_GCM_SHA384, TLS_ECDHE_ECDSA_WITH_AES_128_GCM_SHA256, TLS_ECDHE_RSA_WITH_AES_128_GCM_SHA256, TLS_ECDHE_RSA_WITH_AES_256_GCM_SHA384, TLS_ECDHE_RSA_WITH_AES_128_CBC_SHA, TLS_ECDHE_RSA_WITH_AES_256_CBC_SHA, TLS_RSA_WITH_AES_128_GCM_SHA256, TLS_RSA_WITH_AES_128_CBC_SHA, TLS_RSA_WITH_AES_256_CBC_SHA, TLS_AES_128_GCM_SHA256, TLS_AES_256_GCM_SHA384]
2022-01-04 22:30:59.883 [main][1108] DEBUG io.netty.channel.MultithreadEventLoopGroup - -Dio.netty.eventLoopThreads: 40
2022-01-04 22:30:59.888 [main][1113] DEBUG io.netty.channel.nio.NioEventLoop - -Dio.netty.noKeySetOptimization: false
2022-01-04 22:30:59.888 [main][1113] DEBUG io.netty.channel.nio.NioEventLoop - -Dio.netty.selectorAutoRebuildThreshold: 512
2022-01-04 22:30:59.915 [main][1140] DEBUG io.netty.buffer.PooledByteBufAllocator - -Dio.netty.allocator.numHeapArenas: 40
2022-01-04 22:30:59.915 [main][1140] DEBUG io.netty.buffer.PooledByteBufAllocator - -Dio.netty.allocator.numDirectArenas: 40
2022-01-04 22:30:59.915 [main][1140] DEBUG io.netty.buffer.PooledByteBufAllocator - -Dio.netty.allocator.pageSize: 8192
2022-01-04 22:30:59.915 [main][1140] DEBUG io.netty.buffer.PooledByteBufAllocator - -Dio.netty.allocator.maxOrder: 11
2022-01-04 22:30:59.916 [main][1141] DEBUG io.netty.buffer.PooledByteBufAllocator - -Dio.netty.allocator.chunkSize: 16777216
2022-01-04 22:30:59.916 [main][1141] DEBUG io.netty.buffer.PooledByteBufAllocator - -Dio.netty.allocator.smallCacheSize: 256
2022-01-04 22:30:59.916 [main][1141] DEBUG io.netty.buffer.PooledByteBufAllocator - -Dio.netty.allocator.normalCacheSize: 64
2022-01-04 22:30:59.916 [main][1141] DEBUG io.netty.buffer.PooledByteBufAllocator - -Dio.netty.allocator.maxCachedBufferCapacity: 32768
2022-01-04 22:30:59.916 [main][1141] DEBUG io.netty.buffer.PooledByteBufAllocator - -Dio.netty.allocator.cacheTrimInterval: 8192
2022-01-04 22:30:59.916 [main][1141] DEBUG io.netty.buffer.PooledByteBufAllocator - -Dio.netty.allocator.cacheTrimIntervalMillis: 0
2022-01-04 22:30:59.916 [main][1141] DEBUG io.netty.buffer.PooledByteBufAllocator - -Dio.netty.allocator.useCacheForAllThreads: true
2022-01-04 22:30:59.916 [main][1141] DEBUG io.netty.buffer.PooledByteBufAllocator - -Dio.netty.allocator.maxCachedByteBuffersPerChunk: 1023
2022-01-04 22:30:59.922 [main][1147] DEBUG io.netty.buffer.ByteBufUtil - -Dio.netty.allocator.type: pooled
2022-01-04 22:30:59.922 [main][1147] DEBUG io.netty.buffer.ByteBufUtil - -Dio.netty.threadLocalDirectBufferSize: 0
2022-01-04 22:30:59.923 [main][1148] DEBUG io.netty.buffer.ByteBufUtil - -Dio.netty.maxThreadLocalCharBufferSize: 16384
2022-01-04 22:31:00.563 [Forwarding newSession on session null to remote][1788] DEBUG io.netty.channel.DefaultChannelId - -Dio.netty.processId: 53384 (auto-detected)
2022-01-04 22:31:00.564 [Forwarding newSession on session null to remote][1789] DEBUG io.netty.util.NetUtil - -Djava.net.preferIPv4Stack: false
2022-01-04 22:31:00.564 [Forwarding newSession on session null to remote][1789] DEBUG io.netty.util.NetUtil - -Djava.net.preferIPv6Addresses: false
2022-01-04 22:31:00.700 [Forwarding newSession on session null to remote][1925] DEBUG io.netty.util.NetUtilInitializations - Loopback interface: lo (Software Loopback Interface 1, 127.0.0.1)
2022-01-04 22:31:00.701 [Forwarding newSession on session null to remote][1926] DEBUG io.netty.util.NetUtil - Failed to get SOMAXCONN from sysctl and file \proc\sys\net\core\somaxconn. Default: 200
2022-01-04 22:31:00.844 [Forwarding newSession on session null to remote][2069] DEBUG io.netty.channel.DefaultChannelId - -Dio.netty.machineId: f0:2f:74:ff:fe:d4:02:2a (auto-detected)
2022-01-04 22:31:00.872 [AsyncHttpClient-1-2][2097] DEBUG io.netty.buffer.AbstractByteBuf - -Dio.netty.buffer.checkAccessible: true
2022-01-04 22:31:00.872 [AsyncHttpClient-1-2][2097] DEBUG io.netty.buffer.AbstractByteBuf - -Dio.netty.buffer.checkBounds: true
2022-01-04 22:31:00.872 [AsyncHttpClient-1-2][2097] DEBUG io.netty.util.ResourceLeakDetectorFactory - Loaded default ResourceLeakDetector: io.netty.util.ResourceLeakDetector@61dfad21
2022-01-04 22:31:00.886 [AsyncHttpClient-1-2][2111] DEBUG io.netty.util.Recycler - -Dio.netty.recycler.maxCapacityPerThread: 4096
2022-01-04 22:31:00.886 [AsyncHttpClient-1-2][2111] DEBUG io.netty.util.Recycler - -Dio.netty.recycler.maxSharedCapacityFactor: 2
2022-01-04 22:31:00.886 [AsyncHttpClient-1-2][2111] DEBUG io.netty.util.Recycler - -Dio.netty.recycler.linkCapacity: 16
2022-01-04 22:31:00.887 [AsyncHttpClient-1-2][2112] DEBUG io.netty.util.Recycler - -Dio.netty.recycler.ratio: 8
2022-01-04 22:31:00.887 [AsyncHttpClient-1-2][2112] DEBUG io.netty.util.Recycler - -Dio.netty.recycler.delayedQueue.ratio: 8
2022-01-04 22:31:01.489 [AsyncHttpClient-1-2][2714] DEBUG io.netty.handler.codec.compression.Brotli - brotli4j not in the classpath; Brotli support will be unavailable.
2022-01-04 22:31:01.547 [main][2772] DEBUG io.netty.util.internal.ThreadLocalRandom - -Dio.netty.initialSeedUniquifier: 0xcd99ae08731eafeb
2022-01-04 22:31:01.568 [main][2793] INFO  step_definitions.Hooks - Launch Browser
2022-01-04 22:31:03.398 [main][4623] INFO  page_objects.HomePage - User Is In Home Page
2022-01-04 22:31:03.399 [main][4624] DEBUG page_objects.Categories - Click On Deals
2022-01-04 22:31:04.457 [main][5682] DEBUG page_objects.Categories - Chose on going deals
2022-01-04 22:31:04.764 [main][5989] DEBUG page_objects.Categories - User is in the category page
2022-01-04 22:31:06.764 [main][7989] DEBUG page_objects.Categories - Page Title isNew Arrivals & 2022 Fashion Trends for Women : Target
2022-01-04 22:31:07.334 [main][8559] INFO  step_definitions.Hooks - Close Browser
2022-01-04 22:31:08.413 [main][9638] INFO  step_definitions.Hooks - Launch Browser
2022-01-04 22:31:10.002 [main][11227] INFO  page_objects.HomePage - User Is In Home Page
2022-01-04 22:31:10.002 [main][11227] DEBUG page_objects.Categories - Click On Deals
2022-01-04 22:31:11.060 [main][12285] DEBUG page_objects.Categories - Chose on going deals
2022-01-04 22:31:11.363 [main][12588] DEBUG page_objects.Categories - User is in the category page
2022-01-04 22:31:13.363 [main][14588] DEBUG page_objects.Categories - Page Title isMen's New Arrivals : Target
2022-01-04 22:31:14.023 [main][15248] INFO  step_definitions.Hooks - Close Browser
2022-01-04 22:31:15.102 [main][16327] INFO  step_definitions.Hooks - Launch Browser
2022-01-04 22:31:17.822 [main][19047] INFO  page_objects.HomePage - User Is In Home Page
2022-01-04 22:31:17.823 [main][19048] DEBUG page_objects.Categories - Click On Deals
2022-01-04 22:31:18.882 [main][20107] DEBUG page_objects.Categories - Chose on going deals
2022-01-04 22:31:19.193 [main][20418] DEBUG page_objects.Categories - User is in the category page
2022-01-04 22:31:21.193 [main][22418] DEBUG page_objects.Categories - Page Title isKids' New Arrivals : Target
2022-01-04 22:31:21.834 [main][23059] INFO  step_definitions.Hooks - Close Browser
