2022-01-04 00:16:51.445 [main][1041] DEBUG io.netty.util.internal.logging.InternalLoggerFactory - Using Log4J2 as the default logging framework
2022-01-04 00:16:51.450 [main][1046] DEBUG io.netty.util.ResourceLeakDetector - -Dio.netty.leakDetection.level: simple
2022-01-04 00:16:51.450 [main][1046] DEBUG io.netty.util.ResourceLeakDetector - -Dio.netty.leakDetection.targetRecords: 4
2022-01-04 00:16:51.452 [main][1048] DEBUG io.netty.util.ResourceLeakDetectorFactory - Loaded default ResourceLeakDetector: io.netty.util.ResourceLeakDetector@5c0f79f0
2022-01-04 00:16:51.463 [main][1059] DEBUG io.netty.util.internal.PlatformDependent0 - -Dio.netty.noUnsafe: false
2022-01-04 00:16:51.463 [main][1059] DEBUG io.netty.util.internal.PlatformDependent0 - Java version: 11
2022-01-04 00:16:51.464 [main][1060] DEBUG io.netty.util.internal.PlatformDependent0 - sun.misc.Unsafe.theUnsafe: available
2022-01-04 00:16:51.464 [main][1060] DEBUG io.netty.util.internal.PlatformDependent0 - sun.misc.Unsafe.copyMemory: available
2022-01-04 00:16:51.464 [main][1060] DEBUG io.netty.util.internal.PlatformDependent0 - java.nio.Buffer.address: available
2022-01-04 00:16:51.465 [main][1061] DEBUG io.netty.util.internal.PlatformDependent0 - direct buffer constructor: unavailable: Reflective setAccessible(true) disabled
2022-01-04 00:16:51.465 [main][1061] DEBUG io.netty.util.internal.PlatformDependent0 - java.nio.Bits.unaligned: available, true
2022-01-04 00:16:51.466 [main][1062] DEBUG io.netty.util.internal.PlatformDependent0 - jdk.internal.misc.Unsafe.allocateUninitializedArray(int): unavailable: class io.netty.util.internal.PlatformDependent0$6 cannot access class jdk.internal.misc.Unsafe (in module java.base) because module java.base does not export jdk.internal.misc to unnamed module @45820e51
2022-01-04 00:16:51.466 [main][1062] DEBUG io.netty.util.internal.PlatformDependent0 - java.nio.DirectByteBuffer.<init>(long, int): unavailable
2022-01-04 00:16:51.466 [main][1062] DEBUG io.netty.util.internal.PlatformDependent - sun.misc.Unsafe: available
2022-01-04 00:16:51.467 [main][1063] DEBUG io.netty.util.internal.PlatformDependent - maxDirectMemory: 17133731840 bytes (maybe)
2022-01-04 00:16:51.467 [main][1063] DEBUG io.netty.util.internal.PlatformDependent - -Dio.netty.tmpdir: C:\Users\ahmed\AppData\Local\Temp (java.io.tmpdir)
2022-01-04 00:16:51.467 [main][1063] DEBUG io.netty.util.internal.PlatformDependent - -Dio.netty.bitMode: 64 (sun.arch.data.model)
2022-01-04 00:16:51.467 [main][1063] DEBUG io.netty.util.internal.PlatformDependent - Platform: Windows
2022-01-04 00:16:51.468 [main][1064] DEBUG io.netty.util.internal.PlatformDependent - -Dio.netty.maxDirectMemory: -1 bytes
2022-01-04 00:16:51.468 [main][1064] DEBUG io.netty.util.internal.PlatformDependent - -Dio.netty.uninitializedArrayAllocationThreshold: -1
2022-01-04 00:16:51.468 [main][1064] DEBUG io.netty.util.internal.CleanerJava9 - java.nio.ByteBuffer.cleaner(): available
2022-01-04 00:16:51.468 [main][1064] DEBUG io.netty.util.internal.PlatformDependent - -Dio.netty.noPreferDirect: false
2022-01-04 00:16:51.473 [main][1069] DEBUG io.netty.util.internal.PlatformDependent - org.jctools-core.MpscChunkedArrayQueue: available
2022-01-04 00:16:51.482 [main][1078] DEBUG io.netty.util.internal.InternalThreadLocalMap - -Dio.netty.threadLocalMap.stringBuilder.initialSize: 1024
2022-01-04 00:16:51.482 [main][1078] DEBUG io.netty.util.internal.InternalThreadLocalMap - -Dio.netty.threadLocalMap.stringBuilder.maxSize: 4096
2022-01-04 00:16:51.495 [main][1091] DEBUG io.netty.handler.ssl.JdkSslContext - Default protocols (JDK): [TLSv1.3, TLSv1.2] 
2022-01-04 00:16:51.495 [main][1091] DEBUG io.netty.handler.ssl.JdkSslContext - Default cipher suites (JDK): [TLS_ECDHE_ECDSA_WITH_AES_256_GCM_SHA384, TLS_ECDHE_ECDSA_WITH_AES_128_GCM_SHA256, TLS_ECDHE_RSA_WITH_AES_128_GCM_SHA256, TLS_ECDHE_RSA_WITH_AES_256_GCM_SHA384, TLS_ECDHE_RSA_WITH_AES_128_CBC_SHA, TLS_ECDHE_RSA_WITH_AES_256_CBC_SHA, TLS_RSA_WITH_AES_128_GCM_SHA256, TLS_RSA_WITH_AES_128_CBC_SHA, TLS_RSA_WITH_AES_256_CBC_SHA, TLS_AES_128_GCM_SHA256, TLS_AES_256_GCM_SHA384]
2022-01-04 00:16:51.509 [main][1105] DEBUG io.netty.channel.MultithreadEventLoopGroup - -Dio.netty.eventLoopThreads: 40
2022-01-04 00:16:51.513 [main][1109] DEBUG io.netty.channel.nio.NioEventLoop - -Dio.netty.noKeySetOptimization: false
2022-01-04 00:16:51.513 [main][1109] DEBUG io.netty.channel.nio.NioEventLoop - -Dio.netty.selectorAutoRebuildThreshold: 512
2022-01-04 00:16:51.541 [main][1137] DEBUG io.netty.buffer.PooledByteBufAllocator - -Dio.netty.allocator.numHeapArenas: 40
2022-01-04 00:16:51.541 [main][1137] DEBUG io.netty.buffer.PooledByteBufAllocator - -Dio.netty.allocator.numDirectArenas: 40
2022-01-04 00:16:51.541 [main][1137] DEBUG io.netty.buffer.PooledByteBufAllocator - -Dio.netty.allocator.pageSize: 8192
2022-01-04 00:16:51.541 [main][1137] DEBUG io.netty.buffer.PooledByteBufAllocator - -Dio.netty.allocator.maxOrder: 11
2022-01-04 00:16:51.541 [main][1137] DEBUG io.netty.buffer.PooledByteBufAllocator - -Dio.netty.allocator.chunkSize: 16777216
2022-01-04 00:16:51.541 [main][1137] DEBUG io.netty.buffer.PooledByteBufAllocator - -Dio.netty.allocator.smallCacheSize: 256
2022-01-04 00:16:51.541 [main][1137] DEBUG io.netty.buffer.PooledByteBufAllocator - -Dio.netty.allocator.normalCacheSize: 64
2022-01-04 00:16:51.541 [main][1137] DEBUG io.netty.buffer.PooledByteBufAllocator - -Dio.netty.allocator.maxCachedBufferCapacity: 32768
2022-01-04 00:16:51.541 [main][1137] DEBUG io.netty.buffer.PooledByteBufAllocator - -Dio.netty.allocator.cacheTrimInterval: 8192
2022-01-04 00:16:51.541 [main][1137] DEBUG io.netty.buffer.PooledByteBufAllocator - -Dio.netty.allocator.cacheTrimIntervalMillis: 0
2022-01-04 00:16:51.541 [main][1137] DEBUG io.netty.buffer.PooledByteBufAllocator - -Dio.netty.allocator.useCacheForAllThreads: true
2022-01-04 00:16:51.542 [main][1138] DEBUG io.netty.buffer.PooledByteBufAllocator - -Dio.netty.allocator.maxCachedByteBuffersPerChunk: 1023
2022-01-04 00:16:51.547 [main][1143] DEBUG io.netty.buffer.ByteBufUtil - -Dio.netty.allocator.type: pooled
2022-01-04 00:16:51.548 [main][1144] DEBUG io.netty.buffer.ByteBufUtil - -Dio.netty.threadLocalDirectBufferSize: 0
2022-01-04 00:16:51.548 [main][1144] DEBUG io.netty.buffer.ByteBufUtil - -Dio.netty.maxThreadLocalCharBufferSize: 16384
2022-01-04 00:16:52.185 [Forwarding newSession on session null to remote][1781] DEBUG io.netty.channel.DefaultChannelId - -Dio.netty.processId: 30636 (auto-detected)
2022-01-04 00:16:52.186 [Forwarding newSession on session null to remote][1782] DEBUG io.netty.util.NetUtil - -Djava.net.preferIPv4Stack: false
2022-01-04 00:16:52.186 [Forwarding newSession on session null to remote][1782] DEBUG io.netty.util.NetUtil - -Djava.net.preferIPv6Addresses: false
2022-01-04 00:16:52.323 [Forwarding newSession on session null to remote][1919] DEBUG io.netty.util.NetUtilInitializations - Loopback interface: lo (Software Loopback Interface 1, 127.0.0.1)
2022-01-04 00:16:52.323 [Forwarding newSession on session null to remote][1919] DEBUG io.netty.util.NetUtil - Failed to get SOMAXCONN from sysctl and file \proc\sys\net\core\somaxconn. Default: 200
2022-01-04 00:16:52.468 [Forwarding newSession on session null to remote][2064] DEBUG io.netty.channel.DefaultChannelId - -Dio.netty.machineId: f0:2f:74:ff:fe:d4:02:2a (auto-detected)
2022-01-04 00:16:52.494 [AsyncHttpClient-1-2][2090] DEBUG io.netty.buffer.AbstractByteBuf - -Dio.netty.buffer.checkAccessible: true
2022-01-04 00:16:52.494 [AsyncHttpClient-1-2][2090] DEBUG io.netty.buffer.AbstractByteBuf - -Dio.netty.buffer.checkBounds: true
2022-01-04 00:16:52.494 [AsyncHttpClient-1-2][2090] DEBUG io.netty.util.ResourceLeakDetectorFactory - Loaded default ResourceLeakDetector: io.netty.util.ResourceLeakDetector@c72748f
2022-01-04 00:16:52.512 [AsyncHttpClient-1-2][2108] DEBUG io.netty.util.Recycler - -Dio.netty.recycler.maxCapacityPerThread: 4096
2022-01-04 00:16:52.512 [AsyncHttpClient-1-2][2108] DEBUG io.netty.util.Recycler - -Dio.netty.recycler.maxSharedCapacityFactor: 2
2022-01-04 00:16:52.512 [AsyncHttpClient-1-2][2108] DEBUG io.netty.util.Recycler - -Dio.netty.recycler.linkCapacity: 16
2022-01-04 00:16:52.512 [AsyncHttpClient-1-2][2108] DEBUG io.netty.util.Recycler - -Dio.netty.recycler.ratio: 8
2022-01-04 00:16:52.513 [AsyncHttpClient-1-2][2109] DEBUG io.netty.util.Recycler - -Dio.netty.recycler.delayedQueue.ratio: 8
2022-01-04 00:16:53.311 [AsyncHttpClient-1-2][2907] DEBUG io.netty.handler.codec.compression.Brotli - brotli4j not in the classpath; Brotli support will be unavailable.
2022-01-04 00:16:53.372 [main][2968] DEBUG io.netty.util.internal.ThreadLocalRandom - -Dio.netty.initialSeedUniquifier: 0x357b140cfeaeb4c4
2022-01-04 00:16:53.392 [main][2988] INFO  step_definitions.Hooks - Launch Browser
2022-01-04 00:16:56.150 [main][5746] INFO  page_objects.HomePage - User Is In Home Page
2022-01-04 00:16:56.152 [main][5748] DEBUG page_objects.Categories - Click On Deals
2022-01-04 00:16:57.218 [main][6814] DEBUG page_objects.Categories - Chose on going deals
2022-01-04 00:16:58.529 [main][8125] DEBUG page_objects.Categories - Title
2022-01-04 00:17:00.264 [main][9860] INFO  step_definitions.Hooks - Close Browser
2022-01-04 00:17:01.649 [main][11245] INFO  step_definitions.Hooks - Launch Browser
2022-01-04 00:17:03.244 [main][12840] INFO  page_objects.HomePage - User Is In Home Page
2022-01-04 00:17:03.245 [main][12841] DEBUG page_objects.Categories - Click On Deals
2022-01-04 00:17:04.311 [main][13907] DEBUG page_objects.Categories - Chose on going deals
2022-01-04 00:17:05.972 [main][15568] INFO  step_definitions.Hooks - Close Browser
