2022-01-03 23:59:19.189 [main][1168] DEBUG io.netty.util.internal.logging.InternalLoggerFactory - Using Log4J2 as the default logging framework
2022-01-03 23:59:19.194 [main][1173] DEBUG io.netty.util.ResourceLeakDetector - -Dio.netty.leakDetection.level: simple
2022-01-03 23:59:19.194 [main][1173] DEBUG io.netty.util.ResourceLeakDetector - -Dio.netty.leakDetection.targetRecords: 4
2022-01-03 23:59:19.196 [main][1175] DEBUG io.netty.util.ResourceLeakDetectorFactory - Loaded default ResourceLeakDetector: io.netty.util.ResourceLeakDetector@64bfd6fd
2022-01-03 23:59:19.207 [main][1186] DEBUG io.netty.util.internal.PlatformDependent0 - -Dio.netty.noUnsafe: false
2022-01-03 23:59:19.207 [main][1186] DEBUG io.netty.util.internal.PlatformDependent0 - Java version: 11
2022-01-03 23:59:19.208 [main][1187] DEBUG io.netty.util.internal.PlatformDependent0 - sun.misc.Unsafe.theUnsafe: available
2022-01-03 23:59:19.208 [main][1187] DEBUG io.netty.util.internal.PlatformDependent0 - sun.misc.Unsafe.copyMemory: available
2022-01-03 23:59:19.208 [main][1187] DEBUG io.netty.util.internal.PlatformDependent0 - java.nio.Buffer.address: available
2022-01-03 23:59:19.209 [main][1188] DEBUG io.netty.util.internal.PlatformDependent0 - direct buffer constructor: unavailable: Reflective setAccessible(true) disabled
2022-01-03 23:59:19.209 [main][1188] DEBUG io.netty.util.internal.PlatformDependent0 - java.nio.Bits.unaligned: available, true
2022-01-03 23:59:19.210 [main][1189] DEBUG io.netty.util.internal.PlatformDependent0 - jdk.internal.misc.Unsafe.allocateUninitializedArray(int): unavailable: class io.netty.util.internal.PlatformDependent0$6 cannot access class jdk.internal.misc.Unsafe (in module java.base) because module java.base does not export jdk.internal.misc to unnamed module @45820e51
2022-01-03 23:59:19.210 [main][1189] DEBUG io.netty.util.internal.PlatformDependent0 - java.nio.DirectByteBuffer.<init>(long, int): unavailable
2022-01-03 23:59:19.210 [main][1189] DEBUG io.netty.util.internal.PlatformDependent - sun.misc.Unsafe: available
2022-01-03 23:59:19.211 [main][1190] DEBUG io.netty.util.internal.PlatformDependent - maxDirectMemory: 17133731840 bytes (maybe)
2022-01-03 23:59:19.211 [main][1190] DEBUG io.netty.util.internal.PlatformDependent - -Dio.netty.tmpdir: C:\Users\ahmed\AppData\Local\Temp (java.io.tmpdir)
2022-01-03 23:59:19.211 [main][1190] DEBUG io.netty.util.internal.PlatformDependent - -Dio.netty.bitMode: 64 (sun.arch.data.model)
2022-01-03 23:59:19.211 [main][1190] DEBUG io.netty.util.internal.PlatformDependent - Platform: Windows
2022-01-03 23:59:19.212 [main][1191] DEBUG io.netty.util.internal.PlatformDependent - -Dio.netty.maxDirectMemory: -1 bytes
2022-01-03 23:59:19.212 [main][1191] DEBUG io.netty.util.internal.PlatformDependent - -Dio.netty.uninitializedArrayAllocationThreshold: -1
2022-01-03 23:59:19.212 [main][1191] DEBUG io.netty.util.internal.CleanerJava9 - java.nio.ByteBuffer.cleaner(): available
2022-01-03 23:59:19.212 [main][1191] DEBUG io.netty.util.internal.PlatformDependent - -Dio.netty.noPreferDirect: false
2022-01-03 23:59:19.216 [main][1195] DEBUG io.netty.util.internal.PlatformDependent - org.jctools-core.MpscChunkedArrayQueue: available
2022-01-03 23:59:19.226 [main][1205] DEBUG io.netty.util.internal.InternalThreadLocalMap - -Dio.netty.threadLocalMap.stringBuilder.initialSize: 1024
2022-01-03 23:59:19.226 [main][1205] DEBUG io.netty.util.internal.InternalThreadLocalMap - -Dio.netty.threadLocalMap.stringBuilder.maxSize: 4096
2022-01-03 23:59:19.238 [main][1217] DEBUG io.netty.handler.ssl.JdkSslContext - Default protocols (JDK): [TLSv1.3, TLSv1.2] 
2022-01-03 23:59:19.239 [main][1218] DEBUG io.netty.handler.ssl.JdkSslContext - Default cipher suites (JDK): [TLS_ECDHE_ECDSA_WITH_AES_256_GCM_SHA384, TLS_ECDHE_ECDSA_WITH_AES_128_GCM_SHA256, TLS_ECDHE_RSA_WITH_AES_128_GCM_SHA256, TLS_ECDHE_RSA_WITH_AES_256_GCM_SHA384, TLS_ECDHE_RSA_WITH_AES_128_CBC_SHA, TLS_ECDHE_RSA_WITH_AES_256_CBC_SHA, TLS_RSA_WITH_AES_128_GCM_SHA256, TLS_RSA_WITH_AES_128_CBC_SHA, TLS_RSA_WITH_AES_256_CBC_SHA, TLS_AES_128_GCM_SHA256, TLS_AES_256_GCM_SHA384]
2022-01-03 23:59:19.253 [main][1232] DEBUG io.netty.channel.MultithreadEventLoopGroup - -Dio.netty.eventLoopThreads: 40
2022-01-03 23:59:19.257 [main][1236] DEBUG io.netty.channel.nio.NioEventLoop - -Dio.netty.noKeySetOptimization: false
2022-01-03 23:59:19.257 [main][1236] DEBUG io.netty.channel.nio.NioEventLoop - -Dio.netty.selectorAutoRebuildThreshold: 512
2022-01-03 23:59:19.285 [main][1264] DEBUG io.netty.buffer.PooledByteBufAllocator - -Dio.netty.allocator.numHeapArenas: 40
2022-01-03 23:59:19.285 [main][1264] DEBUG io.netty.buffer.PooledByteBufAllocator - -Dio.netty.allocator.numDirectArenas: 40
2022-01-03 23:59:19.285 [main][1264] DEBUG io.netty.buffer.PooledByteBufAllocator - -Dio.netty.allocator.pageSize: 8192
2022-01-03 23:59:19.285 [main][1264] DEBUG io.netty.buffer.PooledByteBufAllocator - -Dio.netty.allocator.maxOrder: 11
2022-01-03 23:59:19.285 [main][1264] DEBUG io.netty.buffer.PooledByteBufAllocator - -Dio.netty.allocator.chunkSize: 16777216
2022-01-03 23:59:19.286 [main][1265] DEBUG io.netty.buffer.PooledByteBufAllocator - -Dio.netty.allocator.smallCacheSize: 256
2022-01-03 23:59:19.286 [main][1265] DEBUG io.netty.buffer.PooledByteBufAllocator - -Dio.netty.allocator.normalCacheSize: 64
2022-01-03 23:59:19.286 [main][1265] DEBUG io.netty.buffer.PooledByteBufAllocator - -Dio.netty.allocator.maxCachedBufferCapacity: 32768
2022-01-03 23:59:19.286 [main][1265] DEBUG io.netty.buffer.PooledByteBufAllocator - -Dio.netty.allocator.cacheTrimInterval: 8192
2022-01-03 23:59:19.286 [main][1265] DEBUG io.netty.buffer.PooledByteBufAllocator - -Dio.netty.allocator.cacheTrimIntervalMillis: 0
2022-01-03 23:59:19.286 [main][1265] DEBUG io.netty.buffer.PooledByteBufAllocator - -Dio.netty.allocator.useCacheForAllThreads: true
2022-01-03 23:59:19.286 [main][1265] DEBUG io.netty.buffer.PooledByteBufAllocator - -Dio.netty.allocator.maxCachedByteBuffersPerChunk: 1023
2022-01-03 23:59:19.292 [main][1271] DEBUG io.netty.buffer.ByteBufUtil - -Dio.netty.allocator.type: pooled
2022-01-03 23:59:19.292 [main][1271] DEBUG io.netty.buffer.ByteBufUtil - -Dio.netty.threadLocalDirectBufferSize: 0
2022-01-03 23:59:19.292 [main][1271] DEBUG io.netty.buffer.ByteBufUtil - -Dio.netty.maxThreadLocalCharBufferSize: 16384
2022-01-03 23:59:19.946 [Forwarding newSession on session null to remote][1925] DEBUG io.netty.channel.DefaultChannelId - -Dio.netty.processId: 46608 (auto-detected)
2022-01-03 23:59:19.948 [Forwarding newSession on session null to remote][1927] DEBUG io.netty.util.NetUtil - -Djava.net.preferIPv4Stack: false
2022-01-03 23:59:19.948 [Forwarding newSession on session null to remote][1927] DEBUG io.netty.util.NetUtil - -Djava.net.preferIPv6Addresses: false
2022-01-03 23:59:20.081 [Forwarding newSession on session null to remote][2060] DEBUG io.netty.util.NetUtilInitializations - Loopback interface: lo (Software Loopback Interface 1, 127.0.0.1)
2022-01-03 23:59:20.082 [Forwarding newSession on session null to remote][2061] DEBUG io.netty.util.NetUtil - Failed to get SOMAXCONN from sysctl and file \proc\sys\net\core\somaxconn. Default: 200
2022-01-03 23:59:20.228 [Forwarding newSession on session null to remote][2207] DEBUG io.netty.channel.DefaultChannelId - -Dio.netty.machineId: f0:2f:74:ff:fe:d4:02:2a (auto-detected)
2022-01-03 23:59:20.254 [AsyncHttpClient-1-2][2233] DEBUG io.netty.buffer.AbstractByteBuf - -Dio.netty.buffer.checkAccessible: true
2022-01-03 23:59:20.254 [AsyncHttpClient-1-2][2233] DEBUG io.netty.buffer.AbstractByteBuf - -Dio.netty.buffer.checkBounds: true
2022-01-03 23:59:20.254 [AsyncHttpClient-1-2][2233] DEBUG io.netty.util.ResourceLeakDetectorFactory - Loaded default ResourceLeakDetector: io.netty.util.ResourceLeakDetector@22879149
2022-01-03 23:59:20.268 [AsyncHttpClient-1-2][2247] DEBUG io.netty.util.Recycler - -Dio.netty.recycler.maxCapacityPerThread: 4096
2022-01-03 23:59:20.268 [AsyncHttpClient-1-2][2247] DEBUG io.netty.util.Recycler - -Dio.netty.recycler.maxSharedCapacityFactor: 2
2022-01-03 23:59:20.268 [AsyncHttpClient-1-2][2247] DEBUG io.netty.util.Recycler - -Dio.netty.recycler.linkCapacity: 16
2022-01-03 23:59:20.268 [AsyncHttpClient-1-2][2247] DEBUG io.netty.util.Recycler - -Dio.netty.recycler.ratio: 8
2022-01-03 23:59:20.268 [AsyncHttpClient-1-2][2247] DEBUG io.netty.util.Recycler - -Dio.netty.recycler.delayedQueue.ratio: 8
2022-01-03 23:59:21.082 [AsyncHttpClient-1-2][3061] DEBUG io.netty.handler.codec.compression.Brotli - brotli4j not in the classpath; Brotli support will be unavailable.
2022-01-03 23:59:21.140 [main][3119] DEBUG io.netty.util.internal.ThreadLocalRandom - -Dio.netty.initialSeedUniquifier: 0xd8a483b2d15fdb1f
2022-01-03 23:59:21.161 [main][3140] INFO  step_definitions.Hooks - Launch Browser
2022-01-03 23:59:22.862 [main][4841] INFO  page_objects.HomePage - User Is In Home Page
2022-01-03 23:59:22.864 [main][4843] DEBUG page_objects.Categories - Click On Deals
2022-01-03 23:59:24.932 [main][6911] DEBUG page_objects.Categories - Chose on going deals
2022-01-03 23:59:27.820 [main][9799] INFO  step_definitions.Hooks - Close Browser
2022-01-03 23:59:29.204 [main][11183] INFO  step_definitions.Hooks - Launch Browser
2022-01-03 23:59:32.030 [main][14009] INFO  page_objects.HomePage - User Is In Home Page
2022-01-03 23:59:32.031 [main][14010] DEBUG page_objects.Categories - Click On Deals
2022-01-03 23:59:34.099 [main][16078] DEBUG page_objects.Categories - Chose on going deals
2022-01-03 23:59:35.707 [main][17686] INFO  step_definitions.Hooks - Close Browser
2022-01-03 23:59:37.091 [main][19070] INFO  step_definitions.Hooks - Launch Browser
2022-01-03 23:59:38.732 [main][20711] INFO  page_objects.HomePage - User Is In Home Page
2022-01-03 23:59:38.733 [main][20712] DEBUG page_objects.Categories - Click On Deals
2022-01-03 23:59:40.799 [main][22778] DEBUG page_objects.Categories - Chose on going deals
2022-01-03 23:59:42.541 [main][24520] INFO  step_definitions.Hooks - Close Browser
2022-01-03 23:59:43.870 [main][25849] INFO  step_definitions.Hooks - Launch Browser
2022-01-03 23:59:45.525 [main][27504] INFO  page_objects.HomePage - User Is In Home Page
2022-01-03 23:59:45.526 [main][27505] DEBUG page_objects.Categories - Click On Deals
2022-01-03 23:59:47.591 [main][29570] DEBUG page_objects.Categories - Chose on going deals
2022-01-03 23:59:50.492 [main][32471] INFO  step_definitions.Hooks - Close Browser
