2022-01-04 18:19:37.874 [main][1425] DEBUG io.netty.util.internal.logging.InternalLoggerFactory - Using Log4J2 as the default logging framework
2022-01-04 18:19:37.879 [main][1430] DEBUG io.netty.util.ResourceLeakDetector - -Dio.netty.leakDetection.level: simple
2022-01-04 18:19:37.879 [main][1430] DEBUG io.netty.util.ResourceLeakDetector - -Dio.netty.leakDetection.targetRecords: 4
2022-01-04 18:19:37.881 [main][1432] DEBUG io.netty.util.ResourceLeakDetectorFactory - Loaded default ResourceLeakDetector: io.netty.util.ResourceLeakDetector@1abc9f14
2022-01-04 18:19:37.891 [main][1442] DEBUG io.netty.util.internal.PlatformDependent0 - -Dio.netty.noUnsafe: false
2022-01-04 18:19:37.892 [main][1443] DEBUG io.netty.util.internal.PlatformDependent0 - Java version: 11
2022-01-04 18:19:37.893 [main][1444] DEBUG io.netty.util.internal.PlatformDependent0 - sun.misc.Unsafe.theUnsafe: available
2022-01-04 18:19:37.893 [main][1444] DEBUG io.netty.util.internal.PlatformDependent0 - sun.misc.Unsafe.copyMemory: available
2022-01-04 18:19:37.893 [main][1444] DEBUG io.netty.util.internal.PlatformDependent0 - java.nio.Buffer.address: available
2022-01-04 18:19:37.893 [main][1444] DEBUG io.netty.util.internal.PlatformDependent0 - direct buffer constructor: unavailable: Reflective setAccessible(true) disabled
2022-01-04 18:19:37.894 [main][1445] DEBUG io.netty.util.internal.PlatformDependent0 - java.nio.Bits.unaligned: available, true
2022-01-04 18:19:37.895 [main][1446] DEBUG io.netty.util.internal.PlatformDependent0 - jdk.internal.misc.Unsafe.allocateUninitializedArray(int): unavailable: class io.netty.util.internal.PlatformDependent0$6 cannot access class jdk.internal.misc.Unsafe (in module java.base) because module java.base does not export jdk.internal.misc to unnamed module @7a3d45bd
2022-01-04 18:19:37.895 [main][1446] DEBUG io.netty.util.internal.PlatformDependent0 - java.nio.DirectByteBuffer.<init>(long, int): unavailable
2022-01-04 18:19:37.895 [main][1446] DEBUG io.netty.util.internal.PlatformDependent - sun.misc.Unsafe: available
2022-01-04 18:19:37.896 [main][1447] DEBUG io.netty.util.internal.PlatformDependent - maxDirectMemory: 17133731840 bytes (maybe)
2022-01-04 18:19:37.896 [main][1447] DEBUG io.netty.util.internal.PlatformDependent - -Dio.netty.tmpdir: C:\Users\ahmed\AppData\Local\Temp (java.io.tmpdir)
2022-01-04 18:19:37.896 [main][1447] DEBUG io.netty.util.internal.PlatformDependent - -Dio.netty.bitMode: 64 (sun.arch.data.model)
2022-01-04 18:19:37.896 [main][1447] DEBUG io.netty.util.internal.PlatformDependent - Platform: Windows
2022-01-04 18:19:37.897 [main][1448] DEBUG io.netty.util.internal.PlatformDependent - -Dio.netty.maxDirectMemory: -1 bytes
2022-01-04 18:19:37.897 [main][1448] DEBUG io.netty.util.internal.PlatformDependent - -Dio.netty.uninitializedArrayAllocationThreshold: -1
2022-01-04 18:19:37.897 [main][1448] DEBUG io.netty.util.internal.CleanerJava9 - java.nio.ByteBuffer.cleaner(): available
2022-01-04 18:19:37.897 [main][1448] DEBUG io.netty.util.internal.PlatformDependent - -Dio.netty.noPreferDirect: false
2022-01-04 18:19:37.902 [main][1453] DEBUG io.netty.util.internal.PlatformDependent - org.jctools-core.MpscChunkedArrayQueue: available
2022-01-04 18:19:37.912 [main][1463] DEBUG io.netty.util.internal.InternalThreadLocalMap - -Dio.netty.threadLocalMap.stringBuilder.initialSize: 1024
2022-01-04 18:19:37.912 [main][1463] DEBUG io.netty.util.internal.InternalThreadLocalMap - -Dio.netty.threadLocalMap.stringBuilder.maxSize: 4096
2022-01-04 18:19:37.927 [main][1478] DEBUG io.netty.handler.ssl.JdkSslContext - Default protocols (JDK): [TLSv1.3, TLSv1.2] 
2022-01-04 18:19:37.927 [main][1478] DEBUG io.netty.handler.ssl.JdkSslContext - Default cipher suites (JDK): [TLS_ECDHE_ECDSA_WITH_AES_256_GCM_SHA384, TLS_ECDHE_ECDSA_WITH_AES_128_GCM_SHA256, TLS_ECDHE_RSA_WITH_AES_128_GCM_SHA256, TLS_ECDHE_RSA_WITH_AES_256_GCM_SHA384, TLS_ECDHE_RSA_WITH_AES_128_CBC_SHA, TLS_ECDHE_RSA_WITH_AES_256_CBC_SHA, TLS_RSA_WITH_AES_128_GCM_SHA256, TLS_RSA_WITH_AES_128_CBC_SHA, TLS_RSA_WITH_AES_256_CBC_SHA, TLS_AES_128_GCM_SHA256, TLS_AES_256_GCM_SHA384]
2022-01-04 18:19:37.943 [main][1494] DEBUG io.netty.channel.MultithreadEventLoopGroup - -Dio.netty.eventLoopThreads: 40
2022-01-04 18:19:37.949 [main][1500] DEBUG io.netty.channel.nio.NioEventLoop - -Dio.netty.noKeySetOptimization: false
2022-01-04 18:19:37.949 [main][1500] DEBUG io.netty.channel.nio.NioEventLoop - -Dio.netty.selectorAutoRebuildThreshold: 512
2022-01-04 18:19:37.978 [main][1529] DEBUG io.netty.buffer.PooledByteBufAllocator - -Dio.netty.allocator.numHeapArenas: 40
2022-01-04 18:19:37.978 [main][1529] DEBUG io.netty.buffer.PooledByteBufAllocator - -Dio.netty.allocator.numDirectArenas: 40
2022-01-04 18:19:37.978 [main][1529] DEBUG io.netty.buffer.PooledByteBufAllocator - -Dio.netty.allocator.pageSize: 8192
2022-01-04 18:19:37.978 [main][1529] DEBUG io.netty.buffer.PooledByteBufAllocator - -Dio.netty.allocator.maxOrder: 11
2022-01-04 18:19:37.979 [main][1530] DEBUG io.netty.buffer.PooledByteBufAllocator - -Dio.netty.allocator.chunkSize: 16777216
2022-01-04 18:19:37.979 [main][1530] DEBUG io.netty.buffer.PooledByteBufAllocator - -Dio.netty.allocator.smallCacheSize: 256
2022-01-04 18:19:37.979 [main][1530] DEBUG io.netty.buffer.PooledByteBufAllocator - -Dio.netty.allocator.normalCacheSize: 64
2022-01-04 18:19:37.979 [main][1530] DEBUG io.netty.buffer.PooledByteBufAllocator - -Dio.netty.allocator.maxCachedBufferCapacity: 32768
2022-01-04 18:19:37.979 [main][1530] DEBUG io.netty.buffer.PooledByteBufAllocator - -Dio.netty.allocator.cacheTrimInterval: 8192
2022-01-04 18:19:37.979 [main][1530] DEBUG io.netty.buffer.PooledByteBufAllocator - -Dio.netty.allocator.cacheTrimIntervalMillis: 0
2022-01-04 18:19:37.979 [main][1530] DEBUG io.netty.buffer.PooledByteBufAllocator - -Dio.netty.allocator.useCacheForAllThreads: true
2022-01-04 18:19:37.979 [main][1530] DEBUG io.netty.buffer.PooledByteBufAllocator - -Dio.netty.allocator.maxCachedByteBuffersPerChunk: 1023
2022-01-04 18:19:37.985 [main][1536] DEBUG io.netty.buffer.ByteBufUtil - -Dio.netty.allocator.type: pooled
2022-01-04 18:19:37.986 [main][1537] DEBUG io.netty.buffer.ByteBufUtil - -Dio.netty.threadLocalDirectBufferSize: 0
2022-01-04 18:19:37.986 [main][1537] DEBUG io.netty.buffer.ByteBufUtil - -Dio.netty.maxThreadLocalCharBufferSize: 16384
2022-01-04 18:19:38.637 [Forwarding newSession on session null to remote][2188] DEBUG io.netty.channel.DefaultChannelId - -Dio.netty.processId: 41936 (auto-detected)
2022-01-04 18:19:38.639 [Forwarding newSession on session null to remote][2190] DEBUG io.netty.util.NetUtil - -Djava.net.preferIPv4Stack: false
2022-01-04 18:19:38.639 [Forwarding newSession on session null to remote][2190] DEBUG io.netty.util.NetUtil - -Djava.net.preferIPv6Addresses: false
2022-01-04 18:19:38.775 [Forwarding newSession on session null to remote][2326] DEBUG io.netty.util.NetUtilInitializations - Loopback interface: lo (Software Loopback Interface 1, 127.0.0.1)
2022-01-04 18:19:38.776 [Forwarding newSession on session null to remote][2327] DEBUG io.netty.util.NetUtil - Failed to get SOMAXCONN from sysctl and file \proc\sys\net\core\somaxconn. Default: 200
2022-01-04 18:19:38.921 [Forwarding newSession on session null to remote][2472] DEBUG io.netty.channel.DefaultChannelId - -Dio.netty.machineId: f0:2f:74:ff:fe:d4:02:2a (auto-detected)
2022-01-04 18:19:38.961 [AsyncHttpClient-1-2][2512] DEBUG io.netty.buffer.AbstractByteBuf - -Dio.netty.buffer.checkAccessible: true
2022-01-04 18:19:38.961 [AsyncHttpClient-1-2][2512] DEBUG io.netty.buffer.AbstractByteBuf - -Dio.netty.buffer.checkBounds: true
2022-01-04 18:19:38.961 [AsyncHttpClient-1-2][2512] DEBUG io.netty.util.ResourceLeakDetectorFactory - Loaded default ResourceLeakDetector: io.netty.util.ResourceLeakDetector@7ee1293c
2022-01-04 18:19:38.974 [AsyncHttpClient-1-2][2525] DEBUG io.netty.util.Recycler - -Dio.netty.recycler.maxCapacityPerThread: 4096
2022-01-04 18:19:38.975 [AsyncHttpClient-1-2][2526] DEBUG io.netty.util.Recycler - -Dio.netty.recycler.maxSharedCapacityFactor: 2
2022-01-04 18:19:38.975 [AsyncHttpClient-1-2][2526] DEBUG io.netty.util.Recycler - -Dio.netty.recycler.linkCapacity: 16
2022-01-04 18:19:38.975 [AsyncHttpClient-1-2][2526] DEBUG io.netty.util.Recycler - -Dio.netty.recycler.ratio: 8
2022-01-04 18:19:38.975 [AsyncHttpClient-1-2][2526] DEBUG io.netty.util.Recycler - -Dio.netty.recycler.delayedQueue.ratio: 8
2022-01-04 18:19:39.518 [AsyncHttpClient-1-2][3069] DEBUG io.netty.handler.codec.compression.Brotli - brotli4j not in the classpath; Brotli support will be unavailable.
2022-01-04 18:19:39.583 [main][3134] DEBUG io.netty.util.internal.ThreadLocalRandom - -Dio.netty.initialSeedUniquifier: 0x4af481864d16ade9
2022-01-04 18:19:39.604 [main][3155] INFO  step_definitions.Hooks - Launch Browser
2022-01-04 18:19:42.389 [main][5940] INFO  page_objects.HomePage - User Is In Home Page
2022-01-04 18:19:42.390 [main][5941] DEBUG page_objects.Categories - Click On Deals
2022-01-04 18:19:43.469 [main][7020] DEBUG page_objects.Categories - Chose on going deals
2022-01-04 18:19:44.793 [main][8344] DEBUG page_objects.Categories - Title
2022-01-04 18:19:45.918 [main][9469] DEBUG page_objects.Categories - URL
2022-01-04 18:19:47.506 [main][11057] INFO  step_definitions.Hooks - Close Browser
2022-01-04 18:19:48.587 [main][12138] INFO  step_definitions.Hooks - Launch Browser
2022-01-04 18:19:50.337 [main][13888] INFO  page_objects.HomePage - User Is In Home Page
2022-01-04 18:19:50.338 [main][13889] DEBUG page_objects.Categories - Click On Deals
2022-01-04 18:19:51.400 [main][14951] DEBUG page_objects.Categories - Chose on going deals
2022-01-04 18:19:53.061 [main][16612] INFO  step_definitions.Hooks - Close Browser
2022-01-04 18:19:54.192 [main][17743] INFO  step_definitions.Hooks - Launch Browser
2022-01-04 18:19:55.810 [main][19361] INFO  page_objects.HomePage - User Is In Home Page
2022-01-04 18:19:55.810 [main][19361] DEBUG page_objects.Categories - Click On Deals
2022-01-04 18:19:56.875 [main][20426] DEBUG page_objects.Categories - Chose on going deals
2022-01-04 18:19:58.179 [main][21730] DEBUG page_objects.Categories - Title
2022-01-04 18:19:59.185 [main][22736] DEBUG page_objects.Categories - URL
2022-01-04 18:20:00.763 [main][24314] INFO  step_definitions.Hooks - Close Browser
