2022-01-04 22:13:11.753 [main][1061] DEBUG io.netty.util.internal.logging.InternalLoggerFactory - Using Log4J2 as the default logging framework
2022-01-04 22:13:11.759 [main][1067] DEBUG io.netty.util.ResourceLeakDetector - -Dio.netty.leakDetection.level: simple
2022-01-04 22:13:11.759 [main][1067] DEBUG io.netty.util.ResourceLeakDetector - -Dio.netty.leakDetection.targetRecords: 4
2022-01-04 22:13:11.762 [main][1070] DEBUG io.netty.util.ResourceLeakDetectorFactory - Loaded default ResourceLeakDetector: io.netty.util.ResourceLeakDetector@e344ad3
2022-01-04 22:13:11.777 [main][1085] DEBUG io.netty.util.internal.PlatformDependent0 - -Dio.netty.noUnsafe: false
2022-01-04 22:13:11.777 [main][1085] DEBUG io.netty.util.internal.PlatformDependent0 - Java version: 11
2022-01-04 22:13:11.778 [main][1086] DEBUG io.netty.util.internal.PlatformDependent0 - sun.misc.Unsafe.theUnsafe: available
2022-01-04 22:13:11.778 [main][1086] DEBUG io.netty.util.internal.PlatformDependent0 - sun.misc.Unsafe.copyMemory: available
2022-01-04 22:13:11.778 [main][1086] DEBUG io.netty.util.internal.PlatformDependent0 - java.nio.Buffer.address: available
2022-01-04 22:13:11.779 [main][1087] DEBUG io.netty.util.internal.PlatformDependent0 - direct buffer constructor: unavailable: Reflective setAccessible(true) disabled
2022-01-04 22:13:11.779 [main][1087] DEBUG io.netty.util.internal.PlatformDependent0 - java.nio.Bits.unaligned: available, true
2022-01-04 22:13:11.780 [main][1088] DEBUG io.netty.util.internal.PlatformDependent0 - jdk.internal.misc.Unsafe.allocateUninitializedArray(int): unavailable: class io.netty.util.internal.PlatformDependent0$6 cannot access class jdk.internal.misc.Unsafe (in module java.base) because module java.base does not export jdk.internal.misc to unnamed module @45820e51
2022-01-04 22:13:11.780 [main][1088] DEBUG io.netty.util.internal.PlatformDependent0 - java.nio.DirectByteBuffer.<init>(long, int): unavailable
2022-01-04 22:13:11.780 [main][1088] DEBUG io.netty.util.internal.PlatformDependent - sun.misc.Unsafe: available
2022-01-04 22:13:11.781 [main][1089] DEBUG io.netty.util.internal.PlatformDependent - maxDirectMemory: 17133731840 bytes (maybe)
2022-01-04 22:13:11.781 [main][1089] DEBUG io.netty.util.internal.PlatformDependent - -Dio.netty.tmpdir: C:\Users\ahmed\AppData\Local\Temp (java.io.tmpdir)
2022-01-04 22:13:11.781 [main][1089] DEBUG io.netty.util.internal.PlatformDependent - -Dio.netty.bitMode: 64 (sun.arch.data.model)
2022-01-04 22:13:11.781 [main][1089] DEBUG io.netty.util.internal.PlatformDependent - Platform: Windows
2022-01-04 22:13:11.781 [main][1089] DEBUG io.netty.util.internal.PlatformDependent - -Dio.netty.maxDirectMemory: -1 bytes
2022-01-04 22:13:11.781 [main][1089] DEBUG io.netty.util.internal.PlatformDependent - -Dio.netty.uninitializedArrayAllocationThreshold: -1
2022-01-04 22:13:11.782 [main][1090] DEBUG io.netty.util.internal.CleanerJava9 - java.nio.ByteBuffer.cleaner(): available
2022-01-04 22:13:11.782 [main][1090] DEBUG io.netty.util.internal.PlatformDependent - -Dio.netty.noPreferDirect: false
2022-01-04 22:13:11.786 [main][1094] DEBUG io.netty.util.internal.PlatformDependent - org.jctools-core.MpscChunkedArrayQueue: available
2022-01-04 22:13:11.796 [main][1104] DEBUG io.netty.util.internal.InternalThreadLocalMap - -Dio.netty.threadLocalMap.stringBuilder.initialSize: 1024
2022-01-04 22:13:11.796 [main][1104] DEBUG io.netty.util.internal.InternalThreadLocalMap - -Dio.netty.threadLocalMap.stringBuilder.maxSize: 4096
2022-01-04 22:13:11.808 [main][1116] DEBUG io.netty.handler.ssl.JdkSslContext - Default protocols (JDK): [TLSv1.3, TLSv1.2] 
2022-01-04 22:13:11.808 [main][1116] DEBUG io.netty.handler.ssl.JdkSslContext - Default cipher suites (JDK): [TLS_ECDHE_ECDSA_WITH_AES_256_GCM_SHA384, TLS_ECDHE_ECDSA_WITH_AES_128_GCM_SHA256, TLS_ECDHE_RSA_WITH_AES_128_GCM_SHA256, TLS_ECDHE_RSA_WITH_AES_256_GCM_SHA384, TLS_ECDHE_RSA_WITH_AES_128_CBC_SHA, TLS_ECDHE_RSA_WITH_AES_256_CBC_SHA, TLS_RSA_WITH_AES_128_GCM_SHA256, TLS_RSA_WITH_AES_128_CBC_SHA, TLS_RSA_WITH_AES_256_CBC_SHA, TLS_AES_128_GCM_SHA256, TLS_AES_256_GCM_SHA384]
2022-01-04 22:13:11.822 [main][1130] DEBUG io.netty.channel.MultithreadEventLoopGroup - -Dio.netty.eventLoopThreads: 40
2022-01-04 22:13:11.827 [main][1135] DEBUG io.netty.channel.nio.NioEventLoop - -Dio.netty.noKeySetOptimization: false
2022-01-04 22:13:11.827 [main][1135] DEBUG io.netty.channel.nio.NioEventLoop - -Dio.netty.selectorAutoRebuildThreshold: 512
2022-01-04 22:13:11.855 [main][1163] DEBUG io.netty.buffer.PooledByteBufAllocator - -Dio.netty.allocator.numHeapArenas: 40
2022-01-04 22:13:11.855 [main][1163] DEBUG io.netty.buffer.PooledByteBufAllocator - -Dio.netty.allocator.numDirectArenas: 40
2022-01-04 22:13:11.855 [main][1163] DEBUG io.netty.buffer.PooledByteBufAllocator - -Dio.netty.allocator.pageSize: 8192
2022-01-04 22:13:11.855 [main][1163] DEBUG io.netty.buffer.PooledByteBufAllocator - -Dio.netty.allocator.maxOrder: 11
2022-01-04 22:13:11.855 [main][1163] DEBUG io.netty.buffer.PooledByteBufAllocator - -Dio.netty.allocator.chunkSize: 16777216
2022-01-04 22:13:11.855 [main][1163] DEBUG io.netty.buffer.PooledByteBufAllocator - -Dio.netty.allocator.smallCacheSize: 256
2022-01-04 22:13:11.855 [main][1163] DEBUG io.netty.buffer.PooledByteBufAllocator - -Dio.netty.allocator.normalCacheSize: 64
2022-01-04 22:13:11.855 [main][1163] DEBUG io.netty.buffer.PooledByteBufAllocator - -Dio.netty.allocator.maxCachedBufferCapacity: 32768
2022-01-04 22:13:11.855 [main][1163] DEBUG io.netty.buffer.PooledByteBufAllocator - -Dio.netty.allocator.cacheTrimInterval: 8192
2022-01-04 22:13:11.855 [main][1163] DEBUG io.netty.buffer.PooledByteBufAllocator - -Dio.netty.allocator.cacheTrimIntervalMillis: 0
2022-01-04 22:13:11.855 [main][1163] DEBUG io.netty.buffer.PooledByteBufAllocator - -Dio.netty.allocator.useCacheForAllThreads: true
2022-01-04 22:13:11.855 [main][1163] DEBUG io.netty.buffer.PooledByteBufAllocator - -Dio.netty.allocator.maxCachedByteBuffersPerChunk: 1023
2022-01-04 22:13:11.861 [main][1169] DEBUG io.netty.buffer.ByteBufUtil - -Dio.netty.allocator.type: pooled
2022-01-04 22:13:11.861 [main][1169] DEBUG io.netty.buffer.ByteBufUtil - -Dio.netty.threadLocalDirectBufferSize: 0
2022-01-04 22:13:11.861 [main][1169] DEBUG io.netty.buffer.ByteBufUtil - -Dio.netty.maxThreadLocalCharBufferSize: 16384
2022-01-04 22:13:12.502 [Forwarding newSession on session null to remote][1810] DEBUG io.netty.channel.DefaultChannelId - -Dio.netty.processId: 29624 (auto-detected)
2022-01-04 22:13:12.503 [Forwarding newSession on session null to remote][1811] DEBUG io.netty.util.NetUtil - -Djava.net.preferIPv4Stack: false
2022-01-04 22:13:12.503 [Forwarding newSession on session null to remote][1811] DEBUG io.netty.util.NetUtil - -Djava.net.preferIPv6Addresses: false
2022-01-04 22:13:12.637 [Forwarding newSession on session null to remote][1945] DEBUG io.netty.util.NetUtilInitializations - Loopback interface: lo (Software Loopback Interface 1, 127.0.0.1)
2022-01-04 22:13:12.637 [Forwarding newSession on session null to remote][1945] DEBUG io.netty.util.NetUtil - Failed to get SOMAXCONN from sysctl and file \proc\sys\net\core\somaxconn. Default: 200
2022-01-04 22:13:12.782 [Forwarding newSession on session null to remote][2090] DEBUG io.netty.channel.DefaultChannelId - -Dio.netty.machineId: f0:2f:74:ff:fe:d4:02:2a (auto-detected)
2022-01-04 22:13:12.809 [AsyncHttpClient-1-2][2117] DEBUG io.netty.buffer.AbstractByteBuf - -Dio.netty.buffer.checkAccessible: true
2022-01-04 22:13:12.809 [AsyncHttpClient-1-2][2117] DEBUG io.netty.buffer.AbstractByteBuf - -Dio.netty.buffer.checkBounds: true
2022-01-04 22:13:12.809 [AsyncHttpClient-1-2][2117] DEBUG io.netty.util.ResourceLeakDetectorFactory - Loaded default ResourceLeakDetector: io.netty.util.ResourceLeakDetector@7650256d
2022-01-04 22:13:12.829 [AsyncHttpClient-1-2][2137] DEBUG io.netty.util.Recycler - -Dio.netty.recycler.maxCapacityPerThread: 4096
2022-01-04 22:13:12.830 [AsyncHttpClient-1-2][2138] DEBUG io.netty.util.Recycler - -Dio.netty.recycler.maxSharedCapacityFactor: 2
2022-01-04 22:13:12.830 [AsyncHttpClient-1-2][2138] DEBUG io.netty.util.Recycler - -Dio.netty.recycler.linkCapacity: 16
2022-01-04 22:13:12.830 [AsyncHttpClient-1-2][2138] DEBUG io.netty.util.Recycler - -Dio.netty.recycler.ratio: 8
2022-01-04 22:13:12.830 [AsyncHttpClient-1-2][2138] DEBUG io.netty.util.Recycler - -Dio.netty.recycler.delayedQueue.ratio: 8
2022-01-04 22:13:13.476 [AsyncHttpClient-1-2][2784] DEBUG io.netty.handler.codec.compression.Brotli - brotli4j not in the classpath; Brotli support will be unavailable.
2022-01-04 22:13:13.536 [main][2844] DEBUG io.netty.util.internal.ThreadLocalRandom - -Dio.netty.initialSeedUniquifier: 0xdefd14cbf83ee8d2
2022-01-04 22:13:13.556 [main][2864] INFO  step_definitions.Hooks - Launch Browser
2022-01-04 22:13:15.288 [main][4596] INFO  page_objects.HomePage - User Is In Home Page
2022-01-04 22:13:15.290 [main][4598] DEBUG page_objects.Categories - Click On Deals
2022-01-04 22:13:16.359 [main][5667] DEBUG page_objects.Categories - Chose on going deals
2022-01-04 22:13:16.664 [main][5972] DEBUG page_objects.Categories - User is in the category page
2022-01-04 22:13:18.665 [main][7973] DEBUG page_objects.Categories - Page Title isNew Arrivals & 2022 Fashion Trends for Women : Target
2022-01-04 22:13:19.246 [main][8554] INFO  step_definitions.Hooks - Close Browser
2022-01-04 22:13:20.381 [main][9689] INFO  step_definitions.Hooks - Launch Browser
2022-01-04 22:13:21.971 [main][11279] INFO  page_objects.HomePage - User Is In Home Page
2022-01-04 22:13:21.971 [main][11279] DEBUG page_objects.Categories - Click On Deals
2022-01-04 22:13:23.042 [main][12350] DEBUG page_objects.Categories - Chose on going deals
2022-01-04 22:13:23.351 [main][12659] DEBUG page_objects.Categories - User is in the category page
2022-01-04 22:13:25.352 [main][14660] DEBUG page_objects.Categories - Page Title isMen's New Arrivals : Target
2022-01-04 22:13:25.937 [main][15245] INFO  step_definitions.Hooks - Close Browser
2022-01-04 22:13:27.114 [main][16422] INFO  step_definitions.Hooks - Launch Browser
2022-01-04 22:13:28.943 [main][18251] INFO  page_objects.HomePage - User Is In Home Page
2022-01-04 22:13:28.944 [main][18252] DEBUG page_objects.Categories - Click On Deals
2022-01-04 22:13:30.014 [main][19322] DEBUG page_objects.Categories - Chose on going deals
2022-01-04 22:13:30.326 [main][19634] DEBUG page_objects.Categories - User is in the category page
2022-01-04 22:13:32.326 [main][21634] DEBUG page_objects.Categories - Page Title isKids' New Arrivals : Target
2022-01-04 22:13:32.900 [main][22208] INFO  step_definitions.Hooks - Close Browser
