2022-01-04 18:18:56.132 [main][1032] DEBUG io.netty.util.internal.logging.InternalLoggerFactory - Using Log4J2 as the default logging framework
2022-01-04 18:18:56.138 [main][1038] DEBUG io.netty.util.ResourceLeakDetector - -Dio.netty.leakDetection.level: simple
2022-01-04 18:18:56.138 [main][1038] DEBUG io.netty.util.ResourceLeakDetector - -Dio.netty.leakDetection.targetRecords: 4
2022-01-04 18:18:56.139 [main][1039] DEBUG io.netty.util.ResourceLeakDetectorFactory - Loaded default ResourceLeakDetector: io.netty.util.ResourceLeakDetector@333cb916
2022-01-04 18:18:56.149 [main][1049] DEBUG io.netty.util.internal.PlatformDependent0 - -Dio.netty.noUnsafe: false
2022-01-04 18:18:56.149 [main][1049] DEBUG io.netty.util.internal.PlatformDependent0 - Java version: 11
2022-01-04 18:18:56.150 [main][1050] DEBUG io.netty.util.internal.PlatformDependent0 - sun.misc.Unsafe.theUnsafe: available
2022-01-04 18:18:56.151 [main][1051] DEBUG io.netty.util.internal.PlatformDependent0 - sun.misc.Unsafe.copyMemory: available
2022-01-04 18:18:56.151 [main][1051] DEBUG io.netty.util.internal.PlatformDependent0 - java.nio.Buffer.address: available
2022-01-04 18:18:56.151 [main][1051] DEBUG io.netty.util.internal.PlatformDependent0 - direct buffer constructor: unavailable: Reflective setAccessible(true) disabled
2022-01-04 18:18:56.151 [main][1051] DEBUG io.netty.util.internal.PlatformDependent0 - java.nio.Bits.unaligned: available, true
2022-01-04 18:18:56.152 [main][1052] DEBUG io.netty.util.internal.PlatformDependent0 - jdk.internal.misc.Unsafe.allocateUninitializedArray(int): unavailable: class io.netty.util.internal.PlatformDependent0$6 cannot access class jdk.internal.misc.Unsafe (in module java.base) because module java.base does not export jdk.internal.misc to unnamed module @45820e51
2022-01-04 18:18:56.153 [main][1053] DEBUG io.netty.util.internal.PlatformDependent0 - java.nio.DirectByteBuffer.<init>(long, int): unavailable
2022-01-04 18:18:56.153 [main][1053] DEBUG io.netty.util.internal.PlatformDependent - sun.misc.Unsafe: available
2022-01-04 18:18:56.153 [main][1053] DEBUG io.netty.util.internal.PlatformDependent - maxDirectMemory: 17133731840 bytes (maybe)
2022-01-04 18:18:56.153 [main][1053] DEBUG io.netty.util.internal.PlatformDependent - -Dio.netty.tmpdir: C:\Users\ahmed\AppData\Local\Temp (java.io.tmpdir)
2022-01-04 18:18:56.153 [main][1053] DEBUG io.netty.util.internal.PlatformDependent - -Dio.netty.bitMode: 64 (sun.arch.data.model)
2022-01-04 18:18:56.153 [main][1053] DEBUG io.netty.util.internal.PlatformDependent - Platform: Windows
2022-01-04 18:18:56.154 [main][1054] DEBUG io.netty.util.internal.PlatformDependent - -Dio.netty.maxDirectMemory: -1 bytes
2022-01-04 18:18:56.154 [main][1054] DEBUG io.netty.util.internal.PlatformDependent - -Dio.netty.uninitializedArrayAllocationThreshold: -1
2022-01-04 18:18:56.155 [main][1055] DEBUG io.netty.util.internal.CleanerJava9 - java.nio.ByteBuffer.cleaner(): available
2022-01-04 18:18:56.155 [main][1055] DEBUG io.netty.util.internal.PlatformDependent - -Dio.netty.noPreferDirect: false
2022-01-04 18:18:56.159 [main][1059] DEBUG io.netty.util.internal.PlatformDependent - org.jctools-core.MpscChunkedArrayQueue: available
2022-01-04 18:18:56.172 [main][1072] DEBUG io.netty.util.internal.InternalThreadLocalMap - -Dio.netty.threadLocalMap.stringBuilder.initialSize: 1024
2022-01-04 18:18:56.172 [main][1072] DEBUG io.netty.util.internal.InternalThreadLocalMap - -Dio.netty.threadLocalMap.stringBuilder.maxSize: 4096
2022-01-04 18:18:56.185 [main][1085] DEBUG io.netty.handler.ssl.JdkSslContext - Default protocols (JDK): [TLSv1.3, TLSv1.2] 
2022-01-04 18:18:56.185 [main][1085] DEBUG io.netty.handler.ssl.JdkSslContext - Default cipher suites (JDK): [TLS_ECDHE_ECDSA_WITH_AES_256_GCM_SHA384, TLS_ECDHE_ECDSA_WITH_AES_128_GCM_SHA256, TLS_ECDHE_RSA_WITH_AES_128_GCM_SHA256, TLS_ECDHE_RSA_WITH_AES_256_GCM_SHA384, TLS_ECDHE_RSA_WITH_AES_128_CBC_SHA, TLS_ECDHE_RSA_WITH_AES_256_CBC_SHA, TLS_RSA_WITH_AES_128_GCM_SHA256, TLS_RSA_WITH_AES_128_CBC_SHA, TLS_RSA_WITH_AES_256_CBC_SHA, TLS_AES_128_GCM_SHA256, TLS_AES_256_GCM_SHA384]
2022-01-04 18:18:56.199 [main][1099] DEBUG io.netty.channel.MultithreadEventLoopGroup - -Dio.netty.eventLoopThreads: 40
2022-01-04 18:18:56.203 [main][1103] DEBUG io.netty.channel.nio.NioEventLoop - -Dio.netty.noKeySetOptimization: false
2022-01-04 18:18:56.203 [main][1103] DEBUG io.netty.channel.nio.NioEventLoop - -Dio.netty.selectorAutoRebuildThreshold: 512
2022-01-04 18:18:56.232 [main][1132] DEBUG io.netty.buffer.PooledByteBufAllocator - -Dio.netty.allocator.numHeapArenas: 40
2022-01-04 18:18:56.233 [main][1133] DEBUG io.netty.buffer.PooledByteBufAllocator - -Dio.netty.allocator.numDirectArenas: 40
2022-01-04 18:18:56.233 [main][1133] DEBUG io.netty.buffer.PooledByteBufAllocator - -Dio.netty.allocator.pageSize: 8192
2022-01-04 18:18:56.233 [main][1133] DEBUG io.netty.buffer.PooledByteBufAllocator - -Dio.netty.allocator.maxOrder: 11
2022-01-04 18:18:56.233 [main][1133] DEBUG io.netty.buffer.PooledByteBufAllocator - -Dio.netty.allocator.chunkSize: 16777216
2022-01-04 18:18:56.233 [main][1133] DEBUG io.netty.buffer.PooledByteBufAllocator - -Dio.netty.allocator.smallCacheSize: 256
2022-01-04 18:18:56.233 [main][1133] DEBUG io.netty.buffer.PooledByteBufAllocator - -Dio.netty.allocator.normalCacheSize: 64
2022-01-04 18:18:56.233 [main][1133] DEBUG io.netty.buffer.PooledByteBufAllocator - -Dio.netty.allocator.maxCachedBufferCapacity: 32768
2022-01-04 18:18:56.233 [main][1133] DEBUG io.netty.buffer.PooledByteBufAllocator - -Dio.netty.allocator.cacheTrimInterval: 8192
2022-01-04 18:18:56.233 [main][1133] DEBUG io.netty.buffer.PooledByteBufAllocator - -Dio.netty.allocator.cacheTrimIntervalMillis: 0
2022-01-04 18:18:56.233 [main][1133] DEBUG io.netty.buffer.PooledByteBufAllocator - -Dio.netty.allocator.useCacheForAllThreads: true
2022-01-04 18:18:56.233 [main][1133] DEBUG io.netty.buffer.PooledByteBufAllocator - -Dio.netty.allocator.maxCachedByteBuffersPerChunk: 1023
2022-01-04 18:18:56.239 [main][1139] DEBUG io.netty.buffer.ByteBufUtil - -Dio.netty.allocator.type: pooled
2022-01-04 18:18:56.240 [main][1140] DEBUG io.netty.buffer.ByteBufUtil - -Dio.netty.threadLocalDirectBufferSize: 0
2022-01-04 18:18:56.240 [main][1140] DEBUG io.netty.buffer.ByteBufUtil - -Dio.netty.maxThreadLocalCharBufferSize: 16384
2022-01-04 18:18:56.894 [Forwarding newSession on session null to remote][1794] DEBUG io.netty.channel.DefaultChannelId - -Dio.netty.processId: 45116 (auto-detected)
2022-01-04 18:18:56.895 [Forwarding newSession on session null to remote][1795] DEBUG io.netty.util.NetUtil - -Djava.net.preferIPv4Stack: false
2022-01-04 18:18:56.895 [Forwarding newSession on session null to remote][1795] DEBUG io.netty.util.NetUtil - -Djava.net.preferIPv6Addresses: false
2022-01-04 18:18:57.031 [Forwarding newSession on session null to remote][1931] DEBUG io.netty.util.NetUtilInitializations - Loopback interface: lo (Software Loopback Interface 1, 127.0.0.1)
2022-01-04 18:18:57.031 [Forwarding newSession on session null to remote][1931] DEBUG io.netty.util.NetUtil - Failed to get SOMAXCONN from sysctl and file \proc\sys\net\core\somaxconn. Default: 200
2022-01-04 18:18:57.176 [Forwarding newSession on session null to remote][2076] DEBUG io.netty.channel.DefaultChannelId - -Dio.netty.machineId: f0:2f:74:ff:fe:d4:02:2a (auto-detected)
2022-01-04 18:18:57.201 [AsyncHttpClient-1-2][2101] DEBUG io.netty.buffer.AbstractByteBuf - -Dio.netty.buffer.checkAccessible: true
2022-01-04 18:18:57.201 [AsyncHttpClient-1-2][2101] DEBUG io.netty.buffer.AbstractByteBuf - -Dio.netty.buffer.checkBounds: true
2022-01-04 18:18:57.201 [AsyncHttpClient-1-2][2101] DEBUG io.netty.util.ResourceLeakDetectorFactory - Loaded default ResourceLeakDetector: io.netty.util.ResourceLeakDetector@1cd03e35
2022-01-04 18:18:57.214 [AsyncHttpClient-1-2][2114] DEBUG io.netty.util.Recycler - -Dio.netty.recycler.maxCapacityPerThread: 4096
2022-01-04 18:18:57.214 [AsyncHttpClient-1-2][2114] DEBUG io.netty.util.Recycler - -Dio.netty.recycler.maxSharedCapacityFactor: 2
2022-01-04 18:18:57.214 [AsyncHttpClient-1-2][2114] DEBUG io.netty.util.Recycler - -Dio.netty.recycler.linkCapacity: 16
2022-01-04 18:18:57.214 [AsyncHttpClient-1-2][2114] DEBUG io.netty.util.Recycler - -Dio.netty.recycler.ratio: 8
2022-01-04 18:18:57.214 [AsyncHttpClient-1-2][2114] DEBUG io.netty.util.Recycler - -Dio.netty.recycler.delayedQueue.ratio: 8
2022-01-04 18:18:57.814 [AsyncHttpClient-1-2][2714] DEBUG io.netty.handler.codec.compression.Brotli - brotli4j not in the classpath; Brotli support will be unavailable.
2022-01-04 18:18:57.875 [main][2775] DEBUG io.netty.util.internal.ThreadLocalRandom - -Dio.netty.initialSeedUniquifier: 0xb327dbaec141c8d6
2022-01-04 18:18:57.896 [main][2796] INFO  step_definitions.Hooks - Launch Browser
2022-01-04 18:19:00.679 [main][5579] INFO  page_objects.HomePage - User Is In Home Page
2022-01-04 18:19:00.680 [main][5580] DEBUG page_objects.Categories - Click On Deals
2022-01-04 18:19:01.751 [main][6651] DEBUG page_objects.Categories - Chose on going deals
2022-01-04 18:19:03.060 [main][7960] DEBUG page_objects.Categories - Title
2022-01-04 18:19:04.190 [main][9090] DEBUG page_objects.Categories - URL
2022-01-04 18:19:05.860 [main][10760] INFO  step_definitions.Hooks - Close Browser
2022-01-04 18:19:06.955 [main][11855] INFO  step_definitions.Hooks - Launch Browser
2022-01-04 18:19:09.862 [main][14762] INFO  page_objects.HomePage - User Is In Home Page
2022-01-04 18:19:09.863 [main][14763] DEBUG page_objects.Categories - Click On Deals
2022-01-04 18:19:10.924 [main][15824] DEBUG page_objects.Categories - Chose on going deals
2022-01-04 18:19:12.669 [main][17569] INFO  step_definitions.Hooks - Close Browser
2022-01-04 18:19:13.806 [main][18706] INFO  step_definitions.Hooks - Launch Browser
2022-01-04 18:19:15.551 [main][20451] INFO  page_objects.HomePage - User Is In Home Page
2022-01-04 18:19:15.551 [main][20451] DEBUG page_objects.Categories - Click On Deals
2022-01-04 18:19:16.614 [main][21514] DEBUG page_objects.Categories - Chose on going deals
2022-01-04 18:19:17.919 [main][22819] DEBUG page_objects.Categories - Title
2022-01-04 18:19:18.926 [main][23826] DEBUG page_objects.Categories - URL
2022-01-04 18:19:20.493 [main][25393] INFO  step_definitions.Hooks - Close Browser
