2022-01-04 20:51:02.482 [main][1041] DEBUG io.netty.util.internal.logging.InternalLoggerFactory - Using Log4J2 as the default logging framework
2022-01-04 20:51:02.486 [main][1045] DEBUG io.netty.util.ResourceLeakDetector - -Dio.netty.leakDetection.level: simple
2022-01-04 20:51:02.486 [main][1045] DEBUG io.netty.util.ResourceLeakDetector - -Dio.netty.leakDetection.targetRecords: 4
2022-01-04 20:51:02.488 [main][1047] DEBUG io.netty.util.ResourceLeakDetectorFactory - Loaded default ResourceLeakDetector: io.netty.util.ResourceLeakDetector@3daa82be
2022-01-04 20:51:02.499 [main][1058] DEBUG io.netty.util.internal.PlatformDependent0 - -Dio.netty.noUnsafe: false
2022-01-04 20:51:02.499 [main][1058] DEBUG io.netty.util.internal.PlatformDependent0 - Java version: 11
2022-01-04 20:51:02.500 [main][1059] DEBUG io.netty.util.internal.PlatformDependent0 - sun.misc.Unsafe.theUnsafe: available
2022-01-04 20:51:02.500 [main][1059] DEBUG io.netty.util.internal.PlatformDependent0 - sun.misc.Unsafe.copyMemory: available
2022-01-04 20:51:02.501 [main][1060] DEBUG io.netty.util.internal.PlatformDependent0 - java.nio.Buffer.address: available
2022-01-04 20:51:02.501 [main][1060] DEBUG io.netty.util.internal.PlatformDependent0 - direct buffer constructor: unavailable: Reflective setAccessible(true) disabled
2022-01-04 20:51:02.501 [main][1060] DEBUG io.netty.util.internal.PlatformDependent0 - java.nio.Bits.unaligned: available, true
2022-01-04 20:51:02.502 [main][1061] DEBUG io.netty.util.internal.PlatformDependent0 - jdk.internal.misc.Unsafe.allocateUninitializedArray(int): unavailable: class io.netty.util.internal.PlatformDependent0$6 cannot access class jdk.internal.misc.Unsafe (in module java.base) because module java.base does not export jdk.internal.misc to unnamed module @45820e51
2022-01-04 20:51:02.503 [main][1062] DEBUG io.netty.util.internal.PlatformDependent0 - java.nio.DirectByteBuffer.<init>(long, int): unavailable
2022-01-04 20:51:02.503 [main][1062] DEBUG io.netty.util.internal.PlatformDependent - sun.misc.Unsafe: available
2022-01-04 20:51:02.503 [main][1062] DEBUG io.netty.util.internal.PlatformDependent - maxDirectMemory: 17133731840 bytes (maybe)
2022-01-04 20:51:02.504 [main][1063] DEBUG io.netty.util.internal.PlatformDependent - -Dio.netty.tmpdir: C:\Users\ahmed\AppData\Local\Temp (java.io.tmpdir)
2022-01-04 20:51:02.504 [main][1063] DEBUG io.netty.util.internal.PlatformDependent - -Dio.netty.bitMode: 64 (sun.arch.data.model)
2022-01-04 20:51:02.504 [main][1063] DEBUG io.netty.util.internal.PlatformDependent - Platform: Windows
2022-01-04 20:51:02.504 [main][1063] DEBUG io.netty.util.internal.PlatformDependent - -Dio.netty.maxDirectMemory: -1 bytes
2022-01-04 20:51:02.504 [main][1063] DEBUG io.netty.util.internal.PlatformDependent - -Dio.netty.uninitializedArrayAllocationThreshold: -1
2022-01-04 20:51:02.505 [main][1064] DEBUG io.netty.util.internal.CleanerJava9 - java.nio.ByteBuffer.cleaner(): available
2022-01-04 20:51:02.505 [main][1064] DEBUG io.netty.util.internal.PlatformDependent - -Dio.netty.noPreferDirect: false
2022-01-04 20:51:02.509 [main][1068] DEBUG io.netty.util.internal.PlatformDependent - org.jctools-core.MpscChunkedArrayQueue: available
2022-01-04 20:51:02.519 [main][1078] DEBUG io.netty.util.internal.InternalThreadLocalMap - -Dio.netty.threadLocalMap.stringBuilder.initialSize: 1024
2022-01-04 20:51:02.519 [main][1078] DEBUG io.netty.util.internal.InternalThreadLocalMap - -Dio.netty.threadLocalMap.stringBuilder.maxSize: 4096
2022-01-04 20:51:02.531 [main][1090] DEBUG io.netty.handler.ssl.JdkSslContext - Default protocols (JDK): [TLSv1.3, TLSv1.2] 
2022-01-04 20:51:02.531 [main][1090] DEBUG io.netty.handler.ssl.JdkSslContext - Default cipher suites (JDK): [TLS_ECDHE_ECDSA_WITH_AES_256_GCM_SHA384, TLS_ECDHE_ECDSA_WITH_AES_128_GCM_SHA256, TLS_ECDHE_RSA_WITH_AES_128_GCM_SHA256, TLS_ECDHE_RSA_WITH_AES_256_GCM_SHA384, TLS_ECDHE_RSA_WITH_AES_128_CBC_SHA, TLS_ECDHE_RSA_WITH_AES_256_CBC_SHA, TLS_RSA_WITH_AES_128_GCM_SHA256, TLS_RSA_WITH_AES_128_CBC_SHA, TLS_RSA_WITH_AES_256_CBC_SHA, TLS_AES_128_GCM_SHA256, TLS_AES_256_GCM_SHA384]
2022-01-04 20:51:02.544 [main][1103] DEBUG io.netty.channel.MultithreadEventLoopGroup - -Dio.netty.eventLoopThreads: 40
2022-01-04 20:51:02.549 [main][1108] DEBUG io.netty.channel.nio.NioEventLoop - -Dio.netty.noKeySetOptimization: false
2022-01-04 20:51:02.549 [main][1108] DEBUG io.netty.channel.nio.NioEventLoop - -Dio.netty.selectorAutoRebuildThreshold: 512
2022-01-04 20:51:02.576 [main][1135] DEBUG io.netty.buffer.PooledByteBufAllocator - -Dio.netty.allocator.numHeapArenas: 40
2022-01-04 20:51:02.576 [main][1135] DEBUG io.netty.buffer.PooledByteBufAllocator - -Dio.netty.allocator.numDirectArenas: 40
2022-01-04 20:51:02.576 [main][1135] DEBUG io.netty.buffer.PooledByteBufAllocator - -Dio.netty.allocator.pageSize: 8192
2022-01-04 20:51:02.576 [main][1135] DEBUG io.netty.buffer.PooledByteBufAllocator - -Dio.netty.allocator.maxOrder: 11
2022-01-04 20:51:02.576 [main][1135] DEBUG io.netty.buffer.PooledByteBufAllocator - -Dio.netty.allocator.chunkSize: 16777216
2022-01-04 20:51:02.576 [main][1135] DEBUG io.netty.buffer.PooledByteBufAllocator - -Dio.netty.allocator.smallCacheSize: 256
2022-01-04 20:51:02.576 [main][1135] DEBUG io.netty.buffer.PooledByteBufAllocator - -Dio.netty.allocator.normalCacheSize: 64
2022-01-04 20:51:02.577 [main][1136] DEBUG io.netty.buffer.PooledByteBufAllocator - -Dio.netty.allocator.maxCachedBufferCapacity: 32768
2022-01-04 20:51:02.577 [main][1136] DEBUG io.netty.buffer.PooledByteBufAllocator - -Dio.netty.allocator.cacheTrimInterval: 8192
2022-01-04 20:51:02.577 [main][1136] DEBUG io.netty.buffer.PooledByteBufAllocator - -Dio.netty.allocator.cacheTrimIntervalMillis: 0
2022-01-04 20:51:02.577 [main][1136] DEBUG io.netty.buffer.PooledByteBufAllocator - -Dio.netty.allocator.useCacheForAllThreads: true
2022-01-04 20:51:02.577 [main][1136] DEBUG io.netty.buffer.PooledByteBufAllocator - -Dio.netty.allocator.maxCachedByteBuffersPerChunk: 1023
2022-01-04 20:51:02.583 [main][1142] DEBUG io.netty.buffer.ByteBufUtil - -Dio.netty.allocator.type: pooled
2022-01-04 20:51:02.583 [main][1142] DEBUG io.netty.buffer.ByteBufUtil - -Dio.netty.threadLocalDirectBufferSize: 0
2022-01-04 20:51:02.583 [main][1142] DEBUG io.netty.buffer.ByteBufUtil - -Dio.netty.maxThreadLocalCharBufferSize: 16384
2022-01-04 20:51:03.223 [Forwarding newSession on session null to remote][1782] DEBUG io.netty.channel.DefaultChannelId - -Dio.netty.processId: 49848 (auto-detected)
2022-01-04 20:51:03.224 [Forwarding newSession on session null to remote][1783] DEBUG io.netty.util.NetUtil - -Djava.net.preferIPv4Stack: false
2022-01-04 20:51:03.224 [Forwarding newSession on session null to remote][1783] DEBUG io.netty.util.NetUtil - -Djava.net.preferIPv6Addresses: false
2022-01-04 20:51:03.358 [Forwarding newSession on session null to remote][1917] DEBUG io.netty.util.NetUtilInitializations - Loopback interface: lo (Software Loopback Interface 1, 127.0.0.1)
2022-01-04 20:51:03.359 [Forwarding newSession on session null to remote][1918] DEBUG io.netty.util.NetUtil - Failed to get SOMAXCONN from sysctl and file \proc\sys\net\core\somaxconn. Default: 200
2022-01-04 20:51:03.501 [Forwarding newSession on session null to remote][2060] DEBUG io.netty.channel.DefaultChannelId - -Dio.netty.machineId: f0:2f:74:ff:fe:d4:02:2a (auto-detected)
2022-01-04 20:51:03.529 [AsyncHttpClient-1-2][2088] DEBUG io.netty.buffer.AbstractByteBuf - -Dio.netty.buffer.checkAccessible: true
2022-01-04 20:51:03.529 [AsyncHttpClient-1-2][2088] DEBUG io.netty.buffer.AbstractByteBuf - -Dio.netty.buffer.checkBounds: true
2022-01-04 20:51:03.529 [AsyncHttpClient-1-2][2088] DEBUG io.netty.util.ResourceLeakDetectorFactory - Loaded default ResourceLeakDetector: io.netty.util.ResourceLeakDetector@4b146c49
2022-01-04 20:51:03.549 [AsyncHttpClient-1-2][2108] DEBUG io.netty.util.Recycler - -Dio.netty.recycler.maxCapacityPerThread: 4096
2022-01-04 20:51:03.549 [AsyncHttpClient-1-2][2108] DEBUG io.netty.util.Recycler - -Dio.netty.recycler.maxSharedCapacityFactor: 2
2022-01-04 20:51:03.549 [AsyncHttpClient-1-2][2108] DEBUG io.netty.util.Recycler - -Dio.netty.recycler.linkCapacity: 16
2022-01-04 20:51:03.550 [AsyncHttpClient-1-2][2109] DEBUG io.netty.util.Recycler - -Dio.netty.recycler.ratio: 8
2022-01-04 20:51:03.550 [AsyncHttpClient-1-2][2109] DEBUG io.netty.util.Recycler - -Dio.netty.recycler.delayedQueue.ratio: 8
2022-01-04 20:51:04.148 [AsyncHttpClient-1-2][2707] DEBUG io.netty.handler.codec.compression.Brotli - brotli4j not in the classpath; Brotli support will be unavailable.
2022-01-04 20:51:04.206 [main][2765] DEBUG io.netty.util.internal.ThreadLocalRandom - -Dio.netty.initialSeedUniquifier: 0x8a060c126c5dd4d7
2022-01-04 20:51:04.226 [main][2785] INFO  step_definitions.Hooks - Launch Browser
2022-01-04 20:51:05.820 [main][4379] INFO  page_objects.HomePage - User Is In Home Page
2022-01-04 20:51:05.821 [main][4380] DEBUG page_objects.Categories - Click On Deals
2022-01-04 20:51:06.890 [main][5449] DEBUG page_objects.Categories - Chose on going deals
2022-01-04 20:51:07.199 [main][5758] DEBUG page_objects.Categories - User is in the category page
2022-01-04 20:51:09.200 [main][7759] DEBUG page_objects.Categories - Page Headline isNew Arrivals
2022-01-04 20:51:09.830 [main][8389] INFO  step_definitions.Hooks - Close Browser
2022-01-04 20:51:10.963 [main][9522] INFO  step_definitions.Hooks - Launch Browser
2022-01-04 20:51:13.576 [main][12135] INFO  page_objects.HomePage - User Is In Home Page
2022-01-04 20:51:13.577 [main][12136] DEBUG page_objects.Categories - Click On Deals
2022-01-04 20:51:14.641 [main][13200] DEBUG page_objects.Categories - Chose on going deals
2022-01-04 20:51:14.955 [main][13514] DEBUG page_objects.Categories - User is in the category page
2022-01-04 20:51:16.956 [main][15515] DEBUG page_objects.Categories - Page Headline isMen's New Arrivals
2022-01-04 20:51:17.615 [main][16174] INFO  step_definitions.Hooks - Close Browser
2022-01-04 20:51:18.703 [main][17262] INFO  step_definitions.Hooks - Launch Browser
2022-01-04 20:51:21.505 [main][20064] INFO  page_objects.HomePage - User Is In Home Page
2022-01-04 20:51:21.505 [main][20064] DEBUG page_objects.Categories - Click On Deals
2022-01-04 20:51:22.573 [main][21132] DEBUG page_objects.Categories - Chose on going deals
2022-01-04 20:51:22.887 [main][21446] DEBUG page_objects.Categories - User is in the category page
2022-01-04 20:51:24.888 [main][23447] DEBUG page_objects.Categories - Page Headline isKids' New Arrivals
2022-01-04 20:51:25.501 [main][24060] INFO  step_definitions.Hooks - Close Browser
