2022-01-04 21:55:18.181 [main][1317] DEBUG io.netty.util.internal.logging.InternalLoggerFactory - Using Log4J2 as the default logging framework
2022-01-04 21:55:18.185 [main][1321] DEBUG io.netty.util.ResourceLeakDetector - -Dio.netty.leakDetection.level: simple
2022-01-04 21:55:18.185 [main][1321] DEBUG io.netty.util.ResourceLeakDetector - -Dio.netty.leakDetection.targetRecords: 4
2022-01-04 21:55:18.187 [main][1323] DEBUG io.netty.util.ResourceLeakDetectorFactory - Loaded default ResourceLeakDetector: io.netty.util.ResourceLeakDetector@33d53216
2022-01-04 21:55:18.196 [main][1332] DEBUG io.netty.util.internal.PlatformDependent0 - -Dio.netty.noUnsafe: false
2022-01-04 21:55:18.197 [main][1333] DEBUG io.netty.util.internal.PlatformDependent0 - Java version: 11
2022-01-04 21:55:18.197 [main][1333] DEBUG io.netty.util.internal.PlatformDependent0 - sun.misc.Unsafe.theUnsafe: available
2022-01-04 21:55:18.198 [main][1334] DEBUG io.netty.util.internal.PlatformDependent0 - sun.misc.Unsafe.copyMemory: available
2022-01-04 21:55:18.198 [main][1334] DEBUG io.netty.util.internal.PlatformDependent0 - java.nio.Buffer.address: available
2022-01-04 21:55:18.198 [main][1334] DEBUG io.netty.util.internal.PlatformDependent0 - direct buffer constructor: unavailable: Reflective setAccessible(true) disabled
2022-01-04 21:55:18.198 [main][1334] DEBUG io.netty.util.internal.PlatformDependent0 - java.nio.Bits.unaligned: available, true
2022-01-04 21:55:18.199 [main][1335] DEBUG io.netty.util.internal.PlatformDependent0 - jdk.internal.misc.Unsafe.allocateUninitializedArray(int): unavailable: class io.netty.util.internal.PlatformDependent0$6 cannot access class jdk.internal.misc.Unsafe (in module java.base) because module java.base does not export jdk.internal.misc to unnamed module @45820e51
2022-01-04 21:55:18.200 [main][1336] DEBUG io.netty.util.internal.PlatformDependent0 - java.nio.DirectByteBuffer.<init>(long, int): unavailable
2022-01-04 21:55:18.200 [main][1336] DEBUG io.netty.util.internal.PlatformDependent - sun.misc.Unsafe: available
2022-01-04 21:55:18.200 [main][1336] DEBUG io.netty.util.internal.PlatformDependent - maxDirectMemory: 17133731840 bytes (maybe)
2022-01-04 21:55:18.200 [main][1336] DEBUG io.netty.util.internal.PlatformDependent - -Dio.netty.tmpdir: C:\Users\ahmed\AppData\Local\Temp (java.io.tmpdir)
2022-01-04 21:55:18.200 [main][1336] DEBUG io.netty.util.internal.PlatformDependent - -Dio.netty.bitMode: 64 (sun.arch.data.model)
2022-01-04 21:55:18.200 [main][1336] DEBUG io.netty.util.internal.PlatformDependent - Platform: Windows
2022-01-04 21:55:18.201 [main][1337] DEBUG io.netty.util.internal.PlatformDependent - -Dio.netty.maxDirectMemory: -1 bytes
2022-01-04 21:55:18.201 [main][1337] DEBUG io.netty.util.internal.PlatformDependent - -Dio.netty.uninitializedArrayAllocationThreshold: -1
2022-01-04 21:55:18.201 [main][1337] DEBUG io.netty.util.internal.CleanerJava9 - java.nio.ByteBuffer.cleaner(): available
2022-01-04 21:55:18.202 [main][1338] DEBUG io.netty.util.internal.PlatformDependent - -Dio.netty.noPreferDirect: false
2022-01-04 21:55:18.206 [main][1342] DEBUG io.netty.util.internal.PlatformDependent - org.jctools-core.MpscChunkedArrayQueue: available
2022-01-04 21:55:18.216 [main][1352] DEBUG io.netty.util.internal.InternalThreadLocalMap - -Dio.netty.threadLocalMap.stringBuilder.initialSize: 1024
2022-01-04 21:55:18.216 [main][1352] DEBUG io.netty.util.internal.InternalThreadLocalMap - -Dio.netty.threadLocalMap.stringBuilder.maxSize: 4096
2022-01-04 21:55:18.222 [main][1358] DEBUG io.netty.handler.ssl.JdkSslContext - Default protocols (JDK): [TLSv1.3, TLSv1.2] 
2022-01-04 21:55:18.222 [main][1358] DEBUG io.netty.handler.ssl.JdkSslContext - Default cipher suites (JDK): [TLS_ECDHE_ECDSA_WITH_AES_256_GCM_SHA384, TLS_ECDHE_ECDSA_WITH_AES_128_GCM_SHA256, TLS_ECDHE_RSA_WITH_AES_128_GCM_SHA256, TLS_ECDHE_RSA_WITH_AES_256_GCM_SHA384, TLS_ECDHE_RSA_WITH_AES_128_CBC_SHA, TLS_ECDHE_RSA_WITH_AES_256_CBC_SHA, TLS_RSA_WITH_AES_128_GCM_SHA256, TLS_RSA_WITH_AES_128_CBC_SHA, TLS_RSA_WITH_AES_256_CBC_SHA, TLS_AES_128_GCM_SHA256, TLS_AES_256_GCM_SHA384]
2022-01-04 21:55:18.236 [main][1372] DEBUG io.netty.channel.MultithreadEventLoopGroup - -Dio.netty.eventLoopThreads: 40
2022-01-04 21:55:18.241 [main][1377] DEBUG io.netty.channel.nio.NioEventLoop - -Dio.netty.noKeySetOptimization: false
2022-01-04 21:55:18.241 [main][1377] DEBUG io.netty.channel.nio.NioEventLoop - -Dio.netty.selectorAutoRebuildThreshold: 512
2022-01-04 21:55:18.268 [main][1404] DEBUG io.netty.buffer.PooledByteBufAllocator - -Dio.netty.allocator.numHeapArenas: 40
2022-01-04 21:55:18.268 [main][1404] DEBUG io.netty.buffer.PooledByteBufAllocator - -Dio.netty.allocator.numDirectArenas: 40
2022-01-04 21:55:18.269 [main][1405] DEBUG io.netty.buffer.PooledByteBufAllocator - -Dio.netty.allocator.pageSize: 8192
2022-01-04 21:55:18.269 [main][1405] DEBUG io.netty.buffer.PooledByteBufAllocator - -Dio.netty.allocator.maxOrder: 11
2022-01-04 21:55:18.269 [main][1405] DEBUG io.netty.buffer.PooledByteBufAllocator - -Dio.netty.allocator.chunkSize: 16777216
2022-01-04 21:55:18.269 [main][1405] DEBUG io.netty.buffer.PooledByteBufAllocator - -Dio.netty.allocator.smallCacheSize: 256
2022-01-04 21:55:18.269 [main][1405] DEBUG io.netty.buffer.PooledByteBufAllocator - -Dio.netty.allocator.normalCacheSize: 64
2022-01-04 21:55:18.269 [main][1405] DEBUG io.netty.buffer.PooledByteBufAllocator - -Dio.netty.allocator.maxCachedBufferCapacity: 32768
2022-01-04 21:55:18.269 [main][1405] DEBUG io.netty.buffer.PooledByteBufAllocator - -Dio.netty.allocator.cacheTrimInterval: 8192
2022-01-04 21:55:18.269 [main][1405] DEBUG io.netty.buffer.PooledByteBufAllocator - -Dio.netty.allocator.cacheTrimIntervalMillis: 0
2022-01-04 21:55:18.269 [main][1405] DEBUG io.netty.buffer.PooledByteBufAllocator - -Dio.netty.allocator.useCacheForAllThreads: true
2022-01-04 21:55:18.269 [main][1405] DEBUG io.netty.buffer.PooledByteBufAllocator - -Dio.netty.allocator.maxCachedByteBuffersPerChunk: 1023
2022-01-04 21:55:18.275 [main][1411] DEBUG io.netty.buffer.ByteBufUtil - -Dio.netty.allocator.type: pooled
2022-01-04 21:55:18.275 [main][1411] DEBUG io.netty.buffer.ByteBufUtil - -Dio.netty.threadLocalDirectBufferSize: 0
2022-01-04 21:55:18.275 [main][1411] DEBUG io.netty.buffer.ByteBufUtil - -Dio.netty.maxThreadLocalCharBufferSize: 16384
2022-01-04 21:55:18.919 [Forwarding newSession on session null to remote][2055] DEBUG io.netty.channel.DefaultChannelId - -Dio.netty.processId: 35636 (auto-detected)
2022-01-04 21:55:18.920 [Forwarding newSession on session null to remote][2056] DEBUG io.netty.util.NetUtil - -Djava.net.preferIPv4Stack: false
2022-01-04 21:55:18.920 [Forwarding newSession on session null to remote][2056] DEBUG io.netty.util.NetUtil - -Djava.net.preferIPv6Addresses: false
2022-01-04 21:55:19.056 [Forwarding newSession on session null to remote][2192] DEBUG io.netty.util.NetUtilInitializations - Loopback interface: lo (Software Loopback Interface 1, 127.0.0.1)
2022-01-04 21:55:19.056 [Forwarding newSession on session null to remote][2192] DEBUG io.netty.util.NetUtil - Failed to get SOMAXCONN from sysctl and file \proc\sys\net\core\somaxconn. Default: 200
2022-01-04 21:55:19.201 [Forwarding newSession on session null to remote][2337] DEBUG io.netty.channel.DefaultChannelId - -Dio.netty.machineId: f0:2f:74:ff:fe:d4:02:2a (auto-detected)
2022-01-04 21:55:19.227 [AsyncHttpClient-1-2][2363] DEBUG io.netty.buffer.AbstractByteBuf - -Dio.netty.buffer.checkAccessible: true
2022-01-04 21:55:19.227 [AsyncHttpClient-1-2][2363] DEBUG io.netty.buffer.AbstractByteBuf - -Dio.netty.buffer.checkBounds: true
2022-01-04 21:55:19.227 [AsyncHttpClient-1-2][2363] DEBUG io.netty.util.ResourceLeakDetectorFactory - Loaded default ResourceLeakDetector: io.netty.util.ResourceLeakDetector@19180f5
2022-01-04 21:55:19.240 [AsyncHttpClient-1-2][2376] DEBUG io.netty.util.Recycler - -Dio.netty.recycler.maxCapacityPerThread: 4096
2022-01-04 21:55:19.240 [AsyncHttpClient-1-2][2376] DEBUG io.netty.util.Recycler - -Dio.netty.recycler.maxSharedCapacityFactor: 2
2022-01-04 21:55:19.240 [AsyncHttpClient-1-2][2376] DEBUG io.netty.util.Recycler - -Dio.netty.recycler.linkCapacity: 16
2022-01-04 21:55:19.240 [AsyncHttpClient-1-2][2376] DEBUG io.netty.util.Recycler - -Dio.netty.recycler.ratio: 8
2022-01-04 21:55:19.240 [AsyncHttpClient-1-2][2376] DEBUG io.netty.util.Recycler - -Dio.netty.recycler.delayedQueue.ratio: 8
2022-01-04 21:55:19.886 [AsyncHttpClient-1-2][3022] DEBUG io.netty.handler.codec.compression.Brotli - brotli4j not in the classpath; Brotli support will be unavailable.
2022-01-04 21:55:19.946 [main][3082] DEBUG io.netty.util.internal.ThreadLocalRandom - -Dio.netty.initialSeedUniquifier: 0x4605f38065c46d19
2022-01-04 21:55:19.967 [main][3103] INFO  step_definitions.Hooks - Launch Browser
2022-01-04 21:55:23.447 [main][6583] INFO  page_objects.HomePage - User Is In Home Page
2022-01-04 21:55:23.448 [main][6584] DEBUG page_objects.Categories - Click On Deals
2022-01-04 21:55:24.516 [main][7652] DEBUG page_objects.Categories - Chose on going deals
2022-01-04 21:55:24.826 [main][7962] DEBUG page_objects.Categories - User is in the category page
2022-01-04 21:55:26.827 [main][9963] DEBUG page_objects.Categories - Page Title isNew Arrivals & 2022 Fashion Trends for Women : Target
2022-01-04 21:55:27.397 [main][10533] INFO  step_definitions.Hooks - Close Browser
2022-01-04 21:55:28.530 [main][11666] INFO  step_definitions.Hooks - Launch Browser
2022-01-04 21:55:34.650 [main][17786] INFO  page_objects.HomePage - User Is In Home Page
2022-01-04 21:55:34.650 [main][17786] DEBUG page_objects.Categories - Click On Deals
2022-01-04 21:55:35.719 [main][18855] DEBUG page_objects.Categories - Chose on going deals
2022-01-04 21:55:36.045 [main][19181] DEBUG page_objects.Categories - User is in the category page
2022-01-04 21:55:38.046 [main][21182] DEBUG page_objects.Categories - Page Title isMen's New Arrivals : Target
2022-01-04 21:55:38.622 [main][21758] INFO  step_definitions.Hooks - Close Browser
2022-01-04 21:55:39.751 [main][22887] INFO  step_definitions.Hooks - Launch Browser
2022-01-04 21:55:43.149 [main][26285] INFO  page_objects.HomePage - User Is In Home Page
2022-01-04 21:55:43.150 [main][26286] DEBUG page_objects.Categories - Click On Deals
2022-01-04 21:55:44.273 [main][27409] DEBUG page_objects.Categories - Chose on going deals
2022-01-04 21:55:45.052 [main][28188] DEBUG page_objects.Categories - User is in the category page
2022-01-04 21:55:47.053 [main][30189] DEBUG page_objects.Categories - Page Title isKids' New Arrivals : Target
2022-01-04 21:55:47.621 [main][30757] INFO  step_definitions.Hooks - Close Browser
