2022-01-04 18:18:27.688 [main][1046] DEBUG io.netty.util.internal.logging.InternalLoggerFactory - Using Log4J2 as the default logging framework
2022-01-04 18:18:27.692 [main][1050] DEBUG io.netty.util.ResourceLeakDetector - -Dio.netty.leakDetection.level: simple
2022-01-04 18:18:27.692 [main][1050] DEBUG io.netty.util.ResourceLeakDetector - -Dio.netty.leakDetection.targetRecords: 4
2022-01-04 18:18:27.694 [main][1052] DEBUG io.netty.util.ResourceLeakDetectorFactory - Loaded default ResourceLeakDetector: io.netty.util.ResourceLeakDetector@9255c05
2022-01-04 18:18:27.704 [main][1062] DEBUG io.netty.util.internal.PlatformDependent0 - -Dio.netty.noUnsafe: false
2022-01-04 18:18:27.704 [main][1062] DEBUG io.netty.util.internal.PlatformDependent0 - Java version: 11
2022-01-04 18:18:27.705 [main][1063] DEBUG io.netty.util.internal.PlatformDependent0 - sun.misc.Unsafe.theUnsafe: available
2022-01-04 18:18:27.706 [main][1064] DEBUG io.netty.util.internal.PlatformDependent0 - sun.misc.Unsafe.copyMemory: available
2022-01-04 18:18:27.706 [main][1064] DEBUG io.netty.util.internal.PlatformDependent0 - java.nio.Buffer.address: available
2022-01-04 18:18:27.706 [main][1064] DEBUG io.netty.util.internal.PlatformDependent0 - direct buffer constructor: unavailable: Reflective setAccessible(true) disabled
2022-01-04 18:18:27.707 [main][1065] DEBUG io.netty.util.internal.PlatformDependent0 - java.nio.Bits.unaligned: available, true
2022-01-04 18:18:27.708 [main][1066] DEBUG io.netty.util.internal.PlatformDependent0 - jdk.internal.misc.Unsafe.allocateUninitializedArray(int): unavailable: class io.netty.util.internal.PlatformDependent0$6 cannot access class jdk.internal.misc.Unsafe (in module java.base) because module java.base does not export jdk.internal.misc to unnamed module @45820e51
2022-01-04 18:18:27.708 [main][1066] DEBUG io.netty.util.internal.PlatformDependent0 - java.nio.DirectByteBuffer.<init>(long, int): unavailable
2022-01-04 18:18:27.708 [main][1066] DEBUG io.netty.util.internal.PlatformDependent - sun.misc.Unsafe: available
2022-01-04 18:18:27.709 [main][1067] DEBUG io.netty.util.internal.PlatformDependent - maxDirectMemory: 17133731840 bytes (maybe)
2022-01-04 18:18:27.709 [main][1067] DEBUG io.netty.util.internal.PlatformDependent - -Dio.netty.tmpdir: C:\Users\ahmed\AppData\Local\Temp (java.io.tmpdir)
2022-01-04 18:18:27.709 [main][1067] DEBUG io.netty.util.internal.PlatformDependent - -Dio.netty.bitMode: 64 (sun.arch.data.model)
2022-01-04 18:18:27.709 [main][1067] DEBUG io.netty.util.internal.PlatformDependent - Platform: Windows
2022-01-04 18:18:27.709 [main][1067] DEBUG io.netty.util.internal.PlatformDependent - -Dio.netty.maxDirectMemory: -1 bytes
2022-01-04 18:18:27.709 [main][1067] DEBUG io.netty.util.internal.PlatformDependent - -Dio.netty.uninitializedArrayAllocationThreshold: -1
2022-01-04 18:18:27.710 [main][1068] DEBUG io.netty.util.internal.CleanerJava9 - java.nio.ByteBuffer.cleaner(): available
2022-01-04 18:18:27.710 [main][1068] DEBUG io.netty.util.internal.PlatformDependent - -Dio.netty.noPreferDirect: false
2022-01-04 18:18:27.714 [main][1072] DEBUG io.netty.util.internal.PlatformDependent - org.jctools-core.MpscChunkedArrayQueue: available
2022-01-04 18:18:27.724 [main][1082] DEBUG io.netty.util.internal.InternalThreadLocalMap - -Dio.netty.threadLocalMap.stringBuilder.initialSize: 1024
2022-01-04 18:18:27.724 [main][1082] DEBUG io.netty.util.internal.InternalThreadLocalMap - -Dio.netty.threadLocalMap.stringBuilder.maxSize: 4096
2022-01-04 18:18:27.737 [main][1095] DEBUG io.netty.handler.ssl.JdkSslContext - Default protocols (JDK): [TLSv1.3, TLSv1.2] 
2022-01-04 18:18:27.737 [main][1095] DEBUG io.netty.handler.ssl.JdkSslContext - Default cipher suites (JDK): [TLS_ECDHE_ECDSA_WITH_AES_256_GCM_SHA384, TLS_ECDHE_ECDSA_WITH_AES_128_GCM_SHA256, TLS_ECDHE_RSA_WITH_AES_128_GCM_SHA256, TLS_ECDHE_RSA_WITH_AES_256_GCM_SHA384, TLS_ECDHE_RSA_WITH_AES_128_CBC_SHA, TLS_ECDHE_RSA_WITH_AES_256_CBC_SHA, TLS_RSA_WITH_AES_128_GCM_SHA256, TLS_RSA_WITH_AES_128_CBC_SHA, TLS_RSA_WITH_AES_256_CBC_SHA, TLS_AES_128_GCM_SHA256, TLS_AES_256_GCM_SHA384]
2022-01-04 18:18:27.752 [main][1110] DEBUG io.netty.channel.MultithreadEventLoopGroup - -Dio.netty.eventLoopThreads: 40
2022-01-04 18:18:27.757 [main][1115] DEBUG io.netty.channel.nio.NioEventLoop - -Dio.netty.noKeySetOptimization: false
2022-01-04 18:18:27.757 [main][1115] DEBUG io.netty.channel.nio.NioEventLoop - -Dio.netty.selectorAutoRebuildThreshold: 512
2022-01-04 18:18:27.785 [main][1143] DEBUG io.netty.buffer.PooledByteBufAllocator - -Dio.netty.allocator.numHeapArenas: 40
2022-01-04 18:18:27.786 [main][1144] DEBUG io.netty.buffer.PooledByteBufAllocator - -Dio.netty.allocator.numDirectArenas: 40
2022-01-04 18:18:27.786 [main][1144] DEBUG io.netty.buffer.PooledByteBufAllocator - -Dio.netty.allocator.pageSize: 8192
2022-01-04 18:18:27.786 [main][1144] DEBUG io.netty.buffer.PooledByteBufAllocator - -Dio.netty.allocator.maxOrder: 11
2022-01-04 18:18:27.786 [main][1144] DEBUG io.netty.buffer.PooledByteBufAllocator - -Dio.netty.allocator.chunkSize: 16777216
2022-01-04 18:18:27.786 [main][1144] DEBUG io.netty.buffer.PooledByteBufAllocator - -Dio.netty.allocator.smallCacheSize: 256
2022-01-04 18:18:27.786 [main][1144] DEBUG io.netty.buffer.PooledByteBufAllocator - -Dio.netty.allocator.normalCacheSize: 64
2022-01-04 18:18:27.786 [main][1144] DEBUG io.netty.buffer.PooledByteBufAllocator - -Dio.netty.allocator.maxCachedBufferCapacity: 32768
2022-01-04 18:18:27.786 [main][1144] DEBUG io.netty.buffer.PooledByteBufAllocator - -Dio.netty.allocator.cacheTrimInterval: 8192
2022-01-04 18:18:27.786 [main][1144] DEBUG io.netty.buffer.PooledByteBufAllocator - -Dio.netty.allocator.cacheTrimIntervalMillis: 0
2022-01-04 18:18:27.786 [main][1144] DEBUG io.netty.buffer.PooledByteBufAllocator - -Dio.netty.allocator.useCacheForAllThreads: true
2022-01-04 18:18:27.786 [main][1144] DEBUG io.netty.buffer.PooledByteBufAllocator - -Dio.netty.allocator.maxCachedByteBuffersPerChunk: 1023
2022-01-04 18:18:27.793 [main][1151] DEBUG io.netty.buffer.ByteBufUtil - -Dio.netty.allocator.type: pooled
2022-01-04 18:18:27.793 [main][1151] DEBUG io.netty.buffer.ByteBufUtil - -Dio.netty.threadLocalDirectBufferSize: 0
2022-01-04 18:18:27.793 [main][1151] DEBUG io.netty.buffer.ByteBufUtil - -Dio.netty.maxThreadLocalCharBufferSize: 16384
2022-01-04 18:18:28.433 [Forwarding newSession on session null to remote][1791] DEBUG io.netty.channel.DefaultChannelId - -Dio.netty.processId: 33080 (auto-detected)
2022-01-04 18:18:28.434 [Forwarding newSession on session null to remote][1792] DEBUG io.netty.util.NetUtil - -Djava.net.preferIPv4Stack: false
2022-01-04 18:18:28.434 [Forwarding newSession on session null to remote][1792] DEBUG io.netty.util.NetUtil - -Djava.net.preferIPv6Addresses: false
2022-01-04 18:18:28.568 [Forwarding newSession on session null to remote][1926] DEBUG io.netty.util.NetUtilInitializations - Loopback interface: lo (Software Loopback Interface 1, 127.0.0.1)
2022-01-04 18:18:28.568 [Forwarding newSession on session null to remote][1926] DEBUG io.netty.util.NetUtil - Failed to get SOMAXCONN from sysctl and file \proc\sys\net\core\somaxconn. Default: 200
2022-01-04 18:18:28.712 [Forwarding newSession on session null to remote][2070] DEBUG io.netty.channel.DefaultChannelId - -Dio.netty.machineId: f0:2f:74:ff:fe:d4:02:2a (auto-detected)
2022-01-04 18:18:28.737 [AsyncHttpClient-1-2][2095] DEBUG io.netty.buffer.AbstractByteBuf - -Dio.netty.buffer.checkAccessible: true
2022-01-04 18:18:28.737 [AsyncHttpClient-1-2][2095] DEBUG io.netty.buffer.AbstractByteBuf - -Dio.netty.buffer.checkBounds: true
2022-01-04 18:18:28.737 [AsyncHttpClient-1-2][2095] DEBUG io.netty.util.ResourceLeakDetectorFactory - Loaded default ResourceLeakDetector: io.netty.util.ResourceLeakDetector@12990386
2022-01-04 18:18:28.751 [AsyncHttpClient-1-2][2109] DEBUG io.netty.util.Recycler - -Dio.netty.recycler.maxCapacityPerThread: 4096
2022-01-04 18:18:28.751 [AsyncHttpClient-1-2][2109] DEBUG io.netty.util.Recycler - -Dio.netty.recycler.maxSharedCapacityFactor: 2
2022-01-04 18:18:28.751 [AsyncHttpClient-1-2][2109] DEBUG io.netty.util.Recycler - -Dio.netty.recycler.linkCapacity: 16
2022-01-04 18:18:28.751 [AsyncHttpClient-1-2][2109] DEBUG io.netty.util.Recycler - -Dio.netty.recycler.ratio: 8
2022-01-04 18:18:28.751 [AsyncHttpClient-1-2][2109] DEBUG io.netty.util.Recycler - -Dio.netty.recycler.delayedQueue.ratio: 8
2022-01-04 18:18:29.351 [AsyncHttpClient-1-2][2709] DEBUG io.netty.handler.codec.compression.Brotli - brotli4j not in the classpath; Brotli support will be unavailable.
2022-01-04 18:18:29.412 [main][2770] DEBUG io.netty.util.internal.ThreadLocalRandom - -Dio.netty.initialSeedUniquifier: 0x415f45cae40803ea
2022-01-04 18:18:29.433 [main][2791] INFO  step_definitions.Hooks - Launch Browser
2022-01-04 18:18:31.118 [main][4476] INFO  page_objects.HomePage - User Is In Home Page
2022-01-04 18:18:31.119 [main][4477] DEBUG page_objects.Categories - Click On Deals
2022-01-04 18:18:32.184 [main][5542] DEBUG page_objects.Categories - Chose on going deals
2022-01-04 18:18:33.486 [main][6844] DEBUG page_objects.Categories - Title
2022-01-04 18:18:34.616 [main][7974] DEBUG page_objects.Categories - URL
2022-01-04 18:18:36.297 [main][9655] INFO  step_definitions.Hooks - Close Browser
2022-01-04 18:18:37.380 [main][10738] INFO  step_definitions.Hooks - Launch Browser
2022-01-04 18:18:40.040 [main][13398] INFO  page_objects.HomePage - User Is In Home Page
2022-01-04 18:18:40.041 [main][13399] DEBUG page_objects.Categories - Click On Deals
2022-01-04 18:18:41.105 [main][14463] DEBUG page_objects.Categories - Chose on going deals
2022-01-04 18:18:42.419 [main][15777] DEBUG page_objects.Categories - Title
2022-01-04 18:18:43.425 [main][16783] DEBUG page_objects.Categories - URL
2022-01-04 18:18:44.995 [main][18353] INFO  step_definitions.Hooks - Close Browser
