2022-01-04 20:43:15.787 [main][1065] DEBUG io.netty.util.internal.logging.InternalLoggerFactory - Using Log4J2 as the default logging framework
2022-01-04 20:43:15.791 [main][1069] DEBUG io.netty.util.ResourceLeakDetector - -Dio.netty.leakDetection.level: simple
2022-01-04 20:43:15.792 [main][1070] DEBUG io.netty.util.ResourceLeakDetector - -Dio.netty.leakDetection.targetRecords: 4
2022-01-04 20:43:15.794 [main][1072] DEBUG io.netty.util.ResourceLeakDetectorFactory - Loaded default ResourceLeakDetector: io.netty.util.ResourceLeakDetector@3daa82be
2022-01-04 20:43:15.803 [main][1081] DEBUG io.netty.util.internal.PlatformDependent0 - -Dio.netty.noUnsafe: false
2022-01-04 20:43:15.804 [main][1082] DEBUG io.netty.util.internal.PlatformDependent0 - Java version: 11
2022-01-04 20:43:15.804 [main][1082] DEBUG io.netty.util.internal.PlatformDependent0 - sun.misc.Unsafe.theUnsafe: available
2022-01-04 20:43:15.805 [main][1083] DEBUG io.netty.util.internal.PlatformDependent0 - sun.misc.Unsafe.copyMemory: available
2022-01-04 20:43:15.805 [main][1083] DEBUG io.netty.util.internal.PlatformDependent0 - java.nio.Buffer.address: available
2022-01-04 20:43:15.805 [main][1083] DEBUG io.netty.util.internal.PlatformDependent0 - direct buffer constructor: unavailable: Reflective setAccessible(true) disabled
2022-01-04 20:43:15.806 [main][1084] DEBUG io.netty.util.internal.PlatformDependent0 - java.nio.Bits.unaligned: available, true
2022-01-04 20:43:15.806 [main][1084] DEBUG io.netty.util.internal.PlatformDependent0 - jdk.internal.misc.Unsafe.allocateUninitializedArray(int): unavailable: class io.netty.util.internal.PlatformDependent0$6 cannot access class jdk.internal.misc.Unsafe (in module java.base) because module java.base does not export jdk.internal.misc to unnamed module @45820e51
2022-01-04 20:43:15.807 [main][1085] DEBUG io.netty.util.internal.PlatformDependent0 - java.nio.DirectByteBuffer.<init>(long, int): unavailable
2022-01-04 20:43:15.807 [main][1085] DEBUG io.netty.util.internal.PlatformDependent - sun.misc.Unsafe: available
2022-01-04 20:43:15.807 [main][1085] DEBUG io.netty.util.internal.PlatformDependent - maxDirectMemory: 17133731840 bytes (maybe)
2022-01-04 20:43:15.807 [main][1085] DEBUG io.netty.util.internal.PlatformDependent - -Dio.netty.tmpdir: C:\Users\ahmed\AppData\Local\Temp (java.io.tmpdir)
2022-01-04 20:43:15.807 [main][1085] DEBUG io.netty.util.internal.PlatformDependent - -Dio.netty.bitMode: 64 (sun.arch.data.model)
2022-01-04 20:43:15.808 [main][1086] DEBUG io.netty.util.internal.PlatformDependent - Platform: Windows
2022-01-04 20:43:15.808 [main][1086] DEBUG io.netty.util.internal.PlatformDependent - -Dio.netty.maxDirectMemory: -1 bytes
2022-01-04 20:43:15.808 [main][1086] DEBUG io.netty.util.internal.PlatformDependent - -Dio.netty.uninitializedArrayAllocationThreshold: -1
2022-01-04 20:43:15.809 [main][1087] DEBUG io.netty.util.internal.CleanerJava9 - java.nio.ByteBuffer.cleaner(): available
2022-01-04 20:43:15.809 [main][1087] DEBUG io.netty.util.internal.PlatformDependent - -Dio.netty.noPreferDirect: false
2022-01-04 20:43:15.813 [main][1091] DEBUG io.netty.util.internal.PlatformDependent - org.jctools-core.MpscChunkedArrayQueue: available
2022-01-04 20:43:15.822 [main][1100] DEBUG io.netty.util.internal.InternalThreadLocalMap - -Dio.netty.threadLocalMap.stringBuilder.initialSize: 1024
2022-01-04 20:43:15.822 [main][1100] DEBUG io.netty.util.internal.InternalThreadLocalMap - -Dio.netty.threadLocalMap.stringBuilder.maxSize: 4096
2022-01-04 20:43:15.835 [main][1113] DEBUG io.netty.handler.ssl.JdkSslContext - Default protocols (JDK): [TLSv1.3, TLSv1.2] 
2022-01-04 20:43:15.835 [main][1113] DEBUG io.netty.handler.ssl.JdkSslContext - Default cipher suites (JDK): [TLS_ECDHE_ECDSA_WITH_AES_256_GCM_SHA384, TLS_ECDHE_ECDSA_WITH_AES_128_GCM_SHA256, TLS_ECDHE_RSA_WITH_AES_128_GCM_SHA256, TLS_ECDHE_RSA_WITH_AES_256_GCM_SHA384, TLS_ECDHE_RSA_WITH_AES_128_CBC_SHA, TLS_ECDHE_RSA_WITH_AES_256_CBC_SHA, TLS_RSA_WITH_AES_128_GCM_SHA256, TLS_RSA_WITH_AES_128_CBC_SHA, TLS_RSA_WITH_AES_256_CBC_SHA, TLS_AES_128_GCM_SHA256, TLS_AES_256_GCM_SHA384]
2022-01-04 20:43:15.848 [main][1126] DEBUG io.netty.channel.MultithreadEventLoopGroup - -Dio.netty.eventLoopThreads: 40
2022-01-04 20:43:15.853 [main][1131] DEBUG io.netty.channel.nio.NioEventLoop - -Dio.netty.noKeySetOptimization: false
2022-01-04 20:43:15.853 [main][1131] DEBUG io.netty.channel.nio.NioEventLoop - -Dio.netty.selectorAutoRebuildThreshold: 512
2022-01-04 20:43:15.881 [main][1159] DEBUG io.netty.buffer.PooledByteBufAllocator - -Dio.netty.allocator.numHeapArenas: 40
2022-01-04 20:43:15.881 [main][1159] DEBUG io.netty.buffer.PooledByteBufAllocator - -Dio.netty.allocator.numDirectArenas: 40
2022-01-04 20:43:15.881 [main][1159] DEBUG io.netty.buffer.PooledByteBufAllocator - -Dio.netty.allocator.pageSize: 8192
2022-01-04 20:43:15.881 [main][1159] DEBUG io.netty.buffer.PooledByteBufAllocator - -Dio.netty.allocator.maxOrder: 11
2022-01-04 20:43:15.881 [main][1159] DEBUG io.netty.buffer.PooledByteBufAllocator - -Dio.netty.allocator.chunkSize: 16777216
2022-01-04 20:43:15.881 [main][1159] DEBUG io.netty.buffer.PooledByteBufAllocator - -Dio.netty.allocator.smallCacheSize: 256
2022-01-04 20:43:15.881 [main][1159] DEBUG io.netty.buffer.PooledByteBufAllocator - -Dio.netty.allocator.normalCacheSize: 64
2022-01-04 20:43:15.881 [main][1159] DEBUG io.netty.buffer.PooledByteBufAllocator - -Dio.netty.allocator.maxCachedBufferCapacity: 32768
2022-01-04 20:43:15.881 [main][1159] DEBUG io.netty.buffer.PooledByteBufAllocator - -Dio.netty.allocator.cacheTrimInterval: 8192
2022-01-04 20:43:15.881 [main][1159] DEBUG io.netty.buffer.PooledByteBufAllocator - -Dio.netty.allocator.cacheTrimIntervalMillis: 0
2022-01-04 20:43:15.881 [main][1159] DEBUG io.netty.buffer.PooledByteBufAllocator - -Dio.netty.allocator.useCacheForAllThreads: true
2022-01-04 20:43:15.881 [main][1159] DEBUG io.netty.buffer.PooledByteBufAllocator - -Dio.netty.allocator.maxCachedByteBuffersPerChunk: 1023
2022-01-04 20:43:15.888 [main][1166] DEBUG io.netty.buffer.ByteBufUtil - -Dio.netty.allocator.type: pooled
2022-01-04 20:43:15.888 [main][1166] DEBUG io.netty.buffer.ByteBufUtil - -Dio.netty.threadLocalDirectBufferSize: 0
2022-01-04 20:43:15.888 [main][1166] DEBUG io.netty.buffer.ByteBufUtil - -Dio.netty.maxThreadLocalCharBufferSize: 16384
2022-01-04 20:43:16.526 [Forwarding newSession on session null to remote][1804] DEBUG io.netty.channel.DefaultChannelId - -Dio.netty.processId: 45772 (auto-detected)
2022-01-04 20:43:16.527 [Forwarding newSession on session null to remote][1805] DEBUG io.netty.util.NetUtil - -Djava.net.preferIPv4Stack: false
2022-01-04 20:43:16.528 [Forwarding newSession on session null to remote][1806] DEBUG io.netty.util.NetUtil - -Djava.net.preferIPv6Addresses: false
2022-01-04 20:43:16.661 [Forwarding newSession on session null to remote][1939] DEBUG io.netty.util.NetUtilInitializations - Loopback interface: lo (Software Loopback Interface 1, 127.0.0.1)
2022-01-04 20:43:16.662 [Forwarding newSession on session null to remote][1940] DEBUG io.netty.util.NetUtil - Failed to get SOMAXCONN from sysctl and file \proc\sys\net\core\somaxconn. Default: 200
2022-01-04 20:43:16.806 [Forwarding newSession on session null to remote][2084] DEBUG io.netty.channel.DefaultChannelId - -Dio.netty.machineId: f0:2f:74:ff:fe:d4:02:2a (auto-detected)
2022-01-04 20:43:16.832 [AsyncHttpClient-1-2][2110] DEBUG io.netty.buffer.AbstractByteBuf - -Dio.netty.buffer.checkAccessible: true
2022-01-04 20:43:16.833 [AsyncHttpClient-1-2][2111] DEBUG io.netty.buffer.AbstractByteBuf - -Dio.netty.buffer.checkBounds: true
2022-01-04 20:43:16.833 [AsyncHttpClient-1-2][2111] DEBUG io.netty.util.ResourceLeakDetectorFactory - Loaded default ResourceLeakDetector: io.netty.util.ResourceLeakDetector@5f9c5a7c
2022-01-04 20:43:16.852 [AsyncHttpClient-1-2][2130] DEBUG io.netty.util.Recycler - -Dio.netty.recycler.maxCapacityPerThread: 4096
2022-01-04 20:43:16.852 [AsyncHttpClient-1-2][2130] DEBUG io.netty.util.Recycler - -Dio.netty.recycler.maxSharedCapacityFactor: 2
2022-01-04 20:43:16.852 [AsyncHttpClient-1-2][2130] DEBUG io.netty.util.Recycler - -Dio.netty.recycler.linkCapacity: 16
2022-01-04 20:43:16.852 [AsyncHttpClient-1-2][2130] DEBUG io.netty.util.Recycler - -Dio.netty.recycler.ratio: 8
2022-01-04 20:43:16.852 [AsyncHttpClient-1-2][2130] DEBUG io.netty.util.Recycler - -Dio.netty.recycler.delayedQueue.ratio: 8
2022-01-04 20:43:17.480 [AsyncHttpClient-1-2][2758] DEBUG io.netty.handler.codec.compression.Brotli - brotli4j not in the classpath; Brotli support will be unavailable.
2022-01-04 20:43:17.539 [main][2817] DEBUG io.netty.util.internal.ThreadLocalRandom - -Dio.netty.initialSeedUniquifier: 0xcdc835ac17c8b268
2022-01-04 20:43:17.560 [main][2838] INFO  step_definitions.Hooks - Launch Browser
2022-01-04 20:43:19.365 [main][4643] INFO  page_objects.HomePage - User Is In Home Page
2022-01-04 20:43:19.366 [main][4644] DEBUG page_objects.Categories - Click On Deals
2022-01-04 20:43:20.453 [main][5731] DEBUG page_objects.Categories - Chose on going deals
2022-01-04 20:43:20.763 [main][6041] DEBUG page_objects.Categories - User is in the category page
2022-01-04 20:43:21.763 [main][7041] DEBUG page_objects.Categories - Page Headline isNew Arrivals
2022-01-04 20:43:22.458 [main][7736] INFO  step_definitions.Hooks - Close Browser
2022-01-04 20:43:23.604 [main][8882] INFO  step_definitions.Hooks - Launch Browser
2022-01-04 20:43:25.187 [main][10465] INFO  page_objects.HomePage - User Is In Home Page
2022-01-04 20:43:25.187 [main][10465] DEBUG page_objects.Categories - Click On Deals
2022-01-04 20:43:26.258 [main][11536] DEBUG page_objects.Categories - Chose on going deals
2022-01-04 20:43:26.563 [main][11841] DEBUG page_objects.Categories - User is in the category page
2022-01-04 20:43:27.564 [main][12842] DEBUG page_objects.Categories - Page Headline isMen's New Arrivals
2022-01-04 20:43:28.414 [main][13692] INFO  step_definitions.Hooks - Close Browser
2022-01-04 20:43:29.491 [main][14769] INFO  step_definitions.Hooks - Launch Browser
2022-01-04 20:43:32.191 [main][17469] INFO  page_objects.HomePage - User Is In Home Page
2022-01-04 20:43:32.191 [main][17469] DEBUG page_objects.Categories - Click On Deals
2022-01-04 20:43:33.258 [main][18536] DEBUG page_objects.Categories - Chose on going deals
2022-01-04 20:43:33.569 [main][18847] DEBUG page_objects.Categories - User is in the category page
2022-01-04 20:43:34.570 [main][19848] DEBUG page_objects.Categories - Page Headline isKids' New Arrivals
2022-01-04 20:43:35.318 [main][20596] INFO  step_definitions.Hooks - Close Browser
