2022-01-04 18:28:53.689 [main][1038] DEBUG io.netty.util.internal.logging.InternalLoggerFactory - Using Log4J2 as the default logging framework
2022-01-04 18:28:53.693 [main][1042] DEBUG io.netty.util.ResourceLeakDetector - -Dio.netty.leakDetection.level: simple
2022-01-04 18:28:53.693 [main][1042] DEBUG io.netty.util.ResourceLeakDetector - -Dio.netty.leakDetection.targetRecords: 4
2022-01-04 18:28:53.695 [main][1044] DEBUG io.netty.util.ResourceLeakDetectorFactory - Loaded default ResourceLeakDetector: io.netty.util.ResourceLeakDetector@629ae7e
2022-01-04 18:28:53.705 [main][1054] DEBUG io.netty.util.internal.PlatformDependent0 - -Dio.netty.noUnsafe: false
2022-01-04 18:28:53.706 [main][1055] DEBUG io.netty.util.internal.PlatformDependent0 - Java version: 11
2022-01-04 18:28:53.706 [main][1055] DEBUG io.netty.util.internal.PlatformDependent0 - sun.misc.Unsafe.theUnsafe: available
2022-01-04 18:28:53.707 [main][1056] DEBUG io.netty.util.internal.PlatformDependent0 - sun.misc.Unsafe.copyMemory: available
2022-01-04 18:28:53.707 [main][1056] DEBUG io.netty.util.internal.PlatformDependent0 - java.nio.Buffer.address: available
2022-01-04 18:28:53.707 [main][1056] DEBUG io.netty.util.internal.PlatformDependent0 - direct buffer constructor: unavailable: Reflective setAccessible(true) disabled
2022-01-04 18:28:53.708 [main][1057] DEBUG io.netty.util.internal.PlatformDependent0 - java.nio.Bits.unaligned: available, true
2022-01-04 18:28:53.708 [main][1057] DEBUG io.netty.util.internal.PlatformDependent0 - jdk.internal.misc.Unsafe.allocateUninitializedArray(int): unavailable: class io.netty.util.internal.PlatformDependent0$6 cannot access class jdk.internal.misc.Unsafe (in module java.base) because module java.base does not export jdk.internal.misc to unnamed module @45820e51
2022-01-04 18:28:53.709 [main][1058] DEBUG io.netty.util.internal.PlatformDependent0 - java.nio.DirectByteBuffer.<init>(long, int): unavailable
2022-01-04 18:28:53.709 [main][1058] DEBUG io.netty.util.internal.PlatformDependent - sun.misc.Unsafe: available
2022-01-04 18:28:53.709 [main][1058] DEBUG io.netty.util.internal.PlatformDependent - maxDirectMemory: 17133731840 bytes (maybe)
2022-01-04 18:28:53.709 [main][1058] DEBUG io.netty.util.internal.PlatformDependent - -Dio.netty.tmpdir: C:\Users\ahmed\AppData\Local\Temp (java.io.tmpdir)
2022-01-04 18:28:53.709 [main][1058] DEBUG io.netty.util.internal.PlatformDependent - -Dio.netty.bitMode: 64 (sun.arch.data.model)
2022-01-04 18:28:53.710 [main][1059] DEBUG io.netty.util.internal.PlatformDependent - Platform: Windows
2022-01-04 18:28:53.710 [main][1059] DEBUG io.netty.util.internal.PlatformDependent - -Dio.netty.maxDirectMemory: -1 bytes
2022-01-04 18:28:53.710 [main][1059] DEBUG io.netty.util.internal.PlatformDependent - -Dio.netty.uninitializedArrayAllocationThreshold: -1
2022-01-04 18:28:53.711 [main][1060] DEBUG io.netty.util.internal.CleanerJava9 - java.nio.ByteBuffer.cleaner(): available
2022-01-04 18:28:53.711 [main][1060] DEBUG io.netty.util.internal.PlatformDependent - -Dio.netty.noPreferDirect: false
2022-01-04 18:28:53.715 [main][1064] DEBUG io.netty.util.internal.PlatformDependent - org.jctools-core.MpscChunkedArrayQueue: available
2022-01-04 18:28:53.724 [main][1073] DEBUG io.netty.util.internal.InternalThreadLocalMap - -Dio.netty.threadLocalMap.stringBuilder.initialSize: 1024
2022-01-04 18:28:53.724 [main][1073] DEBUG io.netty.util.internal.InternalThreadLocalMap - -Dio.netty.threadLocalMap.stringBuilder.maxSize: 4096
2022-01-04 18:28:53.736 [main][1085] DEBUG io.netty.handler.ssl.JdkSslContext - Default protocols (JDK): [TLSv1.3, TLSv1.2] 
2022-01-04 18:28:53.736 [main][1085] DEBUG io.netty.handler.ssl.JdkSslContext - Default cipher suites (JDK): [TLS_ECDHE_ECDSA_WITH_AES_256_GCM_SHA384, TLS_ECDHE_ECDSA_WITH_AES_128_GCM_SHA256, TLS_ECDHE_RSA_WITH_AES_128_GCM_SHA256, TLS_ECDHE_RSA_WITH_AES_256_GCM_SHA384, TLS_ECDHE_RSA_WITH_AES_128_CBC_SHA, TLS_ECDHE_RSA_WITH_AES_256_CBC_SHA, TLS_RSA_WITH_AES_128_GCM_SHA256, TLS_RSA_WITH_AES_128_CBC_SHA, TLS_RSA_WITH_AES_256_CBC_SHA, TLS_AES_128_GCM_SHA256, TLS_AES_256_GCM_SHA384]
2022-01-04 18:28:53.750 [main][1099] DEBUG io.netty.channel.MultithreadEventLoopGroup - -Dio.netty.eventLoopThreads: 40
2022-01-04 18:28:53.755 [main][1104] DEBUG io.netty.channel.nio.NioEventLoop - -Dio.netty.noKeySetOptimization: false
2022-01-04 18:28:53.755 [main][1104] DEBUG io.netty.channel.nio.NioEventLoop - -Dio.netty.selectorAutoRebuildThreshold: 512
2022-01-04 18:28:53.782 [main][1131] DEBUG io.netty.buffer.PooledByteBufAllocator - -Dio.netty.allocator.numHeapArenas: 40
2022-01-04 18:28:53.782 [main][1131] DEBUG io.netty.buffer.PooledByteBufAllocator - -Dio.netty.allocator.numDirectArenas: 40
2022-01-04 18:28:53.782 [main][1131] DEBUG io.netty.buffer.PooledByteBufAllocator - -Dio.netty.allocator.pageSize: 8192
2022-01-04 18:28:53.782 [main][1131] DEBUG io.netty.buffer.PooledByteBufAllocator - -Dio.netty.allocator.maxOrder: 11
2022-01-04 18:28:53.782 [main][1131] DEBUG io.netty.buffer.PooledByteBufAllocator - -Dio.netty.allocator.chunkSize: 16777216
2022-01-04 18:28:53.782 [main][1131] DEBUG io.netty.buffer.PooledByteBufAllocator - -Dio.netty.allocator.smallCacheSize: 256
2022-01-04 18:28:53.782 [main][1131] DEBUG io.netty.buffer.PooledByteBufAllocator - -Dio.netty.allocator.normalCacheSize: 64
2022-01-04 18:28:53.782 [main][1131] DEBUG io.netty.buffer.PooledByteBufAllocator - -Dio.netty.allocator.maxCachedBufferCapacity: 32768
2022-01-04 18:28:53.782 [main][1131] DEBUG io.netty.buffer.PooledByteBufAllocator - -Dio.netty.allocator.cacheTrimInterval: 8192
2022-01-04 18:28:53.783 [main][1132] DEBUG io.netty.buffer.PooledByteBufAllocator - -Dio.netty.allocator.cacheTrimIntervalMillis: 0
2022-01-04 18:28:53.783 [main][1132] DEBUG io.netty.buffer.PooledByteBufAllocator - -Dio.netty.allocator.useCacheForAllThreads: true
2022-01-04 18:28:53.783 [main][1132] DEBUG io.netty.buffer.PooledByteBufAllocator - -Dio.netty.allocator.maxCachedByteBuffersPerChunk: 1023
2022-01-04 18:28:53.789 [main][1138] DEBUG io.netty.buffer.ByteBufUtil - -Dio.netty.allocator.type: pooled
2022-01-04 18:28:53.789 [main][1138] DEBUG io.netty.buffer.ByteBufUtil - -Dio.netty.threadLocalDirectBufferSize: 0
2022-01-04 18:28:53.789 [main][1138] DEBUG io.netty.buffer.ByteBufUtil - -Dio.netty.maxThreadLocalCharBufferSize: 16384
2022-01-04 18:28:54.428 [Forwarding newSession on session null to remote][1777] DEBUG io.netty.channel.DefaultChannelId - -Dio.netty.processId: 14404 (auto-detected)
2022-01-04 18:28:54.429 [Forwarding newSession on session null to remote][1778] DEBUG io.netty.util.NetUtil - -Djava.net.preferIPv4Stack: false
2022-01-04 18:28:54.429 [Forwarding newSession on session null to remote][1778] DEBUG io.netty.util.NetUtil - -Djava.net.preferIPv6Addresses: false
2022-01-04 18:28:54.566 [Forwarding newSession on session null to remote][1915] DEBUG io.netty.util.NetUtilInitializations - Loopback interface: lo (Software Loopback Interface 1, 127.0.0.1)
2022-01-04 18:28:54.567 [Forwarding newSession on session null to remote][1916] DEBUG io.netty.util.NetUtil - Failed to get SOMAXCONN from sysctl and file \proc\sys\net\core\somaxconn. Default: 200
2022-01-04 18:28:54.709 [Forwarding newSession on session null to remote][2058] DEBUG io.netty.channel.DefaultChannelId - -Dio.netty.machineId: f0:2f:74:ff:fe:d4:02:2a (auto-detected)
2022-01-04 18:28:54.737 [AsyncHttpClient-1-2][2086] DEBUG io.netty.buffer.AbstractByteBuf - -Dio.netty.buffer.checkAccessible: true
2022-01-04 18:28:54.738 [AsyncHttpClient-1-2][2087] DEBUG io.netty.buffer.AbstractByteBuf - -Dio.netty.buffer.checkBounds: true
2022-01-04 18:28:54.738 [AsyncHttpClient-1-2][2087] DEBUG io.netty.util.ResourceLeakDetectorFactory - Loaded default ResourceLeakDetector: io.netty.util.ResourceLeakDetector@79e7fb2e
2022-01-04 18:28:54.752 [AsyncHttpClient-1-2][2101] DEBUG io.netty.util.Recycler - -Dio.netty.recycler.maxCapacityPerThread: 4096
2022-01-04 18:28:54.752 [AsyncHttpClient-1-2][2101] DEBUG io.netty.util.Recycler - -Dio.netty.recycler.maxSharedCapacityFactor: 2
2022-01-04 18:28:54.752 [AsyncHttpClient-1-2][2101] DEBUG io.netty.util.Recycler - -Dio.netty.recycler.linkCapacity: 16
2022-01-04 18:28:54.752 [AsyncHttpClient-1-2][2101] DEBUG io.netty.util.Recycler - -Dio.netty.recycler.ratio: 8
2022-01-04 18:28:54.752 [AsyncHttpClient-1-2][2101] DEBUG io.netty.util.Recycler - -Dio.netty.recycler.delayedQueue.ratio: 8
2022-01-04 18:28:55.354 [AsyncHttpClient-1-2][2703] DEBUG io.netty.handler.codec.compression.Brotli - brotli4j not in the classpath; Brotli support will be unavailable.
2022-01-04 18:28:55.413 [main][2762] DEBUG io.netty.util.internal.ThreadLocalRandom - -Dio.netty.initialSeedUniquifier: 0xec122c1deb3477c3
2022-01-04 18:28:55.433 [main][2782] INFO  step_definitions.Hooks - Launch Browser
2022-01-04 18:28:58.097 [main][5446] INFO  page_objects.HomePage - User Is In Home Page
2022-01-04 18:28:58.098 [main][5447] DEBUG page_objects.Categories - Click On Deals
2022-01-04 18:28:59.169 [main][6518] DEBUG page_objects.Categories - Chose on going deals
2022-01-04 18:29:00.483 [main][7832] DEBUG page_objects.Categories - Title
2022-01-04 18:29:01.665 [main][9014] DEBUG page_objects.Categories - URL
2022-01-04 18:29:03.364 [main][10713] INFO  step_definitions.Hooks - Close Browser
2022-01-04 18:29:04.445 [main][11794] INFO  step_definitions.Hooks - Launch Browser
2022-01-04 18:29:06.113 [main][13462] INFO  page_objects.HomePage - User Is In Home Page
2022-01-04 18:29:06.113 [main][13462] DEBUG page_objects.Categories - Click On Deals
2022-01-04 18:29:07.180 [main][14529] DEBUG page_objects.Categories - Chose on going deals
2022-01-04 18:29:08.484 [main][15833] DEBUG page_objects.Categories - Title
2022-01-04 18:29:09.489 [main][16838] DEBUG page_objects.Categories - URL
2022-01-04 18:29:11.061 [main][18410] INFO  step_definitions.Hooks - Close Browser
