2022-01-04 18:29:30.644 [main][1205] DEBUG io.netty.util.internal.logging.InternalLoggerFactory - Using Log4J2 as the default logging framework
2022-01-04 18:29:30.648 [main][1209] DEBUG io.netty.util.ResourceLeakDetector - -Dio.netty.leakDetection.level: simple
2022-01-04 18:29:30.648 [main][1209] DEBUG io.netty.util.ResourceLeakDetector - -Dio.netty.leakDetection.targetRecords: 4
2022-01-04 18:29:30.651 [main][1212] DEBUG io.netty.util.ResourceLeakDetectorFactory - Loaded default ResourceLeakDetector: io.netty.util.ResourceLeakDetector@3cd9aa64
2022-01-04 18:29:30.661 [main][1222] DEBUG io.netty.util.internal.PlatformDependent0 - -Dio.netty.noUnsafe: false
2022-01-04 18:29:30.661 [main][1222] DEBUG io.netty.util.internal.PlatformDependent0 - Java version: 11
2022-01-04 18:29:30.662 [main][1223] DEBUG io.netty.util.internal.PlatformDependent0 - sun.misc.Unsafe.theUnsafe: available
2022-01-04 18:29:30.662 [main][1223] DEBUG io.netty.util.internal.PlatformDependent0 - sun.misc.Unsafe.copyMemory: available
2022-01-04 18:29:30.662 [main][1223] DEBUG io.netty.util.internal.PlatformDependent0 - java.nio.Buffer.address: available
2022-01-04 18:29:30.663 [main][1224] DEBUG io.netty.util.internal.PlatformDependent0 - direct buffer constructor: unavailable: Reflective setAccessible(true) disabled
2022-01-04 18:29:30.663 [main][1224] DEBUG io.netty.util.internal.PlatformDependent0 - java.nio.Bits.unaligned: available, true
2022-01-04 18:29:30.664 [main][1225] DEBUG io.netty.util.internal.PlatformDependent0 - jdk.internal.misc.Unsafe.allocateUninitializedArray(int): unavailable: class io.netty.util.internal.PlatformDependent0$6 cannot access class jdk.internal.misc.Unsafe (in module java.base) because module java.base does not export jdk.internal.misc to unnamed module @212b5695
2022-01-04 18:29:30.664 [main][1225] DEBUG io.netty.util.internal.PlatformDependent0 - java.nio.DirectByteBuffer.<init>(long, int): unavailable
2022-01-04 18:29:30.664 [main][1225] DEBUG io.netty.util.internal.PlatformDependent - sun.misc.Unsafe: available
2022-01-04 18:29:30.664 [main][1225] DEBUG io.netty.util.internal.PlatformDependent - maxDirectMemory: 17133731840 bytes (maybe)
2022-01-04 18:29:30.665 [main][1226] DEBUG io.netty.util.internal.PlatformDependent - -Dio.netty.tmpdir: C:\Users\ahmed\AppData\Local\Temp (java.io.tmpdir)
2022-01-04 18:29:30.665 [main][1226] DEBUG io.netty.util.internal.PlatformDependent - -Dio.netty.bitMode: 64 (sun.arch.data.model)
2022-01-04 18:29:30.665 [main][1226] DEBUG io.netty.util.internal.PlatformDependent - Platform: Windows
2022-01-04 18:29:30.665 [main][1226] DEBUG io.netty.util.internal.PlatformDependent - -Dio.netty.maxDirectMemory: -1 bytes
2022-01-04 18:29:30.665 [main][1226] DEBUG io.netty.util.internal.PlatformDependent - -Dio.netty.uninitializedArrayAllocationThreshold: -1
2022-01-04 18:29:30.666 [main][1227] DEBUG io.netty.util.internal.CleanerJava9 - java.nio.ByteBuffer.cleaner(): available
2022-01-04 18:29:30.666 [main][1227] DEBUG io.netty.util.internal.PlatformDependent - -Dio.netty.noPreferDirect: false
2022-01-04 18:29:30.670 [main][1231] DEBUG io.netty.util.internal.PlatformDependent - org.jctools-core.MpscChunkedArrayQueue: available
2022-01-04 18:29:30.680 [main][1241] DEBUG io.netty.util.internal.InternalThreadLocalMap - -Dio.netty.threadLocalMap.stringBuilder.initialSize: 1024
2022-01-04 18:29:30.680 [main][1241] DEBUG io.netty.util.internal.InternalThreadLocalMap - -Dio.netty.threadLocalMap.stringBuilder.maxSize: 4096
2022-01-04 18:29:30.692 [main][1253] DEBUG io.netty.handler.ssl.JdkSslContext - Default protocols (JDK): [TLSv1.3, TLSv1.2] 
2022-01-04 18:29:30.693 [main][1254] DEBUG io.netty.handler.ssl.JdkSslContext - Default cipher suites (JDK): [TLS_ECDHE_ECDSA_WITH_AES_256_GCM_SHA384, TLS_ECDHE_ECDSA_WITH_AES_128_GCM_SHA256, TLS_ECDHE_RSA_WITH_AES_128_GCM_SHA256, TLS_ECDHE_RSA_WITH_AES_256_GCM_SHA384, TLS_ECDHE_RSA_WITH_AES_128_CBC_SHA, TLS_ECDHE_RSA_WITH_AES_256_CBC_SHA, TLS_RSA_WITH_AES_128_GCM_SHA256, TLS_RSA_WITH_AES_128_CBC_SHA, TLS_RSA_WITH_AES_256_CBC_SHA, TLS_AES_128_GCM_SHA256, TLS_AES_256_GCM_SHA384]
2022-01-04 18:29:30.706 [main][1267] DEBUG io.netty.channel.MultithreadEventLoopGroup - -Dio.netty.eventLoopThreads: 40
2022-01-04 18:29:30.711 [main][1272] DEBUG io.netty.channel.nio.NioEventLoop - -Dio.netty.noKeySetOptimization: false
2022-01-04 18:29:30.711 [main][1272] DEBUG io.netty.channel.nio.NioEventLoop - -Dio.netty.selectorAutoRebuildThreshold: 512
2022-01-04 18:29:30.746 [main][1307] DEBUG io.netty.buffer.PooledByteBufAllocator - -Dio.netty.allocator.numHeapArenas: 40
2022-01-04 18:29:30.746 [main][1307] DEBUG io.netty.buffer.PooledByteBufAllocator - -Dio.netty.allocator.numDirectArenas: 40
2022-01-04 18:29:30.746 [main][1307] DEBUG io.netty.buffer.PooledByteBufAllocator - -Dio.netty.allocator.pageSize: 8192
2022-01-04 18:29:30.747 [main][1308] DEBUG io.netty.buffer.PooledByteBufAllocator - -Dio.netty.allocator.maxOrder: 11
2022-01-04 18:29:30.747 [main][1308] DEBUG io.netty.buffer.PooledByteBufAllocator - -Dio.netty.allocator.chunkSize: 16777216
2022-01-04 18:29:30.747 [main][1308] DEBUG io.netty.buffer.PooledByteBufAllocator - -Dio.netty.allocator.smallCacheSize: 256
2022-01-04 18:29:30.747 [main][1308] DEBUG io.netty.buffer.PooledByteBufAllocator - -Dio.netty.allocator.normalCacheSize: 64
2022-01-04 18:29:30.747 [main][1308] DEBUG io.netty.buffer.PooledByteBufAllocator - -Dio.netty.allocator.maxCachedBufferCapacity: 32768
2022-01-04 18:29:30.747 [main][1308] DEBUG io.netty.buffer.PooledByteBufAllocator - -Dio.netty.allocator.cacheTrimInterval: 8192
2022-01-04 18:29:30.747 [main][1308] DEBUG io.netty.buffer.PooledByteBufAllocator - -Dio.netty.allocator.cacheTrimIntervalMillis: 0
2022-01-04 18:29:30.747 [main][1308] DEBUG io.netty.buffer.PooledByteBufAllocator - -Dio.netty.allocator.useCacheForAllThreads: true
2022-01-04 18:29:30.747 [main][1308] DEBUG io.netty.buffer.PooledByteBufAllocator - -Dio.netty.allocator.maxCachedByteBuffersPerChunk: 1023
2022-01-04 18:29:30.753 [main][1314] DEBUG io.netty.buffer.ByteBufUtil - -Dio.netty.allocator.type: pooled
2022-01-04 18:29:30.753 [main][1314] DEBUG io.netty.buffer.ByteBufUtil - -Dio.netty.threadLocalDirectBufferSize: 0
2022-01-04 18:29:30.753 [main][1314] DEBUG io.netty.buffer.ByteBufUtil - -Dio.netty.maxThreadLocalCharBufferSize: 16384
2022-01-04 18:29:31.392 [Forwarding newSession on session null to remote][1953] DEBUG io.netty.channel.DefaultChannelId - -Dio.netty.processId: 36424 (auto-detected)
2022-01-04 18:29:31.393 [Forwarding newSession on session null to remote][1954] DEBUG io.netty.util.NetUtil - -Djava.net.preferIPv4Stack: false
2022-01-04 18:29:31.393 [Forwarding newSession on session null to remote][1954] DEBUG io.netty.util.NetUtil - -Djava.net.preferIPv6Addresses: false
2022-01-04 18:29:31.528 [Forwarding newSession on session null to remote][2089] DEBUG io.netty.util.NetUtilInitializations - Loopback interface: lo (Software Loopback Interface 1, 127.0.0.1)
2022-01-04 18:29:31.528 [Forwarding newSession on session null to remote][2089] DEBUG io.netty.util.NetUtil - Failed to get SOMAXCONN from sysctl and file \proc\sys\net\core\somaxconn. Default: 200
2022-01-04 18:29:31.673 [Forwarding newSession on session null to remote][2234] DEBUG io.netty.channel.DefaultChannelId - -Dio.netty.machineId: f0:2f:74:ff:fe:d4:02:2a (auto-detected)
2022-01-04 18:29:31.699 [AsyncHttpClient-1-2][2260] DEBUG io.netty.buffer.AbstractByteBuf - -Dio.netty.buffer.checkAccessible: true
2022-01-04 18:29:31.699 [AsyncHttpClient-1-2][2260] DEBUG io.netty.buffer.AbstractByteBuf - -Dio.netty.buffer.checkBounds: true
2022-01-04 18:29:31.699 [AsyncHttpClient-1-2][2260] DEBUG io.netty.util.ResourceLeakDetectorFactory - Loaded default ResourceLeakDetector: io.netty.util.ResourceLeakDetector@7f6bfa51
2022-01-04 18:29:31.712 [AsyncHttpClient-1-2][2273] DEBUG io.netty.util.Recycler - -Dio.netty.recycler.maxCapacityPerThread: 4096
2022-01-04 18:29:31.712 [AsyncHttpClient-1-2][2273] DEBUG io.netty.util.Recycler - -Dio.netty.recycler.maxSharedCapacityFactor: 2
2022-01-04 18:29:31.712 [AsyncHttpClient-1-2][2273] DEBUG io.netty.util.Recycler - -Dio.netty.recycler.linkCapacity: 16
2022-01-04 18:29:31.712 [AsyncHttpClient-1-2][2273] DEBUG io.netty.util.Recycler - -Dio.netty.recycler.ratio: 8
2022-01-04 18:29:31.712 [AsyncHttpClient-1-2][2273] DEBUG io.netty.util.Recycler - -Dio.netty.recycler.delayedQueue.ratio: 8
2022-01-04 18:29:32.304 [AsyncHttpClient-1-2][2865] DEBUG io.netty.handler.codec.compression.Brotli - brotli4j not in the classpath; Brotli support will be unavailable.
2022-01-04 18:29:32.373 [main][2934] DEBUG io.netty.util.internal.ThreadLocalRandom - -Dio.netty.initialSeedUniquifier: 0x19dd3b2d66d23301
2022-01-04 18:29:32.397 [main][2958] INFO  step_definitions.Hooks - Launch Browser
2022-01-04 18:29:34.050 [main][4611] INFO  page_objects.HomePage - User Is In Home Page
2022-01-04 18:29:34.052 [main][4613] DEBUG page_objects.Categories - Click On Categories
2022-01-04 18:29:35.127 [main][5688] DEBUG page_objects.Categories - Click On Categories
2022-01-04 18:29:36.435 [main][6996] DEBUG page_objects.Categories - Click On 2nd Category
2022-01-04 18:29:37.736 [main][8297] DEBUG page_objects.Categories - Select a item
2022-01-04 18:29:39.041 [main][9602] DEBUG page_objects.Categories - Title
2022-01-04 18:29:40.641 [main][11202] INFO  step_definitions.Hooks - Close Browser
2022-01-04 18:29:41.775 [main][12336] INFO  step_definitions.Hooks - Launch Browser
2022-01-04 18:29:43.342 [main][13903] INFO  page_objects.HomePage - User Is In Home Page
2022-01-04 18:29:43.343 [main][13904] DEBUG page_objects.Categories - Click On Categories
2022-01-04 18:29:44.416 [main][14977] DEBUG page_objects.Categories - Click On Categories
2022-01-04 18:29:45.720 [main][16281] DEBUG page_objects.Categories - Click On 2nd Category
2022-01-04 18:29:47.007 [main][17568] DEBUG page_objects.Categories - Select a item
2022-01-04 18:29:48.319 [main][18880] DEBUG page_objects.Categories - Title
2022-01-04 18:29:49.897 [main][20458] INFO  step_definitions.Hooks - Close Browser
2022-01-04 18:29:51.030 [main][21591] INFO  step_definitions.Hooks - Launch Browser
2022-01-04 18:29:52.623 [main][23184] INFO  page_objects.HomePage - User Is In Home Page
2022-01-04 18:29:52.624 [main][23185] DEBUG page_objects.Categories - Click On Categories
2022-01-04 18:29:53.698 [main][24259] DEBUG page_objects.Categories - Click On Categories
2022-01-04 18:29:55.002 [main][25563] DEBUG page_objects.Categories - Click On 2nd Category
2022-01-04 18:29:56.288 [main][26849] DEBUG page_objects.Categories - Select a item
2022-01-04 18:29:57.598 [main][28159] DEBUG page_objects.Categories - Title
2022-01-04 18:29:59.175 [main][29736] INFO  step_definitions.Hooks - Close Browser
2022-01-04 18:30:00.305 [main][30866] INFO  step_definitions.Hooks - Launch Browser
2022-01-04 18:30:02.043 [main][32604] INFO  page_objects.HomePage - User Is In Home Page
2022-01-04 18:30:02.044 [main][32605] DEBUG page_objects.Categories - Click On Categories
2022-01-04 18:30:03.117 [main][33678] DEBUG page_objects.Categories - Click On Categories
2022-01-04 18:30:04.424 [main][34985] DEBUG page_objects.Categories - Click On 2nd Category
2022-01-04 18:30:05.704 [main][36265] DEBUG page_objects.Categories - Select a item
2022-01-04 18:30:07.007 [main][37568] DEBUG page_objects.Categories - Title
2022-01-04 18:30:08.588 [main][39149] INFO  step_definitions.Hooks - Close Browser
2022-01-04 18:30:09.669 [main][40230] INFO  step_definitions.Hooks - Launch Browser
2022-01-04 18:30:12.728 [main][43289] INFO  page_objects.HomePage - User Is In Home Page
2022-01-04 18:30:12.728 [main][43289] DEBUG page_objects.Categories - Click On Categories
2022-01-04 18:30:13.798 [main][44359] DEBUG page_objects.Categories - Click On Categories
2022-01-04 18:30:15.102 [main][45663] DEBUG page_objects.Categories - Click On 2nd Category
2022-01-04 18:30:16.377 [main][46938] DEBUG page_objects.Categories - Select a item
2022-01-04 18:30:17.682 [main][48243] DEBUG page_objects.Categories - Title
2022-01-04 18:30:19.259 [main][49820] INFO  step_definitions.Hooks - Close Browser
2022-01-04 18:30:20.388 [main][50949] INFO  step_definitions.Hooks - Launch Browser
2022-01-04 18:30:23.293 [main][53854] INFO  page_objects.HomePage - User Is In Home Page
2022-01-04 18:30:23.294 [main][53855] DEBUG page_objects.Categories - Click On Categories
2022-01-04 18:30:24.364 [main][54925] DEBUG page_objects.Categories - Click On Categories
2022-01-04 18:30:25.681 [main][56242] DEBUG page_objects.Categories - Click On 2nd Category
2022-01-04 18:30:26.967 [main][57528] DEBUG page_objects.Categories - Select a item
2022-01-04 18:30:28.278 [main][58839] DEBUG page_objects.Categories - Title
2022-01-04 18:30:29.852 [main][60413] INFO  step_definitions.Hooks - Close Browser
2022-01-04 18:30:30.932 [main][61493] INFO  step_definitions.Hooks - Launch Browser
2022-01-04 18:30:32.932 [main][63493] INFO  page_objects.HomePage - User Is In Home Page
2022-01-04 18:30:32.933 [main][63494] DEBUG page_objects.Categories - Click On Deals
2022-01-04 18:30:34.001 [main][64562] DEBUG page_objects.Categories - Chose on going deals
2022-01-04 18:30:35.302 [main][65863] DEBUG page_objects.Categories - Title
2022-01-04 18:30:36.468 [main][67029] DEBUG page_objects.Categories - URL
2022-01-04 18:30:38.042 [main][68603] INFO  step_definitions.Hooks - Close Browser
2022-01-04 18:30:39.117 [main][69678] INFO  step_definitions.Hooks - Launch Browser
2022-01-04 18:30:41.978 [main][72539] INFO  page_objects.HomePage - User Is In Home Page
2022-01-04 18:30:41.979 [main][72540] DEBUG page_objects.Categories - Click On Deals
2022-01-04 18:30:43.043 [main][73604] DEBUG page_objects.Categories - Chose on going deals
2022-01-04 18:30:44.361 [main][74922] DEBUG page_objects.Categories - Title
2022-01-04 18:30:45.368 [main][75929] DEBUG page_objects.Categories - URL
2022-01-04 18:30:46.938 [main][77499] INFO  step_definitions.Hooks - Close Browser
2022-01-04 18:30:48.063 [main][78624] INFO  step_definitions.Hooks - Launch Browser
2022-01-04 18:30:50.083 [main][80644] INFO  page_objects.HomePage - User Is In Home Page
2022-01-04 18:30:50.085 [main][80646] INFO  page_objects.HomePage - Home Page Title Is Target : Expect More. Pay Less.
2022-01-04 18:30:50.085 [main][80646] INFO  page_objects.HomePage - User Saw The Title
2022-01-04 18:30:50.640 [main][81201] INFO  step_definitions.Hooks - Close Browser
2022-01-04 18:30:51.767 [main][82328] INFO  step_definitions.Hooks - Launch Browser
2022-01-04 18:30:54.574 [main][85135] INFO  page_objects.HomePage - User Is In Home Page
2022-01-04 18:30:54.576 [main][85137] DEBUG page_objects.Search - Clicked On Search Box
2022-01-04 18:30:54.650 [main][85211] INFO  step_definitions.SignInSteps - User clicked on search button
2022-01-04 18:30:54.651 [main][85212] DEBUG page_objects.Search - Typing Products
2022-01-04 18:30:54.779 [main][85340] INFO  step_definitions.SignInSteps - User typingFace Mask
2022-01-04 18:30:54.779 [main][85340] DEBUG page_objects.Search - Clicked On Search icon
2022-01-04 18:30:55.938 [main][86499] INFO  step_definitions.SignInSteps - User Clicked On Search Icon
2022-01-04 18:30:55.942 [main][86503] DEBUG page_objects.Search - Title isFace Mask : Target
2022-01-04 18:30:55.942 [main][86503] INFO  step_definitions.SignInSteps - Title isFace Mask : Target
2022-01-04 18:30:56.505 [main][87066] INFO  step_definitions.Hooks - Close Browser
2022-01-04 18:30:57.630 [main][88191] INFO  step_definitions.Hooks - Launch Browser
2022-01-04 18:30:59.463 [main][90024] INFO  page_objects.HomePage - User Is In Home Page
2022-01-04 18:30:59.464 [main][90025] DEBUG page_objects.Search - Clicked On Search Box
2022-01-04 18:30:59.539 [main][90100] INFO  step_definitions.SignInSteps - User clicked on search button
2022-01-04 18:30:59.539 [main][90100] DEBUG page_objects.Search - Typing Products
2022-01-04 18:30:59.682 [main][90243] INFO  step_definitions.SignInSteps - User typingHand sanitizer
2022-01-04 18:30:59.682 [main][90243] DEBUG page_objects.Search - Clicked On Search icon
2022-01-04 18:31:00.871 [main][91432] INFO  step_definitions.SignInSteps - User Clicked On Search Icon
2022-01-04 18:31:00.876 [main][91437] DEBUG page_objects.Search - Title isHand Sanitizer : Target
2022-01-04 18:31:00.876 [main][91437] INFO  step_definitions.SignInSteps - Title isHand Sanitizer : Target
2022-01-04 18:31:01.436 [main][91997] INFO  step_definitions.Hooks - Close Browser
2022-01-04 18:31:02.509 [main][93070] INFO  step_definitions.Hooks - Launch Browser
2022-01-04 18:31:05.250 [main][95811] INFO  page_objects.HomePage - User Is In Home Page
2022-01-04 18:31:05.250 [main][95811] DEBUG page_objects.Search - Clicked On Search Box
2022-01-04 18:31:05.320 [main][95881] INFO  step_definitions.SignInSteps - User clicked on search button
2022-01-04 18:31:05.321 [main][95882] DEBUG page_objects.Search - Typing Products
2022-01-04 18:31:05.466 [main][96027] INFO  step_definitions.SignInSteps - User typingRubbing alcohol
2022-01-04 18:31:05.466 [main][96027] DEBUG page_objects.Search - Clicked On Search icon
2022-01-04 18:31:06.633 [main][97194] INFO  step_definitions.SignInSteps - User Clicked On Search Icon
2022-01-04 18:31:06.638 [main][97199] DEBUG page_objects.Search - Title isRubbing Alcohol : Target
2022-01-04 18:31:06.638 [main][97199] INFO  step_definitions.SignInSteps - Title isRubbing Alcohol : Target
2022-01-04 18:31:07.203 [main][97764] INFO  step_definitions.Hooks - Close Browser
2022-01-04 18:31:08.324 [main][98885] INFO  step_definitions.Hooks - Launch Browser
2022-01-04 18:31:11.112 [main][101673] INFO  page_objects.HomePage - User Is In Home Page
2022-01-04 18:31:11.112 [main][101673] DEBUG page_objects.Search - Clicked On Search Box
2022-01-04 18:31:11.182 [main][101743] INFO  step_definitions.SignInSteps - User clicked on search button
2022-01-04 18:31:11.183 [main][101744] DEBUG page_objects.Search - Typing Products
2022-01-04 18:31:11.275 [main][101836] INFO  step_definitions.SignInSteps - User typingPs5
2022-01-04 18:31:11.276 [main][101837] DEBUG page_objects.Search - Clicked On Search icon
2022-01-04 18:31:12.408 [main][102969] INFO  step_definitions.SignInSteps - User Clicked On Search Icon
2022-01-04 18:31:12.549 [main][103110] DEBUG page_objects.Search - Title isPlayStation 5 : Target
2022-01-04 18:31:12.550 [main][103111] INFO  step_definitions.SignInSteps - Title isPlayStation 5 : Target
2022-01-04 18:31:13.113 [main][103674] INFO  step_definitions.Hooks - Close Browser
2022-01-04 18:31:14.231 [main][104792] INFO  step_definitions.Hooks - Launch Browser
2022-01-04 18:31:16.966 [main][107527] INFO  page_objects.HomePage - User Is In Home Page
2022-01-04 18:31:16.966 [main][107527] DEBUG page_objects.Search - Clicked On Search Box
2022-01-04 18:31:17.037 [main][107598] INFO  step_definitions.SignInSteps - User clicked on search button
2022-01-04 18:31:17.038 [main][107599] DEBUG page_objects.Search - Typing Products
2022-01-04 18:31:17.172 [main][107733] INFO  step_definitions.SignInSteps - User typingcoffee maker
2022-01-04 18:31:17.172 [main][107733] DEBUG page_objects.Search - Clicked On Search icon
2022-01-04 18:31:18.334 [main][108895] INFO  step_definitions.SignInSteps - User Clicked On Search Icon
2022-01-04 18:31:18.339 [main][108900] DEBUG page_objects.Search - Title isCoffee Maker : Target
2022-01-04 18:31:18.339 [main][108900] INFO  step_definitions.SignInSteps - Title isCoffee Maker : Target
2022-01-04 18:31:18.908 [main][109469] INFO  step_definitions.Hooks - Close Browser
