2022-01-04 22:10:14.395 [main][1039] DEBUG io.netty.util.internal.logging.InternalLoggerFactory - Using Log4J2 as the default logging framework
2022-01-04 22:10:14.399 [main][1043] DEBUG io.netty.util.ResourceLeakDetector - -Dio.netty.leakDetection.level: simple
2022-01-04 22:10:14.399 [main][1043] DEBUG io.netty.util.ResourceLeakDetector - -Dio.netty.leakDetection.targetRecords: 4
2022-01-04 22:10:14.401 [main][1045] DEBUG io.netty.util.ResourceLeakDetectorFactory - Loaded default ResourceLeakDetector: io.netty.util.ResourceLeakDetector@3fae596
2022-01-04 22:10:14.412 [main][1056] DEBUG io.netty.util.internal.PlatformDependent0 - -Dio.netty.noUnsafe: false
2022-01-04 22:10:14.412 [main][1056] DEBUG io.netty.util.internal.PlatformDependent0 - Java version: 11
2022-01-04 22:10:14.413 [main][1057] DEBUG io.netty.util.internal.PlatformDependent0 - sun.misc.Unsafe.theUnsafe: available
2022-01-04 22:10:14.413 [main][1057] DEBUG io.netty.util.internal.PlatformDependent0 - sun.misc.Unsafe.copyMemory: available
2022-01-04 22:10:14.413 [main][1057] DEBUG io.netty.util.internal.PlatformDependent0 - java.nio.Buffer.address: available
2022-01-04 22:10:14.414 [main][1058] DEBUG io.netty.util.internal.PlatformDependent0 - direct buffer constructor: unavailable: Reflective setAccessible(true) disabled
2022-01-04 22:10:14.414 [main][1058] DEBUG io.netty.util.internal.PlatformDependent0 - java.nio.Bits.unaligned: available, true
2022-01-04 22:10:14.415 [main][1059] DEBUG io.netty.util.internal.PlatformDependent0 - jdk.internal.misc.Unsafe.allocateUninitializedArray(int): unavailable: class io.netty.util.internal.PlatformDependent0$6 cannot access class jdk.internal.misc.Unsafe (in module java.base) because module java.base does not export jdk.internal.misc to unnamed module @45820e51
2022-01-04 22:10:14.415 [main][1059] DEBUG io.netty.util.internal.PlatformDependent0 - java.nio.DirectByteBuffer.<init>(long, int): unavailable
2022-01-04 22:10:14.415 [main][1059] DEBUG io.netty.util.internal.PlatformDependent - sun.misc.Unsafe: available
2022-01-04 22:10:14.416 [main][1060] DEBUG io.netty.util.internal.PlatformDependent - maxDirectMemory: 17133731840 bytes (maybe)
2022-01-04 22:10:14.416 [main][1060] DEBUG io.netty.util.internal.PlatformDependent - -Dio.netty.tmpdir: C:\Users\ahmed\AppData\Local\Temp (java.io.tmpdir)
2022-01-04 22:10:14.416 [main][1060] DEBUG io.netty.util.internal.PlatformDependent - -Dio.netty.bitMode: 64 (sun.arch.data.model)
2022-01-04 22:10:14.416 [main][1060] DEBUG io.netty.util.internal.PlatformDependent - Platform: Windows
2022-01-04 22:10:14.416 [main][1060] DEBUG io.netty.util.internal.PlatformDependent - -Dio.netty.maxDirectMemory: -1 bytes
2022-01-04 22:10:14.417 [main][1061] DEBUG io.netty.util.internal.PlatformDependent - -Dio.netty.uninitializedArrayAllocationThreshold: -1
2022-01-04 22:10:14.417 [main][1061] DEBUG io.netty.util.internal.CleanerJava9 - java.nio.ByteBuffer.cleaner(): available
2022-01-04 22:10:14.417 [main][1061] DEBUG io.netty.util.internal.PlatformDependent - -Dio.netty.noPreferDirect: false
2022-01-04 22:10:14.422 [main][1066] DEBUG io.netty.util.internal.PlatformDependent - org.jctools-core.MpscChunkedArrayQueue: available
2022-01-04 22:10:14.432 [main][1076] DEBUG io.netty.util.internal.InternalThreadLocalMap - -Dio.netty.threadLocalMap.stringBuilder.initialSize: 1024
2022-01-04 22:10:14.432 [main][1076] DEBUG io.netty.util.internal.InternalThreadLocalMap - -Dio.netty.threadLocalMap.stringBuilder.maxSize: 4096
2022-01-04 22:10:14.445 [main][1089] DEBUG io.netty.handler.ssl.JdkSslContext - Default protocols (JDK): [TLSv1.3, TLSv1.2] 
2022-01-04 22:10:14.445 [main][1089] DEBUG io.netty.handler.ssl.JdkSslContext - Default cipher suites (JDK): [TLS_ECDHE_ECDSA_WITH_AES_256_GCM_SHA384, TLS_ECDHE_ECDSA_WITH_AES_128_GCM_SHA256, TLS_ECDHE_RSA_WITH_AES_128_GCM_SHA256, TLS_ECDHE_RSA_WITH_AES_256_GCM_SHA384, TLS_ECDHE_RSA_WITH_AES_128_CBC_SHA, TLS_ECDHE_RSA_WITH_AES_256_CBC_SHA, TLS_RSA_WITH_AES_128_GCM_SHA256, TLS_RSA_WITH_AES_128_CBC_SHA, TLS_RSA_WITH_AES_256_CBC_SHA, TLS_AES_128_GCM_SHA256, TLS_AES_256_GCM_SHA384]
2022-01-04 22:10:14.458 [main][1102] DEBUG io.netty.channel.MultithreadEventLoopGroup - -Dio.netty.eventLoopThreads: 40
2022-01-04 22:10:14.463 [main][1107] DEBUG io.netty.channel.nio.NioEventLoop - -Dio.netty.noKeySetOptimization: false
2022-01-04 22:10:14.463 [main][1107] DEBUG io.netty.channel.nio.NioEventLoop - -Dio.netty.selectorAutoRebuildThreshold: 512
2022-01-04 22:10:14.491 [main][1135] DEBUG io.netty.buffer.PooledByteBufAllocator - -Dio.netty.allocator.numHeapArenas: 40
2022-01-04 22:10:14.491 [main][1135] DEBUG io.netty.buffer.PooledByteBufAllocator - -Dio.netty.allocator.numDirectArenas: 40
2022-01-04 22:10:14.491 [main][1135] DEBUG io.netty.buffer.PooledByteBufAllocator - -Dio.netty.allocator.pageSize: 8192
2022-01-04 22:10:14.491 [main][1135] DEBUG io.netty.buffer.PooledByteBufAllocator - -Dio.netty.allocator.maxOrder: 11
2022-01-04 22:10:14.491 [main][1135] DEBUG io.netty.buffer.PooledByteBufAllocator - -Dio.netty.allocator.chunkSize: 16777216
2022-01-04 22:10:14.491 [main][1135] DEBUG io.netty.buffer.PooledByteBufAllocator - -Dio.netty.allocator.smallCacheSize: 256
2022-01-04 22:10:14.491 [main][1135] DEBUG io.netty.buffer.PooledByteBufAllocator - -Dio.netty.allocator.normalCacheSize: 64
2022-01-04 22:10:14.491 [main][1135] DEBUG io.netty.buffer.PooledByteBufAllocator - -Dio.netty.allocator.maxCachedBufferCapacity: 32768
2022-01-04 22:10:14.491 [main][1135] DEBUG io.netty.buffer.PooledByteBufAllocator - -Dio.netty.allocator.cacheTrimInterval: 8192
2022-01-04 22:10:14.491 [main][1135] DEBUG io.netty.buffer.PooledByteBufAllocator - -Dio.netty.allocator.cacheTrimIntervalMillis: 0
2022-01-04 22:10:14.491 [main][1135] DEBUG io.netty.buffer.PooledByteBufAllocator - -Dio.netty.allocator.useCacheForAllThreads: true
2022-01-04 22:10:14.491 [main][1135] DEBUG io.netty.buffer.PooledByteBufAllocator - -Dio.netty.allocator.maxCachedByteBuffersPerChunk: 1023
2022-01-04 22:10:14.497 [main][1141] DEBUG io.netty.buffer.ByteBufUtil - -Dio.netty.allocator.type: pooled
2022-01-04 22:10:14.497 [main][1141] DEBUG io.netty.buffer.ByteBufUtil - -Dio.netty.threadLocalDirectBufferSize: 0
2022-01-04 22:10:14.497 [main][1141] DEBUG io.netty.buffer.ByteBufUtil - -Dio.netty.maxThreadLocalCharBufferSize: 16384
2022-01-04 22:10:15.137 [Forwarding newSession on session null to remote][1781] DEBUG io.netty.channel.DefaultChannelId - -Dio.netty.processId: 32764 (auto-detected)
2022-01-04 22:10:15.138 [Forwarding newSession on session null to remote][1782] DEBUG io.netty.util.NetUtil - -Djava.net.preferIPv4Stack: false
2022-01-04 22:10:15.138 [Forwarding newSession on session null to remote][1782] DEBUG io.netty.util.NetUtil - -Djava.net.preferIPv6Addresses: false
2022-01-04 22:10:15.274 [Forwarding newSession on session null to remote][1918] DEBUG io.netty.util.NetUtilInitializations - Loopback interface: lo (Software Loopback Interface 1, 127.0.0.1)
2022-01-04 22:10:15.275 [Forwarding newSession on session null to remote][1919] DEBUG io.netty.util.NetUtil - Failed to get SOMAXCONN from sysctl and file \proc\sys\net\core\somaxconn. Default: 200
2022-01-04 22:10:15.419 [Forwarding newSession on session null to remote][2063] DEBUG io.netty.channel.DefaultChannelId - -Dio.netty.machineId: f0:2f:74:ff:fe:d4:02:2a (auto-detected)
2022-01-04 22:10:15.446 [AsyncHttpClient-1-2][2090] DEBUG io.netty.buffer.AbstractByteBuf - -Dio.netty.buffer.checkAccessible: true
2022-01-04 22:10:15.446 [AsyncHttpClient-1-2][2090] DEBUG io.netty.buffer.AbstractByteBuf - -Dio.netty.buffer.checkBounds: true
2022-01-04 22:10:15.446 [AsyncHttpClient-1-2][2090] DEBUG io.netty.util.ResourceLeakDetectorFactory - Loaded default ResourceLeakDetector: io.netty.util.ResourceLeakDetector@62ef180
2022-01-04 22:10:15.460 [AsyncHttpClient-1-2][2104] DEBUG io.netty.util.Recycler - -Dio.netty.recycler.maxCapacityPerThread: 4096
2022-01-04 22:10:15.461 [AsyncHttpClient-1-2][2105] DEBUG io.netty.util.Recycler - -Dio.netty.recycler.maxSharedCapacityFactor: 2
2022-01-04 22:10:15.461 [AsyncHttpClient-1-2][2105] DEBUG io.netty.util.Recycler - -Dio.netty.recycler.linkCapacity: 16
2022-01-04 22:10:15.461 [AsyncHttpClient-1-2][2105] DEBUG io.netty.util.Recycler - -Dio.netty.recycler.ratio: 8
2022-01-04 22:10:15.461 [AsyncHttpClient-1-2][2105] DEBUG io.netty.util.Recycler - -Dio.netty.recycler.delayedQueue.ratio: 8
2022-01-04 22:10:16.106 [AsyncHttpClient-1-2][2750] DEBUG io.netty.handler.codec.compression.Brotli - brotli4j not in the classpath; Brotli support will be unavailable.
2022-01-04 22:10:16.173 [main][2817] DEBUG io.netty.util.internal.ThreadLocalRandom - -Dio.netty.initialSeedUniquifier: 0x3145507192b37c0c
2022-01-04 22:10:16.193 [main][2837] INFO  step_definitions.Hooks - Launch Browser
2022-01-04 22:10:18.868 [main][5512] INFO  page_objects.HomePage - User Is In Home Page
2022-01-04 22:10:18.869 [main][5513] DEBUG page_objects.Search - Clicked On Search Box
2022-01-04 22:10:18.940 [main][5584] INFO  step_definitions.SignInSteps - User clicked on search button
2022-01-04 22:10:18.941 [main][5585] DEBUG page_objects.Search - Typing Products
2022-01-04 22:10:19.089 [main][5733] INFO  step_definitions.SignInSteps - User typingFace Mask
2022-01-04 22:10:19.089 [main][5733] DEBUG page_objects.Search - Clicked On Search icon
2022-01-04 22:10:20.246 [main][6890] INFO  step_definitions.SignInSteps - User Clicked On Search Icon
2022-01-04 22:10:20.271 [main][6915] DEBUG page_objects.Search - Title isFace Mask : Target
2022-01-04 22:10:20.271 [main][6915] INFO  step_definitions.SignInSteps - Title isFace Mask : Target
2022-01-04 22:10:20.839 [main][7483] INFO  step_definitions.Hooks - Close Browser
2022-01-04 22:10:21.969 [main][8613] INFO  step_definitions.Hooks - Launch Browser
2022-01-04 22:10:23.706 [main][10350] INFO  page_objects.HomePage - User Is In Home Page
2022-01-04 22:10:23.707 [main][10351] DEBUG page_objects.Search - Clicked On Search Box
2022-01-04 22:10:23.777 [main][10421] INFO  step_definitions.SignInSteps - User clicked on search button
2022-01-04 22:10:23.777 [main][10421] DEBUG page_objects.Search - Typing Products
2022-01-04 22:10:23.926 [main][10570] INFO  step_definitions.SignInSteps - User typingHand sanitizer
2022-01-04 22:10:23.927 [main][10571] DEBUG page_objects.Search - Clicked On Search icon
2022-01-04 22:10:25.104 [main][11748] INFO  step_definitions.SignInSteps - User Clicked On Search Icon
2022-01-04 22:10:25.110 [main][11754] DEBUG page_objects.Search - Title isHand Sanitizer : Target
2022-01-04 22:10:25.110 [main][11754] INFO  step_definitions.SignInSteps - Title isHand Sanitizer : Target
2022-01-04 22:10:25.675 [main][12319] INFO  step_definitions.Hooks - Close Browser
2022-01-04 22:10:26.800 [main][13444] INFO  step_definitions.Hooks - Launch Browser
2022-01-04 22:10:29.713 [main][16357] INFO  page_objects.HomePage - User Is In Home Page
2022-01-04 22:10:29.713 [main][16357] DEBUG page_objects.Search - Clicked On Search Box
2022-01-04 22:10:29.783 [main][16427] INFO  step_definitions.SignInSteps - User clicked on search button
2022-01-04 22:10:29.784 [main][16428] DEBUG page_objects.Search - Typing Products
2022-01-04 22:10:29.939 [main][16583] INFO  step_definitions.SignInSteps - User typingRubbing alcohol
2022-01-04 22:10:29.940 [main][16584] DEBUG page_objects.Search - Clicked On Search icon
2022-01-04 22:10:31.118 [main][17762] INFO  step_definitions.SignInSteps - User Clicked On Search Icon
2022-01-04 22:10:31.123 [main][17767] DEBUG page_objects.Search - Title isRubbing Alcohol : Target
2022-01-04 22:10:31.124 [main][17768] INFO  step_definitions.SignInSteps - Title isRubbing Alcohol : Target
2022-01-04 22:10:31.686 [main][18330] INFO  step_definitions.Hooks - Close Browser
2022-01-04 22:10:32.762 [main][19406] INFO  step_definitions.Hooks - Launch Browser
2022-01-04 22:10:34.408 [main][21052] INFO  page_objects.HomePage - User Is In Home Page
2022-01-04 22:10:34.408 [main][21052] DEBUG page_objects.Search - Clicked On Search Box
2022-01-04 22:10:34.482 [main][21126] INFO  step_definitions.SignInSteps - User clicked on search button
2022-01-04 22:10:34.483 [main][21127] DEBUG page_objects.Search - Typing Products
2022-01-04 22:10:34.573 [main][21217] INFO  step_definitions.SignInSteps - User typingPs5
2022-01-04 22:10:34.574 [main][21218] DEBUG page_objects.Search - Clicked On Search icon
2022-01-04 22:10:35.703 [main][22347] INFO  step_definitions.SignInSteps - User Clicked On Search Icon
2022-01-04 22:10:35.745 [main][22389] DEBUG page_objects.Search - Title isPlayStation 5 : Target
2022-01-04 22:10:35.745 [main][22389] INFO  step_definitions.SignInSteps - Title isPlayStation 5 : Target
2022-01-04 22:10:36.313 [main][22957] INFO  step_definitions.Hooks - Close Browser
2022-01-04 22:10:37.386 [main][24030] INFO  step_definitions.Hooks - Launch Browser
2022-01-04 22:10:39.032 [main][25676] INFO  page_objects.HomePage - User Is In Home Page
2022-01-04 22:10:39.033 [main][25677] DEBUG page_objects.Search - Clicked On Search Box
2022-01-04 22:10:39.110 [main][25754] INFO  step_definitions.SignInSteps - User clicked on search button
2022-01-04 22:10:39.111 [main][25755] DEBUG page_objects.Search - Typing Products
2022-01-04 22:10:39.245 [main][25889] INFO  step_definitions.SignInSteps - User typingcoffee maker
2022-01-04 22:10:39.245 [main][25889] DEBUG page_objects.Search - Clicked On Search icon
2022-01-04 22:10:40.406 [main][27050] INFO  step_definitions.SignInSteps - User Clicked On Search Icon
2022-01-04 22:10:40.411 [main][27055] DEBUG page_objects.Search - Title isCoffee Maker : Target
2022-01-04 22:10:40.411 [main][27055] INFO  step_definitions.SignInSteps - Title isCoffee Maker : Target
2022-01-04 22:10:40.973 [main][27617] INFO  step_definitions.Hooks - Close Browser
