2022-01-04 19:18:29.069 [main][1343] DEBUG io.netty.util.internal.logging.InternalLoggerFactory - Using Log4J2 as the default logging framework
2022-01-04 19:18:29.073 [main][1347] DEBUG io.netty.util.ResourceLeakDetector - -Dio.netty.leakDetection.level: simple
2022-01-04 19:18:29.074 [main][1348] DEBUG io.netty.util.ResourceLeakDetector - -Dio.netty.leakDetection.targetRecords: 4
2022-01-04 19:18:29.075 [main][1349] DEBUG io.netty.util.ResourceLeakDetectorFactory - Loaded default ResourceLeakDetector: io.netty.util.ResourceLeakDetector@ffaaaf0
2022-01-04 19:18:29.085 [main][1359] DEBUG io.netty.util.internal.PlatformDependent0 - -Dio.netty.noUnsafe: false
2022-01-04 19:18:29.085 [main][1359] DEBUG io.netty.util.internal.PlatformDependent0 - Java version: 11
2022-01-04 19:18:29.086 [main][1360] DEBUG io.netty.util.internal.PlatformDependent0 - sun.misc.Unsafe.theUnsafe: available
2022-01-04 19:18:29.086 [main][1360] DEBUG io.netty.util.internal.PlatformDependent0 - sun.misc.Unsafe.copyMemory: available
2022-01-04 19:18:29.087 [main][1361] DEBUG io.netty.util.internal.PlatformDependent0 - java.nio.Buffer.address: available
2022-01-04 19:18:29.087 [main][1361] DEBUG io.netty.util.internal.PlatformDependent0 - direct buffer constructor: unavailable: Reflective setAccessible(true) disabled
2022-01-04 19:18:29.087 [main][1361] DEBUG io.netty.util.internal.PlatformDependent0 - java.nio.Bits.unaligned: available, true
2022-01-04 19:18:29.088 [main][1362] DEBUG io.netty.util.internal.PlatformDependent0 - jdk.internal.misc.Unsafe.allocateUninitializedArray(int): unavailable: class io.netty.util.internal.PlatformDependent0$6 cannot access class jdk.internal.misc.Unsafe (in module java.base) because module java.base does not export jdk.internal.misc to unnamed module @45820e51
2022-01-04 19:18:29.088 [main][1362] DEBUG io.netty.util.internal.PlatformDependent0 - java.nio.DirectByteBuffer.<init>(long, int): unavailable
2022-01-04 19:18:29.088 [main][1362] DEBUG io.netty.util.internal.PlatformDependent - sun.misc.Unsafe: available
2022-01-04 19:18:29.089 [main][1363] DEBUG io.netty.util.internal.PlatformDependent - maxDirectMemory: 17133731840 bytes (maybe)
2022-01-04 19:18:29.089 [main][1363] DEBUG io.netty.util.internal.PlatformDependent - -Dio.netty.tmpdir: C:\Users\ahmed\AppData\Local\Temp (java.io.tmpdir)
2022-01-04 19:18:29.089 [main][1363] DEBUG io.netty.util.internal.PlatformDependent - -Dio.netty.bitMode: 64 (sun.arch.data.model)
2022-01-04 19:18:29.090 [main][1364] DEBUG io.netty.util.internal.PlatformDependent - Platform: Windows
2022-01-04 19:18:29.090 [main][1364] DEBUG io.netty.util.internal.PlatformDependent - -Dio.netty.maxDirectMemory: -1 bytes
2022-01-04 19:18:29.090 [main][1364] DEBUG io.netty.util.internal.PlatformDependent - -Dio.netty.uninitializedArrayAllocationThreshold: -1
2022-01-04 19:18:29.091 [main][1365] DEBUG io.netty.util.internal.CleanerJava9 - java.nio.ByteBuffer.cleaner(): available
2022-01-04 19:18:29.091 [main][1365] DEBUG io.netty.util.internal.PlatformDependent - -Dio.netty.noPreferDirect: false
2022-01-04 19:18:29.095 [main][1369] DEBUG io.netty.util.internal.PlatformDependent - org.jctools-core.MpscChunkedArrayQueue: available
2022-01-04 19:18:29.104 [main][1378] DEBUG io.netty.util.internal.InternalThreadLocalMap - -Dio.netty.threadLocalMap.stringBuilder.initialSize: 1024
2022-01-04 19:18:29.104 [main][1378] DEBUG io.netty.util.internal.InternalThreadLocalMap - -Dio.netty.threadLocalMap.stringBuilder.maxSize: 4096
2022-01-04 19:18:29.111 [main][1385] DEBUG io.netty.handler.ssl.JdkSslContext - Default protocols (JDK): [TLSv1.3, TLSv1.2] 
2022-01-04 19:18:29.111 [main][1385] DEBUG io.netty.handler.ssl.JdkSslContext - Default cipher suites (JDK): [TLS_ECDHE_ECDSA_WITH_AES_256_GCM_SHA384, TLS_ECDHE_ECDSA_WITH_AES_128_GCM_SHA256, TLS_ECDHE_RSA_WITH_AES_128_GCM_SHA256, TLS_ECDHE_RSA_WITH_AES_256_GCM_SHA384, TLS_ECDHE_RSA_WITH_AES_128_CBC_SHA, TLS_ECDHE_RSA_WITH_AES_256_CBC_SHA, TLS_RSA_WITH_AES_128_GCM_SHA256, TLS_RSA_WITH_AES_128_CBC_SHA, TLS_RSA_WITH_AES_256_CBC_SHA, TLS_AES_128_GCM_SHA256, TLS_AES_256_GCM_SHA384]
2022-01-04 19:18:29.125 [main][1399] DEBUG io.netty.channel.MultithreadEventLoopGroup - -Dio.netty.eventLoopThreads: 40
2022-01-04 19:18:29.130 [main][1404] DEBUG io.netty.channel.nio.NioEventLoop - -Dio.netty.noKeySetOptimization: false
2022-01-04 19:18:29.130 [main][1404] DEBUG io.netty.channel.nio.NioEventLoop - -Dio.netty.selectorAutoRebuildThreshold: 512
2022-01-04 19:18:29.159 [main][1433] DEBUG io.netty.buffer.PooledByteBufAllocator - -Dio.netty.allocator.numHeapArenas: 40
2022-01-04 19:18:29.159 [main][1433] DEBUG io.netty.buffer.PooledByteBufAllocator - -Dio.netty.allocator.numDirectArenas: 40
2022-01-04 19:18:29.159 [main][1433] DEBUG io.netty.buffer.PooledByteBufAllocator - -Dio.netty.allocator.pageSize: 8192
2022-01-04 19:18:29.159 [main][1433] DEBUG io.netty.buffer.PooledByteBufAllocator - -Dio.netty.allocator.maxOrder: 11
2022-01-04 19:18:29.160 [main][1434] DEBUG io.netty.buffer.PooledByteBufAllocator - -Dio.netty.allocator.chunkSize: 16777216
2022-01-04 19:18:29.160 [main][1434] DEBUG io.netty.buffer.PooledByteBufAllocator - -Dio.netty.allocator.smallCacheSize: 256
2022-01-04 19:18:29.160 [main][1434] DEBUG io.netty.buffer.PooledByteBufAllocator - -Dio.netty.allocator.normalCacheSize: 64
2022-01-04 19:18:29.160 [main][1434] DEBUG io.netty.buffer.PooledByteBufAllocator - -Dio.netty.allocator.maxCachedBufferCapacity: 32768
2022-01-04 19:18:29.160 [main][1434] DEBUG io.netty.buffer.PooledByteBufAllocator - -Dio.netty.allocator.cacheTrimInterval: 8192
2022-01-04 19:18:29.160 [main][1434] DEBUG io.netty.buffer.PooledByteBufAllocator - -Dio.netty.allocator.cacheTrimIntervalMillis: 0
2022-01-04 19:18:29.160 [main][1434] DEBUG io.netty.buffer.PooledByteBufAllocator - -Dio.netty.allocator.useCacheForAllThreads: true
2022-01-04 19:18:29.160 [main][1434] DEBUG io.netty.buffer.PooledByteBufAllocator - -Dio.netty.allocator.maxCachedByteBuffersPerChunk: 1023
2022-01-04 19:18:29.166 [main][1440] DEBUG io.netty.buffer.ByteBufUtil - -Dio.netty.allocator.type: pooled
2022-01-04 19:18:29.166 [main][1440] DEBUG io.netty.buffer.ByteBufUtil - -Dio.netty.threadLocalDirectBufferSize: 0
2022-01-04 19:18:29.166 [main][1440] DEBUG io.netty.buffer.ByteBufUtil - -Dio.netty.maxThreadLocalCharBufferSize: 16384
2022-01-04 19:18:29.823 [Forwarding newSession on session null to remote][2097] DEBUG io.netty.channel.DefaultChannelId - -Dio.netty.processId: 48688 (auto-detected)
2022-01-04 19:18:29.824 [Forwarding newSession on session null to remote][2098] DEBUG io.netty.util.NetUtil - -Djava.net.preferIPv4Stack: false
2022-01-04 19:18:29.824 [Forwarding newSession on session null to remote][2098] DEBUG io.netty.util.NetUtil - -Djava.net.preferIPv6Addresses: false
2022-01-04 19:18:29.961 [Forwarding newSession on session null to remote][2235] DEBUG io.netty.util.NetUtilInitializations - Loopback interface: lo (Software Loopback Interface 1, 127.0.0.1)
2022-01-04 19:18:29.962 [Forwarding newSession on session null to remote][2236] DEBUG io.netty.util.NetUtil - Failed to get SOMAXCONN from sysctl and file \proc\sys\net\core\somaxconn. Default: 200
2022-01-04 19:18:30.107 [Forwarding newSession on session null to remote][2381] DEBUG io.netty.channel.DefaultChannelId - -Dio.netty.machineId: f0:2f:74:ff:fe:d4:02:2a (auto-detected)
2022-01-04 19:18:30.134 [AsyncHttpClient-1-2][2408] DEBUG io.netty.buffer.AbstractByteBuf - -Dio.netty.buffer.checkAccessible: true
2022-01-04 19:18:30.134 [AsyncHttpClient-1-2][2408] DEBUG io.netty.buffer.AbstractByteBuf - -Dio.netty.buffer.checkBounds: true
2022-01-04 19:18:30.134 [AsyncHttpClient-1-2][2408] DEBUG io.netty.util.ResourceLeakDetectorFactory - Loaded default ResourceLeakDetector: io.netty.util.ResourceLeakDetector@6cce5c90
2022-01-04 19:18:30.148 [AsyncHttpClient-1-2][2422] DEBUG io.netty.util.Recycler - -Dio.netty.recycler.maxCapacityPerThread: 4096
2022-01-04 19:18:30.148 [AsyncHttpClient-1-2][2422] DEBUG io.netty.util.Recycler - -Dio.netty.recycler.maxSharedCapacityFactor: 2
2022-01-04 19:18:30.148 [AsyncHttpClient-1-2][2422] DEBUG io.netty.util.Recycler - -Dio.netty.recycler.linkCapacity: 16
2022-01-04 19:18:30.149 [AsyncHttpClient-1-2][2423] DEBUG io.netty.util.Recycler - -Dio.netty.recycler.ratio: 8
2022-01-04 19:18:30.149 [AsyncHttpClient-1-2][2423] DEBUG io.netty.util.Recycler - -Dio.netty.recycler.delayedQueue.ratio: 8
2022-01-04 19:18:30.793 [AsyncHttpClient-1-2][3067] DEBUG io.netty.handler.codec.compression.Brotli - brotli4j not in the classpath; Brotli support will be unavailable.
2022-01-04 19:18:30.858 [main][3132] DEBUG io.netty.util.internal.ThreadLocalRandom - -Dio.netty.initialSeedUniquifier: 0x50627ea7b8c12592
2022-01-04 19:18:30.879 [main][3153] INFO  step_definitions.Hooks - Launch Browser
2022-01-04 19:18:34.172 [main][6446] INFO  page_objects.HomePage - User Is In Home Page
2022-01-04 19:18:34.174 [main][6448] DEBUG page_objects.Search - Clicked On Search Box
2022-01-04 19:18:34.273 [main][6547] INFO  step_definitions.SignInSteps - User clicked on search button
2022-01-04 19:18:34.274 [main][6548] DEBUG page_objects.Search - Typing Products
2022-01-04 19:18:34.439 [main][6713] INFO  step_definitions.SignInSteps - User typingFace Mask
2022-01-04 19:18:34.439 [main][6713] DEBUG page_objects.Search - Clicked On Search icon
2022-01-04 19:18:35.604 [main][7878] INFO  step_definitions.SignInSteps - User Clicked On Search Icon
2022-01-04 19:18:35.620 [main][7894] DEBUG page_objects.Search - Title isFace Mask : Target
2022-01-04 19:18:35.620 [main][7894] INFO  step_definitions.SignInSteps - Title isFace Mask : Target
2022-01-04 19:18:36.185 [main][8459] INFO  step_definitions.Hooks - Close Browser
2022-01-04 19:18:37.312 [main][9586] INFO  step_definitions.Hooks - Launch Browser
2022-01-04 19:18:39.999 [main][12273] INFO  page_objects.HomePage - User Is In Home Page
2022-01-04 19:18:39.999 [main][12273] DEBUG page_objects.Search - Clicked On Search Box
2022-01-04 19:18:40.080 [main][12354] INFO  step_definitions.SignInSteps - User clicked on search button
2022-01-04 19:18:40.081 [main][12355] DEBUG page_objects.Search - Typing Products
2022-01-04 19:18:40.240 [main][12514] INFO  step_definitions.SignInSteps - User typingHand sanitizer
2022-01-04 19:18:40.241 [main][12515] DEBUG page_objects.Search - Clicked On Search icon
2022-01-04 19:18:41.423 [main][13697] INFO  step_definitions.SignInSteps - User Clicked On Search Icon
2022-01-04 19:18:41.427 [main][13701] DEBUG page_objects.Search - Title isHand Sanitizer : Target
2022-01-04 19:18:41.427 [main][13701] INFO  step_definitions.SignInSteps - Title isHand Sanitizer : Target
2022-01-04 19:18:41.990 [main][14264] INFO  step_definitions.Hooks - Close Browser
2022-01-04 19:18:43.116 [main][15390] INFO  step_definitions.Hooks - Launch Browser
2022-01-04 19:18:44.740 [main][17014] INFO  page_objects.HomePage - User Is In Home Page
2022-01-04 19:18:44.740 [main][17014] DEBUG page_objects.Search - Clicked On Search Box
2022-01-04 19:18:44.820 [main][17094] INFO  step_definitions.SignInSteps - User clicked on search button
2022-01-04 19:18:44.821 [main][17095] DEBUG page_objects.Search - Typing Products
2022-01-04 19:18:44.987 [main][17261] INFO  step_definitions.SignInSteps - User typingRubbing alcohol
2022-01-04 19:18:44.987 [main][17261] DEBUG page_objects.Search - Clicked On Search icon
2022-01-04 19:18:46.172 [main][18446] INFO  step_definitions.SignInSteps - User Clicked On Search Icon
2022-01-04 19:18:46.195 [main][18469] DEBUG page_objects.Search - Title isRubbing Alcohol : Target
2022-01-04 19:18:46.195 [main][18469] INFO  step_definitions.SignInSteps - Title isRubbing Alcohol : Target
2022-01-04 19:18:46.761 [main][19035] INFO  step_definitions.Hooks - Close Browser
2022-01-04 19:18:47.833 [main][20107] INFO  step_definitions.Hooks - Launch Browser
2022-01-04 19:18:50.655 [main][22929] INFO  page_objects.HomePage - User Is In Home Page
2022-01-04 19:18:50.655 [main][22929] DEBUG page_objects.Search - Clicked On Search Box
2022-01-04 19:18:50.742 [main][23016] INFO  step_definitions.SignInSteps - User clicked on search button
2022-01-04 19:18:50.743 [main][23017] DEBUG page_objects.Search - Typing Products
2022-01-04 19:18:50.842 [main][23116] INFO  step_definitions.SignInSteps - User typingPs5
2022-01-04 19:18:50.843 [main][23117] DEBUG page_objects.Search - Clicked On Search icon
2022-01-04 19:18:51.981 [main][24255] INFO  step_definitions.SignInSteps - User Clicked On Search Icon
2022-01-04 19:18:52.274 [main][24548] DEBUG page_objects.Search - Title isPlayStation 5 : Target
2022-01-04 19:18:52.274 [main][24548] INFO  step_definitions.SignInSteps - Title isPlayStation 5 : Target
2022-01-04 19:18:52.850 [main][25124] INFO  step_definitions.Hooks - Close Browser
2022-01-04 19:18:53.924 [main][26198] INFO  step_definitions.Hooks - Launch Browser
2022-01-04 19:18:55.250 [main][27524] INFO  page_objects.HomePage - User Is In Home Page
2022-01-04 19:18:55.250 [main][27524] DEBUG page_objects.Search - Clicked On Search Box
2022-01-04 19:18:55.848 [main][28122] INFO  step_definitions.SignInSteps - User clicked on search button
2022-01-04 19:18:55.849 [main][28123] DEBUG page_objects.Search - Typing Products
2022-01-04 19:18:56.081 [main][28355] INFO  step_definitions.SignInSteps - User typingcoffee maker
2022-01-04 19:18:56.081 [main][28355] DEBUG page_objects.Search - Clicked On Search icon
2022-01-04 19:19:11.867 [main][44141] INFO  step_definitions.Hooks - Close Browser
