2022-01-04 19:08:55.349 [main][1080] DEBUG io.netty.util.internal.logging.InternalLoggerFactory - Using Log4J2 as the default logging framework
2022-01-04 19:08:55.353 [main][1084] DEBUG io.netty.util.ResourceLeakDetector - -Dio.netty.leakDetection.level: simple
2022-01-04 19:08:55.353 [main][1084] DEBUG io.netty.util.ResourceLeakDetector - -Dio.netty.leakDetection.targetRecords: 4
2022-01-04 19:08:55.356 [main][1087] DEBUG io.netty.util.ResourceLeakDetectorFactory - Loaded default ResourceLeakDetector: io.netty.util.ResourceLeakDetector@1d25c1c
2022-01-04 19:08:55.367 [main][1098] DEBUG io.netty.util.internal.PlatformDependent0 - -Dio.netty.noUnsafe: false
2022-01-04 19:08:55.367 [main][1098] DEBUG io.netty.util.internal.PlatformDependent0 - Java version: 11
2022-01-04 19:08:55.368 [main][1099] DEBUG io.netty.util.internal.PlatformDependent0 - sun.misc.Unsafe.theUnsafe: available
2022-01-04 19:08:55.368 [main][1099] DEBUG io.netty.util.internal.PlatformDependent0 - sun.misc.Unsafe.copyMemory: available
2022-01-04 19:08:55.368 [main][1099] DEBUG io.netty.util.internal.PlatformDependent0 - java.nio.Buffer.address: available
2022-01-04 19:08:55.368 [main][1099] DEBUG io.netty.util.internal.PlatformDependent0 - direct buffer constructor: unavailable: Reflective setAccessible(true) disabled
2022-01-04 19:08:55.369 [main][1100] DEBUG io.netty.util.internal.PlatformDependent0 - java.nio.Bits.unaligned: available, true
2022-01-04 19:08:55.369 [main][1100] DEBUG io.netty.util.internal.PlatformDependent0 - jdk.internal.misc.Unsafe.allocateUninitializedArray(int): unavailable: class io.netty.util.internal.PlatformDependent0$6 cannot access class jdk.internal.misc.Unsafe (in module java.base) because module java.base does not export jdk.internal.misc to unnamed module @45820e51
2022-01-04 19:08:55.370 [main][1101] DEBUG io.netty.util.internal.PlatformDependent0 - java.nio.DirectByteBuffer.<init>(long, int): unavailable
2022-01-04 19:08:55.370 [main][1101] DEBUG io.netty.util.internal.PlatformDependent - sun.misc.Unsafe: available
2022-01-04 19:08:55.371 [main][1102] DEBUG io.netty.util.internal.PlatformDependent - maxDirectMemory: 17133731840 bytes (maybe)
2022-01-04 19:08:55.371 [main][1102] DEBUG io.netty.util.internal.PlatformDependent - -Dio.netty.tmpdir: C:\Users\ahmed\AppData\Local\Temp (java.io.tmpdir)
2022-01-04 19:08:55.371 [main][1102] DEBUG io.netty.util.internal.PlatformDependent - -Dio.netty.bitMode: 64 (sun.arch.data.model)
2022-01-04 19:08:55.371 [main][1102] DEBUG io.netty.util.internal.PlatformDependent - Platform: Windows
2022-01-04 19:08:55.371 [main][1102] DEBUG io.netty.util.internal.PlatformDependent - -Dio.netty.maxDirectMemory: -1 bytes
2022-01-04 19:08:55.371 [main][1102] DEBUG io.netty.util.internal.PlatformDependent - -Dio.netty.uninitializedArrayAllocationThreshold: -1
2022-01-04 19:08:55.372 [main][1103] DEBUG io.netty.util.internal.CleanerJava9 - java.nio.ByteBuffer.cleaner(): available
2022-01-04 19:08:55.372 [main][1103] DEBUG io.netty.util.internal.PlatformDependent - -Dio.netty.noPreferDirect: false
2022-01-04 19:08:55.376 [main][1107] DEBUG io.netty.util.internal.PlatformDependent - org.jctools-core.MpscChunkedArrayQueue: available
2022-01-04 19:08:55.386 [main][1117] DEBUG io.netty.util.internal.InternalThreadLocalMap - -Dio.netty.threadLocalMap.stringBuilder.initialSize: 1024
2022-01-04 19:08:55.386 [main][1117] DEBUG io.netty.util.internal.InternalThreadLocalMap - -Dio.netty.threadLocalMap.stringBuilder.maxSize: 4096
2022-01-04 19:08:55.399 [main][1130] DEBUG io.netty.handler.ssl.JdkSslContext - Default protocols (JDK): [TLSv1.3, TLSv1.2] 
2022-01-04 19:08:55.400 [main][1131] DEBUG io.netty.handler.ssl.JdkSslContext - Default cipher suites (JDK): [TLS_ECDHE_ECDSA_WITH_AES_256_GCM_SHA384, TLS_ECDHE_ECDSA_WITH_AES_128_GCM_SHA256, TLS_ECDHE_RSA_WITH_AES_128_GCM_SHA256, TLS_ECDHE_RSA_WITH_AES_256_GCM_SHA384, TLS_ECDHE_RSA_WITH_AES_128_CBC_SHA, TLS_ECDHE_RSA_WITH_AES_256_CBC_SHA, TLS_RSA_WITH_AES_128_GCM_SHA256, TLS_RSA_WITH_AES_128_CBC_SHA, TLS_RSA_WITH_AES_256_CBC_SHA, TLS_AES_128_GCM_SHA256, TLS_AES_256_GCM_SHA384]
2022-01-04 19:08:55.415 [main][1146] DEBUG io.netty.channel.MultithreadEventLoopGroup - -Dio.netty.eventLoopThreads: 40
2022-01-04 19:08:55.420 [main][1151] DEBUG io.netty.channel.nio.NioEventLoop - -Dio.netty.noKeySetOptimization: false
2022-01-04 19:08:55.420 [main][1151] DEBUG io.netty.channel.nio.NioEventLoop - -Dio.netty.selectorAutoRebuildThreshold: 512
2022-01-04 19:08:55.447 [main][1178] DEBUG io.netty.buffer.PooledByteBufAllocator - -Dio.netty.allocator.numHeapArenas: 40
2022-01-04 19:08:55.448 [main][1179] DEBUG io.netty.buffer.PooledByteBufAllocator - -Dio.netty.allocator.numDirectArenas: 40
2022-01-04 19:08:55.448 [main][1179] DEBUG io.netty.buffer.PooledByteBufAllocator - -Dio.netty.allocator.pageSize: 8192
2022-01-04 19:08:55.448 [main][1179] DEBUG io.netty.buffer.PooledByteBufAllocator - -Dio.netty.allocator.maxOrder: 11
2022-01-04 19:08:55.448 [main][1179] DEBUG io.netty.buffer.PooledByteBufAllocator - -Dio.netty.allocator.chunkSize: 16777216
2022-01-04 19:08:55.448 [main][1179] DEBUG io.netty.buffer.PooledByteBufAllocator - -Dio.netty.allocator.smallCacheSize: 256
2022-01-04 19:08:55.448 [main][1179] DEBUG io.netty.buffer.PooledByteBufAllocator - -Dio.netty.allocator.normalCacheSize: 64
2022-01-04 19:08:55.448 [main][1179] DEBUG io.netty.buffer.PooledByteBufAllocator - -Dio.netty.allocator.maxCachedBufferCapacity: 32768
2022-01-04 19:08:55.448 [main][1179] DEBUG io.netty.buffer.PooledByteBufAllocator - -Dio.netty.allocator.cacheTrimInterval: 8192
2022-01-04 19:08:55.448 [main][1179] DEBUG io.netty.buffer.PooledByteBufAllocator - -Dio.netty.allocator.cacheTrimIntervalMillis: 0
2022-01-04 19:08:55.448 [main][1179] DEBUG io.netty.buffer.PooledByteBufAllocator - -Dio.netty.allocator.useCacheForAllThreads: true
2022-01-04 19:08:55.448 [main][1179] DEBUG io.netty.buffer.PooledByteBufAllocator - -Dio.netty.allocator.maxCachedByteBuffersPerChunk: 1023
2022-01-04 19:08:55.454 [main][1185] DEBUG io.netty.buffer.ByteBufUtil - -Dio.netty.allocator.type: pooled
2022-01-04 19:08:55.454 [main][1185] DEBUG io.netty.buffer.ByteBufUtil - -Dio.netty.threadLocalDirectBufferSize: 0
2022-01-04 19:08:55.454 [main][1185] DEBUG io.netty.buffer.ByteBufUtil - -Dio.netty.maxThreadLocalCharBufferSize: 16384
2022-01-04 19:08:56.095 [Forwarding newSession on session null to remote][1826] DEBUG io.netty.channel.DefaultChannelId - -Dio.netty.processId: 28412 (auto-detected)
2022-01-04 19:08:56.096 [Forwarding newSession on session null to remote][1827] DEBUG io.netty.util.NetUtil - -Djava.net.preferIPv4Stack: false
2022-01-04 19:08:56.096 [Forwarding newSession on session null to remote][1827] DEBUG io.netty.util.NetUtil - -Djava.net.preferIPv6Addresses: false
2022-01-04 19:08:56.234 [Forwarding newSession on session null to remote][1965] DEBUG io.netty.util.NetUtilInitializations - Loopback interface: lo (Software Loopback Interface 1, 127.0.0.1)
2022-01-04 19:08:56.235 [Forwarding newSession on session null to remote][1966] DEBUG io.netty.util.NetUtil - Failed to get SOMAXCONN from sysctl and file \proc\sys\net\core\somaxconn. Default: 200
2022-01-04 19:08:56.381 [Forwarding newSession on session null to remote][2112] DEBUG io.netty.channel.DefaultChannelId - -Dio.netty.machineId: f0:2f:74:ff:fe:d4:02:2a (auto-detected)
2022-01-04 19:08:56.408 [AsyncHttpClient-1-2][2139] DEBUG io.netty.buffer.AbstractByteBuf - -Dio.netty.buffer.checkAccessible: true
2022-01-04 19:08:56.408 [AsyncHttpClient-1-2][2139] DEBUG io.netty.buffer.AbstractByteBuf - -Dio.netty.buffer.checkBounds: true
2022-01-04 19:08:56.409 [AsyncHttpClient-1-2][2140] DEBUG io.netty.util.ResourceLeakDetectorFactory - Loaded default ResourceLeakDetector: io.netty.util.ResourceLeakDetector@5b336fb4
2022-01-04 19:08:56.428 [AsyncHttpClient-1-2][2159] DEBUG io.netty.util.Recycler - -Dio.netty.recycler.maxCapacityPerThread: 4096
2022-01-04 19:08:56.428 [AsyncHttpClient-1-2][2159] DEBUG io.netty.util.Recycler - -Dio.netty.recycler.maxSharedCapacityFactor: 2
2022-01-04 19:08:56.428 [AsyncHttpClient-1-2][2159] DEBUG io.netty.util.Recycler - -Dio.netty.recycler.linkCapacity: 16
2022-01-04 19:08:56.428 [AsyncHttpClient-1-2][2159] DEBUG io.netty.util.Recycler - -Dio.netty.recycler.ratio: 8
2022-01-04 19:08:56.428 [AsyncHttpClient-1-2][2159] DEBUG io.netty.util.Recycler - -Dio.netty.recycler.delayedQueue.ratio: 8
2022-01-04 19:08:57.022 [AsyncHttpClient-1-2][2753] DEBUG io.netty.handler.codec.compression.Brotli - brotli4j not in the classpath; Brotli support will be unavailable.
2022-01-04 19:08:57.085 [main][2816] DEBUG io.netty.util.internal.ThreadLocalRandom - -Dio.netty.initialSeedUniquifier: 0xd9a3c8c2cba2cdcc
2022-01-04 19:08:57.108 [main][2839] INFO  step_definitions.Hooks - Launch Browser
2022-01-04 19:09:00.116 [main][5847] INFO  page_objects.HomePage - User Is In Home Page
2022-01-04 19:09:00.181 [main][5912] INFO  step_definitions.SignInSteps - User Click On Sign In
2022-01-04 19:09:01.123 [main][6854] INFO  step_definitions.SignInSteps - User Click On Sign In From The Drop Down Menu
2022-01-04 19:09:01.837 [main][7568] INFO  step_definitions.SignInSteps - User Enter User Name And Password
2022-01-04 19:09:04.000 [main][9731] INFO  step_definitions.SignInSteps - User Click On Sign In
2022-01-04 19:09:04.570 [main][10301] INFO  step_definitions.Hooks - Close Browser
2022-01-04 19:09:05.704 [main][11435] INFO  step_definitions.Hooks - Launch Browser
2022-01-04 19:09:08.681 [main][14412] INFO  page_objects.HomePage - User Is In Home Page
2022-01-04 19:09:08.748 [main][14479] INFO  step_definitions.SignInSteps - User Click On Sign In
2022-01-04 19:09:09.650 [main][15381] INFO  step_definitions.SignInSteps - User Click On Sign In From The Drop Down Menu
2022-01-04 19:09:10.360 [main][16091] INFO  step_definitions.SignInSteps - User Enter User Name And Password
2022-01-04 19:09:12.521 [main][18252] INFO  step_definitions.SignInSteps - User Click On Sign In
2022-01-04 19:09:13.085 [main][18816] INFO  step_definitions.Hooks - Close Browser
