2022-01-04 21:57:24.565 [main][1041] DEBUG io.netty.util.internal.logging.InternalLoggerFactory - Using Log4J2 as the default logging framework
2022-01-04 21:57:24.570 [main][1046] DEBUG io.netty.util.ResourceLeakDetector - -Dio.netty.leakDetection.level: simple
2022-01-04 21:57:24.570 [main][1046] DEBUG io.netty.util.ResourceLeakDetector - -Dio.netty.leakDetection.targetRecords: 4
2022-01-04 21:57:24.572 [main][1048] DEBUG io.netty.util.ResourceLeakDetectorFactory - Loaded default ResourceLeakDetector: io.netty.util.ResourceLeakDetector@1d25c1c
2022-01-04 21:57:24.583 [main][1059] DEBUG io.netty.util.internal.PlatformDependent0 - -Dio.netty.noUnsafe: false
2022-01-04 21:57:24.583 [main][1059] DEBUG io.netty.util.internal.PlatformDependent0 - Java version: 11
2022-01-04 21:57:24.584 [main][1060] DEBUG io.netty.util.internal.PlatformDependent0 - sun.misc.Unsafe.theUnsafe: available
2022-01-04 21:57:24.584 [main][1060] DEBUG io.netty.util.internal.PlatformDependent0 - sun.misc.Unsafe.copyMemory: available
2022-01-04 21:57:24.584 [main][1060] DEBUG io.netty.util.internal.PlatformDependent0 - java.nio.Buffer.address: available
2022-01-04 21:57:24.585 [main][1061] DEBUG io.netty.util.internal.PlatformDependent0 - direct buffer constructor: unavailable: Reflective setAccessible(true) disabled
2022-01-04 21:57:24.585 [main][1061] DEBUG io.netty.util.internal.PlatformDependent0 - java.nio.Bits.unaligned: available, true
2022-01-04 21:57:24.586 [main][1062] DEBUG io.netty.util.internal.PlatformDependent0 - jdk.internal.misc.Unsafe.allocateUninitializedArray(int): unavailable: class io.netty.util.internal.PlatformDependent0$6 cannot access class jdk.internal.misc.Unsafe (in module java.base) because module java.base does not export jdk.internal.misc to unnamed module @45820e51
2022-01-04 21:57:24.586 [main][1062] DEBUG io.netty.util.internal.PlatformDependent0 - java.nio.DirectByteBuffer.<init>(long, int): unavailable
2022-01-04 21:57:24.586 [main][1062] DEBUG io.netty.util.internal.PlatformDependent - sun.misc.Unsafe: available
2022-01-04 21:57:24.587 [main][1063] DEBUG io.netty.util.internal.PlatformDependent - maxDirectMemory: 17133731840 bytes (maybe)
2022-01-04 21:57:24.587 [main][1063] DEBUG io.netty.util.internal.PlatformDependent - -Dio.netty.tmpdir: C:\Users\ahmed\AppData\Local\Temp (java.io.tmpdir)
2022-01-04 21:57:24.587 [main][1063] DEBUG io.netty.util.internal.PlatformDependent - -Dio.netty.bitMode: 64 (sun.arch.data.model)
2022-01-04 21:57:24.587 [main][1063] DEBUG io.netty.util.internal.PlatformDependent - Platform: Windows
2022-01-04 21:57:24.587 [main][1063] DEBUG io.netty.util.internal.PlatformDependent - -Dio.netty.maxDirectMemory: -1 bytes
2022-01-04 21:57:24.587 [main][1063] DEBUG io.netty.util.internal.PlatformDependent - -Dio.netty.uninitializedArrayAllocationThreshold: -1
2022-01-04 21:57:24.588 [main][1064] DEBUG io.netty.util.internal.CleanerJava9 - java.nio.ByteBuffer.cleaner(): available
2022-01-04 21:57:24.588 [main][1064] DEBUG io.netty.util.internal.PlatformDependent - -Dio.netty.noPreferDirect: false
2022-01-04 21:57:24.592 [main][1068] DEBUG io.netty.util.internal.PlatformDependent - org.jctools-core.MpscChunkedArrayQueue: available
2022-01-04 21:57:24.602 [main][1078] DEBUG io.netty.util.internal.InternalThreadLocalMap - -Dio.netty.threadLocalMap.stringBuilder.initialSize: 1024
2022-01-04 21:57:24.602 [main][1078] DEBUG io.netty.util.internal.InternalThreadLocalMap - -Dio.netty.threadLocalMap.stringBuilder.maxSize: 4096
2022-01-04 21:57:24.614 [main][1090] DEBUG io.netty.handler.ssl.JdkSslContext - Default protocols (JDK): [TLSv1.3, TLSv1.2] 
2022-01-04 21:57:24.614 [main][1090] DEBUG io.netty.handler.ssl.JdkSslContext - Default cipher suites (JDK): [TLS_ECDHE_ECDSA_WITH_AES_256_GCM_SHA384, TLS_ECDHE_ECDSA_WITH_AES_128_GCM_SHA256, TLS_ECDHE_RSA_WITH_AES_128_GCM_SHA256, TLS_ECDHE_RSA_WITH_AES_256_GCM_SHA384, TLS_ECDHE_RSA_WITH_AES_128_CBC_SHA, TLS_ECDHE_RSA_WITH_AES_256_CBC_SHA, TLS_RSA_WITH_AES_128_GCM_SHA256, TLS_RSA_WITH_AES_128_CBC_SHA, TLS_RSA_WITH_AES_256_CBC_SHA, TLS_AES_128_GCM_SHA256, TLS_AES_256_GCM_SHA384]
2022-01-04 21:57:24.627 [main][1103] DEBUG io.netty.channel.MultithreadEventLoopGroup - -Dio.netty.eventLoopThreads: 40
2022-01-04 21:57:24.632 [main][1108] DEBUG io.netty.channel.nio.NioEventLoop - -Dio.netty.noKeySetOptimization: false
2022-01-04 21:57:24.632 [main][1108] DEBUG io.netty.channel.nio.NioEventLoop - -Dio.netty.selectorAutoRebuildThreshold: 512
2022-01-04 21:57:24.659 [main][1135] DEBUG io.netty.buffer.PooledByteBufAllocator - -Dio.netty.allocator.numHeapArenas: 40
2022-01-04 21:57:24.660 [main][1136] DEBUG io.netty.buffer.PooledByteBufAllocator - -Dio.netty.allocator.numDirectArenas: 40
2022-01-04 21:57:24.660 [main][1136] DEBUG io.netty.buffer.PooledByteBufAllocator - -Dio.netty.allocator.pageSize: 8192
2022-01-04 21:57:24.660 [main][1136] DEBUG io.netty.buffer.PooledByteBufAllocator - -Dio.netty.allocator.maxOrder: 11
2022-01-04 21:57:24.660 [main][1136] DEBUG io.netty.buffer.PooledByteBufAllocator - -Dio.netty.allocator.chunkSize: 16777216
2022-01-04 21:57:24.660 [main][1136] DEBUG io.netty.buffer.PooledByteBufAllocator - -Dio.netty.allocator.smallCacheSize: 256
2022-01-04 21:57:24.660 [main][1136] DEBUG io.netty.buffer.PooledByteBufAllocator - -Dio.netty.allocator.normalCacheSize: 64
2022-01-04 21:57:24.660 [main][1136] DEBUG io.netty.buffer.PooledByteBufAllocator - -Dio.netty.allocator.maxCachedBufferCapacity: 32768
2022-01-04 21:57:24.660 [main][1136] DEBUG io.netty.buffer.PooledByteBufAllocator - -Dio.netty.allocator.cacheTrimInterval: 8192
2022-01-04 21:57:24.660 [main][1136] DEBUG io.netty.buffer.PooledByteBufAllocator - -Dio.netty.allocator.cacheTrimIntervalMillis: 0
2022-01-04 21:57:24.660 [main][1136] DEBUG io.netty.buffer.PooledByteBufAllocator - -Dio.netty.allocator.useCacheForAllThreads: true
2022-01-04 21:57:24.660 [main][1136] DEBUG io.netty.buffer.PooledByteBufAllocator - -Dio.netty.allocator.maxCachedByteBuffersPerChunk: 1023
2022-01-04 21:57:24.666 [main][1142] DEBUG io.netty.buffer.ByteBufUtil - -Dio.netty.allocator.type: pooled
2022-01-04 21:57:24.666 [main][1142] DEBUG io.netty.buffer.ByteBufUtil - -Dio.netty.threadLocalDirectBufferSize: 0
2022-01-04 21:57:24.666 [main][1142] DEBUG io.netty.buffer.ByteBufUtil - -Dio.netty.maxThreadLocalCharBufferSize: 16384
2022-01-04 21:57:25.304 [Forwarding newSession on session null to remote][1780] DEBUG io.netty.channel.DefaultChannelId - -Dio.netty.processId: 17300 (auto-detected)
2022-01-04 21:57:25.305 [Forwarding newSession on session null to remote][1781] DEBUG io.netty.util.NetUtil - -Djava.net.preferIPv4Stack: false
2022-01-04 21:57:25.305 [Forwarding newSession on session null to remote][1781] DEBUG io.netty.util.NetUtil - -Djava.net.preferIPv6Addresses: false
2022-01-04 21:57:25.441 [Forwarding newSession on session null to remote][1917] DEBUG io.netty.util.NetUtilInitializations - Loopback interface: lo (Software Loopback Interface 1, 127.0.0.1)
2022-01-04 21:57:25.442 [Forwarding newSession on session null to remote][1918] DEBUG io.netty.util.NetUtil - Failed to get SOMAXCONN from sysctl and file \proc\sys\net\core\somaxconn. Default: 200
2022-01-04 21:57:25.586 [Forwarding newSession on session null to remote][2062] DEBUG io.netty.channel.DefaultChannelId - -Dio.netty.machineId: f0:2f:74:ff:fe:d4:02:2a (auto-detected)
2022-01-04 21:57:25.612 [AsyncHttpClient-1-2][2088] DEBUG io.netty.buffer.AbstractByteBuf - -Dio.netty.buffer.checkAccessible: true
2022-01-04 21:57:25.612 [AsyncHttpClient-1-2][2088] DEBUG io.netty.buffer.AbstractByteBuf - -Dio.netty.buffer.checkBounds: true
2022-01-04 21:57:25.612 [AsyncHttpClient-1-2][2088] DEBUG io.netty.util.ResourceLeakDetectorFactory - Loaded default ResourceLeakDetector: io.netty.util.ResourceLeakDetector@144bcdf6
2022-01-04 21:57:25.625 [AsyncHttpClient-1-2][2101] DEBUG io.netty.util.Recycler - -Dio.netty.recycler.maxCapacityPerThread: 4096
2022-01-04 21:57:25.625 [AsyncHttpClient-1-2][2101] DEBUG io.netty.util.Recycler - -Dio.netty.recycler.maxSharedCapacityFactor: 2
2022-01-04 21:57:25.625 [AsyncHttpClient-1-2][2101] DEBUG io.netty.util.Recycler - -Dio.netty.recycler.linkCapacity: 16
2022-01-04 21:57:25.625 [AsyncHttpClient-1-2][2101] DEBUG io.netty.util.Recycler - -Dio.netty.recycler.ratio: 8
2022-01-04 21:57:25.625 [AsyncHttpClient-1-2][2101] DEBUG io.netty.util.Recycler - -Dio.netty.recycler.delayedQueue.ratio: 8
2022-01-04 21:57:26.227 [AsyncHttpClient-1-2][2703] DEBUG io.netty.handler.codec.compression.Brotli - brotli4j not in the classpath; Brotli support will be unavailable.
2022-01-04 21:57:26.289 [main][2765] DEBUG io.netty.util.internal.ThreadLocalRandom - -Dio.netty.initialSeedUniquifier: 0x22e93cb006b5c594
2022-01-04 21:57:26.310 [main][2786] INFO  step_definitions.Hooks - Launch Browser
2022-01-04 21:57:28.220 [main][4696] INFO  page_objects.HomePage - User Is In Home Page
2022-01-04 21:57:28.221 [main][4697] DEBUG page_objects.Categories - Click On Deals
2022-01-04 21:57:29.287 [main][5763] DEBUG page_objects.Categories - Chose on going deals
2022-01-04 21:57:29.597 [main][6073] DEBUG page_objects.Categories - User is in the category page
2022-01-04 21:57:31.597 [main][8073] DEBUG page_objects.Categories - Page Title isNew Arrivals & 2022 Fashion Trends for Women : Target
2022-01-04 21:57:32.177 [main][8653] INFO  step_definitions.Hooks - Close Browser
2022-01-04 21:57:33.361 [main][9837] INFO  step_definitions.Hooks - Launch Browser
2022-01-04 21:57:35.011 [main][11487] INFO  page_objects.HomePage - User Is In Home Page
2022-01-04 21:57:35.012 [main][11488] DEBUG page_objects.Categories - Click On Deals
2022-01-04 21:57:36.078 [main][12554] DEBUG page_objects.Categories - Chose on going deals
2022-01-04 21:57:36.387 [main][12863] DEBUG page_objects.Categories - User is in the category page
2022-01-04 21:57:38.388 [main][14864] DEBUG page_objects.Categories - Page Title isMen's New Arrivals : Target
2022-01-04 21:57:39.126 [main][15602] INFO  step_definitions.Hooks - Close Browser
2022-01-04 21:57:40.254 [main][16730] INFO  step_definitions.Hooks - Launch Browser
2022-01-04 21:57:42.998 [main][19474] INFO  page_objects.HomePage - User Is In Home Page
2022-01-04 21:57:42.999 [main][19475] DEBUG page_objects.Categories - Click On Deals
2022-01-04 21:57:44.066 [main][20542] DEBUG page_objects.Categories - Chose on going deals
2022-01-04 21:57:44.391 [main][20867] DEBUG page_objects.Categories - User is in the category page
2022-01-04 21:57:46.391 [main][22867] DEBUG page_objects.Categories - Page Title isKids' New Arrivals : Target
2022-01-04 21:57:46.976 [main][23452] INFO  step_definitions.Hooks - Close Browser
