2022-01-04 22:09:23.743 [main][1064] DEBUG io.netty.util.internal.logging.InternalLoggerFactory - Using Log4J2 as the default logging framework
2022-01-04 22:09:23.748 [main][1069] DEBUG io.netty.util.ResourceLeakDetector - -Dio.netty.leakDetection.level: simple
2022-01-04 22:09:23.748 [main][1069] DEBUG io.netty.util.ResourceLeakDetector - -Dio.netty.leakDetection.targetRecords: 4
2022-01-04 22:09:23.750 [main][1071] DEBUG io.netty.util.ResourceLeakDetectorFactory - Loaded default ResourceLeakDetector: io.netty.util.ResourceLeakDetector@3daa82be
2022-01-04 22:09:23.760 [main][1081] DEBUG io.netty.util.internal.PlatformDependent0 - -Dio.netty.noUnsafe: false
2022-01-04 22:09:23.761 [main][1082] DEBUG io.netty.util.internal.PlatformDependent0 - Java version: 11
2022-01-04 22:09:23.762 [main][1083] DEBUG io.netty.util.internal.PlatformDependent0 - sun.misc.Unsafe.theUnsafe: available
2022-01-04 22:09:23.762 [main][1083] DEBUG io.netty.util.internal.PlatformDependent0 - sun.misc.Unsafe.copyMemory: available
2022-01-04 22:09:23.762 [main][1083] DEBUG io.netty.util.internal.PlatformDependent0 - java.nio.Buffer.address: available
2022-01-04 22:09:23.762 [main][1083] DEBUG io.netty.util.internal.PlatformDependent0 - direct buffer constructor: unavailable: Reflective setAccessible(true) disabled
2022-01-04 22:09:23.763 [main][1084] DEBUG io.netty.util.internal.PlatformDependent0 - java.nio.Bits.unaligned: available, true
2022-01-04 22:09:23.763 [main][1084] DEBUG io.netty.util.internal.PlatformDependent0 - jdk.internal.misc.Unsafe.allocateUninitializedArray(int): unavailable: class io.netty.util.internal.PlatformDependent0$6 cannot access class jdk.internal.misc.Unsafe (in module java.base) because module java.base does not export jdk.internal.misc to unnamed module @45820e51
2022-01-04 22:09:23.764 [main][1085] DEBUG io.netty.util.internal.PlatformDependent0 - java.nio.DirectByteBuffer.<init>(long, int): unavailable
2022-01-04 22:09:23.764 [main][1085] DEBUG io.netty.util.internal.PlatformDependent - sun.misc.Unsafe: available
2022-01-04 22:09:23.764 [main][1085] DEBUG io.netty.util.internal.PlatformDependent - maxDirectMemory: 17133731840 bytes (maybe)
2022-01-04 22:09:23.765 [main][1086] DEBUG io.netty.util.internal.PlatformDependent - -Dio.netty.tmpdir: C:\Users\ahmed\AppData\Local\Temp (java.io.tmpdir)
2022-01-04 22:09:23.765 [main][1086] DEBUG io.netty.util.internal.PlatformDependent - -Dio.netty.bitMode: 64 (sun.arch.data.model)
2022-01-04 22:09:23.765 [main][1086] DEBUG io.netty.util.internal.PlatformDependent - Platform: Windows
2022-01-04 22:09:23.765 [main][1086] DEBUG io.netty.util.internal.PlatformDependent - -Dio.netty.maxDirectMemory: -1 bytes
2022-01-04 22:09:23.765 [main][1086] DEBUG io.netty.util.internal.PlatformDependent - -Dio.netty.uninitializedArrayAllocationThreshold: -1
2022-01-04 22:09:23.766 [main][1087] DEBUG io.netty.util.internal.CleanerJava9 - java.nio.ByteBuffer.cleaner(): available
2022-01-04 22:09:23.766 [main][1087] DEBUG io.netty.util.internal.PlatformDependent - -Dio.netty.noPreferDirect: false
2022-01-04 22:09:23.770 [main][1091] DEBUG io.netty.util.internal.PlatformDependent - org.jctools-core.MpscChunkedArrayQueue: available
2022-01-04 22:09:23.779 [main][1100] DEBUG io.netty.util.internal.InternalThreadLocalMap - -Dio.netty.threadLocalMap.stringBuilder.initialSize: 1024
2022-01-04 22:09:23.779 [main][1100] DEBUG io.netty.util.internal.InternalThreadLocalMap - -Dio.netty.threadLocalMap.stringBuilder.maxSize: 4096
2022-01-04 22:09:23.791 [main][1112] DEBUG io.netty.handler.ssl.JdkSslContext - Default protocols (JDK): [TLSv1.3, TLSv1.2] 
2022-01-04 22:09:23.791 [main][1112] DEBUG io.netty.handler.ssl.JdkSslContext - Default cipher suites (JDK): [TLS_ECDHE_ECDSA_WITH_AES_256_GCM_SHA384, TLS_ECDHE_ECDSA_WITH_AES_128_GCM_SHA256, TLS_ECDHE_RSA_WITH_AES_128_GCM_SHA256, TLS_ECDHE_RSA_WITH_AES_256_GCM_SHA384, TLS_ECDHE_RSA_WITH_AES_128_CBC_SHA, TLS_ECDHE_RSA_WITH_AES_256_CBC_SHA, TLS_RSA_WITH_AES_128_GCM_SHA256, TLS_RSA_WITH_AES_128_CBC_SHA, TLS_RSA_WITH_AES_256_CBC_SHA, TLS_AES_128_GCM_SHA256, TLS_AES_256_GCM_SHA384]
2022-01-04 22:09:23.805 [main][1126] DEBUG io.netty.channel.MultithreadEventLoopGroup - -Dio.netty.eventLoopThreads: 40
2022-01-04 22:09:23.809 [main][1130] DEBUG io.netty.channel.nio.NioEventLoop - -Dio.netty.noKeySetOptimization: false
2022-01-04 22:09:23.809 [main][1130] DEBUG io.netty.channel.nio.NioEventLoop - -Dio.netty.selectorAutoRebuildThreshold: 512
2022-01-04 22:09:23.837 [main][1158] DEBUG io.netty.buffer.PooledByteBufAllocator - -Dio.netty.allocator.numHeapArenas: 40
2022-01-04 22:09:23.837 [main][1158] DEBUG io.netty.buffer.PooledByteBufAllocator - -Dio.netty.allocator.numDirectArenas: 40
2022-01-04 22:09:23.837 [main][1158] DEBUG io.netty.buffer.PooledByteBufAllocator - -Dio.netty.allocator.pageSize: 8192
2022-01-04 22:09:23.837 [main][1158] DEBUG io.netty.buffer.PooledByteBufAllocator - -Dio.netty.allocator.maxOrder: 11
2022-01-04 22:09:23.837 [main][1158] DEBUG io.netty.buffer.PooledByteBufAllocator - -Dio.netty.allocator.chunkSize: 16777216
2022-01-04 22:09:23.837 [main][1158] DEBUG io.netty.buffer.PooledByteBufAllocator - -Dio.netty.allocator.smallCacheSize: 256
2022-01-04 22:09:23.837 [main][1158] DEBUG io.netty.buffer.PooledByteBufAllocator - -Dio.netty.allocator.normalCacheSize: 64
2022-01-04 22:09:23.837 [main][1158] DEBUG io.netty.buffer.PooledByteBufAllocator - -Dio.netty.allocator.maxCachedBufferCapacity: 32768
2022-01-04 22:09:23.837 [main][1158] DEBUG io.netty.buffer.PooledByteBufAllocator - -Dio.netty.allocator.cacheTrimInterval: 8192
2022-01-04 22:09:23.837 [main][1158] DEBUG io.netty.buffer.PooledByteBufAllocator - -Dio.netty.allocator.cacheTrimIntervalMillis: 0
2022-01-04 22:09:23.837 [main][1158] DEBUG io.netty.buffer.PooledByteBufAllocator - -Dio.netty.allocator.useCacheForAllThreads: true
2022-01-04 22:09:23.837 [main][1158] DEBUG io.netty.buffer.PooledByteBufAllocator - -Dio.netty.allocator.maxCachedByteBuffersPerChunk: 1023
2022-01-04 22:09:23.844 [main][1165] DEBUG io.netty.buffer.ByteBufUtil - -Dio.netty.allocator.type: pooled
2022-01-04 22:09:23.844 [main][1165] DEBUG io.netty.buffer.ByteBufUtil - -Dio.netty.threadLocalDirectBufferSize: 0
2022-01-04 22:09:23.844 [main][1165] DEBUG io.netty.buffer.ByteBufUtil - -Dio.netty.maxThreadLocalCharBufferSize: 16384
2022-01-04 22:09:24.484 [Forwarding newSession on session null to remote][1805] DEBUG io.netty.channel.DefaultChannelId - -Dio.netty.processId: 53620 (auto-detected)
2022-01-04 22:09:24.485 [Forwarding newSession on session null to remote][1806] DEBUG io.netty.util.NetUtil - -Djava.net.preferIPv4Stack: false
2022-01-04 22:09:24.485 [Forwarding newSession on session null to remote][1806] DEBUG io.netty.util.NetUtil - -Djava.net.preferIPv6Addresses: false
2022-01-04 22:09:24.618 [Forwarding newSession on session null to remote][1939] DEBUG io.netty.util.NetUtilInitializations - Loopback interface: lo (Software Loopback Interface 1, 127.0.0.1)
2022-01-04 22:09:24.619 [Forwarding newSession on session null to remote][1940] DEBUG io.netty.util.NetUtil - Failed to get SOMAXCONN from sysctl and file \proc\sys\net\core\somaxconn. Default: 200
2022-01-04 22:09:24.763 [Forwarding newSession on session null to remote][2084] DEBUG io.netty.channel.DefaultChannelId - -Dio.netty.machineId: f0:2f:74:ff:fe:d4:02:2a (auto-detected)
2022-01-04 22:09:24.789 [AsyncHttpClient-1-2][2110] DEBUG io.netty.buffer.AbstractByteBuf - -Dio.netty.buffer.checkAccessible: true
2022-01-04 22:09:24.789 [AsyncHttpClient-1-2][2110] DEBUG io.netty.buffer.AbstractByteBuf - -Dio.netty.buffer.checkBounds: true
2022-01-04 22:09:24.790 [AsyncHttpClient-1-2][2111] DEBUG io.netty.util.ResourceLeakDetectorFactory - Loaded default ResourceLeakDetector: io.netty.util.ResourceLeakDetector@4e4230d8
2022-01-04 22:09:24.809 [AsyncHttpClient-1-2][2130] DEBUG io.netty.util.Recycler - -Dio.netty.recycler.maxCapacityPerThread: 4096
2022-01-04 22:09:24.809 [AsyncHttpClient-1-2][2130] DEBUG io.netty.util.Recycler - -Dio.netty.recycler.maxSharedCapacityFactor: 2
2022-01-04 22:09:24.809 [AsyncHttpClient-1-2][2130] DEBUG io.netty.util.Recycler - -Dio.netty.recycler.linkCapacity: 16
2022-01-04 22:09:24.809 [AsyncHttpClient-1-2][2130] DEBUG io.netty.util.Recycler - -Dio.netty.recycler.ratio: 8
2022-01-04 22:09:24.810 [AsyncHttpClient-1-2][2131] DEBUG io.netty.util.Recycler - -Dio.netty.recycler.delayedQueue.ratio: 8
2022-01-04 22:09:25.403 [AsyncHttpClient-1-2][2724] DEBUG io.netty.handler.codec.compression.Brotli - brotli4j not in the classpath; Brotli support will be unavailable.
2022-01-04 22:09:25.468 [main][2789] DEBUG io.netty.util.internal.ThreadLocalRandom - -Dio.netty.initialSeedUniquifier: 0x563059cdb2113120
2022-01-04 22:09:25.489 [main][2810] INFO  step_definitions.Hooks - Launch Browser
2022-01-04 22:09:27.213 [main][4534] INFO  page_objects.HomePage - User Is In Home Page
2022-01-04 22:09:27.215 [main][4536] DEBUG page_objects.Categories - Click On Deals
2022-01-04 22:09:28.284 [main][5605] DEBUG page_objects.Categories - Chose on going deals
2022-01-04 22:09:28.589 [main][5910] DEBUG page_objects.Categories - User is in the category page
2022-01-04 22:09:31.163 [main][8484] INFO  step_definitions.Hooks - Close Browser
2022-01-04 22:09:32.347 [main][9668] INFO  step_definitions.Hooks - Launch Browser
2022-01-04 22:09:35.093 [main][12414] INFO  page_objects.HomePage - User Is In Home Page
2022-01-04 22:09:35.094 [main][12415] DEBUG page_objects.Categories - Click On Deals
2022-01-04 22:09:36.163 [main][13484] DEBUG page_objects.Categories - Chose on going deals
2022-01-04 22:09:36.476 [main][13797] DEBUG page_objects.Categories - User is in the category page
2022-01-04 22:09:39.051 [main][16372] INFO  step_definitions.Hooks - Close Browser
2022-01-04 22:09:40.230 [main][17551] INFO  step_definitions.Hooks - Launch Browser
2022-01-04 22:09:41.915 [main][19236] INFO  page_objects.HomePage - User Is In Home Page
2022-01-04 22:09:41.916 [main][19237] DEBUG page_objects.Categories - Click On Deals
2022-01-04 22:09:42.984 [main][20305] DEBUG page_objects.Categories - Chose on going deals
2022-01-04 22:09:43.292 [main][20613] DEBUG page_objects.Categories - User is in the category page
2022-01-04 22:09:45.864 [main][23185] INFO  step_definitions.Hooks - Close Browser
