2022-01-04 20:34:53.138 [main][1310] DEBUG io.netty.util.internal.logging.InternalLoggerFactory - Using Log4J2 as the default logging framework
2022-01-04 20:34:53.143 [main][1315] DEBUG io.netty.util.ResourceLeakDetector - -Dio.netty.leakDetection.level: simple
2022-01-04 20:34:53.143 [main][1315] DEBUG io.netty.util.ResourceLeakDetector - -Dio.netty.leakDetection.targetRecords: 4
2022-01-04 20:34:53.144 [main][1316] DEBUG io.netty.util.ResourceLeakDetectorFactory - Loaded default ResourceLeakDetector: io.netty.util.ResourceLeakDetector@33d53216
2022-01-04 20:34:53.154 [main][1326] DEBUG io.netty.util.internal.PlatformDependent0 - -Dio.netty.noUnsafe: false
2022-01-04 20:34:53.154 [main][1326] DEBUG io.netty.util.internal.PlatformDependent0 - Java version: 11
2022-01-04 20:34:53.155 [main][1327] DEBUG io.netty.util.internal.PlatformDependent0 - sun.misc.Unsafe.theUnsafe: available
2022-01-04 20:34:53.155 [main][1327] DEBUG io.netty.util.internal.PlatformDependent0 - sun.misc.Unsafe.copyMemory: available
2022-01-04 20:34:53.156 [main][1328] DEBUG io.netty.util.internal.PlatformDependent0 - java.nio.Buffer.address: available
2022-01-04 20:34:53.156 [main][1328] DEBUG io.netty.util.internal.PlatformDependent0 - direct buffer constructor: unavailable: Reflective setAccessible(true) disabled
2022-01-04 20:34:53.156 [main][1328] DEBUG io.netty.util.internal.PlatformDependent0 - java.nio.Bits.unaligned: available, true
2022-01-04 20:34:53.157 [main][1329] DEBUG io.netty.util.internal.PlatformDependent0 - jdk.internal.misc.Unsafe.allocateUninitializedArray(int): unavailable: class io.netty.util.internal.PlatformDependent0$6 cannot access class jdk.internal.misc.Unsafe (in module java.base) because module java.base does not export jdk.internal.misc to unnamed module @45820e51
2022-01-04 20:34:53.157 [main][1329] DEBUG io.netty.util.internal.PlatformDependent0 - java.nio.DirectByteBuffer.<init>(long, int): unavailable
2022-01-04 20:34:53.157 [main][1329] DEBUG io.netty.util.internal.PlatformDependent - sun.misc.Unsafe: available
2022-01-04 20:34:53.158 [main][1330] DEBUG io.netty.util.internal.PlatformDependent - maxDirectMemory: 17133731840 bytes (maybe)
2022-01-04 20:34:53.158 [main][1330] DEBUG io.netty.util.internal.PlatformDependent - -Dio.netty.tmpdir: C:\Users\ahmed\AppData\Local\Temp (java.io.tmpdir)
2022-01-04 20:34:53.158 [main][1330] DEBUG io.netty.util.internal.PlatformDependent - -Dio.netty.bitMode: 64 (sun.arch.data.model)
2022-01-04 20:34:53.158 [main][1330] DEBUG io.netty.util.internal.PlatformDependent - Platform: Windows
2022-01-04 20:34:53.158 [main][1330] DEBUG io.netty.util.internal.PlatformDependent - -Dio.netty.maxDirectMemory: -1 bytes
2022-01-04 20:34:53.159 [main][1331] DEBUG io.netty.util.internal.PlatformDependent - -Dio.netty.uninitializedArrayAllocationThreshold: -1
2022-01-04 20:34:53.159 [main][1331] DEBUG io.netty.util.internal.CleanerJava9 - java.nio.ByteBuffer.cleaner(): available
2022-01-04 20:34:53.159 [main][1331] DEBUG io.netty.util.internal.PlatformDependent - -Dio.netty.noPreferDirect: false
2022-01-04 20:34:53.162 [main][1334] DEBUG io.netty.util.internal.PlatformDependent - org.jctools-core.MpscChunkedArrayQueue: available
2022-01-04 20:34:53.172 [main][1344] DEBUG io.netty.util.internal.InternalThreadLocalMap - -Dio.netty.threadLocalMap.stringBuilder.initialSize: 1024
2022-01-04 20:34:53.172 [main][1344] DEBUG io.netty.util.internal.InternalThreadLocalMap - -Dio.netty.threadLocalMap.stringBuilder.maxSize: 4096
2022-01-04 20:34:53.178 [main][1350] DEBUG io.netty.handler.ssl.JdkSslContext - Default protocols (JDK): [TLSv1.3, TLSv1.2] 
2022-01-04 20:34:53.178 [main][1350] DEBUG io.netty.handler.ssl.JdkSslContext - Default cipher suites (JDK): [TLS_ECDHE_ECDSA_WITH_AES_256_GCM_SHA384, TLS_ECDHE_ECDSA_WITH_AES_128_GCM_SHA256, TLS_ECDHE_RSA_WITH_AES_128_GCM_SHA256, TLS_ECDHE_RSA_WITH_AES_256_GCM_SHA384, TLS_ECDHE_RSA_WITH_AES_128_CBC_SHA, TLS_ECDHE_RSA_WITH_AES_256_CBC_SHA, TLS_RSA_WITH_AES_128_GCM_SHA256, TLS_RSA_WITH_AES_128_CBC_SHA, TLS_RSA_WITH_AES_256_CBC_SHA, TLS_AES_128_GCM_SHA256, TLS_AES_256_GCM_SHA384]
2022-01-04 20:34:53.192 [main][1364] DEBUG io.netty.channel.MultithreadEventLoopGroup - -Dio.netty.eventLoopThreads: 40
2022-01-04 20:34:53.197 [main][1369] DEBUG io.netty.channel.nio.NioEventLoop - -Dio.netty.noKeySetOptimization: false
2022-01-04 20:34:53.197 [main][1369] DEBUG io.netty.channel.nio.NioEventLoop - -Dio.netty.selectorAutoRebuildThreshold: 512
2022-01-04 20:34:53.225 [main][1397] DEBUG io.netty.buffer.PooledByteBufAllocator - -Dio.netty.allocator.numHeapArenas: 40
2022-01-04 20:34:53.225 [main][1397] DEBUG io.netty.buffer.PooledByteBufAllocator - -Dio.netty.allocator.numDirectArenas: 40
2022-01-04 20:34:53.225 [main][1397] DEBUG io.netty.buffer.PooledByteBufAllocator - -Dio.netty.allocator.pageSize: 8192
2022-01-04 20:34:53.225 [main][1397] DEBUG io.netty.buffer.PooledByteBufAllocator - -Dio.netty.allocator.maxOrder: 11
2022-01-04 20:34:53.225 [main][1397] DEBUG io.netty.buffer.PooledByteBufAllocator - -Dio.netty.allocator.chunkSize: 16777216
2022-01-04 20:34:53.225 [main][1397] DEBUG io.netty.buffer.PooledByteBufAllocator - -Dio.netty.allocator.smallCacheSize: 256
2022-01-04 20:34:53.225 [main][1397] DEBUG io.netty.buffer.PooledByteBufAllocator - -Dio.netty.allocator.normalCacheSize: 64
2022-01-04 20:34:53.225 [main][1397] DEBUG io.netty.buffer.PooledByteBufAllocator - -Dio.netty.allocator.maxCachedBufferCapacity: 32768
2022-01-04 20:34:53.225 [main][1397] DEBUG io.netty.buffer.PooledByteBufAllocator - -Dio.netty.allocator.cacheTrimInterval: 8192
2022-01-04 20:34:53.226 [main][1398] DEBUG io.netty.buffer.PooledByteBufAllocator - -Dio.netty.allocator.cacheTrimIntervalMillis: 0
2022-01-04 20:34:53.226 [main][1398] DEBUG io.netty.buffer.PooledByteBufAllocator - -Dio.netty.allocator.useCacheForAllThreads: true
2022-01-04 20:34:53.226 [main][1398] DEBUG io.netty.buffer.PooledByteBufAllocator - -Dio.netty.allocator.maxCachedByteBuffersPerChunk: 1023
2022-01-04 20:34:53.232 [main][1404] DEBUG io.netty.buffer.ByteBufUtil - -Dio.netty.allocator.type: pooled
2022-01-04 20:34:53.232 [main][1404] DEBUG io.netty.buffer.ByteBufUtil - -Dio.netty.threadLocalDirectBufferSize: 0
2022-01-04 20:34:53.232 [main][1404] DEBUG io.netty.buffer.ByteBufUtil - -Dio.netty.maxThreadLocalCharBufferSize: 16384
2022-01-04 20:34:53.876 [Forwarding newSession on session null to remote][2048] DEBUG io.netty.channel.DefaultChannelId - -Dio.netty.processId: 32636 (auto-detected)
2022-01-04 20:34:53.877 [Forwarding newSession on session null to remote][2049] DEBUG io.netty.util.NetUtil - -Djava.net.preferIPv4Stack: false
2022-01-04 20:34:53.878 [Forwarding newSession on session null to remote][2050] DEBUG io.netty.util.NetUtil - -Djava.net.preferIPv6Addresses: false
2022-01-04 20:34:54.011 [Forwarding newSession on session null to remote][2183] DEBUG io.netty.util.NetUtilInitializations - Loopback interface: lo (Software Loopback Interface 1, 127.0.0.1)
2022-01-04 20:34:54.012 [Forwarding newSession on session null to remote][2184] DEBUG io.netty.util.NetUtil - Failed to get SOMAXCONN from sysctl and file \proc\sys\net\core\somaxconn. Default: 200
2022-01-04 20:34:54.155 [Forwarding newSession on session null to remote][2327] DEBUG io.netty.channel.DefaultChannelId - -Dio.netty.machineId: f0:2f:74:ff:fe:d4:02:2a (auto-detected)
2022-01-04 20:34:54.179 [AsyncHttpClient-1-2][2351] DEBUG io.netty.buffer.AbstractByteBuf - -Dio.netty.buffer.checkAccessible: true
2022-01-04 20:34:54.179 [AsyncHttpClient-1-2][2351] DEBUG io.netty.buffer.AbstractByteBuf - -Dio.netty.buffer.checkBounds: true
2022-01-04 20:34:54.179 [AsyncHttpClient-1-2][2351] DEBUG io.netty.util.ResourceLeakDetectorFactory - Loaded default ResourceLeakDetector: io.netty.util.ResourceLeakDetector@3e3c10a3
2022-01-04 20:34:54.192 [AsyncHttpClient-1-2][2364] DEBUG io.netty.util.Recycler - -Dio.netty.recycler.maxCapacityPerThread: 4096
2022-01-04 20:34:54.192 [AsyncHttpClient-1-2][2364] DEBUG io.netty.util.Recycler - -Dio.netty.recycler.maxSharedCapacityFactor: 2
2022-01-04 20:34:54.192 [AsyncHttpClient-1-2][2364] DEBUG io.netty.util.Recycler - -Dio.netty.recycler.linkCapacity: 16
2022-01-04 20:34:54.192 [AsyncHttpClient-1-2][2364] DEBUG io.netty.util.Recycler - -Dio.netty.recycler.ratio: 8
2022-01-04 20:34:54.192 [AsyncHttpClient-1-2][2364] DEBUG io.netty.util.Recycler - -Dio.netty.recycler.delayedQueue.ratio: 8
2022-01-04 20:34:54.837 [AsyncHttpClient-1-2][3009] DEBUG io.netty.handler.codec.compression.Brotli - brotli4j not in the classpath; Brotli support will be unavailable.
2022-01-04 20:34:54.896 [main][3068] DEBUG io.netty.util.internal.ThreadLocalRandom - -Dio.netty.initialSeedUniquifier: 0x825b6d38e3da145b
2022-01-04 20:34:54.917 [main][3089] INFO  step_definitions.Hooks - Launch Browser
2022-01-04 20:34:58.073 [main][6245] INFO  page_objects.HomePage - User Is In Home Page
2022-01-04 20:34:58.074 [main][6246] DEBUG page_objects.Categories - Click On Deals
2022-01-04 20:34:59.143 [main][7315] DEBUG page_objects.Categories - Chose on going deals
2022-01-04 20:34:59.460 [main][7632] DEBUG page_objects.Categories - User is in the category page
2022-01-04 20:35:00.460 [main][8632] DEBUG page_objects.Categories - Page Headline isNew Arrivals
2022-01-04 20:35:01.050 [main][9222] INFO  step_definitions.Hooks - Close Browser
2022-01-04 20:35:02.183 [main][10355] INFO  step_definitions.Hooks - Launch Browser
2022-01-04 20:35:03.870 [main][12042] INFO  page_objects.HomePage - User Is In Home Page
2022-01-04 20:35:03.871 [main][12043] DEBUG page_objects.Categories - Click On Deals
2022-01-04 20:35:04.941 [main][13113] DEBUG page_objects.Categories - Chose on going deals
2022-01-04 20:35:05.247 [main][13419] DEBUG page_objects.Categories - User is in the category page
2022-01-04 20:35:06.248 [main][14420] DEBUG page_objects.Categories - Page Headline isMen's New Arrivals
2022-01-04 20:35:07.172 [main][15344] INFO  step_definitions.Hooks - Close Browser
2022-01-04 20:35:08.299 [main][16471] INFO  step_definitions.Hooks - Launch Browser
2022-01-04 20:35:10.076 [main][18248] INFO  page_objects.HomePage - User Is In Home Page
2022-01-04 20:35:10.077 [main][18249] DEBUG page_objects.Categories - Click On Deals
2022-01-04 20:35:11.144 [main][19316] DEBUG page_objects.Categories - Chose on going deals
2022-01-04 20:35:11.445 [main][19617] DEBUG page_objects.Categories - User is in the category page
2022-01-04 20:35:12.445 [main][20617] DEBUG page_objects.Categories - Page Headline isKids' New Arrivals
2022-01-04 20:35:13.151 [main][21323] INFO  step_definitions.Hooks - Close Browser
